[2025-02-23T20:25:19.157+0000] {processor.py:186} INFO - Started process (PID=113) to work on /home/airflow/.local/lib/python3.12/site-packages/airflow/example_dags/example_display_name.py
[2025-02-23T20:25:19.158+0000] {processor.py:914} INFO - Processing file /home/airflow/.local/lib/python3.12/site-packages/airflow/example_dags/example_display_name.py for tasks to queue
[2025-02-23T20:25:19.161+0000] {logging_mixin.py:190} INFO - [2025-02-23T20:25:19.160+0000] {dagbag.py:588} INFO - Filling up the DagBag from /home/airflow/.local/lib/python3.12/site-packages/airflow/example_dags/example_display_name.py
[2025-02-23T20:25:19.171+0000] {processor.py:925} INFO - DAG(s) 'example_display_name' retrieved from /home/airflow/.local/lib/python3.12/site-packages/airflow/example_dags/example_display_name.py
[2025-02-23T20:25:19.328+0000] {logging_mixin.py:190} INFO - [2025-02-23T20:25:19.327+0000] {override.py:1912} INFO - Created Permission View: can read on DAG:example_display_name
[2025-02-23T20:25:19.343+0000] {logging_mixin.py:190} INFO - [2025-02-23T20:25:19.342+0000] {override.py:1912} INFO - Created Permission View: can delete on DAG:example_display_name
[2025-02-23T20:25:19.353+0000] {logging_mixin.py:190} INFO - [2025-02-23T20:25:19.352+0000] {override.py:1912} INFO - Created Permission View: can edit on DAG:example_display_name
[2025-02-23T20:25:19.366+0000] {logging_mixin.py:190} INFO - [2025-02-23T20:25:19.365+0000] {override.py:1912} INFO - Created Permission View: can create on DAG Run:example_display_name
[2025-02-23T20:25:19.377+0000] {logging_mixin.py:190} INFO - [2025-02-23T20:25:19.377+0000] {override.py:1912} INFO - Created Permission View: can read on DAG Run:example_display_name
[2025-02-23T20:25:19.386+0000] {logging_mixin.py:190} INFO - [2025-02-23T20:25:19.386+0000] {override.py:1912} INFO - Created Permission View: can delete on DAG Run:example_display_name
[2025-02-23T20:25:19.396+0000] {logging_mixin.py:190} INFO - [2025-02-23T20:25:19.395+0000] {override.py:1912} INFO - Created Permission View: menu access on DAG Run:example_display_name
[2025-02-23T20:25:19.396+0000] {logging_mixin.py:190} INFO - [2025-02-23T20:25:19.396+0000] {dag.py:3239} INFO - Sync 1 DAGs
[2025-02-23T20:25:19.414+0000] {logging_mixin.py:190} INFO - [2025-02-23T20:25:19.414+0000] {dag.py:3262} INFO - Creating ORM DAG for example_display_name
[2025-02-23T20:25:19.415+0000] {logging_mixin.py:190} INFO - [2025-02-23T20:25:19.415+0000] {dag.py:4180} INFO - Setting next_dagrun for example_display_name to None, run_after=None
[2025-02-23T20:25:19.438+0000] {processor.py:208} INFO - Processing /home/airflow/.local/lib/python3.12/site-packages/airflow/example_dags/example_display_name.py took 0.290 seconds
[2025-02-23T20:25:50.140+0000] {processor.py:186} INFO - Started process (PID=176) to work on /home/airflow/.local/lib/python3.12/site-packages/airflow/example_dags/example_display_name.py
[2025-02-23T20:25:50.141+0000] {processor.py:914} INFO - Processing file /home/airflow/.local/lib/python3.12/site-packages/airflow/example_dags/example_display_name.py for tasks to queue
[2025-02-23T20:25:50.144+0000] {logging_mixin.py:190} INFO - [2025-02-23T20:25:50.144+0000] {dagbag.py:588} INFO - Filling up the DagBag from /home/airflow/.local/lib/python3.12/site-packages/airflow/example_dags/example_display_name.py
[2025-02-23T20:25:50.154+0000] {processor.py:925} INFO - DAG(s) 'example_display_name' retrieved from /home/airflow/.local/lib/python3.12/site-packages/airflow/example_dags/example_display_name.py
[2025-02-23T20:25:50.181+0000] {logging_mixin.py:190} INFO - [2025-02-23T20:25:50.181+0000] {dag.py:3239} INFO - Sync 1 DAGs
[2025-02-23T20:25:50.205+0000] {logging_mixin.py:190} INFO - [2025-02-23T20:25:50.204+0000] {dag.py:4180} INFO - Setting next_dagrun for example_display_name to None, run_after=None
[2025-02-23T20:25:50.233+0000] {processor.py:208} INFO - Processing /home/airflow/.local/lib/python3.12/site-packages/airflow/example_dags/example_display_name.py took 0.101 seconds
[2025-02-23T20:26:20.737+0000] {processor.py:186} INFO - Started process (PID=239) to work on /home/airflow/.local/lib/python3.12/site-packages/airflow/example_dags/example_display_name.py
[2025-02-23T20:26:20.739+0000] {processor.py:914} INFO - Processing file /home/airflow/.local/lib/python3.12/site-packages/airflow/example_dags/example_display_name.py for tasks to queue
[2025-02-23T20:26:20.742+0000] {logging_mixin.py:190} INFO - [2025-02-23T20:26:20.741+0000] {dagbag.py:588} INFO - Filling up the DagBag from /home/airflow/.local/lib/python3.12/site-packages/airflow/example_dags/example_display_name.py
[2025-02-23T20:26:20.751+0000] {processor.py:925} INFO - DAG(s) 'example_display_name' retrieved from /home/airflow/.local/lib/python3.12/site-packages/airflow/example_dags/example_display_name.py
[2025-02-23T20:26:20.777+0000] {logging_mixin.py:190} INFO - [2025-02-23T20:26:20.777+0000] {dag.py:3239} INFO - Sync 1 DAGs
[2025-02-23T20:26:20.798+0000] {logging_mixin.py:190} INFO - [2025-02-23T20:26:20.798+0000] {dag.py:4180} INFO - Setting next_dagrun for example_display_name to None, run_after=None
[2025-02-23T20:26:20.823+0000] {processor.py:208} INFO - Processing /home/airflow/.local/lib/python3.12/site-packages/airflow/example_dags/example_display_name.py took 0.094 seconds
[2025-02-23T20:26:50.959+0000] {processor.py:186} INFO - Started process (PID=302) to work on /home/airflow/.local/lib/python3.12/site-packages/airflow/example_dags/example_display_name.py
[2025-02-23T20:26:50.960+0000] {processor.py:914} INFO - Processing file /home/airflow/.local/lib/python3.12/site-packages/airflow/example_dags/example_display_name.py for tasks to queue
[2025-02-23T20:26:50.962+0000] {logging_mixin.py:190} INFO - [2025-02-23T20:26:50.962+0000] {dagbag.py:588} INFO - Filling up the DagBag from /home/airflow/.local/lib/python3.12/site-packages/airflow/example_dags/example_display_name.py
[2025-02-23T20:26:50.972+0000] {processor.py:925} INFO - DAG(s) 'example_display_name' retrieved from /home/airflow/.local/lib/python3.12/site-packages/airflow/example_dags/example_display_name.py
[2025-02-23T20:26:50.998+0000] {logging_mixin.py:190} INFO - [2025-02-23T20:26:50.998+0000] {dag.py:3239} INFO - Sync 1 DAGs
[2025-02-23T20:26:51.018+0000] {logging_mixin.py:190} INFO - [2025-02-23T20:26:51.018+0000] {dag.py:4180} INFO - Setting next_dagrun for example_display_name to None, run_after=None
[2025-02-23T20:26:51.042+0000] {processor.py:208} INFO - Processing /home/airflow/.local/lib/python3.12/site-packages/airflow/example_dags/example_display_name.py took 0.090 seconds
[2025-02-23T20:27:21.559+0000] {processor.py:186} INFO - Started process (PID=365) to work on /home/airflow/.local/lib/python3.12/site-packages/airflow/example_dags/example_display_name.py
[2025-02-23T20:27:21.560+0000] {processor.py:914} INFO - Processing file /home/airflow/.local/lib/python3.12/site-packages/airflow/example_dags/example_display_name.py for tasks to queue
[2025-02-23T20:27:21.564+0000] {logging_mixin.py:190} INFO - [2025-02-23T20:27:21.564+0000] {dagbag.py:588} INFO - Filling up the DagBag from /home/airflow/.local/lib/python3.12/site-packages/airflow/example_dags/example_display_name.py
[2025-02-23T20:27:21.576+0000] {processor.py:925} INFO - DAG(s) 'example_display_name' retrieved from /home/airflow/.local/lib/python3.12/site-packages/airflow/example_dags/example_display_name.py
[2025-02-23T20:27:21.609+0000] {logging_mixin.py:190} INFO - [2025-02-23T20:27:21.609+0000] {dag.py:3239} INFO - Sync 1 DAGs
[2025-02-23T20:27:21.635+0000] {logging_mixin.py:190} INFO - [2025-02-23T20:27:21.635+0000] {dag.py:4180} INFO - Setting next_dagrun for example_display_name to None, run_after=None
[2025-02-23T20:27:21.665+0000] {processor.py:208} INFO - Processing /home/airflow/.local/lib/python3.12/site-packages/airflow/example_dags/example_display_name.py took 0.116 seconds
[2025-02-23T20:27:52.441+0000] {processor.py:186} INFO - Started process (PID=428) to work on /home/airflow/.local/lib/python3.12/site-packages/airflow/example_dags/example_display_name.py
[2025-02-23T20:27:52.442+0000] {processor.py:914} INFO - Processing file /home/airflow/.local/lib/python3.12/site-packages/airflow/example_dags/example_display_name.py for tasks to queue
[2025-02-23T20:27:52.446+0000] {logging_mixin.py:190} INFO - [2025-02-23T20:27:52.445+0000] {dagbag.py:588} INFO - Filling up the DagBag from /home/airflow/.local/lib/python3.12/site-packages/airflow/example_dags/example_display_name.py
[2025-02-23T20:27:52.457+0000] {processor.py:925} INFO - DAG(s) 'example_display_name' retrieved from /home/airflow/.local/lib/python3.12/site-packages/airflow/example_dags/example_display_name.py
[2025-02-23T20:27:52.483+0000] {logging_mixin.py:190} INFO - [2025-02-23T20:27:52.483+0000] {dag.py:3239} INFO - Sync 1 DAGs
[2025-02-23T20:27:52.506+0000] {logging_mixin.py:190} INFO - [2025-02-23T20:27:52.505+0000] {dag.py:4180} INFO - Setting next_dagrun for example_display_name to None, run_after=None
[2025-02-23T20:27:52.530+0000] {processor.py:208} INFO - Processing /home/airflow/.local/lib/python3.12/site-packages/airflow/example_dags/example_display_name.py took 0.097 seconds
[2025-02-23T20:28:23.698+0000] {processor.py:186} INFO - Started process (PID=490) to work on /home/airflow/.local/lib/python3.12/site-packages/airflow/example_dags/example_display_name.py
[2025-02-23T20:28:23.700+0000] {processor.py:914} INFO - Processing file /home/airflow/.local/lib/python3.12/site-packages/airflow/example_dags/example_display_name.py for tasks to queue
[2025-02-23T20:28:23.702+0000] {logging_mixin.py:190} INFO - [2025-02-23T20:28:23.702+0000] {dagbag.py:588} INFO - Filling up the DagBag from /home/airflow/.local/lib/python3.12/site-packages/airflow/example_dags/example_display_name.py
[2025-02-23T20:28:23.713+0000] {processor.py:925} INFO - DAG(s) 'example_display_name' retrieved from /home/airflow/.local/lib/python3.12/site-packages/airflow/example_dags/example_display_name.py
[2025-02-23T20:28:23.740+0000] {logging_mixin.py:190} INFO - [2025-02-23T20:28:23.739+0000] {dag.py:3239} INFO - Sync 1 DAGs
[2025-02-23T20:28:23.761+0000] {logging_mixin.py:190} INFO - [2025-02-23T20:28:23.761+0000] {dag.py:4180} INFO - Setting next_dagrun for example_display_name to None, run_after=None
[2025-02-23T20:28:23.790+0000] {processor.py:208} INFO - Processing /home/airflow/.local/lib/python3.12/site-packages/airflow/example_dags/example_display_name.py took 0.101 seconds
[2025-02-23T20:28:54.822+0000] {processor.py:186} INFO - Started process (PID=553) to work on /home/airflow/.local/lib/python3.12/site-packages/airflow/example_dags/example_display_name.py
[2025-02-23T20:28:54.824+0000] {processor.py:914} INFO - Processing file /home/airflow/.local/lib/python3.12/site-packages/airflow/example_dags/example_display_name.py for tasks to queue
[2025-02-23T20:28:54.826+0000] {logging_mixin.py:190} INFO - [2025-02-23T20:28:54.826+0000] {dagbag.py:588} INFO - Filling up the DagBag from /home/airflow/.local/lib/python3.12/site-packages/airflow/example_dags/example_display_name.py
[2025-02-23T20:28:54.836+0000] {processor.py:925} INFO - DAG(s) 'example_display_name' retrieved from /home/airflow/.local/lib/python3.12/site-packages/airflow/example_dags/example_display_name.py
[2025-02-23T20:28:54.860+0000] {logging_mixin.py:190} INFO - [2025-02-23T20:28:54.860+0000] {dag.py:3239} INFO - Sync 1 DAGs
[2025-02-23T20:28:54.879+0000] {logging_mixin.py:190} INFO - [2025-02-23T20:28:54.878+0000] {dag.py:4180} INFO - Setting next_dagrun for example_display_name to None, run_after=None
[2025-02-23T20:28:54.902+0000] {processor.py:208} INFO - Processing /home/airflow/.local/lib/python3.12/site-packages/airflow/example_dags/example_display_name.py took 0.087 seconds
[2025-02-23T20:29:25.707+0000] {processor.py:186} INFO - Started process (PID=616) to work on /home/airflow/.local/lib/python3.12/site-packages/airflow/example_dags/example_display_name.py
[2025-02-23T20:29:25.708+0000] {processor.py:914} INFO - Processing file /home/airflow/.local/lib/python3.12/site-packages/airflow/example_dags/example_display_name.py for tasks to queue
[2025-02-23T20:29:25.711+0000] {logging_mixin.py:190} INFO - [2025-02-23T20:29:25.710+0000] {dagbag.py:588} INFO - Filling up the DagBag from /home/airflow/.local/lib/python3.12/site-packages/airflow/example_dags/example_display_name.py
[2025-02-23T20:29:25.721+0000] {processor.py:925} INFO - DAG(s) 'example_display_name' retrieved from /home/airflow/.local/lib/python3.12/site-packages/airflow/example_dags/example_display_name.py
[2025-02-23T20:29:25.753+0000] {logging_mixin.py:190} INFO - [2025-02-23T20:29:25.752+0000] {dag.py:3239} INFO - Sync 1 DAGs
[2025-02-23T20:29:25.775+0000] {logging_mixin.py:190} INFO - [2025-02-23T20:29:25.775+0000] {dag.py:4180} INFO - Setting next_dagrun for example_display_name to None, run_after=None
[2025-02-23T20:29:25.803+0000] {processor.py:208} INFO - Processing /home/airflow/.local/lib/python3.12/site-packages/airflow/example_dags/example_display_name.py took 0.105 seconds
[2025-02-23T20:29:56.705+0000] {processor.py:186} INFO - Started process (PID=679) to work on /home/airflow/.local/lib/python3.12/site-packages/airflow/example_dags/example_display_name.py
[2025-02-23T20:29:56.707+0000] {processor.py:914} INFO - Processing file /home/airflow/.local/lib/python3.12/site-packages/airflow/example_dags/example_display_name.py for tasks to queue
[2025-02-23T20:29:56.710+0000] {logging_mixin.py:190} INFO - [2025-02-23T20:29:56.709+0000] {dagbag.py:588} INFO - Filling up the DagBag from /home/airflow/.local/lib/python3.12/site-packages/airflow/example_dags/example_display_name.py
[2025-02-23T20:29:56.721+0000] {processor.py:925} INFO - DAG(s) 'example_display_name' retrieved from /home/airflow/.local/lib/python3.12/site-packages/airflow/example_dags/example_display_name.py
[2025-02-23T20:29:56.747+0000] {logging_mixin.py:190} INFO - [2025-02-23T20:29:56.746+0000] {dag.py:3239} INFO - Sync 1 DAGs
[2025-02-23T20:29:56.768+0000] {logging_mixin.py:190} INFO - [2025-02-23T20:29:56.767+0000] {dag.py:4180} INFO - Setting next_dagrun for example_display_name to None, run_after=None
[2025-02-23T20:29:56.793+0000] {processor.py:208} INFO - Processing /home/airflow/.local/lib/python3.12/site-packages/airflow/example_dags/example_display_name.py took 0.095 seconds
[2025-02-23T20:30:27.759+0000] {processor.py:186} INFO - Started process (PID=742) to work on /home/airflow/.local/lib/python3.12/site-packages/airflow/example_dags/example_display_name.py
[2025-02-23T20:30:27.761+0000] {processor.py:914} INFO - Processing file /home/airflow/.local/lib/python3.12/site-packages/airflow/example_dags/example_display_name.py for tasks to queue
[2025-02-23T20:30:27.764+0000] {logging_mixin.py:190} INFO - [2025-02-23T20:30:27.763+0000] {dagbag.py:588} INFO - Filling up the DagBag from /home/airflow/.local/lib/python3.12/site-packages/airflow/example_dags/example_display_name.py
[2025-02-23T20:30:27.774+0000] {processor.py:925} INFO - DAG(s) 'example_display_name' retrieved from /home/airflow/.local/lib/python3.12/site-packages/airflow/example_dags/example_display_name.py
[2025-02-23T20:30:27.802+0000] {logging_mixin.py:190} INFO - [2025-02-23T20:30:27.802+0000] {dag.py:3239} INFO - Sync 1 DAGs
[2025-02-23T20:30:27.825+0000] {logging_mixin.py:190} INFO - [2025-02-23T20:30:27.824+0000] {dag.py:4180} INFO - Setting next_dagrun for example_display_name to None, run_after=None
[2025-02-23T20:30:27.853+0000] {processor.py:208} INFO - Processing /home/airflow/.local/lib/python3.12/site-packages/airflow/example_dags/example_display_name.py took 0.103 seconds
[2025-02-23T20:30:58.152+0000] {processor.py:186} INFO - Started process (PID=804) to work on /home/airflow/.local/lib/python3.12/site-packages/airflow/example_dags/example_display_name.py
[2025-02-23T20:30:58.154+0000] {processor.py:914} INFO - Processing file /home/airflow/.local/lib/python3.12/site-packages/airflow/example_dags/example_display_name.py for tasks to queue
[2025-02-23T20:30:58.156+0000] {logging_mixin.py:190} INFO - [2025-02-23T20:30:58.156+0000] {dagbag.py:588} INFO - Filling up the DagBag from /home/airflow/.local/lib/python3.12/site-packages/airflow/example_dags/example_display_name.py
[2025-02-23T20:30:58.168+0000] {processor.py:925} INFO - DAG(s) 'example_display_name' retrieved from /home/airflow/.local/lib/python3.12/site-packages/airflow/example_dags/example_display_name.py
[2025-02-23T20:30:58.193+0000] {logging_mixin.py:190} INFO - [2025-02-23T20:30:58.193+0000] {dag.py:3239} INFO - Sync 1 DAGs
[2025-02-23T20:30:58.214+0000] {logging_mixin.py:190} INFO - [2025-02-23T20:30:58.214+0000] {dag.py:4180} INFO - Setting next_dagrun for example_display_name to None, run_after=None
[2025-02-23T20:30:58.238+0000] {processor.py:208} INFO - Processing /home/airflow/.local/lib/python3.12/site-packages/airflow/example_dags/example_display_name.py took 0.094 seconds
[2025-02-23T20:31:29.318+0000] {processor.py:186} INFO - Started process (PID=867) to work on /home/airflow/.local/lib/python3.12/site-packages/airflow/example_dags/example_display_name.py
[2025-02-23T20:31:29.319+0000] {processor.py:914} INFO - Processing file /home/airflow/.local/lib/python3.12/site-packages/airflow/example_dags/example_display_name.py for tasks to queue
[2025-02-23T20:31:29.321+0000] {logging_mixin.py:190} INFO - [2025-02-23T20:31:29.321+0000] {dagbag.py:588} INFO - Filling up the DagBag from /home/airflow/.local/lib/python3.12/site-packages/airflow/example_dags/example_display_name.py
[2025-02-23T20:31:29.330+0000] {processor.py:925} INFO - DAG(s) 'example_display_name' retrieved from /home/airflow/.local/lib/python3.12/site-packages/airflow/example_dags/example_display_name.py
[2025-02-23T20:31:29.355+0000] {logging_mixin.py:190} INFO - [2025-02-23T20:31:29.354+0000] {dag.py:3239} INFO - Sync 1 DAGs
[2025-02-23T20:31:29.377+0000] {logging_mixin.py:190} INFO - [2025-02-23T20:31:29.377+0000] {dag.py:4180} INFO - Setting next_dagrun for example_display_name to None, run_after=None
[2025-02-23T20:31:29.404+0000] {processor.py:208} INFO - Processing /home/airflow/.local/lib/python3.12/site-packages/airflow/example_dags/example_display_name.py took 0.094 seconds
[2025-02-23T20:32:00.090+0000] {processor.py:186} INFO - Started process (PID=929) to work on /home/airflow/.local/lib/python3.12/site-packages/airflow/example_dags/example_display_name.py
[2025-02-23T20:32:00.092+0000] {processor.py:914} INFO - Processing file /home/airflow/.local/lib/python3.12/site-packages/airflow/example_dags/example_display_name.py for tasks to queue
[2025-02-23T20:32:00.095+0000] {logging_mixin.py:190} INFO - [2025-02-23T20:32:00.094+0000] {dagbag.py:588} INFO - Filling up the DagBag from /home/airflow/.local/lib/python3.12/site-packages/airflow/example_dags/example_display_name.py
[2025-02-23T20:32:00.104+0000] {processor.py:925} INFO - DAG(s) 'example_display_name' retrieved from /home/airflow/.local/lib/python3.12/site-packages/airflow/example_dags/example_display_name.py
[2025-02-23T20:32:00.130+0000] {logging_mixin.py:190} INFO - [2025-02-23T20:32:00.130+0000] {dag.py:3239} INFO - Sync 1 DAGs
[2025-02-23T20:32:00.152+0000] {logging_mixin.py:190} INFO - [2025-02-23T20:32:00.151+0000] {dag.py:4180} INFO - Setting next_dagrun for example_display_name to None, run_after=None
[2025-02-23T20:32:00.179+0000] {processor.py:208} INFO - Processing /home/airflow/.local/lib/python3.12/site-packages/airflow/example_dags/example_display_name.py took 0.097 seconds
[2025-02-23T20:32:30.508+0000] {processor.py:186} INFO - Started process (PID=992) to work on /home/airflow/.local/lib/python3.12/site-packages/airflow/example_dags/example_display_name.py
[2025-02-23T20:32:30.509+0000] {processor.py:914} INFO - Processing file /home/airflow/.local/lib/python3.12/site-packages/airflow/example_dags/example_display_name.py for tasks to queue
[2025-02-23T20:32:30.512+0000] {logging_mixin.py:190} INFO - [2025-02-23T20:32:30.512+0000] {dagbag.py:588} INFO - Filling up the DagBag from /home/airflow/.local/lib/python3.12/site-packages/airflow/example_dags/example_display_name.py
[2025-02-23T20:32:30.521+0000] {processor.py:925} INFO - DAG(s) 'example_display_name' retrieved from /home/airflow/.local/lib/python3.12/site-packages/airflow/example_dags/example_display_name.py
[2025-02-23T20:32:30.546+0000] {logging_mixin.py:190} INFO - [2025-02-23T20:32:30.546+0000] {dag.py:3239} INFO - Sync 1 DAGs
[2025-02-23T20:32:30.573+0000] {logging_mixin.py:190} INFO - [2025-02-23T20:32:30.572+0000] {dag.py:4180} INFO - Setting next_dagrun for example_display_name to None, run_after=None
[2025-02-23T20:32:30.600+0000] {processor.py:208} INFO - Processing /home/airflow/.local/lib/python3.12/site-packages/airflow/example_dags/example_display_name.py took 0.101 seconds
[2025-02-23T20:33:00.680+0000] {processor.py:186} INFO - Started process (PID=1054) to work on /home/airflow/.local/lib/python3.12/site-packages/airflow/example_dags/example_display_name.py
[2025-02-23T20:33:00.681+0000] {processor.py:914} INFO - Processing file /home/airflow/.local/lib/python3.12/site-packages/airflow/example_dags/example_display_name.py for tasks to queue
[2025-02-23T20:33:00.684+0000] {logging_mixin.py:190} INFO - [2025-02-23T20:33:00.683+0000] {dagbag.py:588} INFO - Filling up the DagBag from /home/airflow/.local/lib/python3.12/site-packages/airflow/example_dags/example_display_name.py
[2025-02-23T20:33:00.693+0000] {processor.py:925} INFO - DAG(s) 'example_display_name' retrieved from /home/airflow/.local/lib/python3.12/site-packages/airflow/example_dags/example_display_name.py
[2025-02-23T20:33:00.716+0000] {logging_mixin.py:190} INFO - [2025-02-23T20:33:00.716+0000] {dag.py:3239} INFO - Sync 1 DAGs
[2025-02-23T20:33:00.736+0000] {logging_mixin.py:190} INFO - [2025-02-23T20:33:00.735+0000] {dag.py:4180} INFO - Setting next_dagrun for example_display_name to None, run_after=None
[2025-02-23T20:33:00.759+0000] {processor.py:208} INFO - Processing /home/airflow/.local/lib/python3.12/site-packages/airflow/example_dags/example_display_name.py took 0.086 seconds
[2025-02-23T20:33:31.856+0000] {processor.py:186} INFO - Started process (PID=1117) to work on /home/airflow/.local/lib/python3.12/site-packages/airflow/example_dags/example_display_name.py
[2025-02-23T20:33:31.858+0000] {processor.py:914} INFO - Processing file /home/airflow/.local/lib/python3.12/site-packages/airflow/example_dags/example_display_name.py for tasks to queue
[2025-02-23T20:33:31.860+0000] {logging_mixin.py:190} INFO - [2025-02-23T20:33:31.860+0000] {dagbag.py:588} INFO - Filling up the DagBag from /home/airflow/.local/lib/python3.12/site-packages/airflow/example_dags/example_display_name.py
[2025-02-23T20:33:31.870+0000] {processor.py:925} INFO - DAG(s) 'example_display_name' retrieved from /home/airflow/.local/lib/python3.12/site-packages/airflow/example_dags/example_display_name.py
[2025-02-23T20:33:31.895+0000] {logging_mixin.py:190} INFO - [2025-02-23T20:33:31.895+0000] {dag.py:3239} INFO - Sync 1 DAGs
[2025-02-23T20:33:31.920+0000] {logging_mixin.py:190} INFO - [2025-02-23T20:33:31.920+0000] {dag.py:4180} INFO - Setting next_dagrun for example_display_name to None, run_after=None
[2025-02-23T20:33:31.947+0000] {processor.py:208} INFO - Processing /home/airflow/.local/lib/python3.12/site-packages/airflow/example_dags/example_display_name.py took 0.098 seconds
[2025-02-23T20:34:03.417+0000] {processor.py:186} INFO - Started process (PID=1180) to work on /home/airflow/.local/lib/python3.12/site-packages/airflow/example_dags/example_display_name.py
[2025-02-23T20:34:03.419+0000] {processor.py:914} INFO - Processing file /home/airflow/.local/lib/python3.12/site-packages/airflow/example_dags/example_display_name.py for tasks to queue
[2025-02-23T20:34:03.421+0000] {logging_mixin.py:190} INFO - [2025-02-23T20:34:03.421+0000] {dagbag.py:588} INFO - Filling up the DagBag from /home/airflow/.local/lib/python3.12/site-packages/airflow/example_dags/example_display_name.py
[2025-02-23T20:34:03.430+0000] {processor.py:925} INFO - DAG(s) 'example_display_name' retrieved from /home/airflow/.local/lib/python3.12/site-packages/airflow/example_dags/example_display_name.py
[2025-02-23T20:34:03.456+0000] {logging_mixin.py:190} INFO - [2025-02-23T20:34:03.456+0000] {dag.py:3239} INFO - Sync 1 DAGs
[2025-02-23T20:34:03.475+0000] {logging_mixin.py:190} INFO - [2025-02-23T20:34:03.475+0000] {dag.py:4180} INFO - Setting next_dagrun for example_display_name to None, run_after=None
[2025-02-23T20:34:03.499+0000] {processor.py:208} INFO - Processing /home/airflow/.local/lib/python3.12/site-packages/airflow/example_dags/example_display_name.py took 0.089 seconds
[2025-02-23T20:34:34.507+0000] {processor.py:186} INFO - Started process (PID=1243) to work on /home/airflow/.local/lib/python3.12/site-packages/airflow/example_dags/example_display_name.py
[2025-02-23T20:34:34.509+0000] {processor.py:914} INFO - Processing file /home/airflow/.local/lib/python3.12/site-packages/airflow/example_dags/example_display_name.py for tasks to queue
[2025-02-23T20:34:34.511+0000] {logging_mixin.py:190} INFO - [2025-02-23T20:34:34.511+0000] {dagbag.py:588} INFO - Filling up the DagBag from /home/airflow/.local/lib/python3.12/site-packages/airflow/example_dags/example_display_name.py
[2025-02-23T20:34:34.521+0000] {processor.py:925} INFO - DAG(s) 'example_display_name' retrieved from /home/airflow/.local/lib/python3.12/site-packages/airflow/example_dags/example_display_name.py
[2025-02-23T20:34:34.546+0000] {logging_mixin.py:190} INFO - [2025-02-23T20:34:34.546+0000] {dag.py:3239} INFO - Sync 1 DAGs
[2025-02-23T20:34:34.566+0000] {logging_mixin.py:190} INFO - [2025-02-23T20:34:34.565+0000] {dag.py:4180} INFO - Setting next_dagrun for example_display_name to None, run_after=None
[2025-02-23T20:34:34.596+0000] {processor.py:208} INFO - Processing /home/airflow/.local/lib/python3.12/site-packages/airflow/example_dags/example_display_name.py took 0.096 seconds
[2025-02-23T20:35:05.885+0000] {processor.py:186} INFO - Started process (PID=1306) to work on /home/airflow/.local/lib/python3.12/site-packages/airflow/example_dags/example_display_name.py
[2025-02-23T20:35:05.886+0000] {processor.py:914} INFO - Processing file /home/airflow/.local/lib/python3.12/site-packages/airflow/example_dags/example_display_name.py for tasks to queue
[2025-02-23T20:35:05.889+0000] {logging_mixin.py:190} INFO - [2025-02-23T20:35:05.888+0000] {dagbag.py:588} INFO - Filling up the DagBag from /home/airflow/.local/lib/python3.12/site-packages/airflow/example_dags/example_display_name.py
[2025-02-23T20:35:05.898+0000] {processor.py:925} INFO - DAG(s) 'example_display_name' retrieved from /home/airflow/.local/lib/python3.12/site-packages/airflow/example_dags/example_display_name.py
[2025-02-23T20:35:05.925+0000] {logging_mixin.py:190} INFO - [2025-02-23T20:35:05.924+0000] {dag.py:3239} INFO - Sync 1 DAGs
[2025-02-23T20:35:05.946+0000] {logging_mixin.py:190} INFO - [2025-02-23T20:35:05.946+0000] {dag.py:4180} INFO - Setting next_dagrun for example_display_name to None, run_after=None
[2025-02-23T20:35:05.974+0000] {processor.py:208} INFO - Processing /home/airflow/.local/lib/python3.12/site-packages/airflow/example_dags/example_display_name.py took 0.097 seconds
[2025-02-23T20:35:36.165+0000] {processor.py:186} INFO - Started process (PID=1369) to work on /home/airflow/.local/lib/python3.12/site-packages/airflow/example_dags/example_display_name.py
[2025-02-23T20:35:36.167+0000] {processor.py:914} INFO - Processing file /home/airflow/.local/lib/python3.12/site-packages/airflow/example_dags/example_display_name.py for tasks to queue
[2025-02-23T20:35:36.169+0000] {logging_mixin.py:190} INFO - [2025-02-23T20:35:36.169+0000] {dagbag.py:588} INFO - Filling up the DagBag from /home/airflow/.local/lib/python3.12/site-packages/airflow/example_dags/example_display_name.py
[2025-02-23T20:35:36.178+0000] {processor.py:925} INFO - DAG(s) 'example_display_name' retrieved from /home/airflow/.local/lib/python3.12/site-packages/airflow/example_dags/example_display_name.py
[2025-02-23T20:35:36.202+0000] {logging_mixin.py:190} INFO - [2025-02-23T20:35:36.202+0000] {dag.py:3239} INFO - Sync 1 DAGs
[2025-02-23T20:35:36.221+0000] {logging_mixin.py:190} INFO - [2025-02-23T20:35:36.220+0000] {dag.py:4180} INFO - Setting next_dagrun for example_display_name to None, run_after=None
[2025-02-23T20:35:36.244+0000] {processor.py:208} INFO - Processing /home/airflow/.local/lib/python3.12/site-packages/airflow/example_dags/example_display_name.py took 0.086 seconds
[2025-02-23T20:36:07.372+0000] {processor.py:186} INFO - Started process (PID=1432) to work on /home/airflow/.local/lib/python3.12/site-packages/airflow/example_dags/example_display_name.py
[2025-02-23T20:36:07.374+0000] {processor.py:914} INFO - Processing file /home/airflow/.local/lib/python3.12/site-packages/airflow/example_dags/example_display_name.py for tasks to queue
[2025-02-23T20:36:07.377+0000] {logging_mixin.py:190} INFO - [2025-02-23T20:36:07.376+0000] {dagbag.py:588} INFO - Filling up the DagBag from /home/airflow/.local/lib/python3.12/site-packages/airflow/example_dags/example_display_name.py
[2025-02-23T20:36:07.388+0000] {processor.py:925} INFO - DAG(s) 'example_display_name' retrieved from /home/airflow/.local/lib/python3.12/site-packages/airflow/example_dags/example_display_name.py
[2025-02-23T20:36:07.412+0000] {logging_mixin.py:190} INFO - [2025-02-23T20:36:07.412+0000] {dag.py:3239} INFO - Sync 1 DAGs
[2025-02-23T20:36:07.437+0000] {logging_mixin.py:190} INFO - [2025-02-23T20:36:07.437+0000] {dag.py:4180} INFO - Setting next_dagrun for example_display_name to None, run_after=None
[2025-02-23T20:36:07.462+0000] {processor.py:208} INFO - Processing /home/airflow/.local/lib/python3.12/site-packages/airflow/example_dags/example_display_name.py took 0.099 seconds
[2025-02-23T20:36:38.602+0000] {processor.py:186} INFO - Started process (PID=1496) to work on /home/airflow/.local/lib/python3.12/site-packages/airflow/example_dags/example_display_name.py
[2025-02-23T20:36:38.603+0000] {processor.py:914} INFO - Processing file /home/airflow/.local/lib/python3.12/site-packages/airflow/example_dags/example_display_name.py for tasks to queue
[2025-02-23T20:36:38.606+0000] {logging_mixin.py:190} INFO - [2025-02-23T20:36:38.606+0000] {dagbag.py:588} INFO - Filling up the DagBag from /home/airflow/.local/lib/python3.12/site-packages/airflow/example_dags/example_display_name.py
[2025-02-23T20:36:38.618+0000] {processor.py:925} INFO - DAG(s) 'example_display_name' retrieved from /home/airflow/.local/lib/python3.12/site-packages/airflow/example_dags/example_display_name.py
[2025-02-23T20:36:38.643+0000] {logging_mixin.py:190} INFO - [2025-02-23T20:36:38.643+0000] {dag.py:3239} INFO - Sync 1 DAGs
[2025-02-23T20:36:38.662+0000] {logging_mixin.py:190} INFO - [2025-02-23T20:36:38.662+0000] {dag.py:4180} INFO - Setting next_dagrun for example_display_name to None, run_after=None
[2025-02-23T20:36:38.685+0000] {processor.py:208} INFO - Processing /home/airflow/.local/lib/python3.12/site-packages/airflow/example_dags/example_display_name.py took 0.090 seconds
[2025-02-23T20:37:09.576+0000] {processor.py:186} INFO - Started process (PID=1559) to work on /home/airflow/.local/lib/python3.12/site-packages/airflow/example_dags/example_display_name.py
[2025-02-23T20:37:09.577+0000] {processor.py:914} INFO - Processing file /home/airflow/.local/lib/python3.12/site-packages/airflow/example_dags/example_display_name.py for tasks to queue
[2025-02-23T20:37:09.580+0000] {logging_mixin.py:190} INFO - [2025-02-23T20:37:09.579+0000] {dagbag.py:588} INFO - Filling up the DagBag from /home/airflow/.local/lib/python3.12/site-packages/airflow/example_dags/example_display_name.py
[2025-02-23T20:37:09.592+0000] {processor.py:925} INFO - DAG(s) 'example_display_name' retrieved from /home/airflow/.local/lib/python3.12/site-packages/airflow/example_dags/example_display_name.py
[2025-02-23T20:37:09.617+0000] {logging_mixin.py:190} INFO - [2025-02-23T20:37:09.617+0000] {dag.py:3239} INFO - Sync 1 DAGs
[2025-02-23T20:37:09.639+0000] {logging_mixin.py:190} INFO - [2025-02-23T20:37:09.638+0000] {dag.py:4180} INFO - Setting next_dagrun for example_display_name to None, run_after=None
[2025-02-23T20:37:09.666+0000] {processor.py:208} INFO - Processing /home/airflow/.local/lib/python3.12/site-packages/airflow/example_dags/example_display_name.py took 0.098 seconds
[2025-02-23T20:37:40.286+0000] {processor.py:186} INFO - Started process (PID=1622) to work on /home/airflow/.local/lib/python3.12/site-packages/airflow/example_dags/example_display_name.py
[2025-02-23T20:37:40.287+0000] {processor.py:914} INFO - Processing file /home/airflow/.local/lib/python3.12/site-packages/airflow/example_dags/example_display_name.py for tasks to queue
[2025-02-23T20:37:40.289+0000] {logging_mixin.py:190} INFO - [2025-02-23T20:37:40.289+0000] {dagbag.py:588} INFO - Filling up the DagBag from /home/airflow/.local/lib/python3.12/site-packages/airflow/example_dags/example_display_name.py
[2025-02-23T20:37:40.298+0000] {processor.py:925} INFO - DAG(s) 'example_display_name' retrieved from /home/airflow/.local/lib/python3.12/site-packages/airflow/example_dags/example_display_name.py
[2025-02-23T20:37:40.322+0000] {logging_mixin.py:190} INFO - [2025-02-23T20:37:40.322+0000] {dag.py:3239} INFO - Sync 1 DAGs
[2025-02-23T20:37:40.340+0000] {logging_mixin.py:190} INFO - [2025-02-23T20:37:40.340+0000] {dag.py:4180} INFO - Setting next_dagrun for example_display_name to None, run_after=None
[2025-02-23T20:37:40.366+0000] {processor.py:208} INFO - Processing /home/airflow/.local/lib/python3.12/site-packages/airflow/example_dags/example_display_name.py took 0.088 seconds
[2025-02-23T20:38:11.455+0000] {processor.py:186} INFO - Started process (PID=1685) to work on /home/airflow/.local/lib/python3.12/site-packages/airflow/example_dags/example_display_name.py
[2025-02-23T20:38:11.463+0000] {processor.py:914} INFO - Processing file /home/airflow/.local/lib/python3.12/site-packages/airflow/example_dags/example_display_name.py for tasks to queue
[2025-02-23T20:38:11.466+0000] {logging_mixin.py:190} INFO - [2025-02-23T20:38:11.465+0000] {dagbag.py:588} INFO - Filling up the DagBag from /home/airflow/.local/lib/python3.12/site-packages/airflow/example_dags/example_display_name.py
[2025-02-23T20:38:11.477+0000] {processor.py:925} INFO - DAG(s) 'example_display_name' retrieved from /home/airflow/.local/lib/python3.12/site-packages/airflow/example_dags/example_display_name.py
[2025-02-23T20:38:11.516+0000] {logging_mixin.py:190} INFO - [2025-02-23T20:38:11.515+0000] {dag.py:3239} INFO - Sync 1 DAGs
[2025-02-23T20:38:11.541+0000] {logging_mixin.py:190} INFO - [2025-02-23T20:38:11.541+0000] {dag.py:4180} INFO - Setting next_dagrun for example_display_name to None, run_after=None
[2025-02-23T20:38:11.568+0000] {processor.py:208} INFO - Processing /home/airflow/.local/lib/python3.12/site-packages/airflow/example_dags/example_display_name.py took 0.123 seconds
[2025-02-23T20:38:43.039+0000] {processor.py:186} INFO - Started process (PID=1748) to work on /home/airflow/.local/lib/python3.12/site-packages/airflow/example_dags/example_display_name.py
[2025-02-23T20:38:43.040+0000] {processor.py:914} INFO - Processing file /home/airflow/.local/lib/python3.12/site-packages/airflow/example_dags/example_display_name.py for tasks to queue
[2025-02-23T20:38:43.044+0000] {logging_mixin.py:190} INFO - [2025-02-23T20:38:43.043+0000] {dagbag.py:588} INFO - Filling up the DagBag from /home/airflow/.local/lib/python3.12/site-packages/airflow/example_dags/example_display_name.py
[2025-02-23T20:38:43.054+0000] {processor.py:925} INFO - DAG(s) 'example_display_name' retrieved from /home/airflow/.local/lib/python3.12/site-packages/airflow/example_dags/example_display_name.py
[2025-02-23T20:38:43.080+0000] {logging_mixin.py:190} INFO - [2025-02-23T20:38:43.080+0000] {dag.py:3239} INFO - Sync 1 DAGs
[2025-02-23T20:38:43.102+0000] {logging_mixin.py:190} INFO - [2025-02-23T20:38:43.102+0000] {dag.py:4180} INFO - Setting next_dagrun for example_display_name to None, run_after=None
[2025-02-23T20:38:43.130+0000] {processor.py:208} INFO - Processing /home/airflow/.local/lib/python3.12/site-packages/airflow/example_dags/example_display_name.py took 0.098 seconds
[2025-02-23T20:39:14.079+0000] {processor.py:186} INFO - Started process (PID=1811) to work on /home/airflow/.local/lib/python3.12/site-packages/airflow/example_dags/example_display_name.py
[2025-02-23T20:39:14.080+0000] {processor.py:914} INFO - Processing file /home/airflow/.local/lib/python3.12/site-packages/airflow/example_dags/example_display_name.py for tasks to queue
[2025-02-23T20:39:14.083+0000] {logging_mixin.py:190} INFO - [2025-02-23T20:39:14.083+0000] {dagbag.py:588} INFO - Filling up the DagBag from /home/airflow/.local/lib/python3.12/site-packages/airflow/example_dags/example_display_name.py
[2025-02-23T20:39:14.094+0000] {processor.py:925} INFO - DAG(s) 'example_display_name' retrieved from /home/airflow/.local/lib/python3.12/site-packages/airflow/example_dags/example_display_name.py
[2025-02-23T20:39:14.122+0000] {logging_mixin.py:190} INFO - [2025-02-23T20:39:14.122+0000] {dag.py:3239} INFO - Sync 1 DAGs
[2025-02-23T20:39:14.144+0000] {logging_mixin.py:190} INFO - [2025-02-23T20:39:14.144+0000] {dag.py:4180} INFO - Setting next_dagrun for example_display_name to None, run_after=None
[2025-02-23T20:39:14.171+0000] {processor.py:208} INFO - Processing /home/airflow/.local/lib/python3.12/site-packages/airflow/example_dags/example_display_name.py took 0.100 seconds
[2025-02-23T20:39:44.240+0000] {processor.py:186} INFO - Started process (PID=1874) to work on /home/airflow/.local/lib/python3.12/site-packages/airflow/example_dags/example_display_name.py
[2025-02-23T20:39:44.242+0000] {processor.py:914} INFO - Processing file /home/airflow/.local/lib/python3.12/site-packages/airflow/example_dags/example_display_name.py for tasks to queue
[2025-02-23T20:39:44.245+0000] {logging_mixin.py:190} INFO - [2025-02-23T20:39:44.244+0000] {dagbag.py:588} INFO - Filling up the DagBag from /home/airflow/.local/lib/python3.12/site-packages/airflow/example_dags/example_display_name.py
[2025-02-23T20:39:44.255+0000] {processor.py:925} INFO - DAG(s) 'example_display_name' retrieved from /home/airflow/.local/lib/python3.12/site-packages/airflow/example_dags/example_display_name.py
[2025-02-23T20:39:44.283+0000] {logging_mixin.py:190} INFO - [2025-02-23T20:39:44.283+0000] {dag.py:3239} INFO - Sync 1 DAGs
[2025-02-23T20:39:44.304+0000] {logging_mixin.py:190} INFO - [2025-02-23T20:39:44.304+0000] {dag.py:4180} INFO - Setting next_dagrun for example_display_name to None, run_after=None
[2025-02-23T20:39:44.332+0000] {processor.py:208} INFO - Processing /home/airflow/.local/lib/python3.12/site-packages/airflow/example_dags/example_display_name.py took 0.100 seconds
[2025-02-23T20:40:15.802+0000] {processor.py:186} INFO - Started process (PID=1937) to work on /home/airflow/.local/lib/python3.12/site-packages/airflow/example_dags/example_display_name.py
[2025-02-23T20:40:15.804+0000] {processor.py:914} INFO - Processing file /home/airflow/.local/lib/python3.12/site-packages/airflow/example_dags/example_display_name.py for tasks to queue
[2025-02-23T20:40:15.807+0000] {logging_mixin.py:190} INFO - [2025-02-23T20:40:15.806+0000] {dagbag.py:588} INFO - Filling up the DagBag from /home/airflow/.local/lib/python3.12/site-packages/airflow/example_dags/example_display_name.py
[2025-02-23T20:40:15.816+0000] {processor.py:925} INFO - DAG(s) 'example_display_name' retrieved from /home/airflow/.local/lib/python3.12/site-packages/airflow/example_dags/example_display_name.py
[2025-02-23T20:40:15.845+0000] {logging_mixin.py:190} INFO - [2025-02-23T20:40:15.845+0000] {dag.py:3239} INFO - Sync 1 DAGs
[2025-02-23T20:40:15.866+0000] {logging_mixin.py:190} INFO - [2025-02-23T20:40:15.865+0000] {dag.py:4180} INFO - Setting next_dagrun for example_display_name to None, run_after=None
[2025-02-23T20:40:15.891+0000] {processor.py:208} INFO - Processing /home/airflow/.local/lib/python3.12/site-packages/airflow/example_dags/example_display_name.py took 0.097 seconds
[2025-02-23T20:40:46.758+0000] {processor.py:186} INFO - Started process (PID=2000) to work on /home/airflow/.local/lib/python3.12/site-packages/airflow/example_dags/example_display_name.py
[2025-02-23T20:40:46.759+0000] {processor.py:914} INFO - Processing file /home/airflow/.local/lib/python3.12/site-packages/airflow/example_dags/example_display_name.py for tasks to queue
[2025-02-23T20:40:46.762+0000] {logging_mixin.py:190} INFO - [2025-02-23T20:40:46.761+0000] {dagbag.py:588} INFO - Filling up the DagBag from /home/airflow/.local/lib/python3.12/site-packages/airflow/example_dags/example_display_name.py
[2025-02-23T20:40:46.772+0000] {processor.py:925} INFO - DAG(s) 'example_display_name' retrieved from /home/airflow/.local/lib/python3.12/site-packages/airflow/example_dags/example_display_name.py
[2025-02-23T20:40:46.801+0000] {logging_mixin.py:190} INFO - [2025-02-23T20:40:46.800+0000] {dag.py:3239} INFO - Sync 1 DAGs
[2025-02-23T20:40:46.825+0000] {logging_mixin.py:190} INFO - [2025-02-23T20:40:46.825+0000] {dag.py:4180} INFO - Setting next_dagrun for example_display_name to None, run_after=None
[2025-02-23T20:40:46.853+0000] {processor.py:208} INFO - Processing /home/airflow/.local/lib/python3.12/site-packages/airflow/example_dags/example_display_name.py took 0.106 seconds
[2025-02-23T20:41:17.672+0000] {processor.py:186} INFO - Started process (PID=2063) to work on /home/airflow/.local/lib/python3.12/site-packages/airflow/example_dags/example_display_name.py
[2025-02-23T20:41:17.673+0000] {processor.py:914} INFO - Processing file /home/airflow/.local/lib/python3.12/site-packages/airflow/example_dags/example_display_name.py for tasks to queue
[2025-02-23T20:41:17.676+0000] {logging_mixin.py:190} INFO - [2025-02-23T20:41:17.676+0000] {dagbag.py:588} INFO - Filling up the DagBag from /home/airflow/.local/lib/python3.12/site-packages/airflow/example_dags/example_display_name.py
[2025-02-23T20:41:17.686+0000] {processor.py:925} INFO - DAG(s) 'example_display_name' retrieved from /home/airflow/.local/lib/python3.12/site-packages/airflow/example_dags/example_display_name.py
[2025-02-23T20:41:17.711+0000] {logging_mixin.py:190} INFO - [2025-02-23T20:41:17.710+0000] {dag.py:3239} INFO - Sync 1 DAGs
[2025-02-23T20:41:17.734+0000] {logging_mixin.py:190} INFO - [2025-02-23T20:41:17.734+0000] {dag.py:4180} INFO - Setting next_dagrun for example_display_name to None, run_after=None
[2025-02-23T20:41:17.760+0000] {processor.py:208} INFO - Processing /home/airflow/.local/lib/python3.12/site-packages/airflow/example_dags/example_display_name.py took 0.095 seconds
[2025-02-23T20:41:48.050+0000] {processor.py:186} INFO - Started process (PID=2126) to work on /home/airflow/.local/lib/python3.12/site-packages/airflow/example_dags/example_display_name.py
[2025-02-23T20:41:48.051+0000] {processor.py:914} INFO - Processing file /home/airflow/.local/lib/python3.12/site-packages/airflow/example_dags/example_display_name.py for tasks to queue
[2025-02-23T20:41:48.055+0000] {logging_mixin.py:190} INFO - [2025-02-23T20:41:48.054+0000] {dagbag.py:588} INFO - Filling up the DagBag from /home/airflow/.local/lib/python3.12/site-packages/airflow/example_dags/example_display_name.py
[2025-02-23T20:41:48.065+0000] {processor.py:925} INFO - DAG(s) 'example_display_name' retrieved from /home/airflow/.local/lib/python3.12/site-packages/airflow/example_dags/example_display_name.py
[2025-02-23T20:41:48.089+0000] {logging_mixin.py:190} INFO - [2025-02-23T20:41:48.089+0000] {dag.py:3239} INFO - Sync 1 DAGs
[2025-02-23T20:41:48.109+0000] {logging_mixin.py:190} INFO - [2025-02-23T20:41:48.108+0000] {dag.py:4180} INFO - Setting next_dagrun for example_display_name to None, run_after=None
[2025-02-23T20:41:48.134+0000] {processor.py:208} INFO - Processing /home/airflow/.local/lib/python3.12/site-packages/airflow/example_dags/example_display_name.py took 0.094 seconds
[2025-02-23T20:42:19.951+0000] {processor.py:186} INFO - Started process (PID=2189) to work on /home/airflow/.local/lib/python3.12/site-packages/airflow/example_dags/example_display_name.py
[2025-02-23T20:42:19.952+0000] {processor.py:914} INFO - Processing file /home/airflow/.local/lib/python3.12/site-packages/airflow/example_dags/example_display_name.py for tasks to queue
[2025-02-23T20:42:19.955+0000] {logging_mixin.py:190} INFO - [2025-02-23T20:42:19.954+0000] {dagbag.py:588} INFO - Filling up the DagBag from /home/airflow/.local/lib/python3.12/site-packages/airflow/example_dags/example_display_name.py
[2025-02-23T20:42:19.964+0000] {processor.py:925} INFO - DAG(s) 'example_display_name' retrieved from /home/airflow/.local/lib/python3.12/site-packages/airflow/example_dags/example_display_name.py
[2025-02-23T20:42:19.992+0000] {logging_mixin.py:190} INFO - [2025-02-23T20:42:19.991+0000] {dag.py:3239} INFO - Sync 1 DAGs
[2025-02-23T20:42:20.018+0000] {logging_mixin.py:190} INFO - [2025-02-23T20:42:20.017+0000] {dag.py:4180} INFO - Setting next_dagrun for example_display_name to None, run_after=None
[2025-02-23T20:42:20.046+0000] {processor.py:208} INFO - Processing /home/airflow/.local/lib/python3.12/site-packages/airflow/example_dags/example_display_name.py took 0.103 seconds
[2025-02-23T20:42:50.488+0000] {processor.py:186} INFO - Started process (PID=2252) to work on /home/airflow/.local/lib/python3.12/site-packages/airflow/example_dags/example_display_name.py
[2025-02-23T20:42:50.489+0000] {processor.py:914} INFO - Processing file /home/airflow/.local/lib/python3.12/site-packages/airflow/example_dags/example_display_name.py for tasks to queue
[2025-02-23T20:42:50.493+0000] {logging_mixin.py:190} INFO - [2025-02-23T20:42:50.492+0000] {dagbag.py:588} INFO - Filling up the DagBag from /home/airflow/.local/lib/python3.12/site-packages/airflow/example_dags/example_display_name.py
[2025-02-23T20:42:50.504+0000] {processor.py:925} INFO - DAG(s) 'example_display_name' retrieved from /home/airflow/.local/lib/python3.12/site-packages/airflow/example_dags/example_display_name.py
[2025-02-23T20:42:50.533+0000] {logging_mixin.py:190} INFO - [2025-02-23T20:42:50.532+0000] {dag.py:3239} INFO - Sync 1 DAGs
[2025-02-23T20:42:50.554+0000] {logging_mixin.py:190} INFO - [2025-02-23T20:42:50.554+0000] {dag.py:4180} INFO - Setting next_dagrun for example_display_name to None, run_after=None
[2025-02-23T20:42:50.583+0000] {processor.py:208} INFO - Processing /home/airflow/.local/lib/python3.12/site-packages/airflow/example_dags/example_display_name.py took 0.105 seconds
[2025-02-23T20:43:21.615+0000] {processor.py:186} INFO - Started process (PID=2315) to work on /home/airflow/.local/lib/python3.12/site-packages/airflow/example_dags/example_display_name.py
[2025-02-23T20:43:21.616+0000] {processor.py:914} INFO - Processing file /home/airflow/.local/lib/python3.12/site-packages/airflow/example_dags/example_display_name.py for tasks to queue
[2025-02-23T20:43:21.619+0000] {logging_mixin.py:190} INFO - [2025-02-23T20:43:21.618+0000] {dagbag.py:588} INFO - Filling up the DagBag from /home/airflow/.local/lib/python3.12/site-packages/airflow/example_dags/example_display_name.py
[2025-02-23T20:43:21.628+0000] {processor.py:925} INFO - DAG(s) 'example_display_name' retrieved from /home/airflow/.local/lib/python3.12/site-packages/airflow/example_dags/example_display_name.py
[2025-02-23T20:43:21.653+0000] {logging_mixin.py:190} INFO - [2025-02-23T20:43:21.653+0000] {dag.py:3239} INFO - Sync 1 DAGs
[2025-02-23T20:43:21.674+0000] {logging_mixin.py:190} INFO - [2025-02-23T20:43:21.674+0000] {dag.py:4180} INFO - Setting next_dagrun for example_display_name to None, run_after=None
[2025-02-23T20:43:21.701+0000] {processor.py:208} INFO - Processing /home/airflow/.local/lib/python3.12/site-packages/airflow/example_dags/example_display_name.py took 0.094 seconds
[2025-02-23T20:43:52.880+0000] {processor.py:186} INFO - Started process (PID=2379) to work on /home/airflow/.local/lib/python3.12/site-packages/airflow/example_dags/example_display_name.py
[2025-02-23T20:43:52.881+0000] {processor.py:914} INFO - Processing file /home/airflow/.local/lib/python3.12/site-packages/airflow/example_dags/example_display_name.py for tasks to queue
[2025-02-23T20:43:52.884+0000] {logging_mixin.py:190} INFO - [2025-02-23T20:43:52.884+0000] {dagbag.py:588} INFO - Filling up the DagBag from /home/airflow/.local/lib/python3.12/site-packages/airflow/example_dags/example_display_name.py
[2025-02-23T20:43:52.895+0000] {processor.py:925} INFO - DAG(s) 'example_display_name' retrieved from /home/airflow/.local/lib/python3.12/site-packages/airflow/example_dags/example_display_name.py
[2025-02-23T20:43:52.923+0000] {logging_mixin.py:190} INFO - [2025-02-23T20:43:52.922+0000] {dag.py:3239} INFO - Sync 1 DAGs
[2025-02-23T20:43:52.946+0000] {logging_mixin.py:190} INFO - [2025-02-23T20:43:52.945+0000] {dag.py:4180} INFO - Setting next_dagrun for example_display_name to None, run_after=None
[2025-02-23T20:43:52.975+0000] {processor.py:208} INFO - Processing /home/airflow/.local/lib/python3.12/site-packages/airflow/example_dags/example_display_name.py took 0.103 seconds
[2025-02-23T20:44:23.396+0000] {processor.py:186} INFO - Started process (PID=2442) to work on /home/airflow/.local/lib/python3.12/site-packages/airflow/example_dags/example_display_name.py
[2025-02-23T20:44:23.398+0000] {processor.py:914} INFO - Processing file /home/airflow/.local/lib/python3.12/site-packages/airflow/example_dags/example_display_name.py for tasks to queue
[2025-02-23T20:44:23.401+0000] {logging_mixin.py:190} INFO - [2025-02-23T20:44:23.400+0000] {dagbag.py:588} INFO - Filling up the DagBag from /home/airflow/.local/lib/python3.12/site-packages/airflow/example_dags/example_display_name.py
[2025-02-23T20:44:23.412+0000] {processor.py:925} INFO - DAG(s) 'example_display_name' retrieved from /home/airflow/.local/lib/python3.12/site-packages/airflow/example_dags/example_display_name.py
[2025-02-23T20:44:23.439+0000] {logging_mixin.py:190} INFO - [2025-02-23T20:44:23.438+0000] {dag.py:3239} INFO - Sync 1 DAGs
[2025-02-23T20:44:23.467+0000] {logging_mixin.py:190} INFO - [2025-02-23T20:44:23.466+0000] {dag.py:4180} INFO - Setting next_dagrun for example_display_name to None, run_after=None
[2025-02-23T20:44:23.494+0000] {processor.py:208} INFO - Processing /home/airflow/.local/lib/python3.12/site-packages/airflow/example_dags/example_display_name.py took 0.107 seconds
[2025-02-23T20:44:54.614+0000] {processor.py:186} INFO - Started process (PID=2506) to work on /home/airflow/.local/lib/python3.12/site-packages/airflow/example_dags/example_display_name.py
[2025-02-23T20:44:54.615+0000] {processor.py:914} INFO - Processing file /home/airflow/.local/lib/python3.12/site-packages/airflow/example_dags/example_display_name.py for tasks to queue
[2025-02-23T20:44:54.619+0000] {logging_mixin.py:190} INFO - [2025-02-23T20:44:54.618+0000] {dagbag.py:588} INFO - Filling up the DagBag from /home/airflow/.local/lib/python3.12/site-packages/airflow/example_dags/example_display_name.py
[2025-02-23T20:44:54.631+0000] {processor.py:925} INFO - DAG(s) 'example_display_name' retrieved from /home/airflow/.local/lib/python3.12/site-packages/airflow/example_dags/example_display_name.py
[2025-02-23T20:44:54.658+0000] {logging_mixin.py:190} INFO - [2025-02-23T20:44:54.658+0000] {dag.py:3239} INFO - Sync 1 DAGs
[2025-02-23T20:44:54.681+0000] {logging_mixin.py:190} INFO - [2025-02-23T20:44:54.680+0000] {dag.py:4180} INFO - Setting next_dagrun for example_display_name to None, run_after=None
[2025-02-23T20:44:54.707+0000] {processor.py:208} INFO - Processing /home/airflow/.local/lib/python3.12/site-packages/airflow/example_dags/example_display_name.py took 0.102 seconds
[2025-02-23T20:45:26.202+0000] {processor.py:186} INFO - Started process (PID=2569) to work on /home/airflow/.local/lib/python3.12/site-packages/airflow/example_dags/example_display_name.py
[2025-02-23T20:45:26.204+0000] {processor.py:914} INFO - Processing file /home/airflow/.local/lib/python3.12/site-packages/airflow/example_dags/example_display_name.py for tasks to queue
[2025-02-23T20:45:26.206+0000] {logging_mixin.py:190} INFO - [2025-02-23T20:45:26.206+0000] {dagbag.py:588} INFO - Filling up the DagBag from /home/airflow/.local/lib/python3.12/site-packages/airflow/example_dags/example_display_name.py
[2025-02-23T20:45:26.218+0000] {processor.py:925} INFO - DAG(s) 'example_display_name' retrieved from /home/airflow/.local/lib/python3.12/site-packages/airflow/example_dags/example_display_name.py
[2025-02-23T20:45:26.243+0000] {logging_mixin.py:190} INFO - [2025-02-23T20:45:26.242+0000] {dag.py:3239} INFO - Sync 1 DAGs
[2025-02-23T20:45:26.268+0000] {logging_mixin.py:190} INFO - [2025-02-23T20:45:26.267+0000] {dag.py:4180} INFO - Setting next_dagrun for example_display_name to None, run_after=None
[2025-02-23T20:45:26.294+0000] {processor.py:208} INFO - Processing /home/airflow/.local/lib/python3.12/site-packages/airflow/example_dags/example_display_name.py took 0.099 seconds
