[2025-02-23T20:25:18.060+0000] {processor.py:186} INFO - Started process (PID=107) to work on /home/airflow/.local/lib/python3.12/site-packages/airflow/example_dags/example_external_task_marker_dag.py
[2025-02-23T20:25:18.061+0000] {processor.py:914} INFO - Processing file /home/airflow/.local/lib/python3.12/site-packages/airflow/example_dags/example_external_task_marker_dag.py for tasks to queue
[2025-02-23T20:25:18.064+0000] {logging_mixin.py:190} INFO - [2025-02-23T20:25:18.063+0000] {dagbag.py:588} INFO - Filling up the DagBag from /home/airflow/.local/lib/python3.12/site-packages/airflow/example_dags/example_external_task_marker_dag.py
[2025-02-23T20:25:18.076+0000] {processor.py:925} INFO - DAG(s) 'example_external_task_marker_parent', 'example_external_task_marker_child' retrieved from /home/airflow/.local/lib/python3.12/site-packages/airflow/example_dags/example_external_task_marker_dag.py
[2025-02-23T20:25:18.234+0000] {logging_mixin.py:190} INFO - [2025-02-23T20:25:18.233+0000] {override.py:1912} INFO - Created Permission View: can read on DAG:example_external_task_marker_parent
[2025-02-23T20:25:18.250+0000] {logging_mixin.py:190} INFO - [2025-02-23T20:25:18.250+0000] {override.py:1912} INFO - Created Permission View: can delete on DAG:example_external_task_marker_parent
[2025-02-23T20:25:18.259+0000] {logging_mixin.py:190} INFO - [2025-02-23T20:25:18.259+0000] {override.py:1912} INFO - Created Permission View: can edit on DAG:example_external_task_marker_parent
[2025-02-23T20:25:18.271+0000] {logging_mixin.py:190} INFO - [2025-02-23T20:25:18.271+0000] {override.py:1912} INFO - Created Permission View: can create on DAG Run:example_external_task_marker_parent
[2025-02-23T20:25:18.283+0000] {logging_mixin.py:190} INFO - [2025-02-23T20:25:18.282+0000] {override.py:1912} INFO - Created Permission View: can read on DAG Run:example_external_task_marker_parent
[2025-02-23T20:25:18.292+0000] {logging_mixin.py:190} INFO - [2025-02-23T20:25:18.292+0000] {override.py:1912} INFO - Created Permission View: can delete on DAG Run:example_external_task_marker_parent
[2025-02-23T20:25:18.303+0000] {logging_mixin.py:190} INFO - [2025-02-23T20:25:18.303+0000] {override.py:1912} INFO - Created Permission View: menu access on DAG Run:example_external_task_marker_parent
[2025-02-23T20:25:18.324+0000] {logging_mixin.py:190} INFO - [2025-02-23T20:25:18.324+0000] {override.py:1912} INFO - Created Permission View: can read on DAG:example_external_task_marker_child
[2025-02-23T20:25:18.336+0000] {logging_mixin.py:190} INFO - [2025-02-23T20:25:18.335+0000] {override.py:1912} INFO - Created Permission View: can delete on DAG:example_external_task_marker_child
[2025-02-23T20:25:18.345+0000] {logging_mixin.py:190} INFO - [2025-02-23T20:25:18.345+0000] {override.py:1912} INFO - Created Permission View: can edit on DAG:example_external_task_marker_child
[2025-02-23T20:25:18.357+0000] {logging_mixin.py:190} INFO - [2025-02-23T20:25:18.357+0000] {override.py:1912} INFO - Created Permission View: can create on DAG Run:example_external_task_marker_child
[2025-02-23T20:25:18.367+0000] {logging_mixin.py:190} INFO - [2025-02-23T20:25:18.366+0000] {override.py:1912} INFO - Created Permission View: can read on DAG Run:example_external_task_marker_child
[2025-02-23T20:25:18.377+0000] {logging_mixin.py:190} INFO - [2025-02-23T20:25:18.376+0000] {override.py:1912} INFO - Created Permission View: can delete on DAG Run:example_external_task_marker_child
[2025-02-23T20:25:18.386+0000] {logging_mixin.py:190} INFO - [2025-02-23T20:25:18.386+0000] {override.py:1912} INFO - Created Permission View: menu access on DAG Run:example_external_task_marker_child
[2025-02-23T20:25:18.387+0000] {logging_mixin.py:190} INFO - [2025-02-23T20:25:18.387+0000] {dag.py:3239} INFO - Sync 2 DAGs
[2025-02-23T20:25:18.406+0000] {logging_mixin.py:190} INFO - [2025-02-23T20:25:18.406+0000] {dag.py:3262} INFO - Creating ORM DAG for example_external_task_marker_parent
[2025-02-23T20:25:18.407+0000] {logging_mixin.py:190} INFO - [2025-02-23T20:25:18.407+0000] {dag.py:3262} INFO - Creating ORM DAG for example_external_task_marker_child
[2025-02-23T20:25:18.408+0000] {logging_mixin.py:190} INFO - [2025-02-23T20:25:18.408+0000] {dag.py:4180} INFO - Setting next_dagrun for example_external_task_marker_child to None, run_after=None
[2025-02-23T20:25:18.409+0000] {logging_mixin.py:190} INFO - [2025-02-23T20:25:18.409+0000] {dag.py:4180} INFO - Setting next_dagrun for example_external_task_marker_parent to None, run_after=None
[2025-02-23T20:25:18.434+0000] {processor.py:208} INFO - Processing /home/airflow/.local/lib/python3.12/site-packages/airflow/example_dags/example_external_task_marker_dag.py took 0.382 seconds
[2025-02-23T20:25:48.667+0000] {processor.py:186} INFO - Started process (PID=170) to work on /home/airflow/.local/lib/python3.12/site-packages/airflow/example_dags/example_external_task_marker_dag.py
[2025-02-23T20:25:48.668+0000] {processor.py:914} INFO - Processing file /home/airflow/.local/lib/python3.12/site-packages/airflow/example_dags/example_external_task_marker_dag.py for tasks to queue
[2025-02-23T20:25:48.671+0000] {logging_mixin.py:190} INFO - [2025-02-23T20:25:48.670+0000] {dagbag.py:588} INFO - Filling up the DagBag from /home/airflow/.local/lib/python3.12/site-packages/airflow/example_dags/example_external_task_marker_dag.py
[2025-02-23T20:25:48.682+0000] {processor.py:925} INFO - DAG(s) 'example_external_task_marker_parent', 'example_external_task_marker_child' retrieved from /home/airflow/.local/lib/python3.12/site-packages/airflow/example_dags/example_external_task_marker_dag.py
[2025-02-23T20:25:48.720+0000] {logging_mixin.py:190} INFO - [2025-02-23T20:25:48.719+0000] {dag.py:3239} INFO - Sync 2 DAGs
[2025-02-23T20:25:48.744+0000] {logging_mixin.py:190} INFO - [2025-02-23T20:25:48.743+0000] {dag.py:4180} INFO - Setting next_dagrun for example_external_task_marker_child to None, run_after=None
[2025-02-23T20:25:48.749+0000] {logging_mixin.py:190} INFO - [2025-02-23T20:25:48.748+0000] {dag.py:4180} INFO - Setting next_dagrun for example_external_task_marker_parent to None, run_after=None
[2025-02-23T20:25:48.772+0000] {processor.py:208} INFO - Processing /home/airflow/.local/lib/python3.12/site-packages/airflow/example_dags/example_external_task_marker_dag.py took 0.114 seconds
[2025-02-23T20:26:19.029+0000] {processor.py:186} INFO - Started process (PID=233) to work on /home/airflow/.local/lib/python3.12/site-packages/airflow/example_dags/example_external_task_marker_dag.py
[2025-02-23T20:26:19.031+0000] {processor.py:914} INFO - Processing file /home/airflow/.local/lib/python3.12/site-packages/airflow/example_dags/example_external_task_marker_dag.py for tasks to queue
[2025-02-23T20:26:19.034+0000] {logging_mixin.py:190} INFO - [2025-02-23T20:26:19.033+0000] {dagbag.py:588} INFO - Filling up the DagBag from /home/airflow/.local/lib/python3.12/site-packages/airflow/example_dags/example_external_task_marker_dag.py
[2025-02-23T20:26:19.044+0000] {processor.py:925} INFO - DAG(s) 'example_external_task_marker_parent', 'example_external_task_marker_child' retrieved from /home/airflow/.local/lib/python3.12/site-packages/airflow/example_dags/example_external_task_marker_dag.py
[2025-02-23T20:26:19.076+0000] {logging_mixin.py:190} INFO - [2025-02-23T20:26:19.076+0000] {dag.py:3239} INFO - Sync 2 DAGs
[2025-02-23T20:26:19.098+0000] {logging_mixin.py:190} INFO - [2025-02-23T20:26:19.097+0000] {dag.py:4180} INFO - Setting next_dagrun for example_external_task_marker_child to None, run_after=None
[2025-02-23T20:26:19.103+0000] {logging_mixin.py:190} INFO - [2025-02-23T20:26:19.103+0000] {dag.py:4180} INFO - Setting next_dagrun for example_external_task_marker_parent to None, run_after=None
[2025-02-23T20:26:19.131+0000] {processor.py:208} INFO - Processing /home/airflow/.local/lib/python3.12/site-packages/airflow/example_dags/example_external_task_marker_dag.py took 0.109 seconds
[2025-02-23T20:26:49.737+0000] {processor.py:186} INFO - Started process (PID=295) to work on /home/airflow/.local/lib/python3.12/site-packages/airflow/example_dags/example_external_task_marker_dag.py
[2025-02-23T20:26:49.738+0000] {processor.py:914} INFO - Processing file /home/airflow/.local/lib/python3.12/site-packages/airflow/example_dags/example_external_task_marker_dag.py for tasks to queue
[2025-02-23T20:26:49.742+0000] {logging_mixin.py:190} INFO - [2025-02-23T20:26:49.741+0000] {dagbag.py:588} INFO - Filling up the DagBag from /home/airflow/.local/lib/python3.12/site-packages/airflow/example_dags/example_external_task_marker_dag.py
[2025-02-23T20:26:49.754+0000] {processor.py:925} INFO - DAG(s) 'example_external_task_marker_child', 'example_external_task_marker_parent' retrieved from /home/airflow/.local/lib/python3.12/site-packages/airflow/example_dags/example_external_task_marker_dag.py
[2025-02-23T20:26:49.790+0000] {logging_mixin.py:190} INFO - [2025-02-23T20:26:49.790+0000] {dag.py:3239} INFO - Sync 2 DAGs
[2025-02-23T20:26:49.812+0000] {logging_mixin.py:190} INFO - [2025-02-23T20:26:49.811+0000] {dag.py:4180} INFO - Setting next_dagrun for example_external_task_marker_child to None, run_after=None
[2025-02-23T20:26:49.818+0000] {logging_mixin.py:190} INFO - [2025-02-23T20:26:49.818+0000] {dag.py:4180} INFO - Setting next_dagrun for example_external_task_marker_parent to None, run_after=None
[2025-02-23T20:26:49.840+0000] {processor.py:208} INFO - Processing /home/airflow/.local/lib/python3.12/site-packages/airflow/example_dags/example_external_task_marker_dag.py took 0.111 seconds
[2025-02-23T20:27:20.900+0000] {processor.py:186} INFO - Started process (PID=358) to work on /home/airflow/.local/lib/python3.12/site-packages/airflow/example_dags/example_external_task_marker_dag.py
[2025-02-23T20:27:20.902+0000] {processor.py:914} INFO - Processing file /home/airflow/.local/lib/python3.12/site-packages/airflow/example_dags/example_external_task_marker_dag.py for tasks to queue
[2025-02-23T20:27:20.904+0000] {logging_mixin.py:190} INFO - [2025-02-23T20:27:20.904+0000] {dagbag.py:588} INFO - Filling up the DagBag from /home/airflow/.local/lib/python3.12/site-packages/airflow/example_dags/example_external_task_marker_dag.py
[2025-02-23T20:27:20.914+0000] {processor.py:925} INFO - DAG(s) 'example_external_task_marker_parent', 'example_external_task_marker_child' retrieved from /home/airflow/.local/lib/python3.12/site-packages/airflow/example_dags/example_external_task_marker_dag.py
[2025-02-23T20:27:20.949+0000] {logging_mixin.py:190} INFO - [2025-02-23T20:27:20.949+0000] {dag.py:3239} INFO - Sync 2 DAGs
[2025-02-23T20:27:20.969+0000] {logging_mixin.py:190} INFO - [2025-02-23T20:27:20.969+0000] {dag.py:4180} INFO - Setting next_dagrun for example_external_task_marker_child to None, run_after=None
[2025-02-23T20:27:20.975+0000] {logging_mixin.py:190} INFO - [2025-02-23T20:27:20.975+0000] {dag.py:4180} INFO - Setting next_dagrun for example_external_task_marker_parent to None, run_after=None
[2025-02-23T20:27:20.999+0000] {processor.py:208} INFO - Processing /home/airflow/.local/lib/python3.12/site-packages/airflow/example_dags/example_external_task_marker_dag.py took 0.106 seconds
[2025-02-23T20:27:51.859+0000] {processor.py:186} INFO - Started process (PID=421) to work on /home/airflow/.local/lib/python3.12/site-packages/airflow/example_dags/example_external_task_marker_dag.py
[2025-02-23T20:27:51.860+0000] {processor.py:914} INFO - Processing file /home/airflow/.local/lib/python3.12/site-packages/airflow/example_dags/example_external_task_marker_dag.py for tasks to queue
[2025-02-23T20:27:51.862+0000] {logging_mixin.py:190} INFO - [2025-02-23T20:27:51.862+0000] {dagbag.py:588} INFO - Filling up the DagBag from /home/airflow/.local/lib/python3.12/site-packages/airflow/example_dags/example_external_task_marker_dag.py
[2025-02-23T20:27:51.872+0000] {processor.py:925} INFO - DAG(s) 'example_external_task_marker_parent', 'example_external_task_marker_child' retrieved from /home/airflow/.local/lib/python3.12/site-packages/airflow/example_dags/example_external_task_marker_dag.py
[2025-02-23T20:27:51.902+0000] {logging_mixin.py:190} INFO - [2025-02-23T20:27:51.902+0000] {dag.py:3239} INFO - Sync 2 DAGs
[2025-02-23T20:27:51.922+0000] {logging_mixin.py:190} INFO - [2025-02-23T20:27:51.922+0000] {dag.py:4180} INFO - Setting next_dagrun for example_external_task_marker_child to None, run_after=None
[2025-02-23T20:27:51.928+0000] {logging_mixin.py:190} INFO - [2025-02-23T20:27:51.928+0000] {dag.py:4180} INFO - Setting next_dagrun for example_external_task_marker_parent to None, run_after=None
[2025-02-23T20:27:51.950+0000] {processor.py:208} INFO - Processing /home/airflow/.local/lib/python3.12/site-packages/airflow/example_dags/example_external_task_marker_dag.py took 0.098 seconds
[2025-02-23T20:28:22.994+0000] {processor.py:186} INFO - Started process (PID=484) to work on /home/airflow/.local/lib/python3.12/site-packages/airflow/example_dags/example_external_task_marker_dag.py
[2025-02-23T20:28:22.996+0000] {processor.py:914} INFO - Processing file /home/airflow/.local/lib/python3.12/site-packages/airflow/example_dags/example_external_task_marker_dag.py for tasks to queue
[2025-02-23T20:28:22.998+0000] {logging_mixin.py:190} INFO - [2025-02-23T20:28:22.998+0000] {dagbag.py:588} INFO - Filling up the DagBag from /home/airflow/.local/lib/python3.12/site-packages/airflow/example_dags/example_external_task_marker_dag.py
[2025-02-23T20:28:23.008+0000] {processor.py:925} INFO - DAG(s) 'example_external_task_marker_child', 'example_external_task_marker_parent' retrieved from /home/airflow/.local/lib/python3.12/site-packages/airflow/example_dags/example_external_task_marker_dag.py
[2025-02-23T20:28:23.038+0000] {logging_mixin.py:190} INFO - [2025-02-23T20:28:23.038+0000] {dag.py:3239} INFO - Sync 2 DAGs
[2025-02-23T20:28:23.059+0000] {logging_mixin.py:190} INFO - [2025-02-23T20:28:23.058+0000] {dag.py:4180} INFO - Setting next_dagrun for example_external_task_marker_child to None, run_after=None
[2025-02-23T20:28:23.064+0000] {logging_mixin.py:190} INFO - [2025-02-23T20:28:23.063+0000] {dag.py:4180} INFO - Setting next_dagrun for example_external_task_marker_parent to None, run_after=None
[2025-02-23T20:28:23.086+0000] {processor.py:208} INFO - Processing /home/airflow/.local/lib/python3.12/site-packages/airflow/example_dags/example_external_task_marker_dag.py took 0.100 seconds
[2025-02-23T20:28:54.096+0000] {processor.py:186} INFO - Started process (PID=547) to work on /home/airflow/.local/lib/python3.12/site-packages/airflow/example_dags/example_external_task_marker_dag.py
[2025-02-23T20:28:54.098+0000] {processor.py:914} INFO - Processing file /home/airflow/.local/lib/python3.12/site-packages/airflow/example_dags/example_external_task_marker_dag.py for tasks to queue
[2025-02-23T20:28:54.100+0000] {logging_mixin.py:190} INFO - [2025-02-23T20:28:54.100+0000] {dagbag.py:588} INFO - Filling up the DagBag from /home/airflow/.local/lib/python3.12/site-packages/airflow/example_dags/example_external_task_marker_dag.py
[2025-02-23T20:28:54.111+0000] {processor.py:925} INFO - DAG(s) 'example_external_task_marker_parent', 'example_external_task_marker_child' retrieved from /home/airflow/.local/lib/python3.12/site-packages/airflow/example_dags/example_external_task_marker_dag.py
[2025-02-23T20:28:54.144+0000] {logging_mixin.py:190} INFO - [2025-02-23T20:28:54.143+0000] {dag.py:3239} INFO - Sync 2 DAGs
[2025-02-23T20:28:54.170+0000] {logging_mixin.py:190} INFO - [2025-02-23T20:28:54.170+0000] {dag.py:4180} INFO - Setting next_dagrun for example_external_task_marker_child to None, run_after=None
[2025-02-23T20:28:54.175+0000] {logging_mixin.py:190} INFO - [2025-02-23T20:28:54.175+0000] {dag.py:4180} INFO - Setting next_dagrun for example_external_task_marker_parent to None, run_after=None
[2025-02-23T20:28:54.199+0000] {processor.py:208} INFO - Processing /home/airflow/.local/lib/python3.12/site-packages/airflow/example_dags/example_external_task_marker_dag.py took 0.110 seconds
[2025-02-23T20:29:24.632+0000] {processor.py:186} INFO - Started process (PID=609) to work on /home/airflow/.local/lib/python3.12/site-packages/airflow/example_dags/example_external_task_marker_dag.py
[2025-02-23T20:29:24.634+0000] {processor.py:914} INFO - Processing file /home/airflow/.local/lib/python3.12/site-packages/airflow/example_dags/example_external_task_marker_dag.py for tasks to queue
[2025-02-23T20:29:24.637+0000] {logging_mixin.py:190} INFO - [2025-02-23T20:29:24.636+0000] {dagbag.py:588} INFO - Filling up the DagBag from /home/airflow/.local/lib/python3.12/site-packages/airflow/example_dags/example_external_task_marker_dag.py
[2025-02-23T20:29:24.646+0000] {processor.py:925} INFO - DAG(s) 'example_external_task_marker_parent', 'example_external_task_marker_child' retrieved from /home/airflow/.local/lib/python3.12/site-packages/airflow/example_dags/example_external_task_marker_dag.py
[2025-02-23T20:29:24.678+0000] {logging_mixin.py:190} INFO - [2025-02-23T20:29:24.677+0000] {dag.py:3239} INFO - Sync 2 DAGs
[2025-02-23T20:29:24.699+0000] {logging_mixin.py:190} INFO - [2025-02-23T20:29:24.699+0000] {dag.py:4180} INFO - Setting next_dagrun for example_external_task_marker_child to None, run_after=None
[2025-02-23T20:29:24.705+0000] {logging_mixin.py:190} INFO - [2025-02-23T20:29:24.704+0000] {dag.py:4180} INFO - Setting next_dagrun for example_external_task_marker_parent to None, run_after=None
[2025-02-23T20:29:24.727+0000] {processor.py:208} INFO - Processing /home/airflow/.local/lib/python3.12/site-packages/airflow/example_dags/example_external_task_marker_dag.py took 0.102 seconds
[2025-02-23T20:29:54.898+0000] {processor.py:186} INFO - Started process (PID=671) to work on /home/airflow/.local/lib/python3.12/site-packages/airflow/example_dags/example_external_task_marker_dag.py
[2025-02-23T20:29:54.900+0000] {processor.py:914} INFO - Processing file /home/airflow/.local/lib/python3.12/site-packages/airflow/example_dags/example_external_task_marker_dag.py for tasks to queue
[2025-02-23T20:29:54.903+0000] {logging_mixin.py:190} INFO - [2025-02-23T20:29:54.902+0000] {dagbag.py:588} INFO - Filling up the DagBag from /home/airflow/.local/lib/python3.12/site-packages/airflow/example_dags/example_external_task_marker_dag.py
[2025-02-23T20:29:54.914+0000] {processor.py:925} INFO - DAG(s) 'example_external_task_marker_parent', 'example_external_task_marker_child' retrieved from /home/airflow/.local/lib/python3.12/site-packages/airflow/example_dags/example_external_task_marker_dag.py
[2025-02-23T20:29:54.949+0000] {logging_mixin.py:190} INFO - [2025-02-23T20:29:54.949+0000] {dag.py:3239} INFO - Sync 2 DAGs
[2025-02-23T20:29:54.971+0000] {logging_mixin.py:190} INFO - [2025-02-23T20:29:54.971+0000] {dag.py:4180} INFO - Setting next_dagrun for example_external_task_marker_child to None, run_after=None
[2025-02-23T20:29:54.977+0000] {logging_mixin.py:190} INFO - [2025-02-23T20:29:54.977+0000] {dag.py:4180} INFO - Setting next_dagrun for example_external_task_marker_parent to None, run_after=None
[2025-02-23T20:29:55.000+0000] {processor.py:208} INFO - Processing /home/airflow/.local/lib/python3.12/site-packages/airflow/example_dags/example_external_task_marker_dag.py took 0.110 seconds
[2025-02-23T20:30:26.022+0000] {processor.py:186} INFO - Started process (PID=734) to work on /home/airflow/.local/lib/python3.12/site-packages/airflow/example_dags/example_external_task_marker_dag.py
[2025-02-23T20:30:26.023+0000] {processor.py:914} INFO - Processing file /home/airflow/.local/lib/python3.12/site-packages/airflow/example_dags/example_external_task_marker_dag.py for tasks to queue
[2025-02-23T20:30:26.026+0000] {logging_mixin.py:190} INFO - [2025-02-23T20:30:26.025+0000] {dagbag.py:588} INFO - Filling up the DagBag from /home/airflow/.local/lib/python3.12/site-packages/airflow/example_dags/example_external_task_marker_dag.py
[2025-02-23T20:30:26.036+0000] {processor.py:925} INFO - DAG(s) 'example_external_task_marker_parent', 'example_external_task_marker_child' retrieved from /home/airflow/.local/lib/python3.12/site-packages/airflow/example_dags/example_external_task_marker_dag.py
[2025-02-23T20:30:26.070+0000] {logging_mixin.py:190} INFO - [2025-02-23T20:30:26.069+0000] {dag.py:3239} INFO - Sync 2 DAGs
[2025-02-23T20:30:26.091+0000] {logging_mixin.py:190} INFO - [2025-02-23T20:30:26.090+0000] {dag.py:4180} INFO - Setting next_dagrun for example_external_task_marker_child to None, run_after=None
[2025-02-23T20:30:26.096+0000] {logging_mixin.py:190} INFO - [2025-02-23T20:30:26.096+0000] {dag.py:4180} INFO - Setting next_dagrun for example_external_task_marker_parent to None, run_after=None
[2025-02-23T20:30:26.122+0000] {processor.py:208} INFO - Processing /home/airflow/.local/lib/python3.12/site-packages/airflow/example_dags/example_external_task_marker_dag.py took 0.108 seconds
[2025-02-23T20:30:57.263+0000] {processor.py:186} INFO - Started process (PID=797) to work on /home/airflow/.local/lib/python3.12/site-packages/airflow/example_dags/example_external_task_marker_dag.py
[2025-02-23T20:30:57.264+0000] {processor.py:914} INFO - Processing file /home/airflow/.local/lib/python3.12/site-packages/airflow/example_dags/example_external_task_marker_dag.py for tasks to queue
[2025-02-23T20:30:57.267+0000] {logging_mixin.py:190} INFO - [2025-02-23T20:30:57.266+0000] {dagbag.py:588} INFO - Filling up the DagBag from /home/airflow/.local/lib/python3.12/site-packages/airflow/example_dags/example_external_task_marker_dag.py
[2025-02-23T20:30:57.276+0000] {processor.py:925} INFO - DAG(s) 'example_external_task_marker_parent', 'example_external_task_marker_child' retrieved from /home/airflow/.local/lib/python3.12/site-packages/airflow/example_dags/example_external_task_marker_dag.py
[2025-02-23T20:30:57.309+0000] {logging_mixin.py:190} INFO - [2025-02-23T20:30:57.309+0000] {dag.py:3239} INFO - Sync 2 DAGs
[2025-02-23T20:30:57.333+0000] {logging_mixin.py:190} INFO - [2025-02-23T20:30:57.333+0000] {dag.py:4180} INFO - Setting next_dagrun for example_external_task_marker_child to None, run_after=None
[2025-02-23T20:30:57.340+0000] {logging_mixin.py:190} INFO - [2025-02-23T20:30:57.339+0000] {dag.py:4180} INFO - Setting next_dagrun for example_external_task_marker_parent to None, run_after=None
[2025-02-23T20:30:57.366+0000] {processor.py:208} INFO - Processing /home/airflow/.local/lib/python3.12/site-packages/airflow/example_dags/example_external_task_marker_dag.py took 0.112 seconds
[2025-02-23T20:31:28.286+0000] {processor.py:186} INFO - Started process (PID=860) to work on /home/airflow/.local/lib/python3.12/site-packages/airflow/example_dags/example_external_task_marker_dag.py
[2025-02-23T20:31:28.288+0000] {processor.py:914} INFO - Processing file /home/airflow/.local/lib/python3.12/site-packages/airflow/example_dags/example_external_task_marker_dag.py for tasks to queue
[2025-02-23T20:31:28.290+0000] {logging_mixin.py:190} INFO - [2025-02-23T20:31:28.290+0000] {dagbag.py:588} INFO - Filling up the DagBag from /home/airflow/.local/lib/python3.12/site-packages/airflow/example_dags/example_external_task_marker_dag.py
[2025-02-23T20:31:28.300+0000] {processor.py:925} INFO - DAG(s) 'example_external_task_marker_parent', 'example_external_task_marker_child' retrieved from /home/airflow/.local/lib/python3.12/site-packages/airflow/example_dags/example_external_task_marker_dag.py
[2025-02-23T20:31:28.333+0000] {logging_mixin.py:190} INFO - [2025-02-23T20:31:28.332+0000] {dag.py:3239} INFO - Sync 2 DAGs
[2025-02-23T20:31:28.356+0000] {logging_mixin.py:190} INFO - [2025-02-23T20:31:28.356+0000] {dag.py:4180} INFO - Setting next_dagrun for example_external_task_marker_child to None, run_after=None
[2025-02-23T20:31:28.361+0000] {logging_mixin.py:190} INFO - [2025-02-23T20:31:28.361+0000] {dag.py:4180} INFO - Setting next_dagrun for example_external_task_marker_parent to None, run_after=None
[2025-02-23T20:31:28.385+0000] {processor.py:208} INFO - Processing /home/airflow/.local/lib/python3.12/site-packages/airflow/example_dags/example_external_task_marker_dag.py took 0.109 seconds
[2025-02-23T20:31:58.551+0000] {processor.py:186} INFO - Started process (PID=922) to work on /home/airflow/.local/lib/python3.12/site-packages/airflow/example_dags/example_external_task_marker_dag.py
[2025-02-23T20:31:58.552+0000] {processor.py:914} INFO - Processing file /home/airflow/.local/lib/python3.12/site-packages/airflow/example_dags/example_external_task_marker_dag.py for tasks to queue
[2025-02-23T20:31:58.555+0000] {logging_mixin.py:190} INFO - [2025-02-23T20:31:58.554+0000] {dagbag.py:588} INFO - Filling up the DagBag from /home/airflow/.local/lib/python3.12/site-packages/airflow/example_dags/example_external_task_marker_dag.py
[2025-02-23T20:31:58.565+0000] {processor.py:925} INFO - DAG(s) 'example_external_task_marker_child', 'example_external_task_marker_parent' retrieved from /home/airflow/.local/lib/python3.12/site-packages/airflow/example_dags/example_external_task_marker_dag.py
[2025-02-23T20:31:58.599+0000] {logging_mixin.py:190} INFO - [2025-02-23T20:31:58.598+0000] {dag.py:3239} INFO - Sync 2 DAGs
[2025-02-23T20:31:58.624+0000] {logging_mixin.py:190} INFO - [2025-02-23T20:31:58.624+0000] {dag.py:4180} INFO - Setting next_dagrun for example_external_task_marker_child to None, run_after=None
[2025-02-23T20:31:58.630+0000] {logging_mixin.py:190} INFO - [2025-02-23T20:31:58.630+0000] {dag.py:4180} INFO - Setting next_dagrun for example_external_task_marker_parent to None, run_after=None
[2025-02-23T20:31:58.655+0000] {processor.py:208} INFO - Processing /home/airflow/.local/lib/python3.12/site-packages/airflow/example_dags/example_external_task_marker_dag.py took 0.111 seconds
[2025-02-23T20:32:29.826+0000] {processor.py:186} INFO - Started process (PID=985) to work on /home/airflow/.local/lib/python3.12/site-packages/airflow/example_dags/example_external_task_marker_dag.py
[2025-02-23T20:32:29.827+0000] {processor.py:914} INFO - Processing file /home/airflow/.local/lib/python3.12/site-packages/airflow/example_dags/example_external_task_marker_dag.py for tasks to queue
[2025-02-23T20:32:29.830+0000] {logging_mixin.py:190} INFO - [2025-02-23T20:32:29.829+0000] {dagbag.py:588} INFO - Filling up the DagBag from /home/airflow/.local/lib/python3.12/site-packages/airflow/example_dags/example_external_task_marker_dag.py
[2025-02-23T20:32:29.841+0000] {processor.py:925} INFO - DAG(s) 'example_external_task_marker_parent', 'example_external_task_marker_child' retrieved from /home/airflow/.local/lib/python3.12/site-packages/airflow/example_dags/example_external_task_marker_dag.py
[2025-02-23T20:32:29.871+0000] {logging_mixin.py:190} INFO - [2025-02-23T20:32:29.871+0000] {dag.py:3239} INFO - Sync 2 DAGs
[2025-02-23T20:32:29.895+0000] {logging_mixin.py:190} INFO - [2025-02-23T20:32:29.894+0000] {dag.py:4180} INFO - Setting next_dagrun for example_external_task_marker_child to None, run_after=None
[2025-02-23T20:32:29.901+0000] {logging_mixin.py:190} INFO - [2025-02-23T20:32:29.900+0000] {dag.py:4180} INFO - Setting next_dagrun for example_external_task_marker_parent to None, run_after=None
[2025-02-23T20:32:29.922+0000] {processor.py:208} INFO - Processing /home/airflow/.local/lib/python3.12/site-packages/airflow/example_dags/example_external_task_marker_dag.py took 0.104 seconds
[2025-02-23T20:33:00.274+0000] {processor.py:186} INFO - Started process (PID=1048) to work on /home/airflow/.local/lib/python3.12/site-packages/airflow/example_dags/example_external_task_marker_dag.py
[2025-02-23T20:33:00.276+0000] {processor.py:914} INFO - Processing file /home/airflow/.local/lib/python3.12/site-packages/airflow/example_dags/example_external_task_marker_dag.py for tasks to queue
[2025-02-23T20:33:00.278+0000] {logging_mixin.py:190} INFO - [2025-02-23T20:33:00.278+0000] {dagbag.py:588} INFO - Filling up the DagBag from /home/airflow/.local/lib/python3.12/site-packages/airflow/example_dags/example_external_task_marker_dag.py
[2025-02-23T20:33:00.288+0000] {processor.py:925} INFO - DAG(s) 'example_external_task_marker_child', 'example_external_task_marker_parent' retrieved from /home/airflow/.local/lib/python3.12/site-packages/airflow/example_dags/example_external_task_marker_dag.py
[2025-02-23T20:33:00.318+0000] {logging_mixin.py:190} INFO - [2025-02-23T20:33:00.317+0000] {dag.py:3239} INFO - Sync 2 DAGs
[2025-02-23T20:33:00.340+0000] {logging_mixin.py:190} INFO - [2025-02-23T20:33:00.339+0000] {dag.py:4180} INFO - Setting next_dagrun for example_external_task_marker_child to None, run_after=None
[2025-02-23T20:33:00.345+0000] {logging_mixin.py:190} INFO - [2025-02-23T20:33:00.344+0000] {dag.py:4180} INFO - Setting next_dagrun for example_external_task_marker_parent to None, run_after=None
[2025-02-23T20:33:00.366+0000] {processor.py:208} INFO - Processing /home/airflow/.local/lib/python3.12/site-packages/airflow/example_dags/example_external_task_marker_dag.py took 0.098 seconds
[2025-02-23T20:33:31.422+0000] {processor.py:186} INFO - Started process (PID=1111) to work on /home/airflow/.local/lib/python3.12/site-packages/airflow/example_dags/example_external_task_marker_dag.py
[2025-02-23T20:33:31.423+0000] {processor.py:914} INFO - Processing file /home/airflow/.local/lib/python3.12/site-packages/airflow/example_dags/example_external_task_marker_dag.py for tasks to queue
[2025-02-23T20:33:31.426+0000] {logging_mixin.py:190} INFO - [2025-02-23T20:33:31.426+0000] {dagbag.py:588} INFO - Filling up the DagBag from /home/airflow/.local/lib/python3.12/site-packages/airflow/example_dags/example_external_task_marker_dag.py
[2025-02-23T20:33:31.436+0000] {processor.py:925} INFO - DAG(s) 'example_external_task_marker_child', 'example_external_task_marker_parent' retrieved from /home/airflow/.local/lib/python3.12/site-packages/airflow/example_dags/example_external_task_marker_dag.py
[2025-02-23T20:33:31.470+0000] {logging_mixin.py:190} INFO - [2025-02-23T20:33:31.470+0000] {dag.py:3239} INFO - Sync 2 DAGs
[2025-02-23T20:33:31.494+0000] {logging_mixin.py:190} INFO - [2025-02-23T20:33:31.493+0000] {dag.py:4180} INFO - Setting next_dagrun for example_external_task_marker_child to None, run_after=None
[2025-02-23T20:33:31.499+0000] {logging_mixin.py:190} INFO - [2025-02-23T20:33:31.499+0000] {dag.py:4180} INFO - Setting next_dagrun for example_external_task_marker_parent to None, run_after=None
[2025-02-23T20:33:31.522+0000] {processor.py:208} INFO - Processing /home/airflow/.local/lib/python3.12/site-packages/airflow/example_dags/example_external_task_marker_dag.py took 0.108 seconds
[2025-02-23T20:34:02.886+0000] {processor.py:186} INFO - Started process (PID=1174) to work on /home/airflow/.local/lib/python3.12/site-packages/airflow/example_dags/example_external_task_marker_dag.py
[2025-02-23T20:34:02.887+0000] {processor.py:914} INFO - Processing file /home/airflow/.local/lib/python3.12/site-packages/airflow/example_dags/example_external_task_marker_dag.py for tasks to queue
[2025-02-23T20:34:02.890+0000] {logging_mixin.py:190} INFO - [2025-02-23T20:34:02.889+0000] {dagbag.py:588} INFO - Filling up the DagBag from /home/airflow/.local/lib/python3.12/site-packages/airflow/example_dags/example_external_task_marker_dag.py
[2025-02-23T20:34:02.899+0000] {processor.py:925} INFO - DAG(s) 'example_external_task_marker_parent', 'example_external_task_marker_child' retrieved from /home/airflow/.local/lib/python3.12/site-packages/airflow/example_dags/example_external_task_marker_dag.py
[2025-02-23T20:34:02.927+0000] {logging_mixin.py:190} INFO - [2025-02-23T20:34:02.927+0000] {dag.py:3239} INFO - Sync 2 DAGs
[2025-02-23T20:34:02.948+0000] {logging_mixin.py:190} INFO - [2025-02-23T20:34:02.947+0000] {dag.py:4180} INFO - Setting next_dagrun for example_external_task_marker_child to None, run_after=None
[2025-02-23T20:34:02.952+0000] {logging_mixin.py:190} INFO - [2025-02-23T20:34:02.952+0000] {dag.py:4180} INFO - Setting next_dagrun for example_external_task_marker_parent to None, run_after=None
[2025-02-23T20:34:02.973+0000] {processor.py:208} INFO - Processing /home/airflow/.local/lib/python3.12/site-packages/airflow/example_dags/example_external_task_marker_dag.py took 0.094 seconds
[2025-02-23T20:34:34.095+0000] {processor.py:186} INFO - Started process (PID=1237) to work on /home/airflow/.local/lib/python3.12/site-packages/airflow/example_dags/example_external_task_marker_dag.py
[2025-02-23T20:34:34.096+0000] {processor.py:914} INFO - Processing file /home/airflow/.local/lib/python3.12/site-packages/airflow/example_dags/example_external_task_marker_dag.py for tasks to queue
[2025-02-23T20:34:34.099+0000] {logging_mixin.py:190} INFO - [2025-02-23T20:34:34.098+0000] {dagbag.py:588} INFO - Filling up the DagBag from /home/airflow/.local/lib/python3.12/site-packages/airflow/example_dags/example_external_task_marker_dag.py
[2025-02-23T20:34:34.109+0000] {processor.py:925} INFO - DAG(s) 'example_external_task_marker_child', 'example_external_task_marker_parent' retrieved from /home/airflow/.local/lib/python3.12/site-packages/airflow/example_dags/example_external_task_marker_dag.py
[2025-02-23T20:34:34.137+0000] {logging_mixin.py:190} INFO - [2025-02-23T20:34:34.137+0000] {dag.py:3239} INFO - Sync 2 DAGs
[2025-02-23T20:34:34.156+0000] {logging_mixin.py:190} INFO - [2025-02-23T20:34:34.156+0000] {dag.py:4180} INFO - Setting next_dagrun for example_external_task_marker_child to None, run_after=None
[2025-02-23T20:34:34.161+0000] {logging_mixin.py:190} INFO - [2025-02-23T20:34:34.160+0000] {dag.py:4180} INFO - Setting next_dagrun for example_external_task_marker_parent to None, run_after=None
[2025-02-23T20:34:34.181+0000] {processor.py:208} INFO - Processing /home/airflow/.local/lib/python3.12/site-packages/airflow/example_dags/example_external_task_marker_dag.py took 0.095 seconds
[2025-02-23T20:35:05.439+0000] {processor.py:186} INFO - Started process (PID=1300) to work on /home/airflow/.local/lib/python3.12/site-packages/airflow/example_dags/example_external_task_marker_dag.py
[2025-02-23T20:35:05.440+0000] {processor.py:914} INFO - Processing file /home/airflow/.local/lib/python3.12/site-packages/airflow/example_dags/example_external_task_marker_dag.py for tasks to queue
[2025-02-23T20:35:05.443+0000] {logging_mixin.py:190} INFO - [2025-02-23T20:35:05.442+0000] {dagbag.py:588} INFO - Filling up the DagBag from /home/airflow/.local/lib/python3.12/site-packages/airflow/example_dags/example_external_task_marker_dag.py
[2025-02-23T20:35:05.453+0000] {processor.py:925} INFO - DAG(s) 'example_external_task_marker_parent', 'example_external_task_marker_child' retrieved from /home/airflow/.local/lib/python3.12/site-packages/airflow/example_dags/example_external_task_marker_dag.py
[2025-02-23T20:35:05.486+0000] {logging_mixin.py:190} INFO - [2025-02-23T20:35:05.486+0000] {dag.py:3239} INFO - Sync 2 DAGs
[2025-02-23T20:35:05.509+0000] {logging_mixin.py:190} INFO - [2025-02-23T20:35:05.508+0000] {dag.py:4180} INFO - Setting next_dagrun for example_external_task_marker_child to None, run_after=None
[2025-02-23T20:35:05.514+0000] {logging_mixin.py:190} INFO - [2025-02-23T20:35:05.514+0000] {dag.py:4180} INFO - Setting next_dagrun for example_external_task_marker_parent to None, run_after=None
[2025-02-23T20:35:05.536+0000] {processor.py:208} INFO - Processing /home/airflow/.local/lib/python3.12/site-packages/airflow/example_dags/example_external_task_marker_dag.py took 0.106 seconds
[2025-02-23T20:35:35.721+0000] {processor.py:186} INFO - Started process (PID=1363) to work on /home/airflow/.local/lib/python3.12/site-packages/airflow/example_dags/example_external_task_marker_dag.py
[2025-02-23T20:35:35.722+0000] {processor.py:914} INFO - Processing file /home/airflow/.local/lib/python3.12/site-packages/airflow/example_dags/example_external_task_marker_dag.py for tasks to queue
[2025-02-23T20:35:35.724+0000] {logging_mixin.py:190} INFO - [2025-02-23T20:35:35.724+0000] {dagbag.py:588} INFO - Filling up the DagBag from /home/airflow/.local/lib/python3.12/site-packages/airflow/example_dags/example_external_task_marker_dag.py
[2025-02-23T20:35:35.735+0000] {processor.py:925} INFO - DAG(s) 'example_external_task_marker_child', 'example_external_task_marker_parent' retrieved from /home/airflow/.local/lib/python3.12/site-packages/airflow/example_dags/example_external_task_marker_dag.py
[2025-02-23T20:35:35.764+0000] {logging_mixin.py:190} INFO - [2025-02-23T20:35:35.764+0000] {dag.py:3239} INFO - Sync 2 DAGs
[2025-02-23T20:35:35.785+0000] {logging_mixin.py:190} INFO - [2025-02-23T20:35:35.785+0000] {dag.py:4180} INFO - Setting next_dagrun for example_external_task_marker_child to None, run_after=None
[2025-02-23T20:35:35.790+0000] {logging_mixin.py:190} INFO - [2025-02-23T20:35:35.790+0000] {dag.py:4180} INFO - Setting next_dagrun for example_external_task_marker_parent to None, run_after=None
[2025-02-23T20:35:35.810+0000] {processor.py:208} INFO - Processing /home/airflow/.local/lib/python3.12/site-packages/airflow/example_dags/example_external_task_marker_dag.py took 0.098 seconds
[2025-02-23T20:36:06.946+0000] {processor.py:186} INFO - Started process (PID=1426) to work on /home/airflow/.local/lib/python3.12/site-packages/airflow/example_dags/example_external_task_marker_dag.py
[2025-02-23T20:36:06.947+0000] {processor.py:914} INFO - Processing file /home/airflow/.local/lib/python3.12/site-packages/airflow/example_dags/example_external_task_marker_dag.py for tasks to queue
[2025-02-23T20:36:06.950+0000] {logging_mixin.py:190} INFO - [2025-02-23T20:36:06.950+0000] {dagbag.py:588} INFO - Filling up the DagBag from /home/airflow/.local/lib/python3.12/site-packages/airflow/example_dags/example_external_task_marker_dag.py
[2025-02-23T20:36:06.960+0000] {processor.py:925} INFO - DAG(s) 'example_external_task_marker_parent', 'example_external_task_marker_child' retrieved from /home/airflow/.local/lib/python3.12/site-packages/airflow/example_dags/example_external_task_marker_dag.py
[2025-02-23T20:36:06.991+0000] {logging_mixin.py:190} INFO - [2025-02-23T20:36:06.991+0000] {dag.py:3239} INFO - Sync 2 DAGs
[2025-02-23T20:36:07.014+0000] {logging_mixin.py:190} INFO - [2025-02-23T20:36:07.014+0000] {dag.py:4180} INFO - Setting next_dagrun for example_external_task_marker_child to None, run_after=None
[2025-02-23T20:36:07.020+0000] {logging_mixin.py:190} INFO - [2025-02-23T20:36:07.020+0000] {dag.py:4180} INFO - Setting next_dagrun for example_external_task_marker_parent to None, run_after=None
[2025-02-23T20:36:07.041+0000] {processor.py:208} INFO - Processing /home/airflow/.local/lib/python3.12/site-packages/airflow/example_dags/example_external_task_marker_dag.py took 0.102 seconds
[2025-02-23T20:36:38.154+0000] {processor.py:186} INFO - Started process (PID=1490) to work on /home/airflow/.local/lib/python3.12/site-packages/airflow/example_dags/example_external_task_marker_dag.py
[2025-02-23T20:36:38.157+0000] {processor.py:914} INFO - Processing file /home/airflow/.local/lib/python3.12/site-packages/airflow/example_dags/example_external_task_marker_dag.py for tasks to queue
[2025-02-23T20:36:38.159+0000] {logging_mixin.py:190} INFO - [2025-02-23T20:36:38.159+0000] {dagbag.py:588} INFO - Filling up the DagBag from /home/airflow/.local/lib/python3.12/site-packages/airflow/example_dags/example_external_task_marker_dag.py
[2025-02-23T20:36:38.169+0000] {processor.py:925} INFO - DAG(s) 'example_external_task_marker_parent', 'example_external_task_marker_child' retrieved from /home/airflow/.local/lib/python3.12/site-packages/airflow/example_dags/example_external_task_marker_dag.py
[2025-02-23T20:36:38.198+0000] {logging_mixin.py:190} INFO - [2025-02-23T20:36:38.198+0000] {dag.py:3239} INFO - Sync 2 DAGs
[2025-02-23T20:36:38.221+0000] {logging_mixin.py:190} INFO - [2025-02-23T20:36:38.220+0000] {dag.py:4180} INFO - Setting next_dagrun for example_external_task_marker_child to None, run_after=None
[2025-02-23T20:36:38.227+0000] {logging_mixin.py:190} INFO - [2025-02-23T20:36:38.226+0000] {dag.py:4180} INFO - Setting next_dagrun for example_external_task_marker_parent to None, run_after=None
[2025-02-23T20:36:38.251+0000] {processor.py:208} INFO - Processing /home/airflow/.local/lib/python3.12/site-packages/airflow/example_dags/example_external_task_marker_dag.py took 0.105 seconds
[2025-02-23T20:37:09.157+0000] {processor.py:186} INFO - Started process (PID=1553) to work on /home/airflow/.local/lib/python3.12/site-packages/airflow/example_dags/example_external_task_marker_dag.py
[2025-02-23T20:37:09.158+0000] {processor.py:914} INFO - Processing file /home/airflow/.local/lib/python3.12/site-packages/airflow/example_dags/example_external_task_marker_dag.py for tasks to queue
[2025-02-23T20:37:09.161+0000] {logging_mixin.py:190} INFO - [2025-02-23T20:37:09.161+0000] {dagbag.py:588} INFO - Filling up the DagBag from /home/airflow/.local/lib/python3.12/site-packages/airflow/example_dags/example_external_task_marker_dag.py
[2025-02-23T20:37:09.172+0000] {processor.py:925} INFO - DAG(s) 'example_external_task_marker_child', 'example_external_task_marker_parent' retrieved from /home/airflow/.local/lib/python3.12/site-packages/airflow/example_dags/example_external_task_marker_dag.py
[2025-02-23T20:37:09.209+0000] {logging_mixin.py:190} INFO - [2025-02-23T20:37:09.209+0000] {dag.py:3239} INFO - Sync 2 DAGs
[2025-02-23T20:37:09.234+0000] {logging_mixin.py:190} INFO - [2025-02-23T20:37:09.234+0000] {dag.py:4180} INFO - Setting next_dagrun for example_external_task_marker_child to None, run_after=None
[2025-02-23T20:37:09.241+0000] {logging_mixin.py:190} INFO - [2025-02-23T20:37:09.241+0000] {dag.py:4180} INFO - Setting next_dagrun for example_external_task_marker_parent to None, run_after=None
[2025-02-23T20:37:09.266+0000] {processor.py:208} INFO - Processing /home/airflow/.local/lib/python3.12/site-packages/airflow/example_dags/example_external_task_marker_dag.py took 0.116 seconds
[2025-02-23T20:37:39.861+0000] {processor.py:186} INFO - Started process (PID=1616) to work on /home/airflow/.local/lib/python3.12/site-packages/airflow/example_dags/example_external_task_marker_dag.py
[2025-02-23T20:37:39.862+0000] {processor.py:914} INFO - Processing file /home/airflow/.local/lib/python3.12/site-packages/airflow/example_dags/example_external_task_marker_dag.py for tasks to queue
[2025-02-23T20:37:39.864+0000] {logging_mixin.py:190} INFO - [2025-02-23T20:37:39.864+0000] {dagbag.py:588} INFO - Filling up the DagBag from /home/airflow/.local/lib/python3.12/site-packages/airflow/example_dags/example_external_task_marker_dag.py
[2025-02-23T20:37:39.875+0000] {processor.py:925} INFO - DAG(s) 'example_external_task_marker_child', 'example_external_task_marker_parent' retrieved from /home/airflow/.local/lib/python3.12/site-packages/airflow/example_dags/example_external_task_marker_dag.py
[2025-02-23T20:37:39.906+0000] {logging_mixin.py:190} INFO - [2025-02-23T20:37:39.906+0000] {dag.py:3239} INFO - Sync 2 DAGs
[2025-02-23T20:37:39.930+0000] {logging_mixin.py:190} INFO - [2025-02-23T20:37:39.929+0000] {dag.py:4180} INFO - Setting next_dagrun for example_external_task_marker_child to None, run_after=None
[2025-02-23T20:37:39.935+0000] {logging_mixin.py:190} INFO - [2025-02-23T20:37:39.935+0000] {dag.py:4180} INFO - Setting next_dagrun for example_external_task_marker_parent to None, run_after=None
[2025-02-23T20:37:39.958+0000] {processor.py:208} INFO - Processing /home/airflow/.local/lib/python3.12/site-packages/airflow/example_dags/example_external_task_marker_dag.py took 0.105 seconds
[2025-02-23T20:38:10.998+0000] {processor.py:186} INFO - Started process (PID=1679) to work on /home/airflow/.local/lib/python3.12/site-packages/airflow/example_dags/example_external_task_marker_dag.py
[2025-02-23T20:38:10.999+0000] {processor.py:914} INFO - Processing file /home/airflow/.local/lib/python3.12/site-packages/airflow/example_dags/example_external_task_marker_dag.py for tasks to queue
[2025-02-23T20:38:11.002+0000] {logging_mixin.py:190} INFO - [2025-02-23T20:38:11.002+0000] {dagbag.py:588} INFO - Filling up the DagBag from /home/airflow/.local/lib/python3.12/site-packages/airflow/example_dags/example_external_task_marker_dag.py
[2025-02-23T20:38:11.017+0000] {processor.py:925} INFO - DAG(s) 'example_external_task_marker_parent', 'example_external_task_marker_child' retrieved from /home/airflow/.local/lib/python3.12/site-packages/airflow/example_dags/example_external_task_marker_dag.py
[2025-02-23T20:38:11.055+0000] {logging_mixin.py:190} INFO - [2025-02-23T20:38:11.054+0000] {dag.py:3239} INFO - Sync 2 DAGs
[2025-02-23T20:38:11.075+0000] {logging_mixin.py:190} INFO - [2025-02-23T20:38:11.075+0000] {dag.py:4180} INFO - Setting next_dagrun for example_external_task_marker_child to None, run_after=None
[2025-02-23T20:38:11.080+0000] {logging_mixin.py:190} INFO - [2025-02-23T20:38:11.080+0000] {dag.py:4180} INFO - Setting next_dagrun for example_external_task_marker_parent to None, run_after=None
[2025-02-23T20:38:11.105+0000] {processor.py:208} INFO - Processing /home/airflow/.local/lib/python3.12/site-packages/airflow/example_dags/example_external_task_marker_dag.py took 0.114 seconds
[2025-02-23T20:38:42.536+0000] {processor.py:186} INFO - Started process (PID=1742) to work on /home/airflow/.local/lib/python3.12/site-packages/airflow/example_dags/example_external_task_marker_dag.py
[2025-02-23T20:38:42.537+0000] {processor.py:914} INFO - Processing file /home/airflow/.local/lib/python3.12/site-packages/airflow/example_dags/example_external_task_marker_dag.py for tasks to queue
[2025-02-23T20:38:42.540+0000] {logging_mixin.py:190} INFO - [2025-02-23T20:38:42.539+0000] {dagbag.py:588} INFO - Filling up the DagBag from /home/airflow/.local/lib/python3.12/site-packages/airflow/example_dags/example_external_task_marker_dag.py
[2025-02-23T20:38:42.551+0000] {processor.py:925} INFO - DAG(s) 'example_external_task_marker_parent', 'example_external_task_marker_child' retrieved from /home/airflow/.local/lib/python3.12/site-packages/airflow/example_dags/example_external_task_marker_dag.py
[2025-02-23T20:38:42.591+0000] {logging_mixin.py:190} INFO - [2025-02-23T20:38:42.591+0000] {dag.py:3239} INFO - Sync 2 DAGs
[2025-02-23T20:38:42.619+0000] {logging_mixin.py:190} INFO - [2025-02-23T20:38:42.619+0000] {dag.py:4180} INFO - Setting next_dagrun for example_external_task_marker_child to None, run_after=None
[2025-02-23T20:38:42.627+0000] {logging_mixin.py:190} INFO - [2025-02-23T20:38:42.627+0000] {dag.py:4180} INFO - Setting next_dagrun for example_external_task_marker_parent to None, run_after=None
[2025-02-23T20:38:42.654+0000] {processor.py:208} INFO - Processing /home/airflow/.local/lib/python3.12/site-packages/airflow/example_dags/example_external_task_marker_dag.py took 0.127 seconds
[2025-02-23T20:39:13.479+0000] {processor.py:186} INFO - Started process (PID=1805) to work on /home/airflow/.local/lib/python3.12/site-packages/airflow/example_dags/example_external_task_marker_dag.py
[2025-02-23T20:39:13.480+0000] {processor.py:914} INFO - Processing file /home/airflow/.local/lib/python3.12/site-packages/airflow/example_dags/example_external_task_marker_dag.py for tasks to queue
[2025-02-23T20:39:13.483+0000] {logging_mixin.py:190} INFO - [2025-02-23T20:39:13.483+0000] {dagbag.py:588} INFO - Filling up the DagBag from /home/airflow/.local/lib/python3.12/site-packages/airflow/example_dags/example_external_task_marker_dag.py
[2025-02-23T20:39:13.494+0000] {processor.py:925} INFO - DAG(s) 'example_external_task_marker_parent', 'example_external_task_marker_child' retrieved from /home/airflow/.local/lib/python3.12/site-packages/airflow/example_dags/example_external_task_marker_dag.py
[2025-02-23T20:39:13.530+0000] {logging_mixin.py:190} INFO - [2025-02-23T20:39:13.529+0000] {dag.py:3239} INFO - Sync 2 DAGs
[2025-02-23T20:39:13.556+0000] {logging_mixin.py:190} INFO - [2025-02-23T20:39:13.555+0000] {dag.py:4180} INFO - Setting next_dagrun for example_external_task_marker_child to None, run_after=None
[2025-02-23T20:39:13.561+0000] {logging_mixin.py:190} INFO - [2025-02-23T20:39:13.561+0000] {dag.py:4180} INFO - Setting next_dagrun for example_external_task_marker_parent to None, run_after=None
[2025-02-23T20:39:13.584+0000] {processor.py:208} INFO - Processing /home/airflow/.local/lib/python3.12/site-packages/airflow/example_dags/example_external_task_marker_dag.py took 0.112 seconds
[2025-02-23T20:39:43.785+0000] {processor.py:186} INFO - Started process (PID=1868) to work on /home/airflow/.local/lib/python3.12/site-packages/airflow/example_dags/example_external_task_marker_dag.py
[2025-02-23T20:39:43.787+0000] {processor.py:914} INFO - Processing file /home/airflow/.local/lib/python3.12/site-packages/airflow/example_dags/example_external_task_marker_dag.py for tasks to queue
[2025-02-23T20:39:43.789+0000] {logging_mixin.py:190} INFO - [2025-02-23T20:39:43.789+0000] {dagbag.py:588} INFO - Filling up the DagBag from /home/airflow/.local/lib/python3.12/site-packages/airflow/example_dags/example_external_task_marker_dag.py
[2025-02-23T20:39:43.801+0000] {processor.py:925} INFO - DAG(s) 'example_external_task_marker_child', 'example_external_task_marker_parent' retrieved from /home/airflow/.local/lib/python3.12/site-packages/airflow/example_dags/example_external_task_marker_dag.py
[2025-02-23T20:39:43.833+0000] {logging_mixin.py:190} INFO - [2025-02-23T20:39:43.832+0000] {dag.py:3239} INFO - Sync 2 DAGs
[2025-02-23T20:39:43.855+0000] {logging_mixin.py:190} INFO - [2025-02-23T20:39:43.855+0000] {dag.py:4180} INFO - Setting next_dagrun for example_external_task_marker_child to None, run_after=None
[2025-02-23T20:39:43.862+0000] {logging_mixin.py:190} INFO - [2025-02-23T20:39:43.861+0000] {dag.py:4180} INFO - Setting next_dagrun for example_external_task_marker_parent to None, run_after=None
[2025-02-23T20:39:43.886+0000] {processor.py:208} INFO - Processing /home/airflow/.local/lib/python3.12/site-packages/airflow/example_dags/example_external_task_marker_dag.py took 0.110 seconds
[2025-02-23T20:40:15.348+0000] {processor.py:186} INFO - Started process (PID=1931) to work on /home/airflow/.local/lib/python3.12/site-packages/airflow/example_dags/example_external_task_marker_dag.py
[2025-02-23T20:40:15.349+0000] {processor.py:914} INFO - Processing file /home/airflow/.local/lib/python3.12/site-packages/airflow/example_dags/example_external_task_marker_dag.py for tasks to queue
[2025-02-23T20:40:15.352+0000] {logging_mixin.py:190} INFO - [2025-02-23T20:40:15.351+0000] {dagbag.py:588} INFO - Filling up the DagBag from /home/airflow/.local/lib/python3.12/site-packages/airflow/example_dags/example_external_task_marker_dag.py
[2025-02-23T20:40:15.362+0000] {processor.py:925} INFO - DAG(s) 'example_external_task_marker_child', 'example_external_task_marker_parent' retrieved from /home/airflow/.local/lib/python3.12/site-packages/airflow/example_dags/example_external_task_marker_dag.py
[2025-02-23T20:40:15.395+0000] {logging_mixin.py:190} INFO - [2025-02-23T20:40:15.394+0000] {dag.py:3239} INFO - Sync 2 DAGs
[2025-02-23T20:40:15.419+0000] {logging_mixin.py:190} INFO - [2025-02-23T20:40:15.418+0000] {dag.py:4180} INFO - Setting next_dagrun for example_external_task_marker_child to None, run_after=None
[2025-02-23T20:40:15.425+0000] {logging_mixin.py:190} INFO - [2025-02-23T20:40:15.425+0000] {dag.py:4180} INFO - Setting next_dagrun for example_external_task_marker_parent to None, run_after=None
[2025-02-23T20:40:15.447+0000] {processor.py:208} INFO - Processing /home/airflow/.local/lib/python3.12/site-packages/airflow/example_dags/example_external_task_marker_dag.py took 0.107 seconds
[2025-02-23T20:40:46.168+0000] {processor.py:186} INFO - Started process (PID=1994) to work on /home/airflow/.local/lib/python3.12/site-packages/airflow/example_dags/example_external_task_marker_dag.py
[2025-02-23T20:40:46.169+0000] {processor.py:914} INFO - Processing file /home/airflow/.local/lib/python3.12/site-packages/airflow/example_dags/example_external_task_marker_dag.py for tasks to queue
[2025-02-23T20:40:46.172+0000] {logging_mixin.py:190} INFO - [2025-02-23T20:40:46.172+0000] {dagbag.py:588} INFO - Filling up the DagBag from /home/airflow/.local/lib/python3.12/site-packages/airflow/example_dags/example_external_task_marker_dag.py
[2025-02-23T20:40:46.184+0000] {processor.py:925} INFO - DAG(s) 'example_external_task_marker_child', 'example_external_task_marker_parent' retrieved from /home/airflow/.local/lib/python3.12/site-packages/airflow/example_dags/example_external_task_marker_dag.py
[2025-02-23T20:40:46.218+0000] {logging_mixin.py:190} INFO - [2025-02-23T20:40:46.217+0000] {dag.py:3239} INFO - Sync 2 DAGs
[2025-02-23T20:40:46.242+0000] {logging_mixin.py:190} INFO - [2025-02-23T20:40:46.241+0000] {dag.py:4180} INFO - Setting next_dagrun for example_external_task_marker_child to None, run_after=None
[2025-02-23T20:40:46.247+0000] {logging_mixin.py:190} INFO - [2025-02-23T20:40:46.247+0000] {dag.py:4180} INFO - Setting next_dagrun for example_external_task_marker_parent to None, run_after=None
[2025-02-23T20:40:46.273+0000] {processor.py:208} INFO - Processing /home/airflow/.local/lib/python3.12/site-packages/airflow/example_dags/example_external_task_marker_dag.py took 0.113 seconds
[2025-02-23T20:41:17.233+0000] {processor.py:186} INFO - Started process (PID=2057) to work on /home/airflow/.local/lib/python3.12/site-packages/airflow/example_dags/example_external_task_marker_dag.py
[2025-02-23T20:41:17.234+0000] {processor.py:914} INFO - Processing file /home/airflow/.local/lib/python3.12/site-packages/airflow/example_dags/example_external_task_marker_dag.py for tasks to queue
[2025-02-23T20:41:17.237+0000] {logging_mixin.py:190} INFO - [2025-02-23T20:41:17.237+0000] {dagbag.py:588} INFO - Filling up the DagBag from /home/airflow/.local/lib/python3.12/site-packages/airflow/example_dags/example_external_task_marker_dag.py
[2025-02-23T20:41:17.247+0000] {processor.py:925} INFO - DAG(s) 'example_external_task_marker_child', 'example_external_task_marker_parent' retrieved from /home/airflow/.local/lib/python3.12/site-packages/airflow/example_dags/example_external_task_marker_dag.py
[2025-02-23T20:41:17.278+0000] {logging_mixin.py:190} INFO - [2025-02-23T20:41:17.277+0000] {dag.py:3239} INFO - Sync 2 DAGs
[2025-02-23T20:41:17.297+0000] {logging_mixin.py:190} INFO - [2025-02-23T20:41:17.297+0000] {dag.py:4180} INFO - Setting next_dagrun for example_external_task_marker_child to None, run_after=None
[2025-02-23T20:41:17.303+0000] {logging_mixin.py:190} INFO - [2025-02-23T20:41:17.303+0000] {dag.py:4180} INFO - Setting next_dagrun for example_external_task_marker_parent to None, run_after=None
[2025-02-23T20:41:17.327+0000] {processor.py:208} INFO - Processing /home/airflow/.local/lib/python3.12/site-packages/airflow/example_dags/example_external_task_marker_dag.py took 0.102 seconds
[2025-02-23T20:41:47.601+0000] {processor.py:186} INFO - Started process (PID=2120) to work on /home/airflow/.local/lib/python3.12/site-packages/airflow/example_dags/example_external_task_marker_dag.py
[2025-02-23T20:41:47.603+0000] {processor.py:914} INFO - Processing file /home/airflow/.local/lib/python3.12/site-packages/airflow/example_dags/example_external_task_marker_dag.py for tasks to queue
[2025-02-23T20:41:47.605+0000] {logging_mixin.py:190} INFO - [2025-02-23T20:41:47.605+0000] {dagbag.py:588} INFO - Filling up the DagBag from /home/airflow/.local/lib/python3.12/site-packages/airflow/example_dags/example_external_task_marker_dag.py
[2025-02-23T20:41:47.618+0000] {processor.py:925} INFO - DAG(s) 'example_external_task_marker_parent', 'example_external_task_marker_child' retrieved from /home/airflow/.local/lib/python3.12/site-packages/airflow/example_dags/example_external_task_marker_dag.py
[2025-02-23T20:41:47.651+0000] {logging_mixin.py:190} INFO - [2025-02-23T20:41:47.651+0000] {dag.py:3239} INFO - Sync 2 DAGs
[2025-02-23T20:41:47.673+0000] {logging_mixin.py:190} INFO - [2025-02-23T20:41:47.673+0000] {dag.py:4180} INFO - Setting next_dagrun for example_external_task_marker_child to None, run_after=None
[2025-02-23T20:41:47.678+0000] {logging_mixin.py:190} INFO - [2025-02-23T20:41:47.678+0000] {dag.py:4180} INFO - Setting next_dagrun for example_external_task_marker_parent to None, run_after=None
[2025-02-23T20:41:47.701+0000] {processor.py:208} INFO - Processing /home/airflow/.local/lib/python3.12/site-packages/airflow/example_dags/example_external_task_marker_dag.py took 0.109 seconds
[2025-02-23T20:42:19.503+0000] {processor.py:186} INFO - Started process (PID=2183) to work on /home/airflow/.local/lib/python3.12/site-packages/airflow/example_dags/example_external_task_marker_dag.py
[2025-02-23T20:42:19.505+0000] {processor.py:914} INFO - Processing file /home/airflow/.local/lib/python3.12/site-packages/airflow/example_dags/example_external_task_marker_dag.py for tasks to queue
[2025-02-23T20:42:19.508+0000] {logging_mixin.py:190} INFO - [2025-02-23T20:42:19.507+0000] {dagbag.py:588} INFO - Filling up the DagBag from /home/airflow/.local/lib/python3.12/site-packages/airflow/example_dags/example_external_task_marker_dag.py
[2025-02-23T20:42:19.523+0000] {processor.py:925} INFO - DAG(s) 'example_external_task_marker_child', 'example_external_task_marker_parent' retrieved from /home/airflow/.local/lib/python3.12/site-packages/airflow/example_dags/example_external_task_marker_dag.py
[2025-02-23T20:42:19.553+0000] {logging_mixin.py:190} INFO - [2025-02-23T20:42:19.553+0000] {dag.py:3239} INFO - Sync 2 DAGs
[2025-02-23T20:42:19.576+0000] {logging_mixin.py:190} INFO - [2025-02-23T20:42:19.576+0000] {dag.py:4180} INFO - Setting next_dagrun for example_external_task_marker_child to None, run_after=None
[2025-02-23T20:42:19.582+0000] {logging_mixin.py:190} INFO - [2025-02-23T20:42:19.581+0000] {dag.py:4180} INFO - Setting next_dagrun for example_external_task_marker_parent to None, run_after=None
[2025-02-23T20:42:19.604+0000] {processor.py:208} INFO - Processing /home/airflow/.local/lib/python3.12/site-packages/airflow/example_dags/example_external_task_marker_dag.py took 0.111 seconds
[2025-02-23T20:42:50.039+0000] {processor.py:186} INFO - Started process (PID=2246) to work on /home/airflow/.local/lib/python3.12/site-packages/airflow/example_dags/example_external_task_marker_dag.py
[2025-02-23T20:42:50.041+0000] {processor.py:914} INFO - Processing file /home/airflow/.local/lib/python3.12/site-packages/airflow/example_dags/example_external_task_marker_dag.py for tasks to queue
[2025-02-23T20:42:50.044+0000] {logging_mixin.py:190} INFO - [2025-02-23T20:42:50.044+0000] {dagbag.py:588} INFO - Filling up the DagBag from /home/airflow/.local/lib/python3.12/site-packages/airflow/example_dags/example_external_task_marker_dag.py
[2025-02-23T20:42:50.055+0000] {processor.py:925} INFO - DAG(s) 'example_external_task_marker_parent', 'example_external_task_marker_child' retrieved from /home/airflow/.local/lib/python3.12/site-packages/airflow/example_dags/example_external_task_marker_dag.py
[2025-02-23T20:42:50.093+0000] {logging_mixin.py:190} INFO - [2025-02-23T20:42:50.093+0000] {dag.py:3239} INFO - Sync 2 DAGs
[2025-02-23T20:42:50.117+0000] {logging_mixin.py:190} INFO - [2025-02-23T20:42:50.117+0000] {dag.py:4180} INFO - Setting next_dagrun for example_external_task_marker_child to None, run_after=None
[2025-02-23T20:42:50.123+0000] {logging_mixin.py:190} INFO - [2025-02-23T20:42:50.122+0000] {dag.py:4180} INFO - Setting next_dagrun for example_external_task_marker_parent to None, run_after=None
[2025-02-23T20:42:50.147+0000] {processor.py:208} INFO - Processing /home/airflow/.local/lib/python3.12/site-packages/airflow/example_dags/example_external_task_marker_dag.py took 0.118 seconds
[2025-02-23T20:43:21.173+0000] {processor.py:186} INFO - Started process (PID=2309) to work on /home/airflow/.local/lib/python3.12/site-packages/airflow/example_dags/example_external_task_marker_dag.py
[2025-02-23T20:43:21.175+0000] {processor.py:914} INFO - Processing file /home/airflow/.local/lib/python3.12/site-packages/airflow/example_dags/example_external_task_marker_dag.py for tasks to queue
[2025-02-23T20:43:21.177+0000] {logging_mixin.py:190} INFO - [2025-02-23T20:43:21.177+0000] {dagbag.py:588} INFO - Filling up the DagBag from /home/airflow/.local/lib/python3.12/site-packages/airflow/example_dags/example_external_task_marker_dag.py
[2025-02-23T20:43:21.188+0000] {processor.py:925} INFO - DAG(s) 'example_external_task_marker_child', 'example_external_task_marker_parent' retrieved from /home/airflow/.local/lib/python3.12/site-packages/airflow/example_dags/example_external_task_marker_dag.py
[2025-02-23T20:43:21.219+0000] {logging_mixin.py:190} INFO - [2025-02-23T20:43:21.219+0000] {dag.py:3239} INFO - Sync 2 DAGs
[2025-02-23T20:43:21.242+0000] {logging_mixin.py:190} INFO - [2025-02-23T20:43:21.242+0000] {dag.py:4180} INFO - Setting next_dagrun for example_external_task_marker_child to None, run_after=None
[2025-02-23T20:43:21.247+0000] {logging_mixin.py:190} INFO - [2025-02-23T20:43:21.247+0000] {dag.py:4180} INFO - Setting next_dagrun for example_external_task_marker_parent to None, run_after=None
[2025-02-23T20:43:21.274+0000] {processor.py:208} INFO - Processing /home/airflow/.local/lib/python3.12/site-packages/airflow/example_dags/example_external_task_marker_dag.py took 0.109 seconds
[2025-02-23T20:43:52.441+0000] {processor.py:186} INFO - Started process (PID=2373) to work on /home/airflow/.local/lib/python3.12/site-packages/airflow/example_dags/example_external_task_marker_dag.py
[2025-02-23T20:43:52.442+0000] {processor.py:914} INFO - Processing file /home/airflow/.local/lib/python3.12/site-packages/airflow/example_dags/example_external_task_marker_dag.py for tasks to queue
[2025-02-23T20:43:52.445+0000] {logging_mixin.py:190} INFO - [2025-02-23T20:43:52.445+0000] {dagbag.py:588} INFO - Filling up the DagBag from /home/airflow/.local/lib/python3.12/site-packages/airflow/example_dags/example_external_task_marker_dag.py
[2025-02-23T20:43:52.456+0000] {processor.py:925} INFO - DAG(s) 'example_external_task_marker_child', 'example_external_task_marker_parent' retrieved from /home/airflow/.local/lib/python3.12/site-packages/airflow/example_dags/example_external_task_marker_dag.py
[2025-02-23T20:43:52.488+0000] {logging_mixin.py:190} INFO - [2025-02-23T20:43:52.487+0000] {dag.py:3239} INFO - Sync 2 DAGs
[2025-02-23T20:43:52.514+0000] {logging_mixin.py:190} INFO - [2025-02-23T20:43:52.513+0000] {dag.py:4180} INFO - Setting next_dagrun for example_external_task_marker_child to None, run_after=None
[2025-02-23T20:43:52.519+0000] {logging_mixin.py:190} INFO - [2025-02-23T20:43:52.519+0000] {dag.py:4180} INFO - Setting next_dagrun for example_external_task_marker_parent to None, run_after=None
[2025-02-23T20:43:52.542+0000] {processor.py:208} INFO - Processing /home/airflow/.local/lib/python3.12/site-packages/airflow/example_dags/example_external_task_marker_dag.py took 0.111 seconds
[2025-02-23T20:44:22.955+0000] {processor.py:186} INFO - Started process (PID=2436) to work on /home/airflow/.local/lib/python3.12/site-packages/airflow/example_dags/example_external_task_marker_dag.py
[2025-02-23T20:44:22.956+0000] {processor.py:914} INFO - Processing file /home/airflow/.local/lib/python3.12/site-packages/airflow/example_dags/example_external_task_marker_dag.py for tasks to queue
[2025-02-23T20:44:22.959+0000] {logging_mixin.py:190} INFO - [2025-02-23T20:44:22.958+0000] {dagbag.py:588} INFO - Filling up the DagBag from /home/airflow/.local/lib/python3.12/site-packages/airflow/example_dags/example_external_task_marker_dag.py
[2025-02-23T20:44:22.971+0000] {processor.py:925} INFO - DAG(s) 'example_external_task_marker_child', 'example_external_task_marker_parent' retrieved from /home/airflow/.local/lib/python3.12/site-packages/airflow/example_dags/example_external_task_marker_dag.py
[2025-02-23T20:44:23.004+0000] {logging_mixin.py:190} INFO - [2025-02-23T20:44:23.004+0000] {dag.py:3239} INFO - Sync 2 DAGs
[2025-02-23T20:44:23.029+0000] {logging_mixin.py:190} INFO - [2025-02-23T20:44:23.029+0000] {dag.py:4180} INFO - Setting next_dagrun for example_external_task_marker_child to None, run_after=None
[2025-02-23T20:44:23.034+0000] {logging_mixin.py:190} INFO - [2025-02-23T20:44:23.034+0000] {dag.py:4180} INFO - Setting next_dagrun for example_external_task_marker_parent to None, run_after=None
[2025-02-23T20:44:23.058+0000] {processor.py:208} INFO - Processing /home/airflow/.local/lib/python3.12/site-packages/airflow/example_dags/example_external_task_marker_dag.py took 0.112 seconds
[2025-02-23T20:44:54.149+0000] {processor.py:186} INFO - Started process (PID=2500) to work on /home/airflow/.local/lib/python3.12/site-packages/airflow/example_dags/example_external_task_marker_dag.py
[2025-02-23T20:44:54.150+0000] {processor.py:914} INFO - Processing file /home/airflow/.local/lib/python3.12/site-packages/airflow/example_dags/example_external_task_marker_dag.py for tasks to queue
[2025-02-23T20:44:54.153+0000] {logging_mixin.py:190} INFO - [2025-02-23T20:44:54.153+0000] {dagbag.py:588} INFO - Filling up the DagBag from /home/airflow/.local/lib/python3.12/site-packages/airflow/example_dags/example_external_task_marker_dag.py
[2025-02-23T20:44:54.164+0000] {processor.py:925} INFO - DAG(s) 'example_external_task_marker_parent', 'example_external_task_marker_child' retrieved from /home/airflow/.local/lib/python3.12/site-packages/airflow/example_dags/example_external_task_marker_dag.py
[2025-02-23T20:44:54.201+0000] {logging_mixin.py:190} INFO - [2025-02-23T20:44:54.200+0000] {dag.py:3239} INFO - Sync 2 DAGs
[2025-02-23T20:44:54.225+0000] {logging_mixin.py:190} INFO - [2025-02-23T20:44:54.225+0000] {dag.py:4180} INFO - Setting next_dagrun for example_external_task_marker_child to None, run_after=None
[2025-02-23T20:44:54.231+0000] {logging_mixin.py:190} INFO - [2025-02-23T20:44:54.231+0000] {dag.py:4180} INFO - Setting next_dagrun for example_external_task_marker_parent to None, run_after=None
[2025-02-23T20:44:54.253+0000] {processor.py:208} INFO - Processing /home/airflow/.local/lib/python3.12/site-packages/airflow/example_dags/example_external_task_marker_dag.py took 0.111 seconds
[2025-02-23T20:45:25.740+0000] {processor.py:186} INFO - Started process (PID=2563) to work on /home/airflow/.local/lib/python3.12/site-packages/airflow/example_dags/example_external_task_marker_dag.py
[2025-02-23T20:45:25.742+0000] {processor.py:914} INFO - Processing file /home/airflow/.local/lib/python3.12/site-packages/airflow/example_dags/example_external_task_marker_dag.py for tasks to queue
[2025-02-23T20:45:25.745+0000] {logging_mixin.py:190} INFO - [2025-02-23T20:45:25.744+0000] {dagbag.py:588} INFO - Filling up the DagBag from /home/airflow/.local/lib/python3.12/site-packages/airflow/example_dags/example_external_task_marker_dag.py
[2025-02-23T20:45:25.755+0000] {processor.py:925} INFO - DAG(s) 'example_external_task_marker_parent', 'example_external_task_marker_child' retrieved from /home/airflow/.local/lib/python3.12/site-packages/airflow/example_dags/example_external_task_marker_dag.py
[2025-02-23T20:45:25.790+0000] {logging_mixin.py:190} INFO - [2025-02-23T20:45:25.789+0000] {dag.py:3239} INFO - Sync 2 DAGs
[2025-02-23T20:45:25.810+0000] {logging_mixin.py:190} INFO - [2025-02-23T20:45:25.809+0000] {dag.py:4180} INFO - Setting next_dagrun for example_external_task_marker_child to None, run_after=None
[2025-02-23T20:45:25.817+0000] {logging_mixin.py:190} INFO - [2025-02-23T20:45:25.817+0000] {dag.py:4180} INFO - Setting next_dagrun for example_external_task_marker_parent to None, run_after=None
[2025-02-23T20:45:25.842+0000] {processor.py:208} INFO - Processing /home/airflow/.local/lib/python3.12/site-packages/airflow/example_dags/example_external_task_marker_dag.py took 0.111 seconds
