[2025-02-23T20:25:11.806+0000] {processor.py:186} INFO - Started process (PID=86) to work on /home/airflow/.local/lib/python3.12/site-packages/airflow/example_dags/example_branch_labels.py
[2025-02-23T20:25:11.807+0000] {processor.py:914} INFO - Processing file /home/airflow/.local/lib/python3.12/site-packages/airflow/example_dags/example_branch_labels.py for tasks to queue
[2025-02-23T20:25:11.810+0000] {logging_mixin.py:190} INFO - [2025-02-23T20:25:11.810+0000] {dagbag.py:588} INFO - Filling up the DagBag from /home/airflow/.local/lib/python3.12/site-packages/airflow/example_dags/example_branch_labels.py
[2025-02-23T20:25:11.825+0000] {processor.py:925} INFO - DAG(s) 'example_branch_labels' retrieved from /home/airflow/.local/lib/python3.12/site-packages/airflow/example_dags/example_branch_labels.py
[2025-02-23T20:25:11.997+0000] {logging_mixin.py:190} INFO - [2025-02-23T20:25:11.996+0000] {override.py:1912} INFO - Created Permission View: can read on DAG:example_branch_labels
[2025-02-23T20:25:12.012+0000] {logging_mixin.py:190} INFO - [2025-02-23T20:25:12.011+0000] {override.py:1912} INFO - Created Permission View: can delete on DAG:example_branch_labels
[2025-02-23T20:25:12.021+0000] {logging_mixin.py:190} INFO - [2025-02-23T20:25:12.021+0000] {override.py:1912} INFO - Created Permission View: can edit on DAG:example_branch_labels
[2025-02-23T20:25:12.032+0000] {logging_mixin.py:190} INFO - [2025-02-23T20:25:12.032+0000] {override.py:1912} INFO - Created Permission View: can create on DAG Run:example_branch_labels
[2025-02-23T20:25:12.041+0000] {logging_mixin.py:190} INFO - [2025-02-23T20:25:12.040+0000] {override.py:1912} INFO - Created Permission View: can read on DAG Run:example_branch_labels
[2025-02-23T20:25:12.050+0000] {logging_mixin.py:190} INFO - [2025-02-23T20:25:12.050+0000] {override.py:1912} INFO - Created Permission View: can delete on DAG Run:example_branch_labels
[2025-02-23T20:25:12.060+0000] {logging_mixin.py:190} INFO - [2025-02-23T20:25:12.060+0000] {override.py:1912} INFO - Created Permission View: menu access on DAG Run:example_branch_labels
[2025-02-23T20:25:12.061+0000] {logging_mixin.py:190} INFO - [2025-02-23T20:25:12.061+0000] {dag.py:3239} INFO - Sync 1 DAGs
[2025-02-23T20:25:12.083+0000] {logging_mixin.py:190} INFO - [2025-02-23T20:25:12.082+0000] {dag.py:3262} INFO - Creating ORM DAG for example_branch_labels
[2025-02-23T20:25:12.103+0000] {logging_mixin.py:190} INFO - [2025-02-23T20:25:12.103+0000] {dag.py:4180} INFO - Setting next_dagrun for example_branch_labels to 2025-02-22 00:00:00+00:00, run_after=2025-02-23 00:00:00+00:00
[2025-02-23T20:25:12.126+0000] {processor.py:208} INFO - Processing /home/airflow/.local/lib/python3.12/site-packages/airflow/example_dags/example_branch_labels.py took 0.329 seconds
[2025-02-23T20:25:42.666+0000] {processor.py:186} INFO - Started process (PID=149) to work on /home/airflow/.local/lib/python3.12/site-packages/airflow/example_dags/example_branch_labels.py
[2025-02-23T20:25:42.668+0000] {processor.py:914} INFO - Processing file /home/airflow/.local/lib/python3.12/site-packages/airflow/example_dags/example_branch_labels.py for tasks to queue
[2025-02-23T20:25:42.671+0000] {logging_mixin.py:190} INFO - [2025-02-23T20:25:42.670+0000] {dagbag.py:588} INFO - Filling up the DagBag from /home/airflow/.local/lib/python3.12/site-packages/airflow/example_dags/example_branch_labels.py
[2025-02-23T20:25:42.686+0000] {processor.py:925} INFO - DAG(s) 'example_branch_labels' retrieved from /home/airflow/.local/lib/python3.12/site-packages/airflow/example_dags/example_branch_labels.py
[2025-02-23T20:25:42.716+0000] {logging_mixin.py:190} INFO - [2025-02-23T20:25:42.716+0000] {dag.py:3239} INFO - Sync 1 DAGs
[2025-02-23T20:25:42.752+0000] {logging_mixin.py:190} INFO - [2025-02-23T20:25:42.752+0000] {dag.py:4180} INFO - Setting next_dagrun for example_branch_labels to 2025-02-22 00:00:00+00:00, run_after=2025-02-23 00:00:00+00:00
[2025-02-23T20:25:42.780+0000] {processor.py:208} INFO - Processing /home/airflow/.local/lib/python3.12/site-packages/airflow/example_dags/example_branch_labels.py took 0.122 seconds
[2025-02-23T20:26:12.867+0000] {processor.py:186} INFO - Started process (PID=211) to work on /home/airflow/.local/lib/python3.12/site-packages/airflow/example_dags/example_branch_labels.py
[2025-02-23T20:26:12.869+0000] {processor.py:914} INFO - Processing file /home/airflow/.local/lib/python3.12/site-packages/airflow/example_dags/example_branch_labels.py for tasks to queue
[2025-02-23T20:26:12.873+0000] {logging_mixin.py:190} INFO - [2025-02-23T20:26:12.872+0000] {dagbag.py:588} INFO - Filling up the DagBag from /home/airflow/.local/lib/python3.12/site-packages/airflow/example_dags/example_branch_labels.py
[2025-02-23T20:26:12.885+0000] {processor.py:925} INFO - DAG(s) 'example_branch_labels' retrieved from /home/airflow/.local/lib/python3.12/site-packages/airflow/example_dags/example_branch_labels.py
[2025-02-23T20:26:12.915+0000] {logging_mixin.py:190} INFO - [2025-02-23T20:26:12.914+0000] {dag.py:3239} INFO - Sync 1 DAGs
[2025-02-23T20:26:12.954+0000] {logging_mixin.py:190} INFO - [2025-02-23T20:26:12.953+0000] {dag.py:4180} INFO - Setting next_dagrun for example_branch_labels to 2025-02-22 00:00:00+00:00, run_after=2025-02-23 00:00:00+00:00
[2025-02-23T20:26:12.988+0000] {processor.py:208} INFO - Processing /home/airflow/.local/lib/python3.12/site-packages/airflow/example_dags/example_branch_labels.py took 0.129 seconds
[2025-02-23T20:26:43.116+0000] {processor.py:186} INFO - Started process (PID=273) to work on /home/airflow/.local/lib/python3.12/site-packages/airflow/example_dags/example_branch_labels.py
[2025-02-23T20:26:43.119+0000] {processor.py:914} INFO - Processing file /home/airflow/.local/lib/python3.12/site-packages/airflow/example_dags/example_branch_labels.py for tasks to queue
[2025-02-23T20:26:43.124+0000] {logging_mixin.py:190} INFO - [2025-02-23T20:26:43.123+0000] {dagbag.py:588} INFO - Filling up the DagBag from /home/airflow/.local/lib/python3.12/site-packages/airflow/example_dags/example_branch_labels.py
[2025-02-23T20:26:43.147+0000] {processor.py:925} INFO - DAG(s) 'example_branch_labels' retrieved from /home/airflow/.local/lib/python3.12/site-packages/airflow/example_dags/example_branch_labels.py
[2025-02-23T20:26:43.176+0000] {logging_mixin.py:190} INFO - [2025-02-23T20:26:43.176+0000] {dag.py:3239} INFO - Sync 1 DAGs
[2025-02-23T20:26:43.210+0000] {logging_mixin.py:190} INFO - [2025-02-23T20:26:43.209+0000] {dag.py:4180} INFO - Setting next_dagrun for example_branch_labels to 2025-02-22 00:00:00+00:00, run_after=2025-02-23 00:00:00+00:00
[2025-02-23T20:26:43.237+0000] {processor.py:208} INFO - Processing /home/airflow/.local/lib/python3.12/site-packages/airflow/example_dags/example_branch_labels.py took 0.130 seconds
[2025-02-23T20:27:13.413+0000] {processor.py:186} INFO - Started process (PID=336) to work on /home/airflow/.local/lib/python3.12/site-packages/airflow/example_dags/example_branch_labels.py
[2025-02-23T20:27:13.414+0000] {processor.py:914} INFO - Processing file /home/airflow/.local/lib/python3.12/site-packages/airflow/example_dags/example_branch_labels.py for tasks to queue
[2025-02-23T20:27:13.418+0000] {logging_mixin.py:190} INFO - [2025-02-23T20:27:13.417+0000] {dagbag.py:588} INFO - Filling up the DagBag from /home/airflow/.local/lib/python3.12/site-packages/airflow/example_dags/example_branch_labels.py
[2025-02-23T20:27:13.430+0000] {processor.py:925} INFO - DAG(s) 'example_branch_labels' retrieved from /home/airflow/.local/lib/python3.12/site-packages/airflow/example_dags/example_branch_labels.py
[2025-02-23T20:27:13.458+0000] {logging_mixin.py:190} INFO - [2025-02-23T20:27:13.458+0000] {dag.py:3239} INFO - Sync 1 DAGs
[2025-02-23T20:27:13.493+0000] {logging_mixin.py:190} INFO - [2025-02-23T20:27:13.493+0000] {dag.py:4180} INFO - Setting next_dagrun for example_branch_labels to 2025-02-22 00:00:00+00:00, run_after=2025-02-23 00:00:00+00:00
[2025-02-23T20:27:13.519+0000] {processor.py:208} INFO - Processing /home/airflow/.local/lib/python3.12/site-packages/airflow/example_dags/example_branch_labels.py took 0.118 seconds
[2025-02-23T20:27:43.618+0000] {processor.py:186} INFO - Started process (PID=399) to work on /home/airflow/.local/lib/python3.12/site-packages/airflow/example_dags/example_branch_labels.py
[2025-02-23T20:27:43.620+0000] {processor.py:914} INFO - Processing file /home/airflow/.local/lib/python3.12/site-packages/airflow/example_dags/example_branch_labels.py for tasks to queue
[2025-02-23T20:27:43.623+0000] {logging_mixin.py:190} INFO - [2025-02-23T20:27:43.623+0000] {dagbag.py:588} INFO - Filling up the DagBag from /home/airflow/.local/lib/python3.12/site-packages/airflow/example_dags/example_branch_labels.py
[2025-02-23T20:27:43.637+0000] {processor.py:925} INFO - DAG(s) 'example_branch_labels' retrieved from /home/airflow/.local/lib/python3.12/site-packages/airflow/example_dags/example_branch_labels.py
[2025-02-23T20:27:43.678+0000] {logging_mixin.py:190} INFO - [2025-02-23T20:27:43.678+0000] {dag.py:3239} INFO - Sync 1 DAGs
[2025-02-23T20:27:43.718+0000] {logging_mixin.py:190} INFO - [2025-02-23T20:27:43.718+0000] {dag.py:4180} INFO - Setting next_dagrun for example_branch_labels to 2025-02-22 00:00:00+00:00, run_after=2025-02-23 00:00:00+00:00
[2025-02-23T20:27:43.742+0000] {processor.py:208} INFO - Processing /home/airflow/.local/lib/python3.12/site-packages/airflow/example_dags/example_branch_labels.py took 0.132 seconds
[2025-02-23T20:28:14.051+0000] {processor.py:186} INFO - Started process (PID=462) to work on /home/airflow/.local/lib/python3.12/site-packages/airflow/example_dags/example_branch_labels.py
[2025-02-23T20:28:14.052+0000] {processor.py:914} INFO - Processing file /home/airflow/.local/lib/python3.12/site-packages/airflow/example_dags/example_branch_labels.py for tasks to queue
[2025-02-23T20:28:14.055+0000] {logging_mixin.py:190} INFO - [2025-02-23T20:28:14.054+0000] {dagbag.py:588} INFO - Filling up the DagBag from /home/airflow/.local/lib/python3.12/site-packages/airflow/example_dags/example_branch_labels.py
[2025-02-23T20:28:14.068+0000] {processor.py:925} INFO - DAG(s) 'example_branch_labels' retrieved from /home/airflow/.local/lib/python3.12/site-packages/airflow/example_dags/example_branch_labels.py
[2025-02-23T20:28:14.100+0000] {logging_mixin.py:190} INFO - [2025-02-23T20:28:14.099+0000] {dag.py:3239} INFO - Sync 1 DAGs
[2025-02-23T20:28:14.149+0000] {logging_mixin.py:190} INFO - [2025-02-23T20:28:14.149+0000] {dag.py:4180} INFO - Setting next_dagrun for example_branch_labels to 2025-02-22 00:00:00+00:00, run_after=2025-02-23 00:00:00+00:00
[2025-02-23T20:28:14.175+0000] {processor.py:208} INFO - Processing /home/airflow/.local/lib/python3.12/site-packages/airflow/example_dags/example_branch_labels.py took 0.132 seconds
[2025-02-23T20:28:44.520+0000] {processor.py:186} INFO - Started process (PID=525) to work on /home/airflow/.local/lib/python3.12/site-packages/airflow/example_dags/example_branch_labels.py
[2025-02-23T20:28:44.522+0000] {processor.py:914} INFO - Processing file /home/airflow/.local/lib/python3.12/site-packages/airflow/example_dags/example_branch_labels.py for tasks to queue
[2025-02-23T20:28:44.525+0000] {logging_mixin.py:190} INFO - [2025-02-23T20:28:44.524+0000] {dagbag.py:588} INFO - Filling up the DagBag from /home/airflow/.local/lib/python3.12/site-packages/airflow/example_dags/example_branch_labels.py
[2025-02-23T20:28:44.540+0000] {processor.py:925} INFO - DAG(s) 'example_branch_labels' retrieved from /home/airflow/.local/lib/python3.12/site-packages/airflow/example_dags/example_branch_labels.py
[2025-02-23T20:28:44.573+0000] {logging_mixin.py:190} INFO - [2025-02-23T20:28:44.572+0000] {dag.py:3239} INFO - Sync 1 DAGs
[2025-02-23T20:28:44.610+0000] {logging_mixin.py:190} INFO - [2025-02-23T20:28:44.610+0000] {dag.py:4180} INFO - Setting next_dagrun for example_branch_labels to 2025-02-22 00:00:00+00:00, run_after=2025-02-23 00:00:00+00:00
[2025-02-23T20:28:44.638+0000] {processor.py:208} INFO - Processing /home/airflow/.local/lib/python3.12/site-packages/airflow/example_dags/example_branch_labels.py took 0.126 seconds
[2025-02-23T20:29:15.380+0000] {processor.py:186} INFO - Started process (PID=588) to work on /home/airflow/.local/lib/python3.12/site-packages/airflow/example_dags/example_branch_labels.py
[2025-02-23T20:29:15.382+0000] {processor.py:914} INFO - Processing file /home/airflow/.local/lib/python3.12/site-packages/airflow/example_dags/example_branch_labels.py for tasks to queue
[2025-02-23T20:29:15.384+0000] {logging_mixin.py:190} INFO - [2025-02-23T20:29:15.384+0000] {dagbag.py:588} INFO - Filling up the DagBag from /home/airflow/.local/lib/python3.12/site-packages/airflow/example_dags/example_branch_labels.py
[2025-02-23T20:29:15.398+0000] {processor.py:925} INFO - DAG(s) 'example_branch_labels' retrieved from /home/airflow/.local/lib/python3.12/site-packages/airflow/example_dags/example_branch_labels.py
[2025-02-23T20:29:15.425+0000] {logging_mixin.py:190} INFO - [2025-02-23T20:29:15.424+0000] {dag.py:3239} INFO - Sync 1 DAGs
[2025-02-23T20:29:15.461+0000] {logging_mixin.py:190} INFO - [2025-02-23T20:29:15.461+0000] {dag.py:4180} INFO - Setting next_dagrun for example_branch_labels to 2025-02-22 00:00:00+00:00, run_after=2025-02-23 00:00:00+00:00
[2025-02-23T20:29:15.488+0000] {processor.py:208} INFO - Processing /home/airflow/.local/lib/python3.12/site-packages/airflow/example_dags/example_branch_labels.py took 0.118 seconds
[2025-02-23T20:29:45.836+0000] {processor.py:186} INFO - Started process (PID=651) to work on /home/airflow/.local/lib/python3.12/site-packages/airflow/example_dags/example_branch_labels.py
[2025-02-23T20:29:45.838+0000] {processor.py:914} INFO - Processing file /home/airflow/.local/lib/python3.12/site-packages/airflow/example_dags/example_branch_labels.py for tasks to queue
[2025-02-23T20:29:45.842+0000] {logging_mixin.py:190} INFO - [2025-02-23T20:29:45.841+0000] {dagbag.py:588} INFO - Filling up the DagBag from /home/airflow/.local/lib/python3.12/site-packages/airflow/example_dags/example_branch_labels.py
[2025-02-23T20:29:45.859+0000] {processor.py:925} INFO - DAG(s) 'example_branch_labels' retrieved from /home/airflow/.local/lib/python3.12/site-packages/airflow/example_dags/example_branch_labels.py
[2025-02-23T20:29:45.892+0000] {logging_mixin.py:190} INFO - [2025-02-23T20:29:45.892+0000] {dag.py:3239} INFO - Sync 1 DAGs
[2025-02-23T20:29:45.929+0000] {logging_mixin.py:190} INFO - [2025-02-23T20:29:45.929+0000] {dag.py:4180} INFO - Setting next_dagrun for example_branch_labels to 2025-02-22 00:00:00+00:00, run_after=2025-02-23 00:00:00+00:00
[2025-02-23T20:29:45.956+0000] {processor.py:208} INFO - Processing /home/airflow/.local/lib/python3.12/site-packages/airflow/example_dags/example_branch_labels.py took 0.130 seconds
[2025-02-23T20:30:16.118+0000] {processor.py:186} INFO - Started process (PID=714) to work on /home/airflow/.local/lib/python3.12/site-packages/airflow/example_dags/example_branch_labels.py
[2025-02-23T20:30:16.120+0000] {processor.py:914} INFO - Processing file /home/airflow/.local/lib/python3.12/site-packages/airflow/example_dags/example_branch_labels.py for tasks to queue
[2025-02-23T20:30:16.124+0000] {logging_mixin.py:190} INFO - [2025-02-23T20:30:16.123+0000] {dagbag.py:588} INFO - Filling up the DagBag from /home/airflow/.local/lib/python3.12/site-packages/airflow/example_dags/example_branch_labels.py
[2025-02-23T20:30:16.146+0000] {processor.py:925} INFO - DAG(s) 'example_branch_labels' retrieved from /home/airflow/.local/lib/python3.12/site-packages/airflow/example_dags/example_branch_labels.py
[2025-02-23T20:30:16.187+0000] {logging_mixin.py:190} INFO - [2025-02-23T20:30:16.187+0000] {dag.py:3239} INFO - Sync 1 DAGs
[2025-02-23T20:30:16.230+0000] {logging_mixin.py:190} INFO - [2025-02-23T20:30:16.230+0000] {dag.py:4180} INFO - Setting next_dagrun for example_branch_labels to 2025-02-22 00:00:00+00:00, run_after=2025-02-23 00:00:00+00:00
[2025-02-23T20:30:16.258+0000] {processor.py:208} INFO - Processing /home/airflow/.local/lib/python3.12/site-packages/airflow/example_dags/example_branch_labels.py took 0.155 seconds
[2025-02-23T20:30:46.338+0000] {processor.py:186} INFO - Started process (PID=777) to work on /home/airflow/.local/lib/python3.12/site-packages/airflow/example_dags/example_branch_labels.py
[2025-02-23T20:30:46.339+0000] {processor.py:914} INFO - Processing file /home/airflow/.local/lib/python3.12/site-packages/airflow/example_dags/example_branch_labels.py for tasks to queue
[2025-02-23T20:30:46.342+0000] {logging_mixin.py:190} INFO - [2025-02-23T20:30:46.342+0000] {dagbag.py:588} INFO - Filling up the DagBag from /home/airflow/.local/lib/python3.12/site-packages/airflow/example_dags/example_branch_labels.py
[2025-02-23T20:30:46.356+0000] {processor.py:925} INFO - DAG(s) 'example_branch_labels' retrieved from /home/airflow/.local/lib/python3.12/site-packages/airflow/example_dags/example_branch_labels.py
[2025-02-23T20:30:46.383+0000] {logging_mixin.py:190} INFO - [2025-02-23T20:30:46.383+0000] {dag.py:3239} INFO - Sync 1 DAGs
[2025-02-23T20:30:46.417+0000] {logging_mixin.py:190} INFO - [2025-02-23T20:30:46.416+0000] {dag.py:4180} INFO - Setting next_dagrun for example_branch_labels to 2025-02-22 00:00:00+00:00, run_after=2025-02-23 00:00:00+00:00
[2025-02-23T20:30:46.440+0000] {processor.py:208} INFO - Processing /home/airflow/.local/lib/python3.12/site-packages/airflow/example_dags/example_branch_labels.py took 0.110 seconds
[2025-02-23T20:31:16.608+0000] {processor.py:186} INFO - Started process (PID=840) to work on /home/airflow/.local/lib/python3.12/site-packages/airflow/example_dags/example_branch_labels.py
[2025-02-23T20:31:16.610+0000] {processor.py:914} INFO - Processing file /home/airflow/.local/lib/python3.12/site-packages/airflow/example_dags/example_branch_labels.py for tasks to queue
[2025-02-23T20:31:16.613+0000] {logging_mixin.py:190} INFO - [2025-02-23T20:31:16.613+0000] {dagbag.py:588} INFO - Filling up the DagBag from /home/airflow/.local/lib/python3.12/site-packages/airflow/example_dags/example_branch_labels.py
[2025-02-23T20:31:16.630+0000] {processor.py:925} INFO - DAG(s) 'example_branch_labels' retrieved from /home/airflow/.local/lib/python3.12/site-packages/airflow/example_dags/example_branch_labels.py
[2025-02-23T20:31:16.663+0000] {logging_mixin.py:190} INFO - [2025-02-23T20:31:16.662+0000] {dag.py:3239} INFO - Sync 1 DAGs
[2025-02-23T20:31:16.710+0000] {logging_mixin.py:190} INFO - [2025-02-23T20:31:16.709+0000] {dag.py:4180} INFO - Setting next_dagrun for example_branch_labels to 2025-02-22 00:00:00+00:00, run_after=2025-02-23 00:00:00+00:00
[2025-02-23T20:31:16.737+0000] {processor.py:208} INFO - Processing /home/airflow/.local/lib/python3.12/site-packages/airflow/example_dags/example_branch_labels.py took 0.138 seconds
[2025-02-23T20:31:47.001+0000] {processor.py:186} INFO - Started process (PID=903) to work on /home/airflow/.local/lib/python3.12/site-packages/airflow/example_dags/example_branch_labels.py
[2025-02-23T20:31:47.002+0000] {processor.py:914} INFO - Processing file /home/airflow/.local/lib/python3.12/site-packages/airflow/example_dags/example_branch_labels.py for tasks to queue
[2025-02-23T20:31:47.005+0000] {logging_mixin.py:190} INFO - [2025-02-23T20:31:47.005+0000] {dagbag.py:588} INFO - Filling up the DagBag from /home/airflow/.local/lib/python3.12/site-packages/airflow/example_dags/example_branch_labels.py
[2025-02-23T20:31:47.017+0000] {processor.py:925} INFO - DAG(s) 'example_branch_labels' retrieved from /home/airflow/.local/lib/python3.12/site-packages/airflow/example_dags/example_branch_labels.py
[2025-02-23T20:31:47.045+0000] {logging_mixin.py:190} INFO - [2025-02-23T20:31:47.045+0000] {dag.py:3239} INFO - Sync 1 DAGs
[2025-02-23T20:31:47.079+0000] {logging_mixin.py:190} INFO - [2025-02-23T20:31:47.078+0000] {dag.py:4180} INFO - Setting next_dagrun for example_branch_labels to 2025-02-22 00:00:00+00:00, run_after=2025-02-23 00:00:00+00:00
[2025-02-23T20:31:47.106+0000] {processor.py:208} INFO - Processing /home/airflow/.local/lib/python3.12/site-packages/airflow/example_dags/example_branch_labels.py took 0.113 seconds
[2025-02-23T20:32:17.150+0000] {processor.py:186} INFO - Started process (PID=960) to work on /home/airflow/.local/lib/python3.12/site-packages/airflow/example_dags/example_branch_labels.py
[2025-02-23T20:32:17.151+0000] {processor.py:914} INFO - Processing file /home/airflow/.local/lib/python3.12/site-packages/airflow/example_dags/example_branch_labels.py for tasks to queue
[2025-02-23T20:32:17.154+0000] {logging_mixin.py:190} INFO - [2025-02-23T20:32:17.154+0000] {dagbag.py:588} INFO - Filling up the DagBag from /home/airflow/.local/lib/python3.12/site-packages/airflow/example_dags/example_branch_labels.py
[2025-02-23T20:32:17.168+0000] {processor.py:925} INFO - DAG(s) 'example_branch_labels' retrieved from /home/airflow/.local/lib/python3.12/site-packages/airflow/example_dags/example_branch_labels.py
[2025-02-23T20:32:17.200+0000] {logging_mixin.py:190} INFO - [2025-02-23T20:32:17.200+0000] {dag.py:3239} INFO - Sync 1 DAGs
[2025-02-23T20:32:17.234+0000] {logging_mixin.py:190} INFO - [2025-02-23T20:32:17.233+0000] {dag.py:4180} INFO - Setting next_dagrun for example_branch_labels to 2025-02-22 00:00:00+00:00, run_after=2025-02-23 00:00:00+00:00
[2025-02-23T20:32:17.259+0000] {processor.py:208} INFO - Processing /home/airflow/.local/lib/python3.12/site-packages/airflow/example_dags/example_branch_labels.py took 0.116 seconds
[2025-02-23T20:32:47.694+0000] {processor.py:186} INFO - Started process (PID=1023) to work on /home/airflow/.local/lib/python3.12/site-packages/airflow/example_dags/example_branch_labels.py
[2025-02-23T20:32:47.695+0000] {processor.py:914} INFO - Processing file /home/airflow/.local/lib/python3.12/site-packages/airflow/example_dags/example_branch_labels.py for tasks to queue
[2025-02-23T20:32:47.698+0000] {logging_mixin.py:190} INFO - [2025-02-23T20:32:47.698+0000] {dagbag.py:588} INFO - Filling up the DagBag from /home/airflow/.local/lib/python3.12/site-packages/airflow/example_dags/example_branch_labels.py
[2025-02-23T20:32:47.714+0000] {processor.py:925} INFO - DAG(s) 'example_branch_labels' retrieved from /home/airflow/.local/lib/python3.12/site-packages/airflow/example_dags/example_branch_labels.py
[2025-02-23T20:32:47.742+0000] {logging_mixin.py:190} INFO - [2025-02-23T20:32:47.742+0000] {dag.py:3239} INFO - Sync 1 DAGs
[2025-02-23T20:32:47.778+0000] {logging_mixin.py:190} INFO - [2025-02-23T20:32:47.778+0000] {dag.py:4180} INFO - Setting next_dagrun for example_branch_labels to 2025-02-22 00:00:00+00:00, run_after=2025-02-23 00:00:00+00:00
[2025-02-23T20:32:47.806+0000] {processor.py:208} INFO - Processing /home/airflow/.local/lib/python3.12/site-packages/airflow/example_dags/example_branch_labels.py took 0.121 seconds
[2025-02-23T20:33:17.885+0000] {processor.py:186} INFO - Started process (PID=1086) to work on /home/airflow/.local/lib/python3.12/site-packages/airflow/example_dags/example_branch_labels.py
[2025-02-23T20:33:17.887+0000] {processor.py:914} INFO - Processing file /home/airflow/.local/lib/python3.12/site-packages/airflow/example_dags/example_branch_labels.py for tasks to queue
[2025-02-23T20:33:17.890+0000] {logging_mixin.py:190} INFO - [2025-02-23T20:33:17.890+0000] {dagbag.py:588} INFO - Filling up the DagBag from /home/airflow/.local/lib/python3.12/site-packages/airflow/example_dags/example_branch_labels.py
[2025-02-23T20:33:17.908+0000] {processor.py:925} INFO - DAG(s) 'example_branch_labels' retrieved from /home/airflow/.local/lib/python3.12/site-packages/airflow/example_dags/example_branch_labels.py
[2025-02-23T20:33:17.939+0000] {logging_mixin.py:190} INFO - [2025-02-23T20:33:17.938+0000] {dag.py:3239} INFO - Sync 1 DAGs
[2025-02-23T20:33:17.974+0000] {logging_mixin.py:190} INFO - [2025-02-23T20:33:17.974+0000] {dag.py:4180} INFO - Setting next_dagrun for example_branch_labels to 2025-02-22 00:00:00+00:00, run_after=2025-02-23 00:00:00+00:00
[2025-02-23T20:33:18.001+0000] {processor.py:208} INFO - Processing /home/airflow/.local/lib/python3.12/site-packages/airflow/example_dags/example_branch_labels.py took 0.128 seconds
[2025-02-23T20:33:48.183+0000] {processor.py:186} INFO - Started process (PID=1149) to work on /home/airflow/.local/lib/python3.12/site-packages/airflow/example_dags/example_branch_labels.py
[2025-02-23T20:33:48.185+0000] {processor.py:914} INFO - Processing file /home/airflow/.local/lib/python3.12/site-packages/airflow/example_dags/example_branch_labels.py for tasks to queue
[2025-02-23T20:33:48.188+0000] {logging_mixin.py:190} INFO - [2025-02-23T20:33:48.187+0000] {dagbag.py:588} INFO - Filling up the DagBag from /home/airflow/.local/lib/python3.12/site-packages/airflow/example_dags/example_branch_labels.py
[2025-02-23T20:33:48.202+0000] {processor.py:925} INFO - DAG(s) 'example_branch_labels' retrieved from /home/airflow/.local/lib/python3.12/site-packages/airflow/example_dags/example_branch_labels.py
[2025-02-23T20:33:48.231+0000] {logging_mixin.py:190} INFO - [2025-02-23T20:33:48.230+0000] {dag.py:3239} INFO - Sync 1 DAGs
[2025-02-23T20:33:48.270+0000] {logging_mixin.py:190} INFO - [2025-02-23T20:33:48.270+0000] {dag.py:4180} INFO - Setting next_dagrun for example_branch_labels to 2025-02-22 00:00:00+00:00, run_after=2025-02-23 00:00:00+00:00
[2025-02-23T20:33:48.297+0000] {processor.py:208} INFO - Processing /home/airflow/.local/lib/python3.12/site-packages/airflow/example_dags/example_branch_labels.py took 0.122 seconds
[2025-02-23T20:34:18.421+0000] {processor.py:186} INFO - Started process (PID=1212) to work on /home/airflow/.local/lib/python3.12/site-packages/airflow/example_dags/example_branch_labels.py
[2025-02-23T20:34:18.422+0000] {processor.py:914} INFO - Processing file /home/airflow/.local/lib/python3.12/site-packages/airflow/example_dags/example_branch_labels.py for tasks to queue
[2025-02-23T20:34:18.424+0000] {logging_mixin.py:190} INFO - [2025-02-23T20:34:18.424+0000] {dagbag.py:588} INFO - Filling up the DagBag from /home/airflow/.local/lib/python3.12/site-packages/airflow/example_dags/example_branch_labels.py
[2025-02-23T20:34:18.439+0000] {processor.py:925} INFO - DAG(s) 'example_branch_labels' retrieved from /home/airflow/.local/lib/python3.12/site-packages/airflow/example_dags/example_branch_labels.py
[2025-02-23T20:34:18.470+0000] {logging_mixin.py:190} INFO - [2025-02-23T20:34:18.470+0000] {dag.py:3239} INFO - Sync 1 DAGs
[2025-02-23T20:34:18.509+0000] {logging_mixin.py:190} INFO - [2025-02-23T20:34:18.509+0000] {dag.py:4180} INFO - Setting next_dagrun for example_branch_labels to 2025-02-22 00:00:00+00:00, run_after=2025-02-23 00:00:00+00:00
[2025-02-23T20:34:18.535+0000] {processor.py:208} INFO - Processing /home/airflow/.local/lib/python3.12/site-packages/airflow/example_dags/example_branch_labels.py took 0.121 seconds
[2025-02-23T20:34:48.594+0000] {processor.py:186} INFO - Started process (PID=1275) to work on /home/airflow/.local/lib/python3.12/site-packages/airflow/example_dags/example_branch_labels.py
[2025-02-23T20:34:48.597+0000] {processor.py:914} INFO - Processing file /home/airflow/.local/lib/python3.12/site-packages/airflow/example_dags/example_branch_labels.py for tasks to queue
[2025-02-23T20:34:48.599+0000] {logging_mixin.py:190} INFO - [2025-02-23T20:34:48.599+0000] {dagbag.py:588} INFO - Filling up the DagBag from /home/airflow/.local/lib/python3.12/site-packages/airflow/example_dags/example_branch_labels.py
[2025-02-23T20:34:48.614+0000] {processor.py:925} INFO - DAG(s) 'example_branch_labels' retrieved from /home/airflow/.local/lib/python3.12/site-packages/airflow/example_dags/example_branch_labels.py
[2025-02-23T20:34:48.643+0000] {logging_mixin.py:190} INFO - [2025-02-23T20:34:48.643+0000] {dag.py:3239} INFO - Sync 1 DAGs
[2025-02-23T20:34:48.681+0000] {logging_mixin.py:190} INFO - [2025-02-23T20:34:48.680+0000] {dag.py:4180} INFO - Setting next_dagrun for example_branch_labels to 2025-02-22 00:00:00+00:00, run_after=2025-02-23 00:00:00+00:00
[2025-02-23T20:34:48.707+0000] {processor.py:208} INFO - Processing /home/airflow/.local/lib/python3.12/site-packages/airflow/example_dags/example_branch_labels.py took 0.121 seconds
[2025-02-23T20:35:19.019+0000] {processor.py:186} INFO - Started process (PID=1338) to work on /home/airflow/.local/lib/python3.12/site-packages/airflow/example_dags/example_branch_labels.py
[2025-02-23T20:35:19.021+0000] {processor.py:914} INFO - Processing file /home/airflow/.local/lib/python3.12/site-packages/airflow/example_dags/example_branch_labels.py for tasks to queue
[2025-02-23T20:35:19.024+0000] {logging_mixin.py:190} INFO - [2025-02-23T20:35:19.024+0000] {dagbag.py:588} INFO - Filling up the DagBag from /home/airflow/.local/lib/python3.12/site-packages/airflow/example_dags/example_branch_labels.py
[2025-02-23T20:35:19.039+0000] {processor.py:925} INFO - DAG(s) 'example_branch_labels' retrieved from /home/airflow/.local/lib/python3.12/site-packages/airflow/example_dags/example_branch_labels.py
[2025-02-23T20:35:19.067+0000] {logging_mixin.py:190} INFO - [2025-02-23T20:35:19.066+0000] {dag.py:3239} INFO - Sync 1 DAGs
[2025-02-23T20:35:19.102+0000] {logging_mixin.py:190} INFO - [2025-02-23T20:35:19.102+0000] {dag.py:4180} INFO - Setting next_dagrun for example_branch_labels to 2025-02-22 00:00:00+00:00, run_after=2025-02-23 00:00:00+00:00
[2025-02-23T20:35:19.128+0000] {processor.py:208} INFO - Processing /home/airflow/.local/lib/python3.12/site-packages/airflow/example_dags/example_branch_labels.py took 0.117 seconds
[2025-02-23T20:35:49.252+0000] {processor.py:186} INFO - Started process (PID=1401) to work on /home/airflow/.local/lib/python3.12/site-packages/airflow/example_dags/example_branch_labels.py
[2025-02-23T20:35:49.254+0000] {processor.py:914} INFO - Processing file /home/airflow/.local/lib/python3.12/site-packages/airflow/example_dags/example_branch_labels.py for tasks to queue
[2025-02-23T20:35:49.256+0000] {logging_mixin.py:190} INFO - [2025-02-23T20:35:49.256+0000] {dagbag.py:588} INFO - Filling up the DagBag from /home/airflow/.local/lib/python3.12/site-packages/airflow/example_dags/example_branch_labels.py
[2025-02-23T20:35:49.270+0000] {processor.py:925} INFO - DAG(s) 'example_branch_labels' retrieved from /home/airflow/.local/lib/python3.12/site-packages/airflow/example_dags/example_branch_labels.py
[2025-02-23T20:35:49.299+0000] {logging_mixin.py:190} INFO - [2025-02-23T20:35:49.299+0000] {dag.py:3239} INFO - Sync 1 DAGs
[2025-02-23T20:35:49.339+0000] {logging_mixin.py:190} INFO - [2025-02-23T20:35:49.339+0000] {dag.py:4180} INFO - Setting next_dagrun for example_branch_labels to 2025-02-22 00:00:00+00:00, run_after=2025-02-23 00:00:00+00:00
[2025-02-23T20:35:49.363+0000] {processor.py:208} INFO - Processing /home/airflow/.local/lib/python3.12/site-packages/airflow/example_dags/example_branch_labels.py took 0.118 seconds
[2025-02-23T20:36:19.454+0000] {processor.py:186} INFO - Started process (PID=1464) to work on /home/airflow/.local/lib/python3.12/site-packages/airflow/example_dags/example_branch_labels.py
[2025-02-23T20:36:19.455+0000] {processor.py:914} INFO - Processing file /home/airflow/.local/lib/python3.12/site-packages/airflow/example_dags/example_branch_labels.py for tasks to queue
[2025-02-23T20:36:19.458+0000] {logging_mixin.py:190} INFO - [2025-02-23T20:36:19.458+0000] {dagbag.py:588} INFO - Filling up the DagBag from /home/airflow/.local/lib/python3.12/site-packages/airflow/example_dags/example_branch_labels.py
[2025-02-23T20:36:19.475+0000] {processor.py:925} INFO - DAG(s) 'example_branch_labels' retrieved from /home/airflow/.local/lib/python3.12/site-packages/airflow/example_dags/example_branch_labels.py
[2025-02-23T20:36:19.509+0000] {logging_mixin.py:190} INFO - [2025-02-23T20:36:19.508+0000] {dag.py:3239} INFO - Sync 1 DAGs
[2025-02-23T20:36:19.549+0000] {logging_mixin.py:190} INFO - [2025-02-23T20:36:19.549+0000] {dag.py:4180} INFO - Setting next_dagrun for example_branch_labels to 2025-02-22 00:00:00+00:00, run_after=2025-02-23 00:00:00+00:00
[2025-02-23T20:36:19.574+0000] {processor.py:208} INFO - Processing /home/airflow/.local/lib/python3.12/site-packages/airflow/example_dags/example_branch_labels.py took 0.127 seconds
[2025-02-23T20:36:49.642+0000] {processor.py:186} INFO - Started process (PID=1527) to work on /home/airflow/.local/lib/python3.12/site-packages/airflow/example_dags/example_branch_labels.py
[2025-02-23T20:36:49.644+0000] {processor.py:914} INFO - Processing file /home/airflow/.local/lib/python3.12/site-packages/airflow/example_dags/example_branch_labels.py for tasks to queue
[2025-02-23T20:36:49.646+0000] {logging_mixin.py:190} INFO - [2025-02-23T20:36:49.646+0000] {dagbag.py:588} INFO - Filling up the DagBag from /home/airflow/.local/lib/python3.12/site-packages/airflow/example_dags/example_branch_labels.py
[2025-02-23T20:36:49.660+0000] {processor.py:925} INFO - DAG(s) 'example_branch_labels' retrieved from /home/airflow/.local/lib/python3.12/site-packages/airflow/example_dags/example_branch_labels.py
[2025-02-23T20:36:49.695+0000] {logging_mixin.py:190} INFO - [2025-02-23T20:36:49.695+0000] {dag.py:3239} INFO - Sync 1 DAGs
[2025-02-23T20:36:49.738+0000] {logging_mixin.py:190} INFO - [2025-02-23T20:36:49.737+0000] {dag.py:4180} INFO - Setting next_dagrun for example_branch_labels to 2025-02-22 00:00:00+00:00, run_after=2025-02-23 00:00:00+00:00
[2025-02-23T20:36:49.763+0000] {processor.py:208} INFO - Processing /home/airflow/.local/lib/python3.12/site-packages/airflow/example_dags/example_branch_labels.py took 0.129 seconds
[2025-02-23T20:37:20.227+0000] {processor.py:186} INFO - Started process (PID=1590) to work on /home/airflow/.local/lib/python3.12/site-packages/airflow/example_dags/example_branch_labels.py
[2025-02-23T20:37:20.229+0000] {processor.py:914} INFO - Processing file /home/airflow/.local/lib/python3.12/site-packages/airflow/example_dags/example_branch_labels.py for tasks to queue
[2025-02-23T20:37:20.233+0000] {logging_mixin.py:190} INFO - [2025-02-23T20:37:20.232+0000] {dagbag.py:588} INFO - Filling up the DagBag from /home/airflow/.local/lib/python3.12/site-packages/airflow/example_dags/example_branch_labels.py
[2025-02-23T20:37:20.246+0000] {processor.py:925} INFO - DAG(s) 'example_branch_labels' retrieved from /home/airflow/.local/lib/python3.12/site-packages/airflow/example_dags/example_branch_labels.py
[2025-02-23T20:37:20.275+0000] {logging_mixin.py:190} INFO - [2025-02-23T20:37:20.274+0000] {dag.py:3239} INFO - Sync 1 DAGs
[2025-02-23T20:37:20.312+0000] {logging_mixin.py:190} INFO - [2025-02-23T20:37:20.311+0000] {dag.py:4180} INFO - Setting next_dagrun for example_branch_labels to 2025-02-22 00:00:00+00:00, run_after=2025-02-23 00:00:00+00:00
[2025-02-23T20:37:20.338+0000] {processor.py:208} INFO - Processing /home/airflow/.local/lib/python3.12/site-packages/airflow/example_dags/example_branch_labels.py took 0.119 seconds
[2025-02-23T20:37:50.984+0000] {processor.py:186} INFO - Started process (PID=1653) to work on /home/airflow/.local/lib/python3.12/site-packages/airflow/example_dags/example_branch_labels.py
[2025-02-23T20:37:50.985+0000] {processor.py:914} INFO - Processing file /home/airflow/.local/lib/python3.12/site-packages/airflow/example_dags/example_branch_labels.py for tasks to queue
[2025-02-23T20:37:50.989+0000] {logging_mixin.py:190} INFO - [2025-02-23T20:37:50.988+0000] {dagbag.py:588} INFO - Filling up the DagBag from /home/airflow/.local/lib/python3.12/site-packages/airflow/example_dags/example_branch_labels.py
[2025-02-23T20:37:51.001+0000] {processor.py:925} INFO - DAG(s) 'example_branch_labels' retrieved from /home/airflow/.local/lib/python3.12/site-packages/airflow/example_dags/example_branch_labels.py
[2025-02-23T20:37:51.029+0000] {logging_mixin.py:190} INFO - [2025-02-23T20:37:51.028+0000] {dag.py:3239} INFO - Sync 1 DAGs
[2025-02-23T20:37:51.067+0000] {logging_mixin.py:190} INFO - [2025-02-23T20:37:51.066+0000] {dag.py:4180} INFO - Setting next_dagrun for example_branch_labels to 2025-02-22 00:00:00+00:00, run_after=2025-02-23 00:00:00+00:00
[2025-02-23T20:37:51.093+0000] {processor.py:208} INFO - Processing /home/airflow/.local/lib/python3.12/site-packages/airflow/example_dags/example_branch_labels.py took 0.118 seconds
[2025-02-23T20:38:21.488+0000] {processor.py:186} INFO - Started process (PID=1716) to work on /home/airflow/.local/lib/python3.12/site-packages/airflow/example_dags/example_branch_labels.py
[2025-02-23T20:38:21.490+0000] {processor.py:914} INFO - Processing file /home/airflow/.local/lib/python3.12/site-packages/airflow/example_dags/example_branch_labels.py for tasks to queue
[2025-02-23T20:38:21.493+0000] {logging_mixin.py:190} INFO - [2025-02-23T20:38:21.492+0000] {dagbag.py:588} INFO - Filling up the DagBag from /home/airflow/.local/lib/python3.12/site-packages/airflow/example_dags/example_branch_labels.py
[2025-02-23T20:38:21.506+0000] {processor.py:925} INFO - DAG(s) 'example_branch_labels' retrieved from /home/airflow/.local/lib/python3.12/site-packages/airflow/example_dags/example_branch_labels.py
[2025-02-23T20:38:21.539+0000] {logging_mixin.py:190} INFO - [2025-02-23T20:38:21.538+0000] {dag.py:3239} INFO - Sync 1 DAGs
[2025-02-23T20:38:21.579+0000] {logging_mixin.py:190} INFO - [2025-02-23T20:38:21.579+0000] {dag.py:4180} INFO - Setting next_dagrun for example_branch_labels to 2025-02-22 00:00:00+00:00, run_after=2025-02-23 00:00:00+00:00
[2025-02-23T20:38:21.606+0000] {processor.py:208} INFO - Processing /home/airflow/.local/lib/python3.12/site-packages/airflow/example_dags/example_branch_labels.py took 0.125 seconds
[2025-02-23T20:38:51.665+0000] {processor.py:186} INFO - Started process (PID=1779) to work on /home/airflow/.local/lib/python3.12/site-packages/airflow/example_dags/example_branch_labels.py
[2025-02-23T20:38:51.667+0000] {processor.py:914} INFO - Processing file /home/airflow/.local/lib/python3.12/site-packages/airflow/example_dags/example_branch_labels.py for tasks to queue
[2025-02-23T20:38:51.669+0000] {logging_mixin.py:190} INFO - [2025-02-23T20:38:51.669+0000] {dagbag.py:588} INFO - Filling up the DagBag from /home/airflow/.local/lib/python3.12/site-packages/airflow/example_dags/example_branch_labels.py
[2025-02-23T20:38:51.686+0000] {processor.py:925} INFO - DAG(s) 'example_branch_labels' retrieved from /home/airflow/.local/lib/python3.12/site-packages/airflow/example_dags/example_branch_labels.py
[2025-02-23T20:38:51.714+0000] {logging_mixin.py:190} INFO - [2025-02-23T20:38:51.713+0000] {dag.py:3239} INFO - Sync 1 DAGs
[2025-02-23T20:38:51.750+0000] {logging_mixin.py:190} INFO - [2025-02-23T20:38:51.750+0000] {dag.py:4180} INFO - Setting next_dagrun for example_branch_labels to 2025-02-22 00:00:00+00:00, run_after=2025-02-23 00:00:00+00:00
[2025-02-23T20:38:51.778+0000] {processor.py:208} INFO - Processing /home/airflow/.local/lib/python3.12/site-packages/airflow/example_dags/example_branch_labels.py took 0.122 seconds
[2025-02-23T20:39:22.148+0000] {processor.py:186} INFO - Started process (PID=1842) to work on /home/airflow/.local/lib/python3.12/site-packages/airflow/example_dags/example_branch_labels.py
[2025-02-23T20:39:22.149+0000] {processor.py:914} INFO - Processing file /home/airflow/.local/lib/python3.12/site-packages/airflow/example_dags/example_branch_labels.py for tasks to queue
[2025-02-23T20:39:22.152+0000] {logging_mixin.py:190} INFO - [2025-02-23T20:39:22.151+0000] {dagbag.py:588} INFO - Filling up the DagBag from /home/airflow/.local/lib/python3.12/site-packages/airflow/example_dags/example_branch_labels.py
[2025-02-23T20:39:22.167+0000] {processor.py:925} INFO - DAG(s) 'example_branch_labels' retrieved from /home/airflow/.local/lib/python3.12/site-packages/airflow/example_dags/example_branch_labels.py
[2025-02-23T20:39:22.198+0000] {logging_mixin.py:190} INFO - [2025-02-23T20:39:22.198+0000] {dag.py:3239} INFO - Sync 1 DAGs
[2025-02-23T20:39:22.235+0000] {logging_mixin.py:190} INFO - [2025-02-23T20:39:22.235+0000] {dag.py:4180} INFO - Setting next_dagrun for example_branch_labels to 2025-02-22 00:00:00+00:00, run_after=2025-02-23 00:00:00+00:00
[2025-02-23T20:39:22.261+0000] {processor.py:208} INFO - Processing /home/airflow/.local/lib/python3.12/site-packages/airflow/example_dags/example_branch_labels.py took 0.121 seconds
[2025-02-23T20:39:52.638+0000] {processor.py:186} INFO - Started process (PID=1904) to work on /home/airflow/.local/lib/python3.12/site-packages/airflow/example_dags/example_branch_labels.py
[2025-02-23T20:39:52.639+0000] {processor.py:914} INFO - Processing file /home/airflow/.local/lib/python3.12/site-packages/airflow/example_dags/example_branch_labels.py for tasks to queue
[2025-02-23T20:39:52.642+0000] {logging_mixin.py:190} INFO - [2025-02-23T20:39:52.642+0000] {dagbag.py:588} INFO - Filling up the DagBag from /home/airflow/.local/lib/python3.12/site-packages/airflow/example_dags/example_branch_labels.py
[2025-02-23T20:39:52.654+0000] {processor.py:925} INFO - DAG(s) 'example_branch_labels' retrieved from /home/airflow/.local/lib/python3.12/site-packages/airflow/example_dags/example_branch_labels.py
[2025-02-23T20:39:52.684+0000] {logging_mixin.py:190} INFO - [2025-02-23T20:39:52.684+0000] {dag.py:3239} INFO - Sync 1 DAGs
[2025-02-23T20:39:52.725+0000] {logging_mixin.py:190} INFO - [2025-02-23T20:39:52.725+0000] {dag.py:4180} INFO - Setting next_dagrun for example_branch_labels to 2025-02-22 00:00:00+00:00, run_after=2025-02-23 00:00:00+00:00
[2025-02-23T20:39:52.751+0000] {processor.py:208} INFO - Processing /home/airflow/.local/lib/python3.12/site-packages/airflow/example_dags/example_branch_labels.py took 0.121 seconds
[2025-02-23T20:40:23.202+0000] {processor.py:186} INFO - Started process (PID=1966) to work on /home/airflow/.local/lib/python3.12/site-packages/airflow/example_dags/example_branch_labels.py
[2025-02-23T20:40:23.203+0000] {processor.py:914} INFO - Processing file /home/airflow/.local/lib/python3.12/site-packages/airflow/example_dags/example_branch_labels.py for tasks to queue
[2025-02-23T20:40:23.207+0000] {logging_mixin.py:190} INFO - [2025-02-23T20:40:23.206+0000] {dagbag.py:588} INFO - Filling up the DagBag from /home/airflow/.local/lib/python3.12/site-packages/airflow/example_dags/example_branch_labels.py
[2025-02-23T20:40:23.223+0000] {processor.py:925} INFO - DAG(s) 'example_branch_labels' retrieved from /home/airflow/.local/lib/python3.12/site-packages/airflow/example_dags/example_branch_labels.py
[2025-02-23T20:40:23.257+0000] {logging_mixin.py:190} INFO - [2025-02-23T20:40:23.257+0000] {dag.py:3239} INFO - Sync 1 DAGs
[2025-02-23T20:40:23.291+0000] {logging_mixin.py:190} INFO - [2025-02-23T20:40:23.291+0000] {dag.py:4180} INFO - Setting next_dagrun for example_branch_labels to 2025-02-22 00:00:00+00:00, run_after=2025-02-23 00:00:00+00:00
[2025-02-23T20:40:23.320+0000] {processor.py:208} INFO - Processing /home/airflow/.local/lib/python3.12/site-packages/airflow/example_dags/example_branch_labels.py took 0.126 seconds
[2025-02-23T20:40:53.595+0000] {processor.py:186} INFO - Started process (PID=2027) to work on /home/airflow/.local/lib/python3.12/site-packages/airflow/example_dags/example_branch_labels.py
[2025-02-23T20:40:53.597+0000] {processor.py:914} INFO - Processing file /home/airflow/.local/lib/python3.12/site-packages/airflow/example_dags/example_branch_labels.py for tasks to queue
[2025-02-23T20:40:53.601+0000] {logging_mixin.py:190} INFO - [2025-02-23T20:40:53.600+0000] {dagbag.py:588} INFO - Filling up the DagBag from /home/airflow/.local/lib/python3.12/site-packages/airflow/example_dags/example_branch_labels.py
[2025-02-23T20:40:53.614+0000] {processor.py:925} INFO - DAG(s) 'example_branch_labels' retrieved from /home/airflow/.local/lib/python3.12/site-packages/airflow/example_dags/example_branch_labels.py
[2025-02-23T20:40:53.642+0000] {logging_mixin.py:190} INFO - [2025-02-23T20:40:53.642+0000] {dag.py:3239} INFO - Sync 1 DAGs
[2025-02-23T20:40:53.683+0000] {logging_mixin.py:190} INFO - [2025-02-23T20:40:53.682+0000] {dag.py:4180} INFO - Setting next_dagrun for example_branch_labels to 2025-02-22 00:00:00+00:00, run_after=2025-02-23 00:00:00+00:00
[2025-02-23T20:40:53.707+0000] {processor.py:208} INFO - Processing /home/airflow/.local/lib/python3.12/site-packages/airflow/example_dags/example_branch_labels.py took 0.119 seconds
[2025-02-23T20:41:24.607+0000] {processor.py:186} INFO - Started process (PID=2090) to work on /home/airflow/.local/lib/python3.12/site-packages/airflow/example_dags/example_branch_labels.py
[2025-02-23T20:41:24.608+0000] {processor.py:914} INFO - Processing file /home/airflow/.local/lib/python3.12/site-packages/airflow/example_dags/example_branch_labels.py for tasks to queue
[2025-02-23T20:41:24.612+0000] {logging_mixin.py:190} INFO - [2025-02-23T20:41:24.611+0000] {dagbag.py:588} INFO - Filling up the DagBag from /home/airflow/.local/lib/python3.12/site-packages/airflow/example_dags/example_branch_labels.py
[2025-02-23T20:41:24.624+0000] {processor.py:925} INFO - DAG(s) 'example_branch_labels' retrieved from /home/airflow/.local/lib/python3.12/site-packages/airflow/example_dags/example_branch_labels.py
[2025-02-23T20:41:24.656+0000] {logging_mixin.py:190} INFO - [2025-02-23T20:41:24.655+0000] {dag.py:3239} INFO - Sync 1 DAGs
[2025-02-23T20:41:24.693+0000] {logging_mixin.py:190} INFO - [2025-02-23T20:41:24.692+0000] {dag.py:4180} INFO - Setting next_dagrun for example_branch_labels to 2025-02-22 00:00:00+00:00, run_after=2025-02-23 00:00:00+00:00
[2025-02-23T20:41:24.716+0000] {processor.py:208} INFO - Processing /home/airflow/.local/lib/python3.12/site-packages/airflow/example_dags/example_branch_labels.py took 0.118 seconds
[2025-02-23T20:41:55.018+0000] {processor.py:186} INFO - Started process (PID=2153) to work on /home/airflow/.local/lib/python3.12/site-packages/airflow/example_dags/example_branch_labels.py
[2025-02-23T20:41:55.019+0000] {processor.py:914} INFO - Processing file /home/airflow/.local/lib/python3.12/site-packages/airflow/example_dags/example_branch_labels.py for tasks to queue
[2025-02-23T20:41:55.022+0000] {logging_mixin.py:190} INFO - [2025-02-23T20:41:55.022+0000] {dagbag.py:588} INFO - Filling up the DagBag from /home/airflow/.local/lib/python3.12/site-packages/airflow/example_dags/example_branch_labels.py
[2025-02-23T20:41:55.034+0000] {processor.py:925} INFO - DAG(s) 'example_branch_labels' retrieved from /home/airflow/.local/lib/python3.12/site-packages/airflow/example_dags/example_branch_labels.py
[2025-02-23T20:41:55.069+0000] {logging_mixin.py:190} INFO - [2025-02-23T20:41:55.069+0000] {dag.py:3239} INFO - Sync 1 DAGs
[2025-02-23T20:41:55.119+0000] {logging_mixin.py:190} INFO - [2025-02-23T20:41:55.118+0000] {dag.py:4180} INFO - Setting next_dagrun for example_branch_labels to 2025-02-22 00:00:00+00:00, run_after=2025-02-23 00:00:00+00:00
[2025-02-23T20:41:55.150+0000] {processor.py:208} INFO - Processing /home/airflow/.local/lib/python3.12/site-packages/airflow/example_dags/example_branch_labels.py took 0.140 seconds
[2025-02-23T20:42:25.724+0000] {processor.py:186} INFO - Started process (PID=2215) to work on /home/airflow/.local/lib/python3.12/site-packages/airflow/example_dags/example_branch_labels.py
[2025-02-23T20:42:25.726+0000] {processor.py:914} INFO - Processing file /home/airflow/.local/lib/python3.12/site-packages/airflow/example_dags/example_branch_labels.py for tasks to queue
[2025-02-23T20:42:25.728+0000] {logging_mixin.py:190} INFO - [2025-02-23T20:42:25.728+0000] {dagbag.py:588} INFO - Filling up the DagBag from /home/airflow/.local/lib/python3.12/site-packages/airflow/example_dags/example_branch_labels.py
[2025-02-23T20:42:25.741+0000] {processor.py:925} INFO - DAG(s) 'example_branch_labels' retrieved from /home/airflow/.local/lib/python3.12/site-packages/airflow/example_dags/example_branch_labels.py
[2025-02-23T20:42:25.772+0000] {logging_mixin.py:190} INFO - [2025-02-23T20:42:25.772+0000] {dag.py:3239} INFO - Sync 1 DAGs
[2025-02-23T20:42:25.809+0000] {logging_mixin.py:190} INFO - [2025-02-23T20:42:25.808+0000] {dag.py:4180} INFO - Setting next_dagrun for example_branch_labels to 2025-02-22 00:00:00+00:00, run_after=2025-02-23 00:00:00+00:00
[2025-02-23T20:42:25.835+0000] {processor.py:208} INFO - Processing /home/airflow/.local/lib/python3.12/site-packages/airflow/example_dags/example_branch_labels.py took 0.120 seconds
[2025-02-23T20:42:56.401+0000] {processor.py:186} INFO - Started process (PID=2278) to work on /home/airflow/.local/lib/python3.12/site-packages/airflow/example_dags/example_branch_labels.py
[2025-02-23T20:42:56.403+0000] {processor.py:914} INFO - Processing file /home/airflow/.local/lib/python3.12/site-packages/airflow/example_dags/example_branch_labels.py for tasks to queue
[2025-02-23T20:42:56.405+0000] {logging_mixin.py:190} INFO - [2025-02-23T20:42:56.405+0000] {dagbag.py:588} INFO - Filling up the DagBag from /home/airflow/.local/lib/python3.12/site-packages/airflow/example_dags/example_branch_labels.py
[2025-02-23T20:42:56.419+0000] {processor.py:925} INFO - DAG(s) 'example_branch_labels' retrieved from /home/airflow/.local/lib/python3.12/site-packages/airflow/example_dags/example_branch_labels.py
[2025-02-23T20:42:56.449+0000] {logging_mixin.py:190} INFO - [2025-02-23T20:42:56.448+0000] {dag.py:3239} INFO - Sync 1 DAGs
[2025-02-23T20:42:56.491+0000] {logging_mixin.py:190} INFO - [2025-02-23T20:42:56.490+0000] {dag.py:4180} INFO - Setting next_dagrun for example_branch_labels to 2025-02-22 00:00:00+00:00, run_after=2025-02-23 00:00:00+00:00
[2025-02-23T20:42:56.516+0000] {processor.py:208} INFO - Processing /home/airflow/.local/lib/python3.12/site-packages/airflow/example_dags/example_branch_labels.py took 0.122 seconds
[2025-02-23T20:43:26.603+0000] {processor.py:186} INFO - Started process (PID=2341) to work on /home/airflow/.local/lib/python3.12/site-packages/airflow/example_dags/example_branch_labels.py
[2025-02-23T20:43:26.605+0000] {processor.py:914} INFO - Processing file /home/airflow/.local/lib/python3.12/site-packages/airflow/example_dags/example_branch_labels.py for tasks to queue
[2025-02-23T20:43:26.610+0000] {logging_mixin.py:190} INFO - [2025-02-23T20:43:26.609+0000] {dagbag.py:588} INFO - Filling up the DagBag from /home/airflow/.local/lib/python3.12/site-packages/airflow/example_dags/example_branch_labels.py
[2025-02-23T20:43:26.626+0000] {processor.py:925} INFO - DAG(s) 'example_branch_labels' retrieved from /home/airflow/.local/lib/python3.12/site-packages/airflow/example_dags/example_branch_labels.py
[2025-02-23T20:43:26.658+0000] {logging_mixin.py:190} INFO - [2025-02-23T20:43:26.658+0000] {dag.py:3239} INFO - Sync 1 DAGs
[2025-02-23T20:43:26.701+0000] {logging_mixin.py:190} INFO - [2025-02-23T20:43:26.701+0000] {dag.py:4180} INFO - Setting next_dagrun for example_branch_labels to 2025-02-22 00:00:00+00:00, run_after=2025-02-23 00:00:00+00:00
[2025-02-23T20:43:26.728+0000] {processor.py:208} INFO - Processing /home/airflow/.local/lib/python3.12/site-packages/airflow/example_dags/example_branch_labels.py took 0.137 seconds
[2025-02-23T20:43:56.878+0000] {processor.py:186} INFO - Started process (PID=2405) to work on /home/airflow/.local/lib/python3.12/site-packages/airflow/example_dags/example_branch_labels.py
[2025-02-23T20:43:56.880+0000] {processor.py:914} INFO - Processing file /home/airflow/.local/lib/python3.12/site-packages/airflow/example_dags/example_branch_labels.py for tasks to queue
[2025-02-23T20:43:56.882+0000] {logging_mixin.py:190} INFO - [2025-02-23T20:43:56.882+0000] {dagbag.py:588} INFO - Filling up the DagBag from /home/airflow/.local/lib/python3.12/site-packages/airflow/example_dags/example_branch_labels.py
[2025-02-23T20:43:56.896+0000] {processor.py:925} INFO - DAG(s) 'example_branch_labels' retrieved from /home/airflow/.local/lib/python3.12/site-packages/airflow/example_dags/example_branch_labels.py
[2025-02-23T20:43:56.924+0000] {logging_mixin.py:190} INFO - [2025-02-23T20:43:56.923+0000] {dag.py:3239} INFO - Sync 1 DAGs
[2025-02-23T20:43:56.962+0000] {logging_mixin.py:190} INFO - [2025-02-23T20:43:56.962+0000] {dag.py:4180} INFO - Setting next_dagrun for example_branch_labels to 2025-02-22 00:00:00+00:00, run_after=2025-02-23 00:00:00+00:00
[2025-02-23T20:43:56.988+0000] {processor.py:208} INFO - Processing /home/airflow/.local/lib/python3.12/site-packages/airflow/example_dags/example_branch_labels.py took 0.118 seconds
[2025-02-23T20:44:27.142+0000] {processor.py:186} INFO - Started process (PID=2468) to work on /home/airflow/.local/lib/python3.12/site-packages/airflow/example_dags/example_branch_labels.py
[2025-02-23T20:44:27.144+0000] {processor.py:914} INFO - Processing file /home/airflow/.local/lib/python3.12/site-packages/airflow/example_dags/example_branch_labels.py for tasks to queue
[2025-02-23T20:44:27.147+0000] {logging_mixin.py:190} INFO - [2025-02-23T20:44:27.146+0000] {dagbag.py:588} INFO - Filling up the DagBag from /home/airflow/.local/lib/python3.12/site-packages/airflow/example_dags/example_branch_labels.py
[2025-02-23T20:44:27.162+0000] {processor.py:925} INFO - DAG(s) 'example_branch_labels' retrieved from /home/airflow/.local/lib/python3.12/site-packages/airflow/example_dags/example_branch_labels.py
[2025-02-23T20:44:27.192+0000] {logging_mixin.py:190} INFO - [2025-02-23T20:44:27.192+0000] {dag.py:3239} INFO - Sync 1 DAGs
[2025-02-23T20:44:27.229+0000] {logging_mixin.py:190} INFO - [2025-02-23T20:44:27.228+0000] {dag.py:4180} INFO - Setting next_dagrun for example_branch_labels to 2025-02-22 00:00:00+00:00, run_after=2025-02-23 00:00:00+00:00
[2025-02-23T20:44:27.254+0000] {processor.py:208} INFO - Processing /home/airflow/.local/lib/python3.12/site-packages/airflow/example_dags/example_branch_labels.py took 0.120 seconds
[2025-02-23T20:44:57.642+0000] {processor.py:186} INFO - Started process (PID=2532) to work on /home/airflow/.local/lib/python3.12/site-packages/airflow/example_dags/example_branch_labels.py
[2025-02-23T20:44:57.644+0000] {processor.py:914} INFO - Processing file /home/airflow/.local/lib/python3.12/site-packages/airflow/example_dags/example_branch_labels.py for tasks to queue
[2025-02-23T20:44:57.647+0000] {logging_mixin.py:190} INFO - [2025-02-23T20:44:57.647+0000] {dagbag.py:588} INFO - Filling up the DagBag from /home/airflow/.local/lib/python3.12/site-packages/airflow/example_dags/example_branch_labels.py
[2025-02-23T20:44:57.662+0000] {processor.py:925} INFO - DAG(s) 'example_branch_labels' retrieved from /home/airflow/.local/lib/python3.12/site-packages/airflow/example_dags/example_branch_labels.py
[2025-02-23T20:44:57.692+0000] {logging_mixin.py:190} INFO - [2025-02-23T20:44:57.692+0000] {dag.py:3239} INFO - Sync 1 DAGs
[2025-02-23T20:44:57.728+0000] {logging_mixin.py:190} INFO - [2025-02-23T20:44:57.727+0000] {dag.py:4180} INFO - Setting next_dagrun for example_branch_labels to 2025-02-22 00:00:00+00:00, run_after=2025-02-23 00:00:00+00:00
[2025-02-23T20:44:57.752+0000] {processor.py:208} INFO - Processing /home/airflow/.local/lib/python3.12/site-packages/airflow/example_dags/example_branch_labels.py took 0.118 seconds
[2025-02-23T20:45:28.360+0000] {processor.py:186} INFO - Started process (PID=2595) to work on /home/airflow/.local/lib/python3.12/site-packages/airflow/example_dags/example_branch_labels.py
[2025-02-23T20:45:28.362+0000] {processor.py:914} INFO - Processing file /home/airflow/.local/lib/python3.12/site-packages/airflow/example_dags/example_branch_labels.py for tasks to queue
[2025-02-23T20:45:28.364+0000] {logging_mixin.py:190} INFO - [2025-02-23T20:45:28.364+0000] {dagbag.py:588} INFO - Filling up the DagBag from /home/airflow/.local/lib/python3.12/site-packages/airflow/example_dags/example_branch_labels.py
[2025-02-23T20:45:28.377+0000] {processor.py:925} INFO - DAG(s) 'example_branch_labels' retrieved from /home/airflow/.local/lib/python3.12/site-packages/airflow/example_dags/example_branch_labels.py
[2025-02-23T20:45:28.407+0000] {logging_mixin.py:190} INFO - [2025-02-23T20:45:28.407+0000] {dag.py:3239} INFO - Sync 1 DAGs
[2025-02-23T20:45:28.444+0000] {logging_mixin.py:190} INFO - [2025-02-23T20:45:28.444+0000] {dag.py:4180} INFO - Setting next_dagrun for example_branch_labels to 2025-02-22 00:00:00+00:00, run_after=2025-02-23 00:00:00+00:00
[2025-02-23T20:45:28.471+0000] {processor.py:208} INFO - Processing /home/airflow/.local/lib/python3.12/site-packages/airflow/example_dags/example_branch_labels.py took 0.118 seconds
