[2025-02-23T20:25:21.585+0000] {processor.py:186} INFO - Started process (PID=121) to work on /home/airflow/.local/lib/python3.12/site-packages/airflow/example_dags/example_params_trigger_ui.py
[2025-02-23T20:25:21.586+0000] {processor.py:914} INFO - Processing file /home/airflow/.local/lib/python3.12/site-packages/airflow/example_dags/example_params_trigger_ui.py for tasks to queue
[2025-02-23T20:25:21.588+0000] {logging_mixin.py:190} INFO - [2025-02-23T20:25:21.588+0000] {dagbag.py:588} INFO - Filling up the DagBag from /home/airflow/.local/lib/python3.12/site-packages/airflow/example_dags/example_params_trigger_ui.py
[2025-02-23T20:25:21.609+0000] {processor.py:925} INFO - DAG(s) 'example_params_trigger_ui' retrieved from /home/airflow/.local/lib/python3.12/site-packages/airflow/example_dags/example_params_trigger_ui.py
[2025-02-23T20:25:21.821+0000] {logging_mixin.py:190} INFO - [2025-02-23T20:25:21.821+0000] {override.py:1912} INFO - Created Permission View: can read on DAG:example_params_trigger_ui
[2025-02-23T20:25:21.835+0000] {logging_mixin.py:190} INFO - [2025-02-23T20:25:21.835+0000] {override.py:1912} INFO - Created Permission View: can delete on DAG:example_params_trigger_ui
[2025-02-23T20:25:21.845+0000] {logging_mixin.py:190} INFO - [2025-02-23T20:25:21.844+0000] {override.py:1912} INFO - Created Permission View: can edit on DAG:example_params_trigger_ui
[2025-02-23T20:25:21.856+0000] {logging_mixin.py:190} INFO - [2025-02-23T20:25:21.855+0000] {override.py:1912} INFO - Created Permission View: can create on DAG Run:example_params_trigger_ui
[2025-02-23T20:25:21.865+0000] {logging_mixin.py:190} INFO - [2025-02-23T20:25:21.865+0000] {override.py:1912} INFO - Created Permission View: can read on DAG Run:example_params_trigger_ui
[2025-02-23T20:25:21.876+0000] {logging_mixin.py:190} INFO - [2025-02-23T20:25:21.875+0000] {override.py:1912} INFO - Created Permission View: can delete on DAG Run:example_params_trigger_ui
[2025-02-23T20:25:21.885+0000] {logging_mixin.py:190} INFO - [2025-02-23T20:25:21.885+0000] {override.py:1912} INFO - Created Permission View: menu access on DAG Run:example_params_trigger_ui
[2025-02-23T20:25:21.885+0000] {logging_mixin.py:190} INFO - [2025-02-23T20:25:21.885+0000] {dag.py:3239} INFO - Sync 1 DAGs
[2025-02-23T20:25:21.903+0000] {logging_mixin.py:190} INFO - [2025-02-23T20:25:21.903+0000] {dag.py:3262} INFO - Creating ORM DAG for example_params_trigger_ui
[2025-02-23T20:25:21.904+0000] {logging_mixin.py:190} INFO - [2025-02-23T20:25:21.904+0000] {dag.py:4180} INFO - Setting next_dagrun for example_params_trigger_ui to None, run_after=None
[2025-02-23T20:25:21.930+0000] {processor.py:208} INFO - Processing /home/airflow/.local/lib/python3.12/site-packages/airflow/example_dags/example_params_trigger_ui.py took 0.353 seconds
[2025-02-23T20:25:52.234+0000] {processor.py:186} INFO - Started process (PID=184) to work on /home/airflow/.local/lib/python3.12/site-packages/airflow/example_dags/example_params_trigger_ui.py
[2025-02-23T20:25:52.236+0000] {processor.py:914} INFO - Processing file /home/airflow/.local/lib/python3.12/site-packages/airflow/example_dags/example_params_trigger_ui.py for tasks to queue
[2025-02-23T20:25:52.239+0000] {logging_mixin.py:190} INFO - [2025-02-23T20:25:52.239+0000] {dagbag.py:588} INFO - Filling up the DagBag from /home/airflow/.local/lib/python3.12/site-packages/airflow/example_dags/example_params_trigger_ui.py
[2025-02-23T20:25:52.255+0000] {processor.py:925} INFO - DAG(s) 'example_params_trigger_ui' retrieved from /home/airflow/.local/lib/python3.12/site-packages/airflow/example_dags/example_params_trigger_ui.py
[2025-02-23T20:25:52.321+0000] {logging_mixin.py:190} INFO - [2025-02-23T20:25:52.321+0000] {dag.py:3239} INFO - Sync 1 DAGs
[2025-02-23T20:25:52.342+0000] {logging_mixin.py:190} INFO - [2025-02-23T20:25:52.342+0000] {dag.py:4180} INFO - Setting next_dagrun for example_params_trigger_ui to None, run_after=None
[2025-02-23T20:25:52.371+0000] {processor.py:208} INFO - Processing /home/airflow/.local/lib/python3.12/site-packages/airflow/example_dags/example_params_trigger_ui.py took 0.144 seconds
[2025-02-23T20:26:23.207+0000] {processor.py:186} INFO - Started process (PID=247) to work on /home/airflow/.local/lib/python3.12/site-packages/airflow/example_dags/example_params_trigger_ui.py
[2025-02-23T20:26:23.209+0000] {processor.py:914} INFO - Processing file /home/airflow/.local/lib/python3.12/site-packages/airflow/example_dags/example_params_trigger_ui.py for tasks to queue
[2025-02-23T20:26:23.212+0000] {logging_mixin.py:190} INFO - [2025-02-23T20:26:23.212+0000] {dagbag.py:588} INFO - Filling up the DagBag from /home/airflow/.local/lib/python3.12/site-packages/airflow/example_dags/example_params_trigger_ui.py
[2025-02-23T20:26:23.226+0000] {processor.py:925} INFO - DAG(s) 'example_params_trigger_ui' retrieved from /home/airflow/.local/lib/python3.12/site-packages/airflow/example_dags/example_params_trigger_ui.py
[2025-02-23T20:26:23.297+0000] {logging_mixin.py:190} INFO - [2025-02-23T20:26:23.297+0000] {dag.py:3239} INFO - Sync 1 DAGs
[2025-02-23T20:26:23.319+0000] {logging_mixin.py:190} INFO - [2025-02-23T20:26:23.319+0000] {dag.py:4180} INFO - Setting next_dagrun for example_params_trigger_ui to None, run_after=None
[2025-02-23T20:26:23.347+0000] {processor.py:208} INFO - Processing /home/airflow/.local/lib/python3.12/site-packages/airflow/example_dags/example_params_trigger_ui.py took 0.147 seconds
[2025-02-23T20:26:53.413+0000] {processor.py:186} INFO - Started process (PID=309) to work on /home/airflow/.local/lib/python3.12/site-packages/airflow/example_dags/example_params_trigger_ui.py
[2025-02-23T20:26:53.414+0000] {processor.py:914} INFO - Processing file /home/airflow/.local/lib/python3.12/site-packages/airflow/example_dags/example_params_trigger_ui.py for tasks to queue
[2025-02-23T20:26:53.417+0000] {logging_mixin.py:190} INFO - [2025-02-23T20:26:53.416+0000] {dagbag.py:588} INFO - Filling up the DagBag from /home/airflow/.local/lib/python3.12/site-packages/airflow/example_dags/example_params_trigger_ui.py
[2025-02-23T20:26:53.430+0000] {processor.py:925} INFO - DAG(s) 'example_params_trigger_ui' retrieved from /home/airflow/.local/lib/python3.12/site-packages/airflow/example_dags/example_params_trigger_ui.py
[2025-02-23T20:26:53.494+0000] {logging_mixin.py:190} INFO - [2025-02-23T20:26:53.494+0000] {dag.py:3239} INFO - Sync 1 DAGs
[2025-02-23T20:26:53.514+0000] {logging_mixin.py:190} INFO - [2025-02-23T20:26:53.514+0000] {dag.py:4180} INFO - Setting next_dagrun for example_params_trigger_ui to None, run_after=None
[2025-02-23T20:26:53.540+0000] {processor.py:208} INFO - Processing /home/airflow/.local/lib/python3.12/site-packages/airflow/example_dags/example_params_trigger_ui.py took 0.134 seconds
[2025-02-23T20:27:23.722+0000] {processor.py:186} INFO - Started process (PID=372) to work on /home/airflow/.local/lib/python3.12/site-packages/airflow/example_dags/example_params_trigger_ui.py
[2025-02-23T20:27:23.724+0000] {processor.py:914} INFO - Processing file /home/airflow/.local/lib/python3.12/site-packages/airflow/example_dags/example_params_trigger_ui.py for tasks to queue
[2025-02-23T20:27:23.726+0000] {logging_mixin.py:190} INFO - [2025-02-23T20:27:23.726+0000] {dagbag.py:588} INFO - Filling up the DagBag from /home/airflow/.local/lib/python3.12/site-packages/airflow/example_dags/example_params_trigger_ui.py
[2025-02-23T20:27:23.741+0000] {processor.py:925} INFO - DAG(s) 'example_params_trigger_ui' retrieved from /home/airflow/.local/lib/python3.12/site-packages/airflow/example_dags/example_params_trigger_ui.py
[2025-02-23T20:27:23.807+0000] {logging_mixin.py:190} INFO - [2025-02-23T20:27:23.806+0000] {dag.py:3239} INFO - Sync 1 DAGs
[2025-02-23T20:27:23.827+0000] {logging_mixin.py:190} INFO - [2025-02-23T20:27:23.827+0000] {dag.py:4180} INFO - Setting next_dagrun for example_params_trigger_ui to None, run_after=None
[2025-02-23T20:27:23.852+0000] {processor.py:208} INFO - Processing /home/airflow/.local/lib/python3.12/site-packages/airflow/example_dags/example_params_trigger_ui.py took 0.137 seconds
[2025-02-23T20:27:54.352+0000] {processor.py:186} INFO - Started process (PID=435) to work on /home/airflow/.local/lib/python3.12/site-packages/airflow/example_dags/example_params_trigger_ui.py
[2025-02-23T20:27:54.354+0000] {processor.py:914} INFO - Processing file /home/airflow/.local/lib/python3.12/site-packages/airflow/example_dags/example_params_trigger_ui.py for tasks to queue
[2025-02-23T20:27:54.358+0000] {logging_mixin.py:190} INFO - [2025-02-23T20:27:54.358+0000] {dagbag.py:588} INFO - Filling up the DagBag from /home/airflow/.local/lib/python3.12/site-packages/airflow/example_dags/example_params_trigger_ui.py
[2025-02-23T20:27:54.378+0000] {processor.py:925} INFO - DAG(s) 'example_params_trigger_ui' retrieved from /home/airflow/.local/lib/python3.12/site-packages/airflow/example_dags/example_params_trigger_ui.py
[2025-02-23T20:27:54.441+0000] {logging_mixin.py:190} INFO - [2025-02-23T20:27:54.441+0000] {dag.py:3239} INFO - Sync 1 DAGs
[2025-02-23T20:27:54.462+0000] {logging_mixin.py:190} INFO - [2025-02-23T20:27:54.462+0000] {dag.py:4180} INFO - Setting next_dagrun for example_params_trigger_ui to None, run_after=None
[2025-02-23T20:27:54.488+0000] {processor.py:208} INFO - Processing /home/airflow/.local/lib/python3.12/site-packages/airflow/example_dags/example_params_trigger_ui.py took 0.145 seconds
[2025-02-23T20:28:24.747+0000] {processor.py:186} INFO - Started process (PID=498) to work on /home/airflow/.local/lib/python3.12/site-packages/airflow/example_dags/example_params_trigger_ui.py
[2025-02-23T20:28:24.748+0000] {processor.py:914} INFO - Processing file /home/airflow/.local/lib/python3.12/site-packages/airflow/example_dags/example_params_trigger_ui.py for tasks to queue
[2025-02-23T20:28:24.751+0000] {logging_mixin.py:190} INFO - [2025-02-23T20:28:24.750+0000] {dagbag.py:588} INFO - Filling up the DagBag from /home/airflow/.local/lib/python3.12/site-packages/airflow/example_dags/example_params_trigger_ui.py
[2025-02-23T20:28:24.766+0000] {processor.py:925} INFO - DAG(s) 'example_params_trigger_ui' retrieved from /home/airflow/.local/lib/python3.12/site-packages/airflow/example_dags/example_params_trigger_ui.py
[2025-02-23T20:28:24.839+0000] {logging_mixin.py:190} INFO - [2025-02-23T20:28:24.839+0000] {dag.py:3239} INFO - Sync 1 DAGs
[2025-02-23T20:28:24.858+0000] {logging_mixin.py:190} INFO - [2025-02-23T20:28:24.858+0000] {dag.py:4180} INFO - Setting next_dagrun for example_params_trigger_ui to None, run_after=None
[2025-02-23T20:28:24.883+0000] {processor.py:208} INFO - Processing /home/airflow/.local/lib/python3.12/site-packages/airflow/example_dags/example_params_trigger_ui.py took 0.144 seconds
[2025-02-23T20:28:55.370+0000] {processor.py:186} INFO - Started process (PID=561) to work on /home/airflow/.local/lib/python3.12/site-packages/airflow/example_dags/example_params_trigger_ui.py
[2025-02-23T20:28:55.371+0000] {processor.py:914} INFO - Processing file /home/airflow/.local/lib/python3.12/site-packages/airflow/example_dags/example_params_trigger_ui.py for tasks to queue
[2025-02-23T20:28:55.374+0000] {logging_mixin.py:190} INFO - [2025-02-23T20:28:55.374+0000] {dagbag.py:588} INFO - Filling up the DagBag from /home/airflow/.local/lib/python3.12/site-packages/airflow/example_dags/example_params_trigger_ui.py
[2025-02-23T20:28:55.391+0000] {processor.py:925} INFO - DAG(s) 'example_params_trigger_ui' retrieved from /home/airflow/.local/lib/python3.12/site-packages/airflow/example_dags/example_params_trigger_ui.py
[2025-02-23T20:28:55.455+0000] {logging_mixin.py:190} INFO - [2025-02-23T20:28:55.454+0000] {dag.py:3239} INFO - Sync 1 DAGs
[2025-02-23T20:28:55.481+0000] {logging_mixin.py:190} INFO - [2025-02-23T20:28:55.480+0000] {dag.py:4180} INFO - Setting next_dagrun for example_params_trigger_ui to None, run_after=None
[2025-02-23T20:28:55.507+0000] {processor.py:208} INFO - Processing /home/airflow/.local/lib/python3.12/site-packages/airflow/example_dags/example_params_trigger_ui.py took 0.147 seconds
[2025-02-23T20:29:26.413+0000] {processor.py:186} INFO - Started process (PID=623) to work on /home/airflow/.local/lib/python3.12/site-packages/airflow/example_dags/example_params_trigger_ui.py
[2025-02-23T20:29:26.414+0000] {processor.py:914} INFO - Processing file /home/airflow/.local/lib/python3.12/site-packages/airflow/example_dags/example_params_trigger_ui.py for tasks to queue
[2025-02-23T20:29:26.417+0000] {logging_mixin.py:190} INFO - [2025-02-23T20:29:26.416+0000] {dagbag.py:588} INFO - Filling up the DagBag from /home/airflow/.local/lib/python3.12/site-packages/airflow/example_dags/example_params_trigger_ui.py
[2025-02-23T20:29:26.430+0000] {processor.py:925} INFO - DAG(s) 'example_params_trigger_ui' retrieved from /home/airflow/.local/lib/python3.12/site-packages/airflow/example_dags/example_params_trigger_ui.py
[2025-02-23T20:29:26.505+0000] {logging_mixin.py:190} INFO - [2025-02-23T20:29:26.504+0000] {dag.py:3239} INFO - Sync 1 DAGs
[2025-02-23T20:29:26.524+0000] {logging_mixin.py:190} INFO - [2025-02-23T20:29:26.524+0000] {dag.py:4180} INFO - Setting next_dagrun for example_params_trigger_ui to None, run_after=None
[2025-02-23T20:29:26.550+0000] {processor.py:208} INFO - Processing /home/airflow/.local/lib/python3.12/site-packages/airflow/example_dags/example_params_trigger_ui.py took 0.144 seconds
[2025-02-23T20:29:57.512+0000] {processor.py:186} INFO - Started process (PID=686) to work on /home/airflow/.local/lib/python3.12/site-packages/airflow/example_dags/example_params_trigger_ui.py
[2025-02-23T20:29:57.513+0000] {processor.py:914} INFO - Processing file /home/airflow/.local/lib/python3.12/site-packages/airflow/example_dags/example_params_trigger_ui.py for tasks to queue
[2025-02-23T20:29:57.516+0000] {logging_mixin.py:190} INFO - [2025-02-23T20:29:57.516+0000] {dagbag.py:588} INFO - Filling up the DagBag from /home/airflow/.local/lib/python3.12/site-packages/airflow/example_dags/example_params_trigger_ui.py
[2025-02-23T20:29:57.532+0000] {processor.py:925} INFO - DAG(s) 'example_params_trigger_ui' retrieved from /home/airflow/.local/lib/python3.12/site-packages/airflow/example_dags/example_params_trigger_ui.py
[2025-02-23T20:29:57.593+0000] {logging_mixin.py:190} INFO - [2025-02-23T20:29:57.593+0000] {dag.py:3239} INFO - Sync 1 DAGs
[2025-02-23T20:29:57.614+0000] {logging_mixin.py:190} INFO - [2025-02-23T20:29:57.613+0000] {dag.py:4180} INFO - Setting next_dagrun for example_params_trigger_ui to None, run_after=None
[2025-02-23T20:29:57.640+0000] {processor.py:208} INFO - Processing /home/airflow/.local/lib/python3.12/site-packages/airflow/example_dags/example_params_trigger_ui.py took 0.136 seconds
[2025-02-23T20:30:28.596+0000] {processor.py:186} INFO - Started process (PID=749) to work on /home/airflow/.local/lib/python3.12/site-packages/airflow/example_dags/example_params_trigger_ui.py
[2025-02-23T20:30:28.598+0000] {processor.py:914} INFO - Processing file /home/airflow/.local/lib/python3.12/site-packages/airflow/example_dags/example_params_trigger_ui.py for tasks to queue
[2025-02-23T20:30:28.600+0000] {logging_mixin.py:190} INFO - [2025-02-23T20:30:28.600+0000] {dagbag.py:588} INFO - Filling up the DagBag from /home/airflow/.local/lib/python3.12/site-packages/airflow/example_dags/example_params_trigger_ui.py
[2025-02-23T20:30:28.614+0000] {processor.py:925} INFO - DAG(s) 'example_params_trigger_ui' retrieved from /home/airflow/.local/lib/python3.12/site-packages/airflow/example_dags/example_params_trigger_ui.py
[2025-02-23T20:30:28.676+0000] {logging_mixin.py:190} INFO - [2025-02-23T20:30:28.675+0000] {dag.py:3239} INFO - Sync 1 DAGs
[2025-02-23T20:30:28.694+0000] {logging_mixin.py:190} INFO - [2025-02-23T20:30:28.694+0000] {dag.py:4180} INFO - Setting next_dagrun for example_params_trigger_ui to None, run_after=None
[2025-02-23T20:30:28.719+0000] {processor.py:208} INFO - Processing /home/airflow/.local/lib/python3.12/site-packages/airflow/example_dags/example_params_trigger_ui.py took 0.130 seconds
[2025-02-23T20:30:59.305+0000] {processor.py:186} INFO - Started process (PID=812) to work on /home/airflow/.local/lib/python3.12/site-packages/airflow/example_dags/example_params_trigger_ui.py
[2025-02-23T20:30:59.307+0000] {processor.py:914} INFO - Processing file /home/airflow/.local/lib/python3.12/site-packages/airflow/example_dags/example_params_trigger_ui.py for tasks to queue
[2025-02-23T20:30:59.309+0000] {logging_mixin.py:190} INFO - [2025-02-23T20:30:59.309+0000] {dagbag.py:588} INFO - Filling up the DagBag from /home/airflow/.local/lib/python3.12/site-packages/airflow/example_dags/example_params_trigger_ui.py
[2025-02-23T20:30:59.323+0000] {processor.py:925} INFO - DAG(s) 'example_params_trigger_ui' retrieved from /home/airflow/.local/lib/python3.12/site-packages/airflow/example_dags/example_params_trigger_ui.py
[2025-02-23T20:30:59.385+0000] {logging_mixin.py:190} INFO - [2025-02-23T20:30:59.384+0000] {dag.py:3239} INFO - Sync 1 DAGs
[2025-02-23T20:30:59.406+0000] {logging_mixin.py:190} INFO - [2025-02-23T20:30:59.405+0000] {dag.py:4180} INFO - Setting next_dagrun for example_params_trigger_ui to None, run_after=None
[2025-02-23T20:30:59.434+0000] {processor.py:208} INFO - Processing /home/airflow/.local/lib/python3.12/site-packages/airflow/example_dags/example_params_trigger_ui.py took 0.136 seconds
[2025-02-23T20:31:30.551+0000] {processor.py:186} INFO - Started process (PID=875) to work on /home/airflow/.local/lib/python3.12/site-packages/airflow/example_dags/example_params_trigger_ui.py
[2025-02-23T20:31:30.553+0000] {processor.py:914} INFO - Processing file /home/airflow/.local/lib/python3.12/site-packages/airflow/example_dags/example_params_trigger_ui.py for tasks to queue
[2025-02-23T20:31:30.558+0000] {logging_mixin.py:190} INFO - [2025-02-23T20:31:30.557+0000] {dagbag.py:588} INFO - Filling up the DagBag from /home/airflow/.local/lib/python3.12/site-packages/airflow/example_dags/example_params_trigger_ui.py
[2025-02-23T20:31:30.580+0000] {processor.py:925} INFO - DAG(s) 'example_params_trigger_ui' retrieved from /home/airflow/.local/lib/python3.12/site-packages/airflow/example_dags/example_params_trigger_ui.py
[2025-02-23T20:31:30.661+0000] {logging_mixin.py:190} INFO - [2025-02-23T20:31:30.661+0000] {dag.py:3239} INFO - Sync 1 DAGs
[2025-02-23T20:31:30.688+0000] {logging_mixin.py:190} INFO - [2025-02-23T20:31:30.688+0000] {dag.py:4180} INFO - Setting next_dagrun for example_params_trigger_ui to None, run_after=None
[2025-02-23T20:31:30.721+0000] {processor.py:208} INFO - Processing /home/airflow/.local/lib/python3.12/site-packages/airflow/example_dags/example_params_trigger_ui.py took 0.178 seconds
[2025-02-23T20:32:00.868+0000] {processor.py:186} INFO - Started process (PID=937) to work on /home/airflow/.local/lib/python3.12/site-packages/airflow/example_dags/example_params_trigger_ui.py
[2025-02-23T20:32:00.870+0000] {processor.py:914} INFO - Processing file /home/airflow/.local/lib/python3.12/site-packages/airflow/example_dags/example_params_trigger_ui.py for tasks to queue
[2025-02-23T20:32:00.873+0000] {logging_mixin.py:190} INFO - [2025-02-23T20:32:00.872+0000] {dagbag.py:588} INFO - Filling up the DagBag from /home/airflow/.local/lib/python3.12/site-packages/airflow/example_dags/example_params_trigger_ui.py
[2025-02-23T20:32:00.890+0000] {processor.py:925} INFO - DAG(s) 'example_params_trigger_ui' retrieved from /home/airflow/.local/lib/python3.12/site-packages/airflow/example_dags/example_params_trigger_ui.py
[2025-02-23T20:32:00.963+0000] {logging_mixin.py:190} INFO - [2025-02-23T20:32:00.963+0000] {dag.py:3239} INFO - Sync 1 DAGs
[2025-02-23T20:32:00.983+0000] {logging_mixin.py:190} INFO - [2025-02-23T20:32:00.983+0000] {dag.py:4180} INFO - Setting next_dagrun for example_params_trigger_ui to None, run_after=None
[2025-02-23T20:32:01.009+0000] {processor.py:208} INFO - Processing /home/airflow/.local/lib/python3.12/site-packages/airflow/example_dags/example_params_trigger_ui.py took 0.149 seconds
[2025-02-23T20:32:31.303+0000] {processor.py:186} INFO - Started process (PID=999) to work on /home/airflow/.local/lib/python3.12/site-packages/airflow/example_dags/example_params_trigger_ui.py
[2025-02-23T20:32:31.304+0000] {processor.py:914} INFO - Processing file /home/airflow/.local/lib/python3.12/site-packages/airflow/example_dags/example_params_trigger_ui.py for tasks to queue
[2025-02-23T20:32:31.307+0000] {logging_mixin.py:190} INFO - [2025-02-23T20:32:31.306+0000] {dagbag.py:588} INFO - Filling up the DagBag from /home/airflow/.local/lib/python3.12/site-packages/airflow/example_dags/example_params_trigger_ui.py
[2025-02-23T20:32:31.323+0000] {processor.py:925} INFO - DAG(s) 'example_params_trigger_ui' retrieved from /home/airflow/.local/lib/python3.12/site-packages/airflow/example_dags/example_params_trigger_ui.py
[2025-02-23T20:32:31.390+0000] {logging_mixin.py:190} INFO - [2025-02-23T20:32:31.390+0000] {dag.py:3239} INFO - Sync 1 DAGs
[2025-02-23T20:32:31.409+0000] {logging_mixin.py:190} INFO - [2025-02-23T20:32:31.409+0000] {dag.py:4180} INFO - Setting next_dagrun for example_params_trigger_ui to None, run_after=None
[2025-02-23T20:32:31.433+0000] {processor.py:208} INFO - Processing /home/airflow/.local/lib/python3.12/site-packages/airflow/example_dags/example_params_trigger_ui.py took 0.138 seconds
[2025-02-23T20:33:01.616+0000] {processor.py:186} INFO - Started process (PID=1062) to work on /home/airflow/.local/lib/python3.12/site-packages/airflow/example_dags/example_params_trigger_ui.py
[2025-02-23T20:33:01.618+0000] {processor.py:914} INFO - Processing file /home/airflow/.local/lib/python3.12/site-packages/airflow/example_dags/example_params_trigger_ui.py for tasks to queue
[2025-02-23T20:33:01.621+0000] {logging_mixin.py:190} INFO - [2025-02-23T20:33:01.621+0000] {dagbag.py:588} INFO - Filling up the DagBag from /home/airflow/.local/lib/python3.12/site-packages/airflow/example_dags/example_params_trigger_ui.py
[2025-02-23T20:33:01.634+0000] {processor.py:925} INFO - DAG(s) 'example_params_trigger_ui' retrieved from /home/airflow/.local/lib/python3.12/site-packages/airflow/example_dags/example_params_trigger_ui.py
[2025-02-23T20:33:01.712+0000] {logging_mixin.py:190} INFO - [2025-02-23T20:33:01.711+0000] {dag.py:3239} INFO - Sync 1 DAGs
[2025-02-23T20:33:01.734+0000] {logging_mixin.py:190} INFO - [2025-02-23T20:33:01.734+0000] {dag.py:4180} INFO - Setting next_dagrun for example_params_trigger_ui to None, run_after=None
[2025-02-23T20:33:01.759+0000] {processor.py:208} INFO - Processing /home/airflow/.local/lib/python3.12/site-packages/airflow/example_dags/example_params_trigger_ui.py took 0.152 seconds
[2025-02-23T20:33:32.295+0000] {processor.py:186} INFO - Started process (PID=1124) to work on /home/airflow/.local/lib/python3.12/site-packages/airflow/example_dags/example_params_trigger_ui.py
[2025-02-23T20:33:32.296+0000] {processor.py:914} INFO - Processing file /home/airflow/.local/lib/python3.12/site-packages/airflow/example_dags/example_params_trigger_ui.py for tasks to queue
[2025-02-23T20:33:32.299+0000] {logging_mixin.py:190} INFO - [2025-02-23T20:33:32.298+0000] {dagbag.py:588} INFO - Filling up the DagBag from /home/airflow/.local/lib/python3.12/site-packages/airflow/example_dags/example_params_trigger_ui.py
[2025-02-23T20:33:32.313+0000] {processor.py:925} INFO - DAG(s) 'example_params_trigger_ui' retrieved from /home/airflow/.local/lib/python3.12/site-packages/airflow/example_dags/example_params_trigger_ui.py
[2025-02-23T20:33:32.377+0000] {logging_mixin.py:190} INFO - [2025-02-23T20:33:32.377+0000] {dag.py:3239} INFO - Sync 1 DAGs
[2025-02-23T20:33:32.400+0000] {logging_mixin.py:190} INFO - [2025-02-23T20:33:32.399+0000] {dag.py:4180} INFO - Setting next_dagrun for example_params_trigger_ui to None, run_after=None
[2025-02-23T20:33:32.425+0000] {processor.py:208} INFO - Processing /home/airflow/.local/lib/python3.12/site-packages/airflow/example_dags/example_params_trigger_ui.py took 0.137 seconds
[2025-02-23T20:34:03.931+0000] {processor.py:186} INFO - Started process (PID=1187) to work on /home/airflow/.local/lib/python3.12/site-packages/airflow/example_dags/example_params_trigger_ui.py
[2025-02-23T20:34:03.932+0000] {processor.py:914} INFO - Processing file /home/airflow/.local/lib/python3.12/site-packages/airflow/example_dags/example_params_trigger_ui.py for tasks to queue
[2025-02-23T20:34:03.935+0000] {logging_mixin.py:190} INFO - [2025-02-23T20:34:03.934+0000] {dagbag.py:588} INFO - Filling up the DagBag from /home/airflow/.local/lib/python3.12/site-packages/airflow/example_dags/example_params_trigger_ui.py
[2025-02-23T20:34:03.950+0000] {processor.py:925} INFO - DAG(s) 'example_params_trigger_ui' retrieved from /home/airflow/.local/lib/python3.12/site-packages/airflow/example_dags/example_params_trigger_ui.py
[2025-02-23T20:34:04.010+0000] {logging_mixin.py:190} INFO - [2025-02-23T20:34:04.010+0000] {dag.py:3239} INFO - Sync 1 DAGs
[2025-02-23T20:34:04.031+0000] {logging_mixin.py:190} INFO - [2025-02-23T20:34:04.030+0000] {dag.py:4180} INFO - Setting next_dagrun for example_params_trigger_ui to None, run_after=None
[2025-02-23T20:34:04.057+0000] {processor.py:208} INFO - Processing /home/airflow/.local/lib/python3.12/site-packages/airflow/example_dags/example_params_trigger_ui.py took 0.133 seconds
[2025-02-23T20:34:35.159+0000] {processor.py:186} INFO - Started process (PID=1250) to work on /home/airflow/.local/lib/python3.12/site-packages/airflow/example_dags/example_params_trigger_ui.py
[2025-02-23T20:34:35.160+0000] {processor.py:914} INFO - Processing file /home/airflow/.local/lib/python3.12/site-packages/airflow/example_dags/example_params_trigger_ui.py for tasks to queue
[2025-02-23T20:34:35.163+0000] {logging_mixin.py:190} INFO - [2025-02-23T20:34:35.163+0000] {dagbag.py:588} INFO - Filling up the DagBag from /home/airflow/.local/lib/python3.12/site-packages/airflow/example_dags/example_params_trigger_ui.py
[2025-02-23T20:34:35.177+0000] {processor.py:925} INFO - DAG(s) 'example_params_trigger_ui' retrieved from /home/airflow/.local/lib/python3.12/site-packages/airflow/example_dags/example_params_trigger_ui.py
[2025-02-23T20:34:35.237+0000] {logging_mixin.py:190} INFO - [2025-02-23T20:34:35.236+0000] {dag.py:3239} INFO - Sync 1 DAGs
[2025-02-23T20:34:35.257+0000] {logging_mixin.py:190} INFO - [2025-02-23T20:34:35.257+0000] {dag.py:4180} INFO - Setting next_dagrun for example_params_trigger_ui to None, run_after=None
[2025-02-23T20:34:35.282+0000] {processor.py:208} INFO - Processing /home/airflow/.local/lib/python3.12/site-packages/airflow/example_dags/example_params_trigger_ui.py took 0.130 seconds
[2025-02-23T20:35:06.379+0000] {processor.py:186} INFO - Started process (PID=1313) to work on /home/airflow/.local/lib/python3.12/site-packages/airflow/example_dags/example_params_trigger_ui.py
[2025-02-23T20:35:06.381+0000] {processor.py:914} INFO - Processing file /home/airflow/.local/lib/python3.12/site-packages/airflow/example_dags/example_params_trigger_ui.py for tasks to queue
[2025-02-23T20:35:06.383+0000] {logging_mixin.py:190} INFO - [2025-02-23T20:35:06.383+0000] {dagbag.py:588} INFO - Filling up the DagBag from /home/airflow/.local/lib/python3.12/site-packages/airflow/example_dags/example_params_trigger_ui.py
[2025-02-23T20:35:06.398+0000] {processor.py:925} INFO - DAG(s) 'example_params_trigger_ui' retrieved from /home/airflow/.local/lib/python3.12/site-packages/airflow/example_dags/example_params_trigger_ui.py
[2025-02-23T20:35:06.466+0000] {logging_mixin.py:190} INFO - [2025-02-23T20:35:06.466+0000] {dag.py:3239} INFO - Sync 1 DAGs
[2025-02-23T20:35:06.489+0000] {logging_mixin.py:190} INFO - [2025-02-23T20:35:06.489+0000] {dag.py:4180} INFO - Setting next_dagrun for example_params_trigger_ui to None, run_after=None
[2025-02-23T20:35:06.520+0000] {processor.py:208} INFO - Processing /home/airflow/.local/lib/python3.12/site-packages/airflow/example_dags/example_params_trigger_ui.py took 0.148 seconds
[2025-02-23T20:35:36.698+0000] {processor.py:186} INFO - Started process (PID=1376) to work on /home/airflow/.local/lib/python3.12/site-packages/airflow/example_dags/example_params_trigger_ui.py
[2025-02-23T20:35:36.700+0000] {processor.py:914} INFO - Processing file /home/airflow/.local/lib/python3.12/site-packages/airflow/example_dags/example_params_trigger_ui.py for tasks to queue
[2025-02-23T20:35:36.703+0000] {logging_mixin.py:190} INFO - [2025-02-23T20:35:36.702+0000] {dagbag.py:588} INFO - Filling up the DagBag from /home/airflow/.local/lib/python3.12/site-packages/airflow/example_dags/example_params_trigger_ui.py
[2025-02-23T20:35:36.716+0000] {processor.py:925} INFO - DAG(s) 'example_params_trigger_ui' retrieved from /home/airflow/.local/lib/python3.12/site-packages/airflow/example_dags/example_params_trigger_ui.py
[2025-02-23T20:35:36.779+0000] {logging_mixin.py:190} INFO - [2025-02-23T20:35:36.779+0000] {dag.py:3239} INFO - Sync 1 DAGs
[2025-02-23T20:35:36.801+0000] {logging_mixin.py:190} INFO - [2025-02-23T20:35:36.801+0000] {dag.py:4180} INFO - Setting next_dagrun for example_params_trigger_ui to None, run_after=None
[2025-02-23T20:35:36.828+0000] {processor.py:208} INFO - Processing /home/airflow/.local/lib/python3.12/site-packages/airflow/example_dags/example_params_trigger_ui.py took 0.137 seconds
[2025-02-23T20:36:07.899+0000] {processor.py:186} INFO - Started process (PID=1439) to work on /home/airflow/.local/lib/python3.12/site-packages/airflow/example_dags/example_params_trigger_ui.py
[2025-02-23T20:36:07.900+0000] {processor.py:914} INFO - Processing file /home/airflow/.local/lib/python3.12/site-packages/airflow/example_dags/example_params_trigger_ui.py for tasks to queue
[2025-02-23T20:36:07.902+0000] {logging_mixin.py:190} INFO - [2025-02-23T20:36:07.902+0000] {dagbag.py:588} INFO - Filling up the DagBag from /home/airflow/.local/lib/python3.12/site-packages/airflow/example_dags/example_params_trigger_ui.py
[2025-02-23T20:36:07.916+0000] {processor.py:925} INFO - DAG(s) 'example_params_trigger_ui' retrieved from /home/airflow/.local/lib/python3.12/site-packages/airflow/example_dags/example_params_trigger_ui.py
[2025-02-23T20:36:07.986+0000] {logging_mixin.py:190} INFO - [2025-02-23T20:36:07.985+0000] {dag.py:3239} INFO - Sync 1 DAGs
[2025-02-23T20:36:08.005+0000] {logging_mixin.py:190} INFO - [2025-02-23T20:36:08.005+0000] {dag.py:4180} INFO - Setting next_dagrun for example_params_trigger_ui to None, run_after=None
[2025-02-23T20:36:08.032+0000] {processor.py:208} INFO - Processing /home/airflow/.local/lib/python3.12/site-packages/airflow/example_dags/example_params_trigger_ui.py took 0.141 seconds
[2025-02-23T20:36:39.212+0000] {processor.py:186} INFO - Started process (PID=1503) to work on /home/airflow/.local/lib/python3.12/site-packages/airflow/example_dags/example_params_trigger_ui.py
[2025-02-23T20:36:39.213+0000] {processor.py:914} INFO - Processing file /home/airflow/.local/lib/python3.12/site-packages/airflow/example_dags/example_params_trigger_ui.py for tasks to queue
[2025-02-23T20:36:39.216+0000] {logging_mixin.py:190} INFO - [2025-02-23T20:36:39.215+0000] {dagbag.py:588} INFO - Filling up the DagBag from /home/airflow/.local/lib/python3.12/site-packages/airflow/example_dags/example_params_trigger_ui.py
[2025-02-23T20:36:39.230+0000] {processor.py:925} INFO - DAG(s) 'example_params_trigger_ui' retrieved from /home/airflow/.local/lib/python3.12/site-packages/airflow/example_dags/example_params_trigger_ui.py
[2025-02-23T20:36:39.289+0000] {logging_mixin.py:190} INFO - [2025-02-23T20:36:39.289+0000] {dag.py:3239} INFO - Sync 1 DAGs
[2025-02-23T20:36:39.309+0000] {logging_mixin.py:190} INFO - [2025-02-23T20:36:39.309+0000] {dag.py:4180} INFO - Setting next_dagrun for example_params_trigger_ui to None, run_after=None
[2025-02-23T20:36:39.333+0000] {processor.py:208} INFO - Processing /home/airflow/.local/lib/python3.12/site-packages/airflow/example_dags/example_params_trigger_ui.py took 0.128 seconds
[2025-02-23T20:37:10.012+0000] {processor.py:186} INFO - Started process (PID=1566) to work on /home/airflow/.local/lib/python3.12/site-packages/airflow/example_dags/example_params_trigger_ui.py
[2025-02-23T20:37:10.013+0000] {processor.py:914} INFO - Processing file /home/airflow/.local/lib/python3.12/site-packages/airflow/example_dags/example_params_trigger_ui.py for tasks to queue
[2025-02-23T20:37:10.015+0000] {logging_mixin.py:190} INFO - [2025-02-23T20:37:10.015+0000] {dagbag.py:588} INFO - Filling up the DagBag from /home/airflow/.local/lib/python3.12/site-packages/airflow/example_dags/example_params_trigger_ui.py
[2025-02-23T20:37:10.029+0000] {processor.py:925} INFO - DAG(s) 'example_params_trigger_ui' retrieved from /home/airflow/.local/lib/python3.12/site-packages/airflow/example_dags/example_params_trigger_ui.py
[2025-02-23T20:37:10.090+0000] {logging_mixin.py:190} INFO - [2025-02-23T20:37:10.090+0000] {dag.py:3239} INFO - Sync 1 DAGs
[2025-02-23T20:37:10.109+0000] {logging_mixin.py:190} INFO - [2025-02-23T20:37:10.109+0000] {dag.py:4180} INFO - Setting next_dagrun for example_params_trigger_ui to None, run_after=None
[2025-02-23T20:37:10.134+0000] {processor.py:208} INFO - Processing /home/airflow/.local/lib/python3.12/site-packages/airflow/example_dags/example_params_trigger_ui.py took 0.130 seconds
[2025-02-23T20:37:40.772+0000] {processor.py:186} INFO - Started process (PID=1629) to work on /home/airflow/.local/lib/python3.12/site-packages/airflow/example_dags/example_params_trigger_ui.py
[2025-02-23T20:37:40.774+0000] {processor.py:914} INFO - Processing file /home/airflow/.local/lib/python3.12/site-packages/airflow/example_dags/example_params_trigger_ui.py for tasks to queue
[2025-02-23T20:37:40.777+0000] {logging_mixin.py:190} INFO - [2025-02-23T20:37:40.777+0000] {dagbag.py:588} INFO - Filling up the DagBag from /home/airflow/.local/lib/python3.12/site-packages/airflow/example_dags/example_params_trigger_ui.py
[2025-02-23T20:37:40.791+0000] {processor.py:925} INFO - DAG(s) 'example_params_trigger_ui' retrieved from /home/airflow/.local/lib/python3.12/site-packages/airflow/example_dags/example_params_trigger_ui.py
[2025-02-23T20:37:40.850+0000] {logging_mixin.py:190} INFO - [2025-02-23T20:37:40.849+0000] {dag.py:3239} INFO - Sync 1 DAGs
[2025-02-23T20:37:40.868+0000] {logging_mixin.py:190} INFO - [2025-02-23T20:37:40.868+0000] {dag.py:4180} INFO - Setting next_dagrun for example_params_trigger_ui to None, run_after=None
[2025-02-23T20:37:40.896+0000] {processor.py:208} INFO - Processing /home/airflow/.local/lib/python3.12/site-packages/airflow/example_dags/example_params_trigger_ui.py took 0.131 seconds
[2025-02-23T20:38:12.044+0000] {processor.py:186} INFO - Started process (PID=1692) to work on /home/airflow/.local/lib/python3.12/site-packages/airflow/example_dags/example_params_trigger_ui.py
[2025-02-23T20:38:12.046+0000] {processor.py:914} INFO - Processing file /home/airflow/.local/lib/python3.12/site-packages/airflow/example_dags/example_params_trigger_ui.py for tasks to queue
[2025-02-23T20:38:12.049+0000] {logging_mixin.py:190} INFO - [2025-02-23T20:38:12.048+0000] {dagbag.py:588} INFO - Filling up the DagBag from /home/airflow/.local/lib/python3.12/site-packages/airflow/example_dags/example_params_trigger_ui.py
[2025-02-23T20:38:12.066+0000] {processor.py:925} INFO - DAG(s) 'example_params_trigger_ui' retrieved from /home/airflow/.local/lib/python3.12/site-packages/airflow/example_dags/example_params_trigger_ui.py
[2025-02-23T20:38:12.146+0000] {logging_mixin.py:190} INFO - [2025-02-23T20:38:12.145+0000] {dag.py:3239} INFO - Sync 1 DAGs
[2025-02-23T20:38:12.169+0000] {logging_mixin.py:190} INFO - [2025-02-23T20:38:12.169+0000] {dag.py:4180} INFO - Setting next_dagrun for example_params_trigger_ui to None, run_after=None
[2025-02-23T20:38:12.197+0000] {processor.py:208} INFO - Processing /home/airflow/.local/lib/python3.12/site-packages/airflow/example_dags/example_params_trigger_ui.py took 0.161 seconds
[2025-02-23T20:38:43.584+0000] {processor.py:186} INFO - Started process (PID=1755) to work on /home/airflow/.local/lib/python3.12/site-packages/airflow/example_dags/example_params_trigger_ui.py
[2025-02-23T20:38:43.586+0000] {processor.py:914} INFO - Processing file /home/airflow/.local/lib/python3.12/site-packages/airflow/example_dags/example_params_trigger_ui.py for tasks to queue
[2025-02-23T20:38:43.588+0000] {logging_mixin.py:190} INFO - [2025-02-23T20:38:43.588+0000] {dagbag.py:588} INFO - Filling up the DagBag from /home/airflow/.local/lib/python3.12/site-packages/airflow/example_dags/example_params_trigger_ui.py
[2025-02-23T20:38:43.605+0000] {processor.py:925} INFO - DAG(s) 'example_params_trigger_ui' retrieved from /home/airflow/.local/lib/python3.12/site-packages/airflow/example_dags/example_params_trigger_ui.py
[2025-02-23T20:38:43.674+0000] {logging_mixin.py:190} INFO - [2025-02-23T20:38:43.674+0000] {dag.py:3239} INFO - Sync 1 DAGs
[2025-02-23T20:38:43.699+0000] {logging_mixin.py:190} INFO - [2025-02-23T20:38:43.699+0000] {dag.py:4180} INFO - Setting next_dagrun for example_params_trigger_ui to None, run_after=None
[2025-02-23T20:38:43.730+0000] {processor.py:208} INFO - Processing /home/airflow/.local/lib/python3.12/site-packages/airflow/example_dags/example_params_trigger_ui.py took 0.154 seconds
[2025-02-23T20:39:14.641+0000] {processor.py:186} INFO - Started process (PID=1818) to work on /home/airflow/.local/lib/python3.12/site-packages/airflow/example_dags/example_params_trigger_ui.py
[2025-02-23T20:39:14.642+0000] {processor.py:914} INFO - Processing file /home/airflow/.local/lib/python3.12/site-packages/airflow/example_dags/example_params_trigger_ui.py for tasks to queue
[2025-02-23T20:39:14.645+0000] {logging_mixin.py:190} INFO - [2025-02-23T20:39:14.644+0000] {dagbag.py:588} INFO - Filling up the DagBag from /home/airflow/.local/lib/python3.12/site-packages/airflow/example_dags/example_params_trigger_ui.py
[2025-02-23T20:39:14.660+0000] {processor.py:925} INFO - DAG(s) 'example_params_trigger_ui' retrieved from /home/airflow/.local/lib/python3.12/site-packages/airflow/example_dags/example_params_trigger_ui.py
[2025-02-23T20:39:14.727+0000] {logging_mixin.py:190} INFO - [2025-02-23T20:39:14.727+0000] {dag.py:3239} INFO - Sync 1 DAGs
[2025-02-23T20:39:14.748+0000] {logging_mixin.py:190} INFO - [2025-02-23T20:39:14.748+0000] {dag.py:4180} INFO - Setting next_dagrun for example_params_trigger_ui to None, run_after=None
[2025-02-23T20:39:14.779+0000] {processor.py:208} INFO - Processing /home/airflow/.local/lib/python3.12/site-packages/airflow/example_dags/example_params_trigger_ui.py took 0.146 seconds
[2025-02-23T20:39:44.930+0000] {processor.py:186} INFO - Started process (PID=1881) to work on /home/airflow/.local/lib/python3.12/site-packages/airflow/example_dags/example_params_trigger_ui.py
[2025-02-23T20:39:44.931+0000] {processor.py:914} INFO - Processing file /home/airflow/.local/lib/python3.12/site-packages/airflow/example_dags/example_params_trigger_ui.py for tasks to queue
[2025-02-23T20:39:44.934+0000] {logging_mixin.py:190} INFO - [2025-02-23T20:39:44.933+0000] {dagbag.py:588} INFO - Filling up the DagBag from /home/airflow/.local/lib/python3.12/site-packages/airflow/example_dags/example_params_trigger_ui.py
[2025-02-23T20:39:44.949+0000] {processor.py:925} INFO - DAG(s) 'example_params_trigger_ui' retrieved from /home/airflow/.local/lib/python3.12/site-packages/airflow/example_dags/example_params_trigger_ui.py
[2025-02-23T20:39:45.011+0000] {logging_mixin.py:190} INFO - [2025-02-23T20:39:45.011+0000] {dag.py:3239} INFO - Sync 1 DAGs
[2025-02-23T20:39:45.035+0000] {logging_mixin.py:190} INFO - [2025-02-23T20:39:45.034+0000] {dag.py:4180} INFO - Setting next_dagrun for example_params_trigger_ui to None, run_after=None
[2025-02-23T20:39:45.063+0000] {processor.py:208} INFO - Processing /home/airflow/.local/lib/python3.12/site-packages/airflow/example_dags/example_params_trigger_ui.py took 0.141 seconds
[2025-02-23T20:40:16.263+0000] {processor.py:186} INFO - Started process (PID=1944) to work on /home/airflow/.local/lib/python3.12/site-packages/airflow/example_dags/example_params_trigger_ui.py
[2025-02-23T20:40:16.264+0000] {processor.py:914} INFO - Processing file /home/airflow/.local/lib/python3.12/site-packages/airflow/example_dags/example_params_trigger_ui.py for tasks to queue
[2025-02-23T20:40:16.266+0000] {logging_mixin.py:190} INFO - [2025-02-23T20:40:16.266+0000] {dagbag.py:588} INFO - Filling up the DagBag from /home/airflow/.local/lib/python3.12/site-packages/airflow/example_dags/example_params_trigger_ui.py
[2025-02-23T20:40:16.281+0000] {processor.py:925} INFO - DAG(s) 'example_params_trigger_ui' retrieved from /home/airflow/.local/lib/python3.12/site-packages/airflow/example_dags/example_params_trigger_ui.py
[2025-02-23T20:40:16.353+0000] {logging_mixin.py:190} INFO - [2025-02-23T20:40:16.353+0000] {dag.py:3239} INFO - Sync 1 DAGs
[2025-02-23T20:40:16.376+0000] {logging_mixin.py:190} INFO - [2025-02-23T20:40:16.375+0000] {dag.py:4180} INFO - Setting next_dagrun for example_params_trigger_ui to None, run_after=None
[2025-02-23T20:40:16.401+0000] {processor.py:208} INFO - Processing /home/airflow/.local/lib/python3.12/site-packages/airflow/example_dags/example_params_trigger_ui.py took 0.146 seconds
[2025-02-23T20:40:47.307+0000] {processor.py:186} INFO - Started process (PID=2007) to work on /home/airflow/.local/lib/python3.12/site-packages/airflow/example_dags/example_params_trigger_ui.py
[2025-02-23T20:40:47.309+0000] {processor.py:914} INFO - Processing file /home/airflow/.local/lib/python3.12/site-packages/airflow/example_dags/example_params_trigger_ui.py for tasks to queue
[2025-02-23T20:40:47.311+0000] {logging_mixin.py:190} INFO - [2025-02-23T20:40:47.311+0000] {dagbag.py:588} INFO - Filling up the DagBag from /home/airflow/.local/lib/python3.12/site-packages/airflow/example_dags/example_params_trigger_ui.py
[2025-02-23T20:40:47.326+0000] {processor.py:925} INFO - DAG(s) 'example_params_trigger_ui' retrieved from /home/airflow/.local/lib/python3.12/site-packages/airflow/example_dags/example_params_trigger_ui.py
[2025-02-23T20:40:47.393+0000] {logging_mixin.py:190} INFO - [2025-02-23T20:40:47.392+0000] {dag.py:3239} INFO - Sync 1 DAGs
[2025-02-23T20:40:47.413+0000] {logging_mixin.py:190} INFO - [2025-02-23T20:40:47.413+0000] {dag.py:4180} INFO - Setting next_dagrun for example_params_trigger_ui to None, run_after=None
[2025-02-23T20:40:47.440+0000] {processor.py:208} INFO - Processing /home/airflow/.local/lib/python3.12/site-packages/airflow/example_dags/example_params_trigger_ui.py took 0.141 seconds
[2025-02-23T20:41:18.136+0000] {processor.py:186} INFO - Started process (PID=2070) to work on /home/airflow/.local/lib/python3.12/site-packages/airflow/example_dags/example_params_trigger_ui.py
[2025-02-23T20:41:18.137+0000] {processor.py:914} INFO - Processing file /home/airflow/.local/lib/python3.12/site-packages/airflow/example_dags/example_params_trigger_ui.py for tasks to queue
[2025-02-23T20:41:18.139+0000] {logging_mixin.py:190} INFO - [2025-02-23T20:41:18.139+0000] {dagbag.py:588} INFO - Filling up the DagBag from /home/airflow/.local/lib/python3.12/site-packages/airflow/example_dags/example_params_trigger_ui.py
[2025-02-23T20:41:18.154+0000] {processor.py:925} INFO - DAG(s) 'example_params_trigger_ui' retrieved from /home/airflow/.local/lib/python3.12/site-packages/airflow/example_dags/example_params_trigger_ui.py
[2025-02-23T20:41:18.222+0000] {logging_mixin.py:190} INFO - [2025-02-23T20:41:18.222+0000] {dag.py:3239} INFO - Sync 1 DAGs
[2025-02-23T20:41:18.246+0000] {logging_mixin.py:190} INFO - [2025-02-23T20:41:18.246+0000] {dag.py:4180} INFO - Setting next_dagrun for example_params_trigger_ui to None, run_after=None
[2025-02-23T20:41:18.274+0000] {processor.py:208} INFO - Processing /home/airflow/.local/lib/python3.12/site-packages/airflow/example_dags/example_params_trigger_ui.py took 0.146 seconds
[2025-02-23T20:41:48.496+0000] {processor.py:186} INFO - Started process (PID=2133) to work on /home/airflow/.local/lib/python3.12/site-packages/airflow/example_dags/example_params_trigger_ui.py
[2025-02-23T20:41:48.497+0000] {processor.py:914} INFO - Processing file /home/airflow/.local/lib/python3.12/site-packages/airflow/example_dags/example_params_trigger_ui.py for tasks to queue
[2025-02-23T20:41:48.499+0000] {logging_mixin.py:190} INFO - [2025-02-23T20:41:48.499+0000] {dagbag.py:588} INFO - Filling up the DagBag from /home/airflow/.local/lib/python3.12/site-packages/airflow/example_dags/example_params_trigger_ui.py
[2025-02-23T20:41:48.514+0000] {processor.py:925} INFO - DAG(s) 'example_params_trigger_ui' retrieved from /home/airflow/.local/lib/python3.12/site-packages/airflow/example_dags/example_params_trigger_ui.py
[2025-02-23T20:41:48.583+0000] {logging_mixin.py:190} INFO - [2025-02-23T20:41:48.583+0000] {dag.py:3239} INFO - Sync 1 DAGs
[2025-02-23T20:41:48.607+0000] {logging_mixin.py:190} INFO - [2025-02-23T20:41:48.607+0000] {dag.py:4180} INFO - Setting next_dagrun for example_params_trigger_ui to None, run_after=None
[2025-02-23T20:41:48.635+0000] {processor.py:208} INFO - Processing /home/airflow/.local/lib/python3.12/site-packages/airflow/example_dags/example_params_trigger_ui.py took 0.147 seconds
[2025-02-23T20:42:20.429+0000] {processor.py:186} INFO - Started process (PID=2196) to work on /home/airflow/.local/lib/python3.12/site-packages/airflow/example_dags/example_params_trigger_ui.py
[2025-02-23T20:42:20.431+0000] {processor.py:914} INFO - Processing file /home/airflow/.local/lib/python3.12/site-packages/airflow/example_dags/example_params_trigger_ui.py for tasks to queue
[2025-02-23T20:42:20.433+0000] {logging_mixin.py:190} INFO - [2025-02-23T20:42:20.433+0000] {dagbag.py:588} INFO - Filling up the DagBag from /home/airflow/.local/lib/python3.12/site-packages/airflow/example_dags/example_params_trigger_ui.py
[2025-02-23T20:42:20.451+0000] {processor.py:925} INFO - DAG(s) 'example_params_trigger_ui' retrieved from /home/airflow/.local/lib/python3.12/site-packages/airflow/example_dags/example_params_trigger_ui.py
[2025-02-23T20:42:20.540+0000] {logging_mixin.py:190} INFO - [2025-02-23T20:42:20.540+0000] {dag.py:3239} INFO - Sync 1 DAGs
[2025-02-23T20:42:20.568+0000] {logging_mixin.py:190} INFO - [2025-02-23T20:42:20.567+0000] {dag.py:4180} INFO - Setting next_dagrun for example_params_trigger_ui to None, run_after=None
[2025-02-23T20:42:20.596+0000] {processor.py:208} INFO - Processing /home/airflow/.local/lib/python3.12/site-packages/airflow/example_dags/example_params_trigger_ui.py took 0.174 seconds
[2025-02-23T20:42:50.963+0000] {processor.py:186} INFO - Started process (PID=2259) to work on /home/airflow/.local/lib/python3.12/site-packages/airflow/example_dags/example_params_trigger_ui.py
[2025-02-23T20:42:50.965+0000] {processor.py:914} INFO - Processing file /home/airflow/.local/lib/python3.12/site-packages/airflow/example_dags/example_params_trigger_ui.py for tasks to queue
[2025-02-23T20:42:50.967+0000] {logging_mixin.py:190} INFO - [2025-02-23T20:42:50.967+0000] {dagbag.py:588} INFO - Filling up the DagBag from /home/airflow/.local/lib/python3.12/site-packages/airflow/example_dags/example_params_trigger_ui.py
[2025-02-23T20:42:50.983+0000] {processor.py:925} INFO - DAG(s) 'example_params_trigger_ui' retrieved from /home/airflow/.local/lib/python3.12/site-packages/airflow/example_dags/example_params_trigger_ui.py
[2025-02-23T20:42:51.065+0000] {logging_mixin.py:190} INFO - [2025-02-23T20:42:51.064+0000] {dag.py:3239} INFO - Sync 1 DAGs
[2025-02-23T20:42:51.088+0000] {logging_mixin.py:190} INFO - [2025-02-23T20:42:51.088+0000] {dag.py:4180} INFO - Setting next_dagrun for example_params_trigger_ui to None, run_after=None
[2025-02-23T20:42:51.117+0000] {processor.py:208} INFO - Processing /home/airflow/.local/lib/python3.12/site-packages/airflow/example_dags/example_params_trigger_ui.py took 0.162 seconds
[2025-02-23T20:43:22.109+0000] {processor.py:186} INFO - Started process (PID=2322) to work on /home/airflow/.local/lib/python3.12/site-packages/airflow/example_dags/example_params_trigger_ui.py
[2025-02-23T20:43:22.111+0000] {processor.py:914} INFO - Processing file /home/airflow/.local/lib/python3.12/site-packages/airflow/example_dags/example_params_trigger_ui.py for tasks to queue
[2025-02-23T20:43:22.113+0000] {logging_mixin.py:190} INFO - [2025-02-23T20:43:22.113+0000] {dagbag.py:588} INFO - Filling up the DagBag from /home/airflow/.local/lib/python3.12/site-packages/airflow/example_dags/example_params_trigger_ui.py
[2025-02-23T20:43:22.128+0000] {processor.py:925} INFO - DAG(s) 'example_params_trigger_ui' retrieved from /home/airflow/.local/lib/python3.12/site-packages/airflow/example_dags/example_params_trigger_ui.py
[2025-02-23T20:43:22.197+0000] {logging_mixin.py:190} INFO - [2025-02-23T20:43:22.196+0000] {dag.py:3239} INFO - Sync 1 DAGs
[2025-02-23T20:43:22.217+0000] {logging_mixin.py:190} INFO - [2025-02-23T20:43:22.217+0000] {dag.py:4180} INFO - Setting next_dagrun for example_params_trigger_ui to None, run_after=None
[2025-02-23T20:43:22.243+0000] {processor.py:208} INFO - Processing /home/airflow/.local/lib/python3.12/site-packages/airflow/example_dags/example_params_trigger_ui.py took 0.142 seconds
[2025-02-23T20:43:53.353+0000] {processor.py:186} INFO - Started process (PID=2386) to work on /home/airflow/.local/lib/python3.12/site-packages/airflow/example_dags/example_params_trigger_ui.py
[2025-02-23T20:43:53.355+0000] {processor.py:914} INFO - Processing file /home/airflow/.local/lib/python3.12/site-packages/airflow/example_dags/example_params_trigger_ui.py for tasks to queue
[2025-02-23T20:43:53.358+0000] {logging_mixin.py:190} INFO - [2025-02-23T20:43:53.357+0000] {dagbag.py:588} INFO - Filling up the DagBag from /home/airflow/.local/lib/python3.12/site-packages/airflow/example_dags/example_params_trigger_ui.py
[2025-02-23T20:43:53.374+0000] {processor.py:925} INFO - DAG(s) 'example_params_trigger_ui' retrieved from /home/airflow/.local/lib/python3.12/site-packages/airflow/example_dags/example_params_trigger_ui.py
[2025-02-23T20:43:53.448+0000] {logging_mixin.py:190} INFO - [2025-02-23T20:43:53.448+0000] {dag.py:3239} INFO - Sync 1 DAGs
[2025-02-23T20:43:53.474+0000] {logging_mixin.py:190} INFO - [2025-02-23T20:43:53.474+0000] {dag.py:4180} INFO - Setting next_dagrun for example_params_trigger_ui to None, run_after=None
[2025-02-23T20:43:53.501+0000] {processor.py:208} INFO - Processing /home/airflow/.local/lib/python3.12/site-packages/airflow/example_dags/example_params_trigger_ui.py took 0.155 seconds
[2025-02-23T20:44:23.872+0000] {processor.py:186} INFO - Started process (PID=2449) to work on /home/airflow/.local/lib/python3.12/site-packages/airflow/example_dags/example_params_trigger_ui.py
[2025-02-23T20:44:23.874+0000] {processor.py:914} INFO - Processing file /home/airflow/.local/lib/python3.12/site-packages/airflow/example_dags/example_params_trigger_ui.py for tasks to queue
[2025-02-23T20:44:23.878+0000] {logging_mixin.py:190} INFO - [2025-02-23T20:44:23.877+0000] {dagbag.py:588} INFO - Filling up the DagBag from /home/airflow/.local/lib/python3.12/site-packages/airflow/example_dags/example_params_trigger_ui.py
[2025-02-23T20:44:23.897+0000] {processor.py:925} INFO - DAG(s) 'example_params_trigger_ui' retrieved from /home/airflow/.local/lib/python3.12/site-packages/airflow/example_dags/example_params_trigger_ui.py
[2025-02-23T20:44:23.965+0000] {logging_mixin.py:190} INFO - [2025-02-23T20:44:23.964+0000] {dag.py:3239} INFO - Sync 1 DAGs
[2025-02-23T20:44:23.987+0000] {logging_mixin.py:190} INFO - [2025-02-23T20:44:23.987+0000] {dag.py:4180} INFO - Setting next_dagrun for example_params_trigger_ui to None, run_after=None
[2025-02-23T20:44:24.015+0000] {processor.py:208} INFO - Processing /home/airflow/.local/lib/python3.12/site-packages/airflow/example_dags/example_params_trigger_ui.py took 0.152 seconds
[2025-02-23T20:44:55.150+0000] {processor.py:186} INFO - Started process (PID=2513) to work on /home/airflow/.local/lib/python3.12/site-packages/airflow/example_dags/example_params_trigger_ui.py
[2025-02-23T20:44:55.151+0000] {processor.py:914} INFO - Processing file /home/airflow/.local/lib/python3.12/site-packages/airflow/example_dags/example_params_trigger_ui.py for tasks to queue
[2025-02-23T20:44:55.154+0000] {logging_mixin.py:190} INFO - [2025-02-23T20:44:55.154+0000] {dagbag.py:588} INFO - Filling up the DagBag from /home/airflow/.local/lib/python3.12/site-packages/airflow/example_dags/example_params_trigger_ui.py
[2025-02-23T20:44:55.168+0000] {processor.py:925} INFO - DAG(s) 'example_params_trigger_ui' retrieved from /home/airflow/.local/lib/python3.12/site-packages/airflow/example_dags/example_params_trigger_ui.py
[2025-02-23T20:44:55.247+0000] {logging_mixin.py:190} INFO - [2025-02-23T20:44:55.246+0000] {dag.py:3239} INFO - Sync 1 DAGs
[2025-02-23T20:44:55.271+0000] {logging_mixin.py:190} INFO - [2025-02-23T20:44:55.270+0000] {dag.py:4180} INFO - Setting next_dagrun for example_params_trigger_ui to None, run_after=None
[2025-02-23T20:44:55.298+0000] {processor.py:208} INFO - Processing /home/airflow/.local/lib/python3.12/site-packages/airflow/example_dags/example_params_trigger_ui.py took 0.155 seconds
[2025-02-23T20:45:26.740+0000] {processor.py:186} INFO - Started process (PID=2576) to work on /home/airflow/.local/lib/python3.12/site-packages/airflow/example_dags/example_params_trigger_ui.py
[2025-02-23T20:45:26.742+0000] {processor.py:914} INFO - Processing file /home/airflow/.local/lib/python3.12/site-packages/airflow/example_dags/example_params_trigger_ui.py for tasks to queue
[2025-02-23T20:45:26.745+0000] {logging_mixin.py:190} INFO - [2025-02-23T20:45:26.744+0000] {dagbag.py:588} INFO - Filling up the DagBag from /home/airflow/.local/lib/python3.12/site-packages/airflow/example_dags/example_params_trigger_ui.py
[2025-02-23T20:45:26.760+0000] {processor.py:925} INFO - DAG(s) 'example_params_trigger_ui' retrieved from /home/airflow/.local/lib/python3.12/site-packages/airflow/example_dags/example_params_trigger_ui.py
[2025-02-23T20:45:26.827+0000] {logging_mixin.py:190} INFO - [2025-02-23T20:45:26.827+0000] {dag.py:3239} INFO - Sync 1 DAGs
[2025-02-23T20:45:26.848+0000] {logging_mixin.py:190} INFO - [2025-02-23T20:45:26.847+0000] {dag.py:4180} INFO - Setting next_dagrun for example_params_trigger_ui to None, run_after=None
[2025-02-23T20:45:26.877+0000] {processor.py:208} INFO - Processing /home/airflow/.local/lib/python3.12/site-packages/airflow/example_dags/example_params_trigger_ui.py took 0.145 seconds
