[2025-02-23T20:25:18.456+0000] {processor.py:186} INFO - Started process (PID=109) to work on /home/airflow/.local/lib/python3.12/site-packages/airflow/example_dags/example_branch_python_dop_operator_3.py
[2025-02-23T20:25:18.457+0000] {processor.py:914} INFO - Processing file /home/airflow/.local/lib/python3.12/site-packages/airflow/example_dags/example_branch_python_dop_operator_3.py for tasks to queue
[2025-02-23T20:25:18.461+0000] {logging_mixin.py:190} INFO - [2025-02-23T20:25:18.460+0000] {dagbag.py:588} INFO - Filling up the DagBag from /home/airflow/.local/lib/python3.12/site-packages/airflow/example_dags/example_branch_python_dop_operator_3.py
[2025-02-23T20:25:18.478+0000] {processor.py:925} INFO - DAG(s) 'example_branch_dop_operator_v3' retrieved from /home/airflow/.local/lib/python3.12/site-packages/airflow/example_dags/example_branch_python_dop_operator_3.py
[2025-02-23T20:25:18.629+0000] {logging_mixin.py:190} INFO - [2025-02-23T20:25:18.628+0000] {override.py:1912} INFO - Created Permission View: can read on DAG:example_branch_dop_operator_v3
[2025-02-23T20:25:18.645+0000] {logging_mixin.py:190} INFO - [2025-02-23T20:25:18.645+0000] {override.py:1912} INFO - Created Permission View: can delete on DAG:example_branch_dop_operator_v3
[2025-02-23T20:25:18.655+0000] {logging_mixin.py:190} INFO - [2025-02-23T20:25:18.654+0000] {override.py:1912} INFO - Created Permission View: can edit on DAG:example_branch_dop_operator_v3
[2025-02-23T20:25:18.666+0000] {logging_mixin.py:190} INFO - [2025-02-23T20:25:18.665+0000] {override.py:1912} INFO - Created Permission View: can create on DAG Run:example_branch_dop_operator_v3
[2025-02-23T20:25:18.677+0000] {logging_mixin.py:190} INFO - [2025-02-23T20:25:18.677+0000] {override.py:1912} INFO - Created Permission View: can read on DAG Run:example_branch_dop_operator_v3
[2025-02-23T20:25:18.686+0000] {logging_mixin.py:190} INFO - [2025-02-23T20:25:18.686+0000] {override.py:1912} INFO - Created Permission View: can delete on DAG Run:example_branch_dop_operator_v3
[2025-02-23T20:25:18.697+0000] {logging_mixin.py:190} INFO - [2025-02-23T20:25:18.696+0000] {override.py:1912} INFO - Created Permission View: menu access on DAG Run:example_branch_dop_operator_v3
[2025-02-23T20:25:18.697+0000] {logging_mixin.py:190} INFO - [2025-02-23T20:25:18.697+0000] {dag.py:3239} INFO - Sync 1 DAGs
[2025-02-23T20:25:18.714+0000] {logging_mixin.py:190} INFO - [2025-02-23T20:25:18.714+0000] {dag.py:3262} INFO - Creating ORM DAG for example_branch_dop_operator_v3
[2025-02-23T20:25:18.732+0000] {logging_mixin.py:190} INFO - [2025-02-23T20:25:18.732+0000] {dag.py:4180} INFO - Setting next_dagrun for example_branch_dop_operator_v3 to 2025-02-23 20:24:00+00:00, run_after=2025-02-23 20:25:00+00:00
[2025-02-23T20:25:18.755+0000] {processor.py:208} INFO - Processing /home/airflow/.local/lib/python3.12/site-packages/airflow/example_dags/example_branch_python_dop_operator_3.py took 0.307 seconds
[2025-02-23T20:25:48.816+0000] {processor.py:186} INFO - Started process (PID=172) to work on /home/airflow/.local/lib/python3.12/site-packages/airflow/example_dags/example_branch_python_dop_operator_3.py
[2025-02-23T20:25:48.818+0000] {processor.py:914} INFO - Processing file /home/airflow/.local/lib/python3.12/site-packages/airflow/example_dags/example_branch_python_dop_operator_3.py for tasks to queue
[2025-02-23T20:25:48.821+0000] {logging_mixin.py:190} INFO - [2025-02-23T20:25:48.820+0000] {dagbag.py:588} INFO - Filling up the DagBag from /home/airflow/.local/lib/python3.12/site-packages/airflow/example_dags/example_branch_python_dop_operator_3.py
[2025-02-23T20:25:48.839+0000] {processor.py:925} INFO - DAG(s) 'example_branch_dop_operator_v3' retrieved from /home/airflow/.local/lib/python3.12/site-packages/airflow/example_dags/example_branch_python_dop_operator_3.py
[2025-02-23T20:25:48.870+0000] {logging_mixin.py:190} INFO - [2025-02-23T20:25:48.870+0000] {dag.py:3239} INFO - Sync 1 DAGs
[2025-02-23T20:25:48.918+0000] {logging_mixin.py:190} INFO - [2025-02-23T20:25:48.918+0000] {dag.py:4180} INFO - Setting next_dagrun for example_branch_dop_operator_v3 to 2025-02-23 20:24:00+00:00, run_after=2025-02-23 20:25:00+00:00
[2025-02-23T20:25:48.947+0000] {processor.py:208} INFO - Processing /home/airflow/.local/lib/python3.12/site-packages/airflow/example_dags/example_branch_python_dop_operator_3.py took 0.140 seconds
[2025-02-23T20:26:19.305+0000] {processor.py:186} INFO - Started process (PID=235) to work on /home/airflow/.local/lib/python3.12/site-packages/airflow/example_dags/example_branch_python_dop_operator_3.py
[2025-02-23T20:26:19.306+0000] {processor.py:914} INFO - Processing file /home/airflow/.local/lib/python3.12/site-packages/airflow/example_dags/example_branch_python_dop_operator_3.py for tasks to queue
[2025-02-23T20:26:19.309+0000] {logging_mixin.py:190} INFO - [2025-02-23T20:26:19.308+0000] {dagbag.py:588} INFO - Filling up the DagBag from /home/airflow/.local/lib/python3.12/site-packages/airflow/example_dags/example_branch_python_dop_operator_3.py
[2025-02-23T20:26:19.322+0000] {processor.py:925} INFO - DAG(s) 'example_branch_dop_operator_v3' retrieved from /home/airflow/.local/lib/python3.12/site-packages/airflow/example_dags/example_branch_python_dop_operator_3.py
[2025-02-23T20:26:19.351+0000] {logging_mixin.py:190} INFO - [2025-02-23T20:26:19.351+0000] {dag.py:3239} INFO - Sync 1 DAGs
[2025-02-23T20:26:19.400+0000] {logging_mixin.py:190} INFO - [2025-02-23T20:26:19.400+0000] {dag.py:4180} INFO - Setting next_dagrun for example_branch_dop_operator_v3 to 2025-02-23 20:25:00+00:00, run_after=2025-02-23 20:26:00+00:00
[2025-02-23T20:26:19.428+0000] {processor.py:208} INFO - Processing /home/airflow/.local/lib/python3.12/site-packages/airflow/example_dags/example_branch_python_dop_operator_3.py took 0.130 seconds
[2025-02-23T20:26:50.032+0000] {processor.py:186} INFO - Started process (PID=298) to work on /home/airflow/.local/lib/python3.12/site-packages/airflow/example_dags/example_branch_python_dop_operator_3.py
[2025-02-23T20:26:50.032+0000] {processor.py:914} INFO - Processing file /home/airflow/.local/lib/python3.12/site-packages/airflow/example_dags/example_branch_python_dop_operator_3.py for tasks to queue
[2025-02-23T20:26:50.035+0000] {logging_mixin.py:190} INFO - [2025-02-23T20:26:50.035+0000] {dagbag.py:588} INFO - Filling up the DagBag from /home/airflow/.local/lib/python3.12/site-packages/airflow/example_dags/example_branch_python_dop_operator_3.py
[2025-02-23T20:26:50.048+0000] {processor.py:925} INFO - DAG(s) 'example_branch_dop_operator_v3' retrieved from /home/airflow/.local/lib/python3.12/site-packages/airflow/example_dags/example_branch_python_dop_operator_3.py
[2025-02-23T20:26:50.075+0000] {logging_mixin.py:190} INFO - [2025-02-23T20:26:50.075+0000] {dag.py:3239} INFO - Sync 1 DAGs
[2025-02-23T20:26:50.110+0000] {logging_mixin.py:190} INFO - [2025-02-23T20:26:50.110+0000] {dag.py:4180} INFO - Setting next_dagrun for example_branch_dop_operator_v3 to 2025-02-23 20:25:00+00:00, run_after=2025-02-23 20:26:00+00:00
[2025-02-23T20:26:50.138+0000] {processor.py:208} INFO - Processing /home/airflow/.local/lib/python3.12/site-packages/airflow/example_dags/example_branch_python_dop_operator_3.py took 0.114 seconds
[2025-02-23T20:27:21.040+0000] {processor.py:186} INFO - Started process (PID=360) to work on /home/airflow/.local/lib/python3.12/site-packages/airflow/example_dags/example_branch_python_dop_operator_3.py
[2025-02-23T20:27:21.042+0000] {processor.py:914} INFO - Processing file /home/airflow/.local/lib/python3.12/site-packages/airflow/example_dags/example_branch_python_dop_operator_3.py for tasks to queue
[2025-02-23T20:27:21.045+0000] {logging_mixin.py:190} INFO - [2025-02-23T20:27:21.045+0000] {dagbag.py:588} INFO - Filling up the DagBag from /home/airflow/.local/lib/python3.12/site-packages/airflow/example_dags/example_branch_python_dop_operator_3.py
[2025-02-23T20:27:21.059+0000] {processor.py:925} INFO - DAG(s) 'example_branch_dop_operator_v3' retrieved from /home/airflow/.local/lib/python3.12/site-packages/airflow/example_dags/example_branch_python_dop_operator_3.py
[2025-02-23T20:27:21.086+0000] {logging_mixin.py:190} INFO - [2025-02-23T20:27:21.086+0000] {dag.py:3239} INFO - Sync 1 DAGs
[2025-02-23T20:27:21.124+0000] {logging_mixin.py:190} INFO - [2025-02-23T20:27:21.123+0000] {dag.py:4180} INFO - Setting next_dagrun for example_branch_dop_operator_v3 to 2025-02-23 20:26:00+00:00, run_after=2025-02-23 20:27:00+00:00
[2025-02-23T20:27:21.151+0000] {processor.py:208} INFO - Processing /home/airflow/.local/lib/python3.12/site-packages/airflow/example_dags/example_branch_python_dop_operator_3.py took 0.119 seconds
[2025-02-23T20:27:51.987+0000] {processor.py:186} INFO - Started process (PID=423) to work on /home/airflow/.local/lib/python3.12/site-packages/airflow/example_dags/example_branch_python_dop_operator_3.py
[2025-02-23T20:27:51.988+0000] {processor.py:914} INFO - Processing file /home/airflow/.local/lib/python3.12/site-packages/airflow/example_dags/example_branch_python_dop_operator_3.py for tasks to queue
[2025-02-23T20:27:51.990+0000] {logging_mixin.py:190} INFO - [2025-02-23T20:27:51.990+0000] {dagbag.py:588} INFO - Filling up the DagBag from /home/airflow/.local/lib/python3.12/site-packages/airflow/example_dags/example_branch_python_dop_operator_3.py
[2025-02-23T20:27:52.006+0000] {processor.py:925} INFO - DAG(s) 'example_branch_dop_operator_v3' retrieved from /home/airflow/.local/lib/python3.12/site-packages/airflow/example_dags/example_branch_python_dop_operator_3.py
[2025-02-23T20:27:52.035+0000] {logging_mixin.py:190} INFO - [2025-02-23T20:27:52.035+0000] {dag.py:3239} INFO - Sync 1 DAGs
[2025-02-23T20:27:52.076+0000] {logging_mixin.py:190} INFO - [2025-02-23T20:27:52.075+0000] {dag.py:4180} INFO - Setting next_dagrun for example_branch_dop_operator_v3 to 2025-02-23 20:26:00+00:00, run_after=2025-02-23 20:27:00+00:00
[2025-02-23T20:27:52.103+0000] {processor.py:208} INFO - Processing /home/airflow/.local/lib/python3.12/site-packages/airflow/example_dags/example_branch_python_dop_operator_3.py took 0.123 seconds
[2025-02-23T20:28:23.260+0000] {processor.py:186} INFO - Started process (PID=486) to work on /home/airflow/.local/lib/python3.12/site-packages/airflow/example_dags/example_branch_python_dop_operator_3.py
[2025-02-23T20:28:23.261+0000] {processor.py:914} INFO - Processing file /home/airflow/.local/lib/python3.12/site-packages/airflow/example_dags/example_branch_python_dop_operator_3.py for tasks to queue
[2025-02-23T20:28:23.264+0000] {logging_mixin.py:190} INFO - [2025-02-23T20:28:23.264+0000] {dagbag.py:588} INFO - Filling up the DagBag from /home/airflow/.local/lib/python3.12/site-packages/airflow/example_dags/example_branch_python_dop_operator_3.py
[2025-02-23T20:28:23.280+0000] {processor.py:925} INFO - DAG(s) 'example_branch_dop_operator_v3' retrieved from /home/airflow/.local/lib/python3.12/site-packages/airflow/example_dags/example_branch_python_dop_operator_3.py
[2025-02-23T20:28:23.308+0000] {logging_mixin.py:190} INFO - [2025-02-23T20:28:23.308+0000] {dag.py:3239} INFO - Sync 1 DAGs
[2025-02-23T20:28:23.350+0000] {logging_mixin.py:190} INFO - [2025-02-23T20:28:23.350+0000] {dag.py:4180} INFO - Setting next_dagrun for example_branch_dop_operator_v3 to 2025-02-23 20:27:00+00:00, run_after=2025-02-23 20:28:00+00:00
[2025-02-23T20:28:23.379+0000] {processor.py:208} INFO - Processing /home/airflow/.local/lib/python3.12/site-packages/airflow/example_dags/example_branch_python_dop_operator_3.py took 0.128 seconds
[2025-02-23T20:28:54.371+0000] {processor.py:186} INFO - Started process (PID=549) to work on /home/airflow/.local/lib/python3.12/site-packages/airflow/example_dags/example_branch_python_dop_operator_3.py
[2025-02-23T20:28:54.372+0000] {processor.py:914} INFO - Processing file /home/airflow/.local/lib/python3.12/site-packages/airflow/example_dags/example_branch_python_dop_operator_3.py for tasks to queue
[2025-02-23T20:28:54.375+0000] {logging_mixin.py:190} INFO - [2025-02-23T20:28:54.374+0000] {dagbag.py:588} INFO - Filling up the DagBag from /home/airflow/.local/lib/python3.12/site-packages/airflow/example_dags/example_branch_python_dop_operator_3.py
[2025-02-23T20:28:54.389+0000] {processor.py:925} INFO - DAG(s) 'example_branch_dop_operator_v3' retrieved from /home/airflow/.local/lib/python3.12/site-packages/airflow/example_dags/example_branch_python_dop_operator_3.py
[2025-02-23T20:28:54.416+0000] {logging_mixin.py:190} INFO - [2025-02-23T20:28:54.416+0000] {dag.py:3239} INFO - Sync 1 DAGs
[2025-02-23T20:28:54.458+0000] {logging_mixin.py:190} INFO - [2025-02-23T20:28:54.458+0000] {dag.py:4180} INFO - Setting next_dagrun for example_branch_dop_operator_v3 to 2025-02-23 20:27:00+00:00, run_after=2025-02-23 20:28:00+00:00
[2025-02-23T20:28:54.487+0000] {processor.py:208} INFO - Processing /home/airflow/.local/lib/python3.12/site-packages/airflow/example_dags/example_branch_python_dop_operator_3.py took 0.124 seconds
[2025-02-23T20:29:24.899+0000] {processor.py:186} INFO - Started process (PID=611) to work on /home/airflow/.local/lib/python3.12/site-packages/airflow/example_dags/example_branch_python_dop_operator_3.py
[2025-02-23T20:29:24.901+0000] {processor.py:914} INFO - Processing file /home/airflow/.local/lib/python3.12/site-packages/airflow/example_dags/example_branch_python_dop_operator_3.py for tasks to queue
[2025-02-23T20:29:24.904+0000] {logging_mixin.py:190} INFO - [2025-02-23T20:29:24.904+0000] {dagbag.py:588} INFO - Filling up the DagBag from /home/airflow/.local/lib/python3.12/site-packages/airflow/example_dags/example_branch_python_dop_operator_3.py
[2025-02-23T20:29:24.919+0000] {processor.py:925} INFO - DAG(s) 'example_branch_dop_operator_v3' retrieved from /home/airflow/.local/lib/python3.12/site-packages/airflow/example_dags/example_branch_python_dop_operator_3.py
[2025-02-23T20:29:24.945+0000] {logging_mixin.py:190} INFO - [2025-02-23T20:29:24.944+0000] {dag.py:3239} INFO - Sync 1 DAGs
[2025-02-23T20:29:24.984+0000] {logging_mixin.py:190} INFO - [2025-02-23T20:29:24.984+0000] {dag.py:4180} INFO - Setting next_dagrun for example_branch_dop_operator_v3 to 2025-02-23 20:28:00+00:00, run_after=2025-02-23 20:29:00+00:00
[2025-02-23T20:29:25.015+0000] {processor.py:208} INFO - Processing /home/airflow/.local/lib/python3.12/site-packages/airflow/example_dags/example_branch_python_dop_operator_3.py took 0.125 seconds
[2025-02-23T20:29:55.185+0000] {processor.py:186} INFO - Started process (PID=673) to work on /home/airflow/.local/lib/python3.12/site-packages/airflow/example_dags/example_branch_python_dop_operator_3.py
[2025-02-23T20:29:55.188+0000] {processor.py:914} INFO - Processing file /home/airflow/.local/lib/python3.12/site-packages/airflow/example_dags/example_branch_python_dop_operator_3.py for tasks to queue
[2025-02-23T20:29:55.191+0000] {logging_mixin.py:190} INFO - [2025-02-23T20:29:55.191+0000] {dagbag.py:588} INFO - Filling up the DagBag from /home/airflow/.local/lib/python3.12/site-packages/airflow/example_dags/example_branch_python_dop_operator_3.py
[2025-02-23T20:29:55.204+0000] {processor.py:925} INFO - DAG(s) 'example_branch_dop_operator_v3' retrieved from /home/airflow/.local/lib/python3.12/site-packages/airflow/example_dags/example_branch_python_dop_operator_3.py
[2025-02-23T20:29:55.233+0000] {logging_mixin.py:190} INFO - [2025-02-23T20:29:55.233+0000] {dag.py:3239} INFO - Sync 1 DAGs
[2025-02-23T20:29:55.276+0000] {logging_mixin.py:190} INFO - [2025-02-23T20:29:55.275+0000] {dag.py:4180} INFO - Setting next_dagrun for example_branch_dop_operator_v3 to 2025-02-23 20:28:00+00:00, run_after=2025-02-23 20:29:00+00:00
[2025-02-23T20:29:55.304+0000] {processor.py:208} INFO - Processing /home/airflow/.local/lib/python3.12/site-packages/airflow/example_dags/example_branch_python_dop_operator_3.py took 0.127 seconds
[2025-02-23T20:30:26.313+0000] {processor.py:186} INFO - Started process (PID=736) to work on /home/airflow/.local/lib/python3.12/site-packages/airflow/example_dags/example_branch_python_dop_operator_3.py
[2025-02-23T20:30:26.315+0000] {processor.py:914} INFO - Processing file /home/airflow/.local/lib/python3.12/site-packages/airflow/example_dags/example_branch_python_dop_operator_3.py for tasks to queue
[2025-02-23T20:30:26.317+0000] {logging_mixin.py:190} INFO - [2025-02-23T20:30:26.317+0000] {dagbag.py:588} INFO - Filling up the DagBag from /home/airflow/.local/lib/python3.12/site-packages/airflow/example_dags/example_branch_python_dop_operator_3.py
[2025-02-23T20:30:26.330+0000] {processor.py:925} INFO - DAG(s) 'example_branch_dop_operator_v3' retrieved from /home/airflow/.local/lib/python3.12/site-packages/airflow/example_dags/example_branch_python_dop_operator_3.py
[2025-02-23T20:30:26.356+0000] {logging_mixin.py:190} INFO - [2025-02-23T20:30:26.356+0000] {dag.py:3239} INFO - Sync 1 DAGs
[2025-02-23T20:30:26.394+0000] {logging_mixin.py:190} INFO - [2025-02-23T20:30:26.394+0000] {dag.py:4180} INFO - Setting next_dagrun for example_branch_dop_operator_v3 to 2025-02-23 20:29:00+00:00, run_after=2025-02-23 20:30:00+00:00
[2025-02-23T20:30:26.420+0000] {processor.py:208} INFO - Processing /home/airflow/.local/lib/python3.12/site-packages/airflow/example_dags/example_branch_python_dop_operator_3.py took 0.114 seconds
[2025-02-23T20:30:57.548+0000] {processor.py:186} INFO - Started process (PID=799) to work on /home/airflow/.local/lib/python3.12/site-packages/airflow/example_dags/example_branch_python_dop_operator_3.py
[2025-02-23T20:30:57.549+0000] {processor.py:914} INFO - Processing file /home/airflow/.local/lib/python3.12/site-packages/airflow/example_dags/example_branch_python_dop_operator_3.py for tasks to queue
[2025-02-23T20:30:57.552+0000] {logging_mixin.py:190} INFO - [2025-02-23T20:30:57.552+0000] {dagbag.py:588} INFO - Filling up the DagBag from /home/airflow/.local/lib/python3.12/site-packages/airflow/example_dags/example_branch_python_dop_operator_3.py
[2025-02-23T20:30:57.565+0000] {processor.py:925} INFO - DAG(s) 'example_branch_dop_operator_v3' retrieved from /home/airflow/.local/lib/python3.12/site-packages/airflow/example_dags/example_branch_python_dop_operator_3.py
[2025-02-23T20:30:57.595+0000] {logging_mixin.py:190} INFO - [2025-02-23T20:30:57.595+0000] {dag.py:3239} INFO - Sync 1 DAGs
[2025-02-23T20:30:57.638+0000] {logging_mixin.py:190} INFO - [2025-02-23T20:30:57.637+0000] {dag.py:4180} INFO - Setting next_dagrun for example_branch_dop_operator_v3 to 2025-02-23 20:29:00+00:00, run_after=2025-02-23 20:30:00+00:00
[2025-02-23T20:30:57.667+0000] {processor.py:208} INFO - Processing /home/airflow/.local/lib/python3.12/site-packages/airflow/example_dags/example_branch_python_dop_operator_3.py took 0.128 seconds
[2025-02-23T20:31:28.574+0000] {processor.py:186} INFO - Started process (PID=862) to work on /home/airflow/.local/lib/python3.12/site-packages/airflow/example_dags/example_branch_python_dop_operator_3.py
[2025-02-23T20:31:28.575+0000] {processor.py:914} INFO - Processing file /home/airflow/.local/lib/python3.12/site-packages/airflow/example_dags/example_branch_python_dop_operator_3.py for tasks to queue
[2025-02-23T20:31:28.578+0000] {logging_mixin.py:190} INFO - [2025-02-23T20:31:28.578+0000] {dagbag.py:588} INFO - Filling up the DagBag from /home/airflow/.local/lib/python3.12/site-packages/airflow/example_dags/example_branch_python_dop_operator_3.py
[2025-02-23T20:31:28.593+0000] {processor.py:925} INFO - DAG(s) 'example_branch_dop_operator_v3' retrieved from /home/airflow/.local/lib/python3.12/site-packages/airflow/example_dags/example_branch_python_dop_operator_3.py
[2025-02-23T20:31:28.623+0000] {logging_mixin.py:190} INFO - [2025-02-23T20:31:28.623+0000] {dag.py:3239} INFO - Sync 1 DAGs
[2025-02-23T20:31:28.668+0000] {logging_mixin.py:190} INFO - [2025-02-23T20:31:28.668+0000] {dag.py:4180} INFO - Setting next_dagrun for example_branch_dop_operator_v3 to 2025-02-23 20:30:00+00:00, run_after=2025-02-23 20:31:00+00:00
[2025-02-23T20:31:28.697+0000] {processor.py:208} INFO - Processing /home/airflow/.local/lib/python3.12/site-packages/airflow/example_dags/example_branch_python_dop_operator_3.py took 0.133 seconds
[2025-02-23T20:31:58.759+0000] {processor.py:186} INFO - Started process (PID=924) to work on /home/airflow/.local/lib/python3.12/site-packages/airflow/example_dags/example_branch_python_dop_operator_3.py
[2025-02-23T20:31:58.760+0000] {processor.py:914} INFO - Processing file /home/airflow/.local/lib/python3.12/site-packages/airflow/example_dags/example_branch_python_dop_operator_3.py for tasks to queue
[2025-02-23T20:31:58.763+0000] {logging_mixin.py:190} INFO - [2025-02-23T20:31:58.763+0000] {dagbag.py:588} INFO - Filling up the DagBag from /home/airflow/.local/lib/python3.12/site-packages/airflow/example_dags/example_branch_python_dop_operator_3.py
[2025-02-23T20:31:58.777+0000] {processor.py:925} INFO - DAG(s) 'example_branch_dop_operator_v3' retrieved from /home/airflow/.local/lib/python3.12/site-packages/airflow/example_dags/example_branch_python_dop_operator_3.py
[2025-02-23T20:31:58.809+0000] {logging_mixin.py:190} INFO - [2025-02-23T20:31:58.809+0000] {dag.py:3239} INFO - Sync 1 DAGs
[2025-02-23T20:31:58.852+0000] {logging_mixin.py:190} INFO - [2025-02-23T20:31:58.852+0000] {dag.py:4180} INFO - Setting next_dagrun for example_branch_dop_operator_v3 to 2025-02-23 20:30:00+00:00, run_after=2025-02-23 20:31:00+00:00
[2025-02-23T20:31:58.879+0000] {processor.py:208} INFO - Processing /home/airflow/.local/lib/python3.12/site-packages/airflow/example_dags/example_branch_python_dop_operator_3.py took 0.128 seconds
[2025-02-23T20:32:29.961+0000] {processor.py:186} INFO - Started process (PID=987) to work on /home/airflow/.local/lib/python3.12/site-packages/airflow/example_dags/example_branch_python_dop_operator_3.py
[2025-02-23T20:32:29.962+0000] {processor.py:914} INFO - Processing file /home/airflow/.local/lib/python3.12/site-packages/airflow/example_dags/example_branch_python_dop_operator_3.py for tasks to queue
[2025-02-23T20:32:29.965+0000] {logging_mixin.py:190} INFO - [2025-02-23T20:32:29.965+0000] {dagbag.py:588} INFO - Filling up the DagBag from /home/airflow/.local/lib/python3.12/site-packages/airflow/example_dags/example_branch_python_dop_operator_3.py
[2025-02-23T20:32:29.981+0000] {processor.py:925} INFO - DAG(s) 'example_branch_dop_operator_v3' retrieved from /home/airflow/.local/lib/python3.12/site-packages/airflow/example_dags/example_branch_python_dop_operator_3.py
[2025-02-23T20:32:30.006+0000] {logging_mixin.py:190} INFO - [2025-02-23T20:32:30.006+0000] {dag.py:3239} INFO - Sync 1 DAGs
[2025-02-23T20:32:30.044+0000] {logging_mixin.py:190} INFO - [2025-02-23T20:32:30.044+0000] {dag.py:4180} INFO - Setting next_dagrun for example_branch_dop_operator_v3 to 2025-02-23 20:31:00+00:00, run_after=2025-02-23 20:32:00+00:00
[2025-02-23T20:32:30.074+0000] {processor.py:208} INFO - Processing /home/airflow/.local/lib/python3.12/site-packages/airflow/example_dags/example_branch_python_dop_operator_3.py took 0.121 seconds
[2025-02-23T20:33:00.401+0000] {processor.py:186} INFO - Started process (PID=1050) to work on /home/airflow/.local/lib/python3.12/site-packages/airflow/example_dags/example_branch_python_dop_operator_3.py
[2025-02-23T20:33:00.403+0000] {processor.py:914} INFO - Processing file /home/airflow/.local/lib/python3.12/site-packages/airflow/example_dags/example_branch_python_dop_operator_3.py for tasks to queue
[2025-02-23T20:33:00.406+0000] {logging_mixin.py:190} INFO - [2025-02-23T20:33:00.405+0000] {dagbag.py:588} INFO - Filling up the DagBag from /home/airflow/.local/lib/python3.12/site-packages/airflow/example_dags/example_branch_python_dop_operator_3.py
[2025-02-23T20:33:00.419+0000] {processor.py:925} INFO - DAG(s) 'example_branch_dop_operator_v3' retrieved from /home/airflow/.local/lib/python3.12/site-packages/airflow/example_dags/example_branch_python_dop_operator_3.py
[2025-02-23T20:33:00.444+0000] {logging_mixin.py:190} INFO - [2025-02-23T20:33:00.443+0000] {dag.py:3239} INFO - Sync 1 DAGs
[2025-02-23T20:33:00.483+0000] {logging_mixin.py:190} INFO - [2025-02-23T20:33:00.483+0000] {dag.py:4180} INFO - Setting next_dagrun for example_branch_dop_operator_v3 to 2025-02-23 20:32:00+00:00, run_after=2025-02-23 20:33:00+00:00
[2025-02-23T20:33:00.511+0000] {processor.py:208} INFO - Processing /home/airflow/.local/lib/python3.12/site-packages/airflow/example_dags/example_branch_python_dop_operator_3.py took 0.117 seconds
[2025-02-23T20:33:31.561+0000] {processor.py:186} INFO - Started process (PID=1113) to work on /home/airflow/.local/lib/python3.12/site-packages/airflow/example_dags/example_branch_python_dop_operator_3.py
[2025-02-23T20:33:31.562+0000] {processor.py:914} INFO - Processing file /home/airflow/.local/lib/python3.12/site-packages/airflow/example_dags/example_branch_python_dop_operator_3.py for tasks to queue
[2025-02-23T20:33:31.565+0000] {logging_mixin.py:190} INFO - [2025-02-23T20:33:31.565+0000] {dagbag.py:588} INFO - Filling up the DagBag from /home/airflow/.local/lib/python3.12/site-packages/airflow/example_dags/example_branch_python_dop_operator_3.py
[2025-02-23T20:33:31.580+0000] {processor.py:925} INFO - DAG(s) 'example_branch_dop_operator_v3' retrieved from /home/airflow/.local/lib/python3.12/site-packages/airflow/example_dags/example_branch_python_dop_operator_3.py
[2025-02-23T20:33:31.607+0000] {logging_mixin.py:190} INFO - [2025-02-23T20:33:31.606+0000] {dag.py:3239} INFO - Sync 1 DAGs
[2025-02-23T20:33:31.646+0000] {logging_mixin.py:190} INFO - [2025-02-23T20:33:31.646+0000] {dag.py:4180} INFO - Setting next_dagrun for example_branch_dop_operator_v3 to 2025-02-23 20:32:00+00:00, run_after=2025-02-23 20:33:00+00:00
[2025-02-23T20:33:31.672+0000] {processor.py:208} INFO - Processing /home/airflow/.local/lib/python3.12/site-packages/airflow/example_dags/example_branch_python_dop_operator_3.py took 0.119 seconds
[2025-02-23T20:34:03.126+0000] {processor.py:186} INFO - Started process (PID=1176) to work on /home/airflow/.local/lib/python3.12/site-packages/airflow/example_dags/example_branch_python_dop_operator_3.py
[2025-02-23T20:34:03.127+0000] {processor.py:914} INFO - Processing file /home/airflow/.local/lib/python3.12/site-packages/airflow/example_dags/example_branch_python_dop_operator_3.py for tasks to queue
[2025-02-23T20:34:03.130+0000] {logging_mixin.py:190} INFO - [2025-02-23T20:34:03.130+0000] {dagbag.py:588} INFO - Filling up the DagBag from /home/airflow/.local/lib/python3.12/site-packages/airflow/example_dags/example_branch_python_dop_operator_3.py
[2025-02-23T20:34:03.144+0000] {processor.py:925} INFO - DAG(s) 'example_branch_dop_operator_v3' retrieved from /home/airflow/.local/lib/python3.12/site-packages/airflow/example_dags/example_branch_python_dop_operator_3.py
[2025-02-23T20:34:03.175+0000] {logging_mixin.py:190} INFO - [2025-02-23T20:34:03.174+0000] {dag.py:3239} INFO - Sync 1 DAGs
[2025-02-23T20:34:03.210+0000] {logging_mixin.py:190} INFO - [2025-02-23T20:34:03.210+0000] {dag.py:4180} INFO - Setting next_dagrun for example_branch_dop_operator_v3 to 2025-02-23 20:33:00+00:00, run_after=2025-02-23 20:34:00+00:00
[2025-02-23T20:34:03.239+0000] {processor.py:208} INFO - Processing /home/airflow/.local/lib/python3.12/site-packages/airflow/example_dags/example_branch_python_dop_operator_3.py took 0.122 seconds
[2025-02-23T20:34:34.220+0000] {processor.py:186} INFO - Started process (PID=1239) to work on /home/airflow/.local/lib/python3.12/site-packages/airflow/example_dags/example_branch_python_dop_operator_3.py
[2025-02-23T20:34:34.222+0000] {processor.py:914} INFO - Processing file /home/airflow/.local/lib/python3.12/site-packages/airflow/example_dags/example_branch_python_dop_operator_3.py for tasks to queue
[2025-02-23T20:34:34.225+0000] {logging_mixin.py:190} INFO - [2025-02-23T20:34:34.224+0000] {dagbag.py:588} INFO - Filling up the DagBag from /home/airflow/.local/lib/python3.12/site-packages/airflow/example_dags/example_branch_python_dop_operator_3.py
[2025-02-23T20:34:34.240+0000] {processor.py:925} INFO - DAG(s) 'example_branch_dop_operator_v3' retrieved from /home/airflow/.local/lib/python3.12/site-packages/airflow/example_dags/example_branch_python_dop_operator_3.py
[2025-02-23T20:34:34.267+0000] {logging_mixin.py:190} INFO - [2025-02-23T20:34:34.267+0000] {dag.py:3239} INFO - Sync 1 DAGs
[2025-02-23T20:34:34.308+0000] {logging_mixin.py:190} INFO - [2025-02-23T20:34:34.307+0000] {dag.py:4180} INFO - Setting next_dagrun for example_branch_dop_operator_v3 to 2025-02-23 20:33:00+00:00, run_after=2025-02-23 20:34:00+00:00
[2025-02-23T20:34:34.333+0000] {processor.py:208} INFO - Processing /home/airflow/.local/lib/python3.12/site-packages/airflow/example_dags/example_branch_python_dop_operator_3.py took 0.122 seconds
[2025-02-23T20:35:05.576+0000] {processor.py:186} INFO - Started process (PID=1302) to work on /home/airflow/.local/lib/python3.12/site-packages/airflow/example_dags/example_branch_python_dop_operator_3.py
[2025-02-23T20:35:05.577+0000] {processor.py:914} INFO - Processing file /home/airflow/.local/lib/python3.12/site-packages/airflow/example_dags/example_branch_python_dop_operator_3.py for tasks to queue
[2025-02-23T20:35:05.580+0000] {logging_mixin.py:190} INFO - [2025-02-23T20:35:05.580+0000] {dagbag.py:588} INFO - Filling up the DagBag from /home/airflow/.local/lib/python3.12/site-packages/airflow/example_dags/example_branch_python_dop_operator_3.py
[2025-02-23T20:35:05.593+0000] {processor.py:925} INFO - DAG(s) 'example_branch_dop_operator_v3' retrieved from /home/airflow/.local/lib/python3.12/site-packages/airflow/example_dags/example_branch_python_dop_operator_3.py
[2025-02-23T20:35:05.621+0000] {logging_mixin.py:190} INFO - [2025-02-23T20:35:05.621+0000] {dag.py:3239} INFO - Sync 1 DAGs
[2025-02-23T20:35:05.660+0000] {logging_mixin.py:190} INFO - [2025-02-23T20:35:05.659+0000] {dag.py:4180} INFO - Setting next_dagrun for example_branch_dop_operator_v3 to 2025-02-23 20:34:00+00:00, run_after=2025-02-23 20:35:00+00:00
[2025-02-23T20:35:05.688+0000] {processor.py:208} INFO - Processing /home/airflow/.local/lib/python3.12/site-packages/airflow/example_dags/example_branch_python_dop_operator_3.py took 0.120 seconds
[2025-02-23T20:35:35.885+0000] {processor.py:186} INFO - Started process (PID=1365) to work on /home/airflow/.local/lib/python3.12/site-packages/airflow/example_dags/example_branch_python_dop_operator_3.py
[2025-02-23T20:35:35.887+0000] {processor.py:914} INFO - Processing file /home/airflow/.local/lib/python3.12/site-packages/airflow/example_dags/example_branch_python_dop_operator_3.py for tasks to queue
[2025-02-23T20:35:35.891+0000] {logging_mixin.py:190} INFO - [2025-02-23T20:35:35.890+0000] {dagbag.py:588} INFO - Filling up the DagBag from /home/airflow/.local/lib/python3.12/site-packages/airflow/example_dags/example_branch_python_dop_operator_3.py
[2025-02-23T20:35:35.905+0000] {processor.py:925} INFO - DAG(s) 'example_branch_dop_operator_v3' retrieved from /home/airflow/.local/lib/python3.12/site-packages/airflow/example_dags/example_branch_python_dop_operator_3.py
[2025-02-23T20:35:35.932+0000] {logging_mixin.py:190} INFO - [2025-02-23T20:35:35.932+0000] {dag.py:3239} INFO - Sync 1 DAGs
[2025-02-23T20:35:35.971+0000] {logging_mixin.py:190} INFO - [2025-02-23T20:35:35.970+0000] {dag.py:4180} INFO - Setting next_dagrun for example_branch_dop_operator_v3 to 2025-02-23 20:34:00+00:00, run_after=2025-02-23 20:35:00+00:00
[2025-02-23T20:35:35.995+0000] {processor.py:208} INFO - Processing /home/airflow/.local/lib/python3.12/site-packages/airflow/example_dags/example_branch_python_dop_operator_3.py took 0.121 seconds
[2025-02-23T20:36:07.082+0000] {processor.py:186} INFO - Started process (PID=1428) to work on /home/airflow/.local/lib/python3.12/site-packages/airflow/example_dags/example_branch_python_dop_operator_3.py
[2025-02-23T20:36:07.084+0000] {processor.py:914} INFO - Processing file /home/airflow/.local/lib/python3.12/site-packages/airflow/example_dags/example_branch_python_dop_operator_3.py for tasks to queue
[2025-02-23T20:36:07.087+0000] {logging_mixin.py:190} INFO - [2025-02-23T20:36:07.086+0000] {dagbag.py:588} INFO - Filling up the DagBag from /home/airflow/.local/lib/python3.12/site-packages/airflow/example_dags/example_branch_python_dop_operator_3.py
[2025-02-23T20:36:07.101+0000] {processor.py:925} INFO - DAG(s) 'example_branch_dop_operator_v3' retrieved from /home/airflow/.local/lib/python3.12/site-packages/airflow/example_dags/example_branch_python_dop_operator_3.py
[2025-02-23T20:36:07.127+0000] {logging_mixin.py:190} INFO - [2025-02-23T20:36:07.127+0000] {dag.py:3239} INFO - Sync 1 DAGs
[2025-02-23T20:36:07.166+0000] {logging_mixin.py:190} INFO - [2025-02-23T20:36:07.165+0000] {dag.py:4180} INFO - Setting next_dagrun for example_branch_dop_operator_v3 to 2025-02-23 20:35:00+00:00, run_after=2025-02-23 20:36:00+00:00
[2025-02-23T20:36:07.191+0000] {processor.py:208} INFO - Processing /home/airflow/.local/lib/python3.12/site-packages/airflow/example_dags/example_branch_python_dop_operator_3.py took 0.117 seconds
[2025-02-23T20:36:38.293+0000] {processor.py:186} INFO - Started process (PID=1492) to work on /home/airflow/.local/lib/python3.12/site-packages/airflow/example_dags/example_branch_python_dop_operator_3.py
[2025-02-23T20:36:38.295+0000] {processor.py:914} INFO - Processing file /home/airflow/.local/lib/python3.12/site-packages/airflow/example_dags/example_branch_python_dop_operator_3.py for tasks to queue
[2025-02-23T20:36:38.297+0000] {logging_mixin.py:190} INFO - [2025-02-23T20:36:38.297+0000] {dagbag.py:588} INFO - Filling up the DagBag from /home/airflow/.local/lib/python3.12/site-packages/airflow/example_dags/example_branch_python_dop_operator_3.py
[2025-02-23T20:36:38.310+0000] {processor.py:925} INFO - DAG(s) 'example_branch_dop_operator_v3' retrieved from /home/airflow/.local/lib/python3.12/site-packages/airflow/example_dags/example_branch_python_dop_operator_3.py
[2025-02-23T20:36:38.338+0000] {logging_mixin.py:190} INFO - [2025-02-23T20:36:38.338+0000] {dag.py:3239} INFO - Sync 1 DAGs
[2025-02-23T20:36:38.375+0000] {logging_mixin.py:190} INFO - [2025-02-23T20:36:38.375+0000] {dag.py:4180} INFO - Setting next_dagrun for example_branch_dop_operator_v3 to 2025-02-23 20:35:00+00:00, run_after=2025-02-23 20:36:00+00:00
[2025-02-23T20:36:38.402+0000] {processor.py:208} INFO - Processing /home/airflow/.local/lib/python3.12/site-packages/airflow/example_dags/example_branch_python_dop_operator_3.py took 0.116 seconds
[2025-02-23T20:37:09.302+0000] {processor.py:186} INFO - Started process (PID=1555) to work on /home/airflow/.local/lib/python3.12/site-packages/airflow/example_dags/example_branch_python_dop_operator_3.py
[2025-02-23T20:37:09.303+0000] {processor.py:914} INFO - Processing file /home/airflow/.local/lib/python3.12/site-packages/airflow/example_dags/example_branch_python_dop_operator_3.py for tasks to queue
[2025-02-23T20:37:09.306+0000] {logging_mixin.py:190} INFO - [2025-02-23T20:37:09.306+0000] {dagbag.py:588} INFO - Filling up the DagBag from /home/airflow/.local/lib/python3.12/site-packages/airflow/example_dags/example_branch_python_dop_operator_3.py
[2025-02-23T20:37:09.319+0000] {processor.py:925} INFO - DAG(s) 'example_branch_dop_operator_v3' retrieved from /home/airflow/.local/lib/python3.12/site-packages/airflow/example_dags/example_branch_python_dop_operator_3.py
[2025-02-23T20:37:09.346+0000] {logging_mixin.py:190} INFO - [2025-02-23T20:37:09.346+0000] {dag.py:3239} INFO - Sync 1 DAGs
[2025-02-23T20:37:09.380+0000] {logging_mixin.py:190} INFO - [2025-02-23T20:37:09.379+0000] {dag.py:4180} INFO - Setting next_dagrun for example_branch_dop_operator_v3 to 2025-02-23 20:36:00+00:00, run_after=2025-02-23 20:37:00+00:00
[2025-02-23T20:37:09.404+0000] {processor.py:208} INFO - Processing /home/airflow/.local/lib/python3.12/site-packages/airflow/example_dags/example_branch_python_dop_operator_3.py took 0.109 seconds
[2025-02-23T20:37:39.998+0000] {processor.py:186} INFO - Started process (PID=1618) to work on /home/airflow/.local/lib/python3.12/site-packages/airflow/example_dags/example_branch_python_dop_operator_3.py
[2025-02-23T20:37:39.999+0000] {processor.py:914} INFO - Processing file /home/airflow/.local/lib/python3.12/site-packages/airflow/example_dags/example_branch_python_dop_operator_3.py for tasks to queue
[2025-02-23T20:37:40.002+0000] {logging_mixin.py:190} INFO - [2025-02-23T20:37:40.002+0000] {dagbag.py:588} INFO - Filling up the DagBag from /home/airflow/.local/lib/python3.12/site-packages/airflow/example_dags/example_branch_python_dop_operator_3.py
[2025-02-23T20:37:40.018+0000] {processor.py:925} INFO - DAG(s) 'example_branch_dop_operator_v3' retrieved from /home/airflow/.local/lib/python3.12/site-packages/airflow/example_dags/example_branch_python_dop_operator_3.py
[2025-02-23T20:37:40.045+0000] {logging_mixin.py:190} INFO - [2025-02-23T20:37:40.045+0000] {dag.py:3239} INFO - Sync 1 DAGs
[2025-02-23T20:37:40.088+0000] {logging_mixin.py:190} INFO - [2025-02-23T20:37:40.088+0000] {dag.py:4180} INFO - Setting next_dagrun for example_branch_dop_operator_v3 to 2025-02-23 20:36:00+00:00, run_after=2025-02-23 20:37:00+00:00
[2025-02-23T20:37:40.115+0000] {processor.py:208} INFO - Processing /home/airflow/.local/lib/python3.12/site-packages/airflow/example_dags/example_branch_python_dop_operator_3.py took 0.125 seconds
[2025-02-23T20:38:11.140+0000] {processor.py:186} INFO - Started process (PID=1681) to work on /home/airflow/.local/lib/python3.12/site-packages/airflow/example_dags/example_branch_python_dop_operator_3.py
[2025-02-23T20:38:11.141+0000] {processor.py:914} INFO - Processing file /home/airflow/.local/lib/python3.12/site-packages/airflow/example_dags/example_branch_python_dop_operator_3.py for tasks to queue
[2025-02-23T20:38:11.143+0000] {logging_mixin.py:190} INFO - [2025-02-23T20:38:11.143+0000] {dagbag.py:588} INFO - Filling up the DagBag from /home/airflow/.local/lib/python3.12/site-packages/airflow/example_dags/example_branch_python_dop_operator_3.py
[2025-02-23T20:38:11.159+0000] {processor.py:925} INFO - DAG(s) 'example_branch_dop_operator_v3' retrieved from /home/airflow/.local/lib/python3.12/site-packages/airflow/example_dags/example_branch_python_dop_operator_3.py
[2025-02-23T20:38:11.194+0000] {logging_mixin.py:190} INFO - [2025-02-23T20:38:11.193+0000] {dag.py:3239} INFO - Sync 1 DAGs
[2025-02-23T20:38:11.237+0000] {logging_mixin.py:190} INFO - [2025-02-23T20:38:11.237+0000] {dag.py:4180} INFO - Setting next_dagrun for example_branch_dop_operator_v3 to 2025-02-23 20:37:00+00:00, run_after=2025-02-23 20:38:00+00:00
[2025-02-23T20:38:11.265+0000] {processor.py:208} INFO - Processing /home/airflow/.local/lib/python3.12/site-packages/airflow/example_dags/example_branch_python_dop_operator_3.py took 0.132 seconds
[2025-02-23T20:38:42.697+0000] {processor.py:186} INFO - Started process (PID=1744) to work on /home/airflow/.local/lib/python3.12/site-packages/airflow/example_dags/example_branch_python_dop_operator_3.py
[2025-02-23T20:38:42.699+0000] {processor.py:914} INFO - Processing file /home/airflow/.local/lib/python3.12/site-packages/airflow/example_dags/example_branch_python_dop_operator_3.py for tasks to queue
[2025-02-23T20:38:42.702+0000] {logging_mixin.py:190} INFO - [2025-02-23T20:38:42.702+0000] {dagbag.py:588} INFO - Filling up the DagBag from /home/airflow/.local/lib/python3.12/site-packages/airflow/example_dags/example_branch_python_dop_operator_3.py
[2025-02-23T20:38:42.721+0000] {processor.py:925} INFO - DAG(s) 'example_branch_dop_operator_v3' retrieved from /home/airflow/.local/lib/python3.12/site-packages/airflow/example_dags/example_branch_python_dop_operator_3.py
[2025-02-23T20:38:42.751+0000] {logging_mixin.py:190} INFO - [2025-02-23T20:38:42.750+0000] {dag.py:3239} INFO - Sync 1 DAGs
[2025-02-23T20:38:42.804+0000] {logging_mixin.py:190} INFO - [2025-02-23T20:38:42.803+0000] {dag.py:4180} INFO - Setting next_dagrun for example_branch_dop_operator_v3 to 2025-02-23 20:37:00+00:00, run_after=2025-02-23 20:38:00+00:00
[2025-02-23T20:38:42.835+0000] {processor.py:208} INFO - Processing /home/airflow/.local/lib/python3.12/site-packages/airflow/example_dags/example_branch_python_dop_operator_3.py took 0.146 seconds
[2025-02-23T20:39:13.750+0000] {processor.py:186} INFO - Started process (PID=1807) to work on /home/airflow/.local/lib/python3.12/site-packages/airflow/example_dags/example_branch_python_dop_operator_3.py
[2025-02-23T20:39:13.751+0000] {processor.py:914} INFO - Processing file /home/airflow/.local/lib/python3.12/site-packages/airflow/example_dags/example_branch_python_dop_operator_3.py for tasks to queue
[2025-02-23T20:39:13.755+0000] {logging_mixin.py:190} INFO - [2025-02-23T20:39:13.754+0000] {dagbag.py:588} INFO - Filling up the DagBag from /home/airflow/.local/lib/python3.12/site-packages/airflow/example_dags/example_branch_python_dop_operator_3.py
[2025-02-23T20:39:13.769+0000] {processor.py:925} INFO - DAG(s) 'example_branch_dop_operator_v3' retrieved from /home/airflow/.local/lib/python3.12/site-packages/airflow/example_dags/example_branch_python_dop_operator_3.py
[2025-02-23T20:39:13.800+0000] {logging_mixin.py:190} INFO - [2025-02-23T20:39:13.800+0000] {dag.py:3239} INFO - Sync 1 DAGs
[2025-02-23T20:39:13.841+0000] {logging_mixin.py:190} INFO - [2025-02-23T20:39:13.841+0000] {dag.py:4180} INFO - Setting next_dagrun for example_branch_dop_operator_v3 to 2025-02-23 20:38:00+00:00, run_after=2025-02-23 20:39:00+00:00
[2025-02-23T20:39:13.868+0000] {processor.py:208} INFO - Processing /home/airflow/.local/lib/python3.12/site-packages/airflow/example_dags/example_branch_python_dop_operator_3.py took 0.127 seconds
[2025-02-23T20:39:43.926+0000] {processor.py:186} INFO - Started process (PID=1870) to work on /home/airflow/.local/lib/python3.12/site-packages/airflow/example_dags/example_branch_python_dop_operator_3.py
[2025-02-23T20:39:43.928+0000] {processor.py:914} INFO - Processing file /home/airflow/.local/lib/python3.12/site-packages/airflow/example_dags/example_branch_python_dop_operator_3.py for tasks to queue
[2025-02-23T20:39:43.930+0000] {logging_mixin.py:190} INFO - [2025-02-23T20:39:43.930+0000] {dagbag.py:588} INFO - Filling up the DagBag from /home/airflow/.local/lib/python3.12/site-packages/airflow/example_dags/example_branch_python_dop_operator_3.py
[2025-02-23T20:39:43.946+0000] {processor.py:925} INFO - DAG(s) 'example_branch_dop_operator_v3' retrieved from /home/airflow/.local/lib/python3.12/site-packages/airflow/example_dags/example_branch_python_dop_operator_3.py
[2025-02-23T20:39:43.974+0000] {logging_mixin.py:190} INFO - [2025-02-23T20:39:43.973+0000] {dag.py:3239} INFO - Sync 1 DAGs
[2025-02-23T20:39:44.013+0000] {logging_mixin.py:190} INFO - [2025-02-23T20:39:44.013+0000] {dag.py:4180} INFO - Setting next_dagrun for example_branch_dop_operator_v3 to 2025-02-23 20:38:00+00:00, run_after=2025-02-23 20:39:00+00:00
[2025-02-23T20:39:44.044+0000] {processor.py:208} INFO - Processing /home/airflow/.local/lib/python3.12/site-packages/airflow/example_dags/example_branch_python_dop_operator_3.py took 0.127 seconds
[2025-02-23T20:40:15.488+0000] {processor.py:186} INFO - Started process (PID=1933) to work on /home/airflow/.local/lib/python3.12/site-packages/airflow/example_dags/example_branch_python_dop_operator_3.py
[2025-02-23T20:40:15.489+0000] {processor.py:914} INFO - Processing file /home/airflow/.local/lib/python3.12/site-packages/airflow/example_dags/example_branch_python_dop_operator_3.py for tasks to queue
[2025-02-23T20:40:15.493+0000] {logging_mixin.py:190} INFO - [2025-02-23T20:40:15.492+0000] {dagbag.py:588} INFO - Filling up the DagBag from /home/airflow/.local/lib/python3.12/site-packages/airflow/example_dags/example_branch_python_dop_operator_3.py
[2025-02-23T20:40:15.507+0000] {processor.py:925} INFO - DAG(s) 'example_branch_dop_operator_v3' retrieved from /home/airflow/.local/lib/python3.12/site-packages/airflow/example_dags/example_branch_python_dop_operator_3.py
[2025-02-23T20:40:15.533+0000] {logging_mixin.py:190} INFO - [2025-02-23T20:40:15.532+0000] {dag.py:3239} INFO - Sync 1 DAGs
[2025-02-23T20:40:15.576+0000] {logging_mixin.py:190} INFO - [2025-02-23T20:40:15.575+0000] {dag.py:4180} INFO - Setting next_dagrun for example_branch_dop_operator_v3 to 2025-02-23 20:39:00+00:00, run_after=2025-02-23 20:40:00+00:00
[2025-02-23T20:40:15.604+0000] {processor.py:208} INFO - Processing /home/airflow/.local/lib/python3.12/site-packages/airflow/example_dags/example_branch_python_dop_operator_3.py took 0.124 seconds
[2025-02-23T20:40:46.309+0000] {processor.py:186} INFO - Started process (PID=1996) to work on /home/airflow/.local/lib/python3.12/site-packages/airflow/example_dags/example_branch_python_dop_operator_3.py
[2025-02-23T20:40:46.311+0000] {processor.py:914} INFO - Processing file /home/airflow/.local/lib/python3.12/site-packages/airflow/example_dags/example_branch_python_dop_operator_3.py for tasks to queue
[2025-02-23T20:40:46.313+0000] {logging_mixin.py:190} INFO - [2025-02-23T20:40:46.313+0000] {dagbag.py:588} INFO - Filling up the DagBag from /home/airflow/.local/lib/python3.12/site-packages/airflow/example_dags/example_branch_python_dop_operator_3.py
[2025-02-23T20:40:46.327+0000] {processor.py:925} INFO - DAG(s) 'example_branch_dop_operator_v3' retrieved from /home/airflow/.local/lib/python3.12/site-packages/airflow/example_dags/example_branch_python_dop_operator_3.py
[2025-02-23T20:40:46.353+0000] {logging_mixin.py:190} INFO - [2025-02-23T20:40:46.353+0000] {dag.py:3239} INFO - Sync 1 DAGs
[2025-02-23T20:40:46.391+0000] {logging_mixin.py:190} INFO - [2025-02-23T20:40:46.391+0000] {dag.py:4180} INFO - Setting next_dagrun for example_branch_dop_operator_v3 to 2025-02-23 20:39:00+00:00, run_after=2025-02-23 20:40:00+00:00
[2025-02-23T20:40:46.417+0000] {processor.py:208} INFO - Processing /home/airflow/.local/lib/python3.12/site-packages/airflow/example_dags/example_branch_python_dop_operator_3.py took 0.117 seconds
[2025-02-23T20:41:17.365+0000] {processor.py:186} INFO - Started process (PID=2059) to work on /home/airflow/.local/lib/python3.12/site-packages/airflow/example_dags/example_branch_python_dop_operator_3.py
[2025-02-23T20:41:17.367+0000] {processor.py:914} INFO - Processing file /home/airflow/.local/lib/python3.12/site-packages/airflow/example_dags/example_branch_python_dop_operator_3.py for tasks to queue
[2025-02-23T20:41:17.370+0000] {logging_mixin.py:190} INFO - [2025-02-23T20:41:17.369+0000] {dagbag.py:588} INFO - Filling up the DagBag from /home/airflow/.local/lib/python3.12/site-packages/airflow/example_dags/example_branch_python_dop_operator_3.py
[2025-02-23T20:41:17.385+0000] {processor.py:925} INFO - DAG(s) 'example_branch_dop_operator_v3' retrieved from /home/airflow/.local/lib/python3.12/site-packages/airflow/example_dags/example_branch_python_dop_operator_3.py
[2025-02-23T20:41:17.416+0000] {logging_mixin.py:190} INFO - [2025-02-23T20:41:17.416+0000] {dag.py:3239} INFO - Sync 1 DAGs
[2025-02-23T20:41:17.459+0000] {logging_mixin.py:190} INFO - [2025-02-23T20:41:17.459+0000] {dag.py:4180} INFO - Setting next_dagrun for example_branch_dop_operator_v3 to 2025-02-23 20:40:00+00:00, run_after=2025-02-23 20:41:00+00:00
[2025-02-23T20:41:17.488+0000] {processor.py:208} INFO - Processing /home/airflow/.local/lib/python3.12/site-packages/airflow/example_dags/example_branch_python_dop_operator_3.py took 0.132 seconds
[2025-02-23T20:41:47.740+0000] {processor.py:186} INFO - Started process (PID=2122) to work on /home/airflow/.local/lib/python3.12/site-packages/airflow/example_dags/example_branch_python_dop_operator_3.py
[2025-02-23T20:41:47.741+0000] {processor.py:914} INFO - Processing file /home/airflow/.local/lib/python3.12/site-packages/airflow/example_dags/example_branch_python_dop_operator_3.py for tasks to queue
[2025-02-23T20:41:47.744+0000] {logging_mixin.py:190} INFO - [2025-02-23T20:41:47.743+0000] {dagbag.py:588} INFO - Filling up the DagBag from /home/airflow/.local/lib/python3.12/site-packages/airflow/example_dags/example_branch_python_dop_operator_3.py
[2025-02-23T20:41:47.757+0000] {processor.py:925} INFO - DAG(s) 'example_branch_dop_operator_v3' retrieved from /home/airflow/.local/lib/python3.12/site-packages/airflow/example_dags/example_branch_python_dop_operator_3.py
[2025-02-23T20:41:47.786+0000] {logging_mixin.py:190} INFO - [2025-02-23T20:41:47.786+0000] {dag.py:3239} INFO - Sync 1 DAGs
[2025-02-23T20:41:47.830+0000] {logging_mixin.py:190} INFO - [2025-02-23T20:41:47.829+0000] {dag.py:4180} INFO - Setting next_dagrun for example_branch_dop_operator_v3 to 2025-02-23 20:40:00+00:00, run_after=2025-02-23 20:41:00+00:00
[2025-02-23T20:41:47.857+0000] {processor.py:208} INFO - Processing /home/airflow/.local/lib/python3.12/site-packages/airflow/example_dags/example_branch_python_dop_operator_3.py took 0.125 seconds
[2025-02-23T20:42:19.648+0000] {processor.py:186} INFO - Started process (PID=2185) to work on /home/airflow/.local/lib/python3.12/site-packages/airflow/example_dags/example_branch_python_dop_operator_3.py
[2025-02-23T20:42:19.650+0000] {processor.py:914} INFO - Processing file /home/airflow/.local/lib/python3.12/site-packages/airflow/example_dags/example_branch_python_dop_operator_3.py for tasks to queue
[2025-02-23T20:42:19.653+0000] {logging_mixin.py:190} INFO - [2025-02-23T20:42:19.652+0000] {dagbag.py:588} INFO - Filling up the DagBag from /home/airflow/.local/lib/python3.12/site-packages/airflow/example_dags/example_branch_python_dop_operator_3.py
[2025-02-23T20:42:19.669+0000] {processor.py:925} INFO - DAG(s) 'example_branch_dop_operator_v3' retrieved from /home/airflow/.local/lib/python3.12/site-packages/airflow/example_dags/example_branch_python_dop_operator_3.py
[2025-02-23T20:42:19.700+0000] {logging_mixin.py:190} INFO - [2025-02-23T20:42:19.699+0000] {dag.py:3239} INFO - Sync 1 DAGs
[2025-02-23T20:42:19.745+0000] {logging_mixin.py:190} INFO - [2025-02-23T20:42:19.745+0000] {dag.py:4180} INFO - Setting next_dagrun for example_branch_dop_operator_v3 to 2025-02-23 20:41:00+00:00, run_after=2025-02-23 20:42:00+00:00
[2025-02-23T20:42:19.773+0000] {processor.py:208} INFO - Processing /home/airflow/.local/lib/python3.12/site-packages/airflow/example_dags/example_branch_python_dop_operator_3.py took 0.133 seconds
[2025-02-23T20:42:50.188+0000] {processor.py:186} INFO - Started process (PID=2248) to work on /home/airflow/.local/lib/python3.12/site-packages/airflow/example_dags/example_branch_python_dop_operator_3.py
[2025-02-23T20:42:50.190+0000] {processor.py:914} INFO - Processing file /home/airflow/.local/lib/python3.12/site-packages/airflow/example_dags/example_branch_python_dop_operator_3.py for tasks to queue
[2025-02-23T20:42:50.192+0000] {logging_mixin.py:190} INFO - [2025-02-23T20:42:50.192+0000] {dagbag.py:588} INFO - Filling up the DagBag from /home/airflow/.local/lib/python3.12/site-packages/airflow/example_dags/example_branch_python_dop_operator_3.py
[2025-02-23T20:42:50.206+0000] {processor.py:925} INFO - DAG(s) 'example_branch_dop_operator_v3' retrieved from /home/airflow/.local/lib/python3.12/site-packages/airflow/example_dags/example_branch_python_dop_operator_3.py
[2025-02-23T20:42:50.232+0000] {logging_mixin.py:190} INFO - [2025-02-23T20:42:50.231+0000] {dag.py:3239} INFO - Sync 1 DAGs
[2025-02-23T20:42:50.270+0000] {logging_mixin.py:190} INFO - [2025-02-23T20:42:50.270+0000] {dag.py:4180} INFO - Setting next_dagrun for example_branch_dop_operator_v3 to 2025-02-23 20:41:00+00:00, run_after=2025-02-23 20:42:00+00:00
[2025-02-23T20:42:50.298+0000] {processor.py:208} INFO - Processing /home/airflow/.local/lib/python3.12/site-packages/airflow/example_dags/example_branch_python_dop_operator_3.py took 0.118 seconds
[2025-02-23T20:43:21.315+0000] {processor.py:186} INFO - Started process (PID=2311) to work on /home/airflow/.local/lib/python3.12/site-packages/airflow/example_dags/example_branch_python_dop_operator_3.py
[2025-02-23T20:43:21.317+0000] {processor.py:914} INFO - Processing file /home/airflow/.local/lib/python3.12/site-packages/airflow/example_dags/example_branch_python_dop_operator_3.py for tasks to queue
[2025-02-23T20:43:21.320+0000] {logging_mixin.py:190} INFO - [2025-02-23T20:43:21.319+0000] {dagbag.py:588} INFO - Filling up the DagBag from /home/airflow/.local/lib/python3.12/site-packages/airflow/example_dags/example_branch_python_dop_operator_3.py
[2025-02-23T20:43:21.335+0000] {processor.py:925} INFO - DAG(s) 'example_branch_dop_operator_v3' retrieved from /home/airflow/.local/lib/python3.12/site-packages/airflow/example_dags/example_branch_python_dop_operator_3.py
[2025-02-23T20:43:21.365+0000] {logging_mixin.py:190} INFO - [2025-02-23T20:43:21.364+0000] {dag.py:3239} INFO - Sync 1 DAGs
[2025-02-23T20:43:21.405+0000] {logging_mixin.py:190} INFO - [2025-02-23T20:43:21.405+0000] {dag.py:4180} INFO - Setting next_dagrun for example_branch_dop_operator_v3 to 2025-02-23 20:42:00+00:00, run_after=2025-02-23 20:43:00+00:00
[2025-02-23T20:43:21.434+0000] {processor.py:208} INFO - Processing /home/airflow/.local/lib/python3.12/site-packages/airflow/example_dags/example_branch_python_dop_operator_3.py took 0.126 seconds
[2025-02-23T20:43:52.585+0000] {processor.py:186} INFO - Started process (PID=2375) to work on /home/airflow/.local/lib/python3.12/site-packages/airflow/example_dags/example_branch_python_dop_operator_3.py
[2025-02-23T20:43:52.586+0000] {processor.py:914} INFO - Processing file /home/airflow/.local/lib/python3.12/site-packages/airflow/example_dags/example_branch_python_dop_operator_3.py for tasks to queue
[2025-02-23T20:43:52.589+0000] {logging_mixin.py:190} INFO - [2025-02-23T20:43:52.589+0000] {dagbag.py:588} INFO - Filling up the DagBag from /home/airflow/.local/lib/python3.12/site-packages/airflow/example_dags/example_branch_python_dop_operator_3.py
[2025-02-23T20:43:52.607+0000] {processor.py:925} INFO - DAG(s) 'example_branch_dop_operator_v3' retrieved from /home/airflow/.local/lib/python3.12/site-packages/airflow/example_dags/example_branch_python_dop_operator_3.py
[2025-02-23T20:43:52.635+0000] {logging_mixin.py:190} INFO - [2025-02-23T20:43:52.635+0000] {dag.py:3239} INFO - Sync 1 DAGs
[2025-02-23T20:43:52.679+0000] {logging_mixin.py:190} INFO - [2025-02-23T20:43:52.679+0000] {dag.py:4180} INFO - Setting next_dagrun for example_branch_dop_operator_v3 to 2025-02-23 20:42:00+00:00, run_after=2025-02-23 20:43:00+00:00
[2025-02-23T20:43:52.705+0000] {processor.py:208} INFO - Processing /home/airflow/.local/lib/python3.12/site-packages/airflow/example_dags/example_branch_python_dop_operator_3.py took 0.130 seconds
[2025-02-23T20:44:23.097+0000] {processor.py:186} INFO - Started process (PID=2438) to work on /home/airflow/.local/lib/python3.12/site-packages/airflow/example_dags/example_branch_python_dop_operator_3.py
[2025-02-23T20:44:23.098+0000] {processor.py:914} INFO - Processing file /home/airflow/.local/lib/python3.12/site-packages/airflow/example_dags/example_branch_python_dop_operator_3.py for tasks to queue
[2025-02-23T20:44:23.101+0000] {logging_mixin.py:190} INFO - [2025-02-23T20:44:23.100+0000] {dagbag.py:588} INFO - Filling up the DagBag from /home/airflow/.local/lib/python3.12/site-packages/airflow/example_dags/example_branch_python_dop_operator_3.py
[2025-02-23T20:44:23.116+0000] {processor.py:925} INFO - DAG(s) 'example_branch_dop_operator_v3' retrieved from /home/airflow/.local/lib/python3.12/site-packages/airflow/example_dags/example_branch_python_dop_operator_3.py
[2025-02-23T20:44:23.144+0000] {logging_mixin.py:190} INFO - [2025-02-23T20:44:23.144+0000] {dag.py:3239} INFO - Sync 1 DAGs
[2025-02-23T20:44:23.183+0000] {logging_mixin.py:190} INFO - [2025-02-23T20:44:23.183+0000] {dag.py:4180} INFO - Setting next_dagrun for example_branch_dop_operator_v3 to 2025-02-23 20:43:00+00:00, run_after=2025-02-23 20:44:00+00:00
[2025-02-23T20:44:23.213+0000] {processor.py:208} INFO - Processing /home/airflow/.local/lib/python3.12/site-packages/airflow/example_dags/example_branch_python_dop_operator_3.py took 0.124 seconds
[2025-02-23T20:44:54.296+0000] {processor.py:186} INFO - Started process (PID=2502) to work on /home/airflow/.local/lib/python3.12/site-packages/airflow/example_dags/example_branch_python_dop_operator_3.py
[2025-02-23T20:44:54.297+0000] {processor.py:914} INFO - Processing file /home/airflow/.local/lib/python3.12/site-packages/airflow/example_dags/example_branch_python_dop_operator_3.py for tasks to queue
[2025-02-23T20:44:54.300+0000] {logging_mixin.py:190} INFO - [2025-02-23T20:44:54.300+0000] {dagbag.py:588} INFO - Filling up the DagBag from /home/airflow/.local/lib/python3.12/site-packages/airflow/example_dags/example_branch_python_dop_operator_3.py
[2025-02-23T20:44:54.317+0000] {processor.py:925} INFO - DAG(s) 'example_branch_dop_operator_v3' retrieved from /home/airflow/.local/lib/python3.12/site-packages/airflow/example_dags/example_branch_python_dop_operator_3.py
[2025-02-23T20:44:54.345+0000] {logging_mixin.py:190} INFO - [2025-02-23T20:44:54.344+0000] {dag.py:3239} INFO - Sync 1 DAGs
[2025-02-23T20:44:54.397+0000] {logging_mixin.py:190} INFO - [2025-02-23T20:44:54.396+0000] {dag.py:4180} INFO - Setting next_dagrun for example_branch_dop_operator_v3 to 2025-02-23 20:43:00+00:00, run_after=2025-02-23 20:44:00+00:00
[2025-02-23T20:44:54.427+0000] {processor.py:208} INFO - Processing /home/airflow/.local/lib/python3.12/site-packages/airflow/example_dags/example_branch_python_dop_operator_3.py took 0.140 seconds
[2025-02-23T20:45:25.884+0000] {processor.py:186} INFO - Started process (PID=2565) to work on /home/airflow/.local/lib/python3.12/site-packages/airflow/example_dags/example_branch_python_dop_operator_3.py
[2025-02-23T20:45:25.886+0000] {processor.py:914} INFO - Processing file /home/airflow/.local/lib/python3.12/site-packages/airflow/example_dags/example_branch_python_dop_operator_3.py for tasks to queue
[2025-02-23T20:45:25.889+0000] {logging_mixin.py:190} INFO - [2025-02-23T20:45:25.889+0000] {dagbag.py:588} INFO - Filling up the DagBag from /home/airflow/.local/lib/python3.12/site-packages/airflow/example_dags/example_branch_python_dop_operator_3.py
[2025-02-23T20:45:25.907+0000] {processor.py:925} INFO - DAG(s) 'example_branch_dop_operator_v3' retrieved from /home/airflow/.local/lib/python3.12/site-packages/airflow/example_dags/example_branch_python_dop_operator_3.py
[2025-02-23T20:45:25.934+0000] {logging_mixin.py:190} INFO - [2025-02-23T20:45:25.933+0000] {dag.py:3239} INFO - Sync 1 DAGs
[2025-02-23T20:45:25.984+0000] {logging_mixin.py:190} INFO - [2025-02-23T20:45:25.983+0000] {dag.py:4180} INFO - Setting next_dagrun for example_branch_dop_operator_v3 to 2025-02-23 20:44:00+00:00, run_after=2025-02-23 20:45:00+00:00
[2025-02-23T20:45:26.013+0000] {processor.py:208} INFO - Processing /home/airflow/.local/lib/python3.12/site-packages/airflow/example_dags/example_branch_python_dop_operator_3.py took 0.136 seconds
