[2025-02-23T20:25:15.109+0000] {processor.py:186} INFO - Started process (PID=95) to work on /home/airflow/.local/lib/python3.12/site-packages/airflow/example_dags/example_dataset_alias.py
[2025-02-23T20:25:15.110+0000] {processor.py:914} INFO - Processing file /home/airflow/.local/lib/python3.12/site-packages/airflow/example_dags/example_dataset_alias.py for tasks to queue
[2025-02-23T20:25:15.113+0000] {logging_mixin.py:190} INFO - [2025-02-23T20:25:15.112+0000] {dagbag.py:588} INFO - Filling up the DagBag from /home/airflow/.local/lib/python3.12/site-packages/airflow/example_dags/example_dataset_alias.py
[2025-02-23T20:25:15.997+0000] {processor.py:925} INFO - DAG(s) 'dataset_alias_example_alias_consumer', 'dataset_alias_example_alias_producer', 'dataset_s3_bucket_consumer', 'dataset_s3_bucket_producer' retrieved from /home/airflow/.local/lib/python3.12/site-packages/airflow/example_dags/example_dataset_alias.py
[2025-02-23T20:25:16.141+0000] {logging_mixin.py:190} INFO - [2025-02-23T20:25:16.140+0000] {override.py:1912} INFO - Created Permission View: can read on DAG:dataset_alias_example_alias_consumer
[2025-02-23T20:25:16.157+0000] {logging_mixin.py:190} INFO - [2025-02-23T20:25:16.156+0000] {override.py:1912} INFO - Created Permission View: can delete on DAG:dataset_alias_example_alias_consumer
[2025-02-23T20:25:16.168+0000] {logging_mixin.py:190} INFO - [2025-02-23T20:25:16.168+0000] {override.py:1912} INFO - Created Permission View: can edit on DAG:dataset_alias_example_alias_consumer
[2025-02-23T20:25:16.181+0000] {logging_mixin.py:190} INFO - [2025-02-23T20:25:16.181+0000] {override.py:1912} INFO - Created Permission View: can create on DAG Run:dataset_alias_example_alias_consumer
[2025-02-23T20:25:16.192+0000] {logging_mixin.py:190} INFO - [2025-02-23T20:25:16.192+0000] {override.py:1912} INFO - Created Permission View: can read on DAG Run:dataset_alias_example_alias_consumer
[2025-02-23T20:25:16.203+0000] {logging_mixin.py:190} INFO - [2025-02-23T20:25:16.203+0000] {override.py:1912} INFO - Created Permission View: can delete on DAG Run:dataset_alias_example_alias_consumer
[2025-02-23T20:25:16.213+0000] {logging_mixin.py:190} INFO - [2025-02-23T20:25:16.213+0000] {override.py:1912} INFO - Created Permission View: menu access on DAG Run:dataset_alias_example_alias_consumer
[2025-02-23T20:25:16.236+0000] {logging_mixin.py:190} INFO - [2025-02-23T20:25:16.235+0000] {override.py:1912} INFO - Created Permission View: can read on DAG:dataset_alias_example_alias_producer
[2025-02-23T20:25:16.249+0000] {logging_mixin.py:190} INFO - [2025-02-23T20:25:16.248+0000] {override.py:1912} INFO - Created Permission View: can delete on DAG:dataset_alias_example_alias_producer
[2025-02-23T20:25:16.261+0000] {logging_mixin.py:190} INFO - [2025-02-23T20:25:16.261+0000] {override.py:1912} INFO - Created Permission View: can edit on DAG:dataset_alias_example_alias_producer
[2025-02-23T20:25:16.276+0000] {logging_mixin.py:190} INFO - [2025-02-23T20:25:16.275+0000] {override.py:1912} INFO - Created Permission View: can create on DAG Run:dataset_alias_example_alias_producer
[2025-02-23T20:25:16.286+0000] {logging_mixin.py:190} INFO - [2025-02-23T20:25:16.285+0000] {override.py:1912} INFO - Created Permission View: can read on DAG Run:dataset_alias_example_alias_producer
[2025-02-23T20:25:16.296+0000] {logging_mixin.py:190} INFO - [2025-02-23T20:25:16.296+0000] {override.py:1912} INFO - Created Permission View: can delete on DAG Run:dataset_alias_example_alias_producer
[2025-02-23T20:25:16.308+0000] {logging_mixin.py:190} INFO - [2025-02-23T20:25:16.308+0000] {override.py:1912} INFO - Created Permission View: menu access on DAG Run:dataset_alias_example_alias_producer
[2025-02-23T20:25:16.336+0000] {logging_mixin.py:190} INFO - [2025-02-23T20:25:16.335+0000] {override.py:1912} INFO - Created Permission View: can read on DAG:dataset_s3_bucket_consumer
[2025-02-23T20:25:16.350+0000] {logging_mixin.py:190} INFO - [2025-02-23T20:25:16.349+0000] {override.py:1912} INFO - Created Permission View: can delete on DAG:dataset_s3_bucket_consumer
[2025-02-23T20:25:16.364+0000] {logging_mixin.py:190} INFO - [2025-02-23T20:25:16.364+0000] {override.py:1912} INFO - Created Permission View: can edit on DAG:dataset_s3_bucket_consumer
[2025-02-23T20:25:16.380+0000] {logging_mixin.py:190} INFO - [2025-02-23T20:25:16.379+0000] {override.py:1912} INFO - Created Permission View: can create on DAG Run:dataset_s3_bucket_consumer
[2025-02-23T20:25:16.394+0000] {logging_mixin.py:190} INFO - [2025-02-23T20:25:16.393+0000] {override.py:1912} INFO - Created Permission View: can read on DAG Run:dataset_s3_bucket_consumer
[2025-02-23T20:25:16.407+0000] {logging_mixin.py:190} INFO - [2025-02-23T20:25:16.406+0000] {override.py:1912} INFO - Created Permission View: can delete on DAG Run:dataset_s3_bucket_consumer
[2025-02-23T20:25:16.420+0000] {logging_mixin.py:190} INFO - [2025-02-23T20:25:16.420+0000] {override.py:1912} INFO - Created Permission View: menu access on DAG Run:dataset_s3_bucket_consumer
[2025-02-23T20:25:16.442+0000] {logging_mixin.py:190} INFO - [2025-02-23T20:25:16.441+0000] {override.py:1912} INFO - Created Permission View: can read on DAG:dataset_s3_bucket_producer
[2025-02-23T20:25:16.453+0000] {logging_mixin.py:190} INFO - [2025-02-23T20:25:16.452+0000] {override.py:1912} INFO - Created Permission View: can delete on DAG:dataset_s3_bucket_producer
[2025-02-23T20:25:16.463+0000] {logging_mixin.py:190} INFO - [2025-02-23T20:25:16.463+0000] {override.py:1912} INFO - Created Permission View: can edit on DAG:dataset_s3_bucket_producer
[2025-02-23T20:25:16.476+0000] {logging_mixin.py:190} INFO - [2025-02-23T20:25:16.475+0000] {override.py:1912} INFO - Created Permission View: can create on DAG Run:dataset_s3_bucket_producer
[2025-02-23T20:25:16.487+0000] {logging_mixin.py:190} INFO - [2025-02-23T20:25:16.487+0000] {override.py:1912} INFO - Created Permission View: can read on DAG Run:dataset_s3_bucket_producer
[2025-02-23T20:25:16.499+0000] {logging_mixin.py:190} INFO - [2025-02-23T20:25:16.499+0000] {override.py:1912} INFO - Created Permission View: can delete on DAG Run:dataset_s3_bucket_producer
[2025-02-23T20:25:16.510+0000] {logging_mixin.py:190} INFO - [2025-02-23T20:25:16.509+0000] {override.py:1912} INFO - Created Permission View: menu access on DAG Run:dataset_s3_bucket_producer
[2025-02-23T20:25:16.511+0000] {logging_mixin.py:190} INFO - [2025-02-23T20:25:16.510+0000] {dag.py:3239} INFO - Sync 4 DAGs
[2025-02-23T20:25:16.535+0000] {logging_mixin.py:190} INFO - [2025-02-23T20:25:16.534+0000] {dag.py:3262} INFO - Creating ORM DAG for dataset_s3_bucket_consumer
[2025-02-23T20:25:16.536+0000] {logging_mixin.py:190} INFO - [2025-02-23T20:25:16.536+0000] {dag.py:3262} INFO - Creating ORM DAG for dataset_s3_bucket_producer
[2025-02-23T20:25:16.538+0000] {logging_mixin.py:190} INFO - [2025-02-23T20:25:16.537+0000] {dag.py:3262} INFO - Creating ORM DAG for dataset_alias_example_alias_producer
[2025-02-23T20:25:16.539+0000] {logging_mixin.py:190} INFO - [2025-02-23T20:25:16.539+0000] {dag.py:3262} INFO - Creating ORM DAG for dataset_alias_example_alias_consumer
[2025-02-23T20:25:16.554+0000] {logging_mixin.py:190} INFO - [2025-02-23T20:25:16.553+0000] {dag.py:4180} INFO - Setting next_dagrun for dataset_alias_example_alias_consumer to None, run_after=None
[2025-02-23T20:25:16.555+0000] {logging_mixin.py:190} INFO - [2025-02-23T20:25:16.555+0000] {dag.py:4180} INFO - Setting next_dagrun for dataset_alias_example_alias_producer to None, run_after=None
[2025-02-23T20:25:16.556+0000] {logging_mixin.py:190} INFO - [2025-02-23T20:25:16.556+0000] {dag.py:4180} INFO - Setting next_dagrun for dataset_s3_bucket_consumer to None, run_after=None
[2025-02-23T20:25:16.557+0000] {logging_mixin.py:190} INFO - [2025-02-23T20:25:16.557+0000] {dag.py:4180} INFO - Setting next_dagrun for dataset_s3_bucket_producer to None, run_after=None
[2025-02-23T20:25:16.605+0000] {processor.py:208} INFO - Processing /home/airflow/.local/lib/python3.12/site-packages/airflow/example_dags/example_dataset_alias.py took 1.504 seconds
[2025-02-23T20:25:47.456+0000] {processor.py:186} INFO - Started process (PID=160) to work on /home/airflow/.local/lib/python3.12/site-packages/airflow/example_dags/example_dataset_alias.py
[2025-02-23T20:25:47.459+0000] {processor.py:914} INFO - Processing file /home/airflow/.local/lib/python3.12/site-packages/airflow/example_dags/example_dataset_alias.py for tasks to queue
[2025-02-23T20:25:47.463+0000] {logging_mixin.py:190} INFO - [2025-02-23T20:25:47.462+0000] {dagbag.py:588} INFO - Filling up the DagBag from /home/airflow/.local/lib/python3.12/site-packages/airflow/example_dags/example_dataset_alias.py
[2025-02-23T20:25:48.351+0000] {processor.py:925} INFO - DAG(s) 'dataset_alias_example_alias_producer', 'dataset_s3_bucket_producer', 'dataset_alias_example_alias_consumer', 'dataset_s3_bucket_consumer' retrieved from /home/airflow/.local/lib/python3.12/site-packages/airflow/example_dags/example_dataset_alias.py
[2025-02-23T20:25:48.388+0000] {logging_mixin.py:190} INFO - [2025-02-23T20:25:48.387+0000] {dag.py:3239} INFO - Sync 4 DAGs
[2025-02-23T20:25:48.425+0000] {logging_mixin.py:190} INFO - [2025-02-23T20:25:48.425+0000] {dag.py:4180} INFO - Setting next_dagrun for dataset_alias_example_alias_consumer to None, run_after=None
[2025-02-23T20:25:48.430+0000] {logging_mixin.py:190} INFO - [2025-02-23T20:25:48.430+0000] {dag.py:4180} INFO - Setting next_dagrun for dataset_alias_example_alias_producer to None, run_after=None
[2025-02-23T20:25:48.433+0000] {logging_mixin.py:190} INFO - [2025-02-23T20:25:48.433+0000] {dag.py:4180} INFO - Setting next_dagrun for dataset_s3_bucket_consumer to None, run_after=None
[2025-02-23T20:25:48.435+0000] {logging_mixin.py:190} INFO - [2025-02-23T20:25:48.435+0000] {dag.py:4180} INFO - Setting next_dagrun for dataset_s3_bucket_producer to None, run_after=None
[2025-02-23T20:25:48.470+0000] {processor.py:208} INFO - Processing /home/airflow/.local/lib/python3.12/site-packages/airflow/example_dags/example_dataset_alias.py took 1.022 seconds
[2025-02-23T20:26:18.560+0000] {processor.py:186} INFO - Started process (PID=229) to work on /home/airflow/.local/lib/python3.12/site-packages/airflow/example_dags/example_dataset_alias.py
[2025-02-23T20:26:18.562+0000] {processor.py:914} INFO - Processing file /home/airflow/.local/lib/python3.12/site-packages/airflow/example_dags/example_dataset_alias.py for tasks to queue
[2025-02-23T20:26:18.565+0000] {logging_mixin.py:190} INFO - [2025-02-23T20:26:18.565+0000] {dagbag.py:588} INFO - Filling up the DagBag from /home/airflow/.local/lib/python3.12/site-packages/airflow/example_dags/example_dataset_alias.py
[2025-02-23T20:26:19.402+0000] {processor.py:925} INFO - DAG(s) 'dataset_s3_bucket_consumer', 'dataset_alias_example_alias_producer', 'dataset_s3_bucket_producer', 'dataset_alias_example_alias_consumer' retrieved from /home/airflow/.local/lib/python3.12/site-packages/airflow/example_dags/example_dataset_alias.py
[2025-02-23T20:26:19.433+0000] {logging_mixin.py:190} INFO - [2025-02-23T20:26:19.432+0000] {dag.py:3239} INFO - Sync 4 DAGs
[2025-02-23T20:26:19.467+0000] {logging_mixin.py:190} INFO - [2025-02-23T20:26:19.467+0000] {dag.py:4180} INFO - Setting next_dagrun for dataset_alias_example_alias_consumer to None, run_after=None
[2025-02-23T20:26:19.471+0000] {logging_mixin.py:190} INFO - [2025-02-23T20:26:19.470+0000] {dag.py:4180} INFO - Setting next_dagrun for dataset_alias_example_alias_producer to None, run_after=None
[2025-02-23T20:26:19.472+0000] {logging_mixin.py:190} INFO - [2025-02-23T20:26:19.472+0000] {dag.py:4180} INFO - Setting next_dagrun for dataset_s3_bucket_consumer to None, run_after=None
[2025-02-23T20:26:19.474+0000] {logging_mixin.py:190} INFO - [2025-02-23T20:26:19.474+0000] {dag.py:4180} INFO - Setting next_dagrun for dataset_s3_bucket_producer to None, run_after=None
[2025-02-23T20:26:19.505+0000] {processor.py:208} INFO - Processing /home/airflow/.local/lib/python3.12/site-packages/airflow/example_dags/example_dataset_alias.py took 0.956 seconds
[2025-02-23T20:26:49.878+0000] {processor.py:186} INFO - Started process (PID=296) to work on /home/airflow/.local/lib/python3.12/site-packages/airflow/example_dags/example_dataset_alias.py
[2025-02-23T20:26:49.880+0000] {processor.py:914} INFO - Processing file /home/airflow/.local/lib/python3.12/site-packages/airflow/example_dags/example_dataset_alias.py for tasks to queue
[2025-02-23T20:26:49.883+0000] {logging_mixin.py:190} INFO - [2025-02-23T20:26:49.882+0000] {dagbag.py:588} INFO - Filling up the DagBag from /home/airflow/.local/lib/python3.12/site-packages/airflow/example_dags/example_dataset_alias.py
[2025-02-23T20:26:50.675+0000] {processor.py:925} INFO - DAG(s) 'dataset_alias_example_alias_consumer', 'dataset_s3_bucket_consumer', 'dataset_alias_example_alias_producer', 'dataset_s3_bucket_producer' retrieved from /home/airflow/.local/lib/python3.12/site-packages/airflow/example_dags/example_dataset_alias.py
[2025-02-23T20:26:50.701+0000] {logging_mixin.py:190} INFO - [2025-02-23T20:26:50.701+0000] {dag.py:3239} INFO - Sync 4 DAGs
[2025-02-23T20:26:50.731+0000] {logging_mixin.py:190} INFO - [2025-02-23T20:26:50.730+0000] {dag.py:4180} INFO - Setting next_dagrun for dataset_alias_example_alias_consumer to None, run_after=None
[2025-02-23T20:26:50.734+0000] {logging_mixin.py:190} INFO - [2025-02-23T20:26:50.734+0000] {dag.py:4180} INFO - Setting next_dagrun for dataset_alias_example_alias_producer to None, run_after=None
[2025-02-23T20:26:50.736+0000] {logging_mixin.py:190} INFO - [2025-02-23T20:26:50.735+0000] {dag.py:4180} INFO - Setting next_dagrun for dataset_s3_bucket_consumer to None, run_after=None
[2025-02-23T20:26:50.737+0000] {logging_mixin.py:190} INFO - [2025-02-23T20:26:50.737+0000] {dag.py:4180} INFO - Setting next_dagrun for dataset_s3_bucket_producer to None, run_after=None
[2025-02-23T20:26:50.764+0000] {processor.py:208} INFO - Processing /home/airflow/.local/lib/python3.12/site-packages/airflow/example_dags/example_dataset_alias.py took 0.894 seconds
[2025-02-23T20:27:21.193+0000] {processor.py:186} INFO - Started process (PID=362) to work on /home/airflow/.local/lib/python3.12/site-packages/airflow/example_dags/example_dataset_alias.py
[2025-02-23T20:27:21.195+0000] {processor.py:914} INFO - Processing file /home/airflow/.local/lib/python3.12/site-packages/airflow/example_dags/example_dataset_alias.py for tasks to queue
[2025-02-23T20:27:21.197+0000] {logging_mixin.py:190} INFO - [2025-02-23T20:27:21.197+0000] {dagbag.py:588} INFO - Filling up the DagBag from /home/airflow/.local/lib/python3.12/site-packages/airflow/example_dags/example_dataset_alias.py
[2025-02-23T20:27:22.123+0000] {processor.py:925} INFO - DAG(s) 'dataset_s3_bucket_consumer', 'dataset_s3_bucket_producer', 'dataset_alias_example_alias_producer', 'dataset_alias_example_alias_consumer' retrieved from /home/airflow/.local/lib/python3.12/site-packages/airflow/example_dags/example_dataset_alias.py
[2025-02-23T20:27:22.156+0000] {logging_mixin.py:190} INFO - [2025-02-23T20:27:22.155+0000] {dag.py:3239} INFO - Sync 4 DAGs
[2025-02-23T20:27:22.190+0000] {logging_mixin.py:190} INFO - [2025-02-23T20:27:22.189+0000] {dag.py:4180} INFO - Setting next_dagrun for dataset_alias_example_alias_consumer to None, run_after=None
[2025-02-23T20:27:22.194+0000] {logging_mixin.py:190} INFO - [2025-02-23T20:27:22.194+0000] {dag.py:4180} INFO - Setting next_dagrun for dataset_alias_example_alias_producer to None, run_after=None
[2025-02-23T20:27:22.196+0000] {logging_mixin.py:190} INFO - [2025-02-23T20:27:22.196+0000] {dag.py:4180} INFO - Setting next_dagrun for dataset_s3_bucket_consumer to None, run_after=None
[2025-02-23T20:27:22.198+0000] {logging_mixin.py:190} INFO - [2025-02-23T20:27:22.197+0000] {dag.py:4180} INFO - Setting next_dagrun for dataset_s3_bucket_producer to None, run_after=None
[2025-02-23T20:27:22.235+0000] {processor.py:208} INFO - Processing /home/airflow/.local/lib/python3.12/site-packages/airflow/example_dags/example_dataset_alias.py took 1.051 seconds
[2025-02-23T20:27:52.286+0000] {processor.py:186} INFO - Started process (PID=426) to work on /home/airflow/.local/lib/python3.12/site-packages/airflow/example_dags/example_dataset_alias.py
[2025-02-23T20:27:52.287+0000] {processor.py:914} INFO - Processing file /home/airflow/.local/lib/python3.12/site-packages/airflow/example_dags/example_dataset_alias.py for tasks to queue
[2025-02-23T20:27:52.290+0000] {logging_mixin.py:190} INFO - [2025-02-23T20:27:52.290+0000] {dagbag.py:588} INFO - Filling up the DagBag from /home/airflow/.local/lib/python3.12/site-packages/airflow/example_dags/example_dataset_alias.py
[2025-02-23T20:27:53.211+0000] {processor.py:925} INFO - DAG(s) 'dataset_s3_bucket_producer', 'dataset_s3_bucket_consumer', 'dataset_alias_example_alias_producer', 'dataset_alias_example_alias_consumer' retrieved from /home/airflow/.local/lib/python3.12/site-packages/airflow/example_dags/example_dataset_alias.py
[2025-02-23T20:27:53.247+0000] {logging_mixin.py:190} INFO - [2025-02-23T20:27:53.246+0000] {dag.py:3239} INFO - Sync 4 DAGs
[2025-02-23T20:27:53.287+0000] {logging_mixin.py:190} INFO - [2025-02-23T20:27:53.287+0000] {dag.py:4180} INFO - Setting next_dagrun for dataset_alias_example_alias_consumer to None, run_after=None
[2025-02-23T20:27:53.291+0000] {logging_mixin.py:190} INFO - [2025-02-23T20:27:53.291+0000] {dag.py:4180} INFO - Setting next_dagrun for dataset_alias_example_alias_producer to None, run_after=None
[2025-02-23T20:27:53.293+0000] {logging_mixin.py:190} INFO - [2025-02-23T20:27:53.293+0000] {dag.py:4180} INFO - Setting next_dagrun for dataset_s3_bucket_consumer to None, run_after=None
[2025-02-23T20:27:53.295+0000] {logging_mixin.py:190} INFO - [2025-02-23T20:27:53.295+0000] {dag.py:4180} INFO - Setting next_dagrun for dataset_s3_bucket_producer to None, run_after=None
[2025-02-23T20:27:53.328+0000] {processor.py:208} INFO - Processing /home/airflow/.local/lib/python3.12/site-packages/airflow/example_dags/example_dataset_alias.py took 1.051 seconds
[2025-02-23T20:28:23.781+0000] {processor.py:186} INFO - Started process (PID=491) to work on /home/airflow/.local/lib/python3.12/site-packages/airflow/example_dags/example_dataset_alias.py
[2025-02-23T20:28:23.782+0000] {processor.py:914} INFO - Processing file /home/airflow/.local/lib/python3.12/site-packages/airflow/example_dags/example_dataset_alias.py for tasks to queue
[2025-02-23T20:28:23.785+0000] {logging_mixin.py:190} INFO - [2025-02-23T20:28:23.785+0000] {dagbag.py:588} INFO - Filling up the DagBag from /home/airflow/.local/lib/python3.12/site-packages/airflow/example_dags/example_dataset_alias.py
[2025-02-23T20:28:24.779+0000] {processor.py:925} INFO - DAG(s) 'dataset_alias_example_alias_consumer', 'dataset_alias_example_alias_producer', 'dataset_s3_bucket_producer', 'dataset_s3_bucket_consumer' retrieved from /home/airflow/.local/lib/python3.12/site-packages/airflow/example_dags/example_dataset_alias.py
[2025-02-23T20:28:24.815+0000] {logging_mixin.py:190} INFO - [2025-02-23T20:28:24.814+0000] {dag.py:3239} INFO - Sync 4 DAGs
[2025-02-23T20:28:24.853+0000] {logging_mixin.py:190} INFO - [2025-02-23T20:28:24.853+0000] {dag.py:4180} INFO - Setting next_dagrun for dataset_alias_example_alias_consumer to None, run_after=None
[2025-02-23T20:28:24.857+0000] {logging_mixin.py:190} INFO - [2025-02-23T20:28:24.857+0000] {dag.py:4180} INFO - Setting next_dagrun for dataset_alias_example_alias_producer to None, run_after=None
[2025-02-23T20:28:24.859+0000] {logging_mixin.py:190} INFO - [2025-02-23T20:28:24.859+0000] {dag.py:4180} INFO - Setting next_dagrun for dataset_s3_bucket_consumer to None, run_after=None
[2025-02-23T20:28:24.861+0000] {logging_mixin.py:190} INFO - [2025-02-23T20:28:24.860+0000] {dag.py:4180} INFO - Setting next_dagrun for dataset_s3_bucket_producer to None, run_after=None
[2025-02-23T20:28:24.889+0000] {processor.py:208} INFO - Processing /home/airflow/.local/lib/python3.12/site-packages/airflow/example_dags/example_dataset_alias.py took 1.117 seconds
[2025-02-23T20:28:55.329+0000] {processor.py:186} INFO - Started process (PID=560) to work on /home/airflow/.local/lib/python3.12/site-packages/airflow/example_dags/example_dataset_alias.py
[2025-02-23T20:28:55.330+0000] {processor.py:914} INFO - Processing file /home/airflow/.local/lib/python3.12/site-packages/airflow/example_dags/example_dataset_alias.py for tasks to queue
[2025-02-23T20:28:55.333+0000] {logging_mixin.py:190} INFO - [2025-02-23T20:28:55.333+0000] {dagbag.py:588} INFO - Filling up the DagBag from /home/airflow/.local/lib/python3.12/site-packages/airflow/example_dags/example_dataset_alias.py
[2025-02-23T20:28:56.149+0000] {processor.py:925} INFO - DAG(s) 'dataset_alias_example_alias_consumer', 'dataset_s3_bucket_consumer', 'dataset_s3_bucket_producer', 'dataset_alias_example_alias_producer' retrieved from /home/airflow/.local/lib/python3.12/site-packages/airflow/example_dags/example_dataset_alias.py
[2025-02-23T20:28:56.182+0000] {logging_mixin.py:190} INFO - [2025-02-23T20:28:56.181+0000] {dag.py:3239} INFO - Sync 4 DAGs
[2025-02-23T20:28:56.213+0000] {logging_mixin.py:190} INFO - [2025-02-23T20:28:56.213+0000] {dag.py:4180} INFO - Setting next_dagrun for dataset_alias_example_alias_consumer to None, run_after=None
[2025-02-23T20:28:56.216+0000] {logging_mixin.py:190} INFO - [2025-02-23T20:28:56.216+0000] {dag.py:4180} INFO - Setting next_dagrun for dataset_alias_example_alias_producer to None, run_after=None
[2025-02-23T20:28:56.218+0000] {logging_mixin.py:190} INFO - [2025-02-23T20:28:56.218+0000] {dag.py:4180} INFO - Setting next_dagrun for dataset_s3_bucket_consumer to None, run_after=None
[2025-02-23T20:28:56.219+0000] {logging_mixin.py:190} INFO - [2025-02-23T20:28:56.219+0000] {dag.py:4180} INFO - Setting next_dagrun for dataset_s3_bucket_producer to None, run_after=None
[2025-02-23T20:28:56.250+0000] {processor.py:208} INFO - Processing /home/airflow/.local/lib/python3.12/site-packages/airflow/example_dags/example_dataset_alias.py took 0.931 seconds
[2025-02-23T20:29:26.669+0000] {processor.py:186} INFO - Started process (PID=626) to work on /home/airflow/.local/lib/python3.12/site-packages/airflow/example_dags/example_dataset_alias.py
[2025-02-23T20:29:26.671+0000] {processor.py:914} INFO - Processing file /home/airflow/.local/lib/python3.12/site-packages/airflow/example_dags/example_dataset_alias.py for tasks to queue
[2025-02-23T20:29:26.673+0000] {logging_mixin.py:190} INFO - [2025-02-23T20:29:26.673+0000] {dagbag.py:588} INFO - Filling up the DagBag from /home/airflow/.local/lib/python3.12/site-packages/airflow/example_dags/example_dataset_alias.py
[2025-02-23T20:29:27.460+0000] {processor.py:925} INFO - DAG(s) 'dataset_alias_example_alias_consumer', 'dataset_alias_example_alias_producer', 'dataset_s3_bucket_producer', 'dataset_s3_bucket_consumer' retrieved from /home/airflow/.local/lib/python3.12/site-packages/airflow/example_dags/example_dataset_alias.py
[2025-02-23T20:29:27.491+0000] {logging_mixin.py:190} INFO - [2025-02-23T20:29:27.490+0000] {dag.py:3239} INFO - Sync 4 DAGs
[2025-02-23T20:29:27.525+0000] {logging_mixin.py:190} INFO - [2025-02-23T20:29:27.524+0000] {dag.py:4180} INFO - Setting next_dagrun for dataset_alias_example_alias_consumer to None, run_after=None
[2025-02-23T20:29:27.528+0000] {logging_mixin.py:190} INFO - [2025-02-23T20:29:27.528+0000] {dag.py:4180} INFO - Setting next_dagrun for dataset_alias_example_alias_producer to None, run_after=None
[2025-02-23T20:29:27.530+0000] {logging_mixin.py:190} INFO - [2025-02-23T20:29:27.530+0000] {dag.py:4180} INFO - Setting next_dagrun for dataset_s3_bucket_consumer to None, run_after=None
[2025-02-23T20:29:27.532+0000] {logging_mixin.py:190} INFO - [2025-02-23T20:29:27.531+0000] {dag.py:4180} INFO - Setting next_dagrun for dataset_s3_bucket_producer to None, run_after=None
[2025-02-23T20:29:27.561+0000] {processor.py:208} INFO - Processing /home/airflow/.local/lib/python3.12/site-packages/airflow/example_dags/example_dataset_alias.py took 0.900 seconds
[2025-02-23T20:29:57.947+0000] {processor.py:186} INFO - Started process (PID=691) to work on /home/airflow/.local/lib/python3.12/site-packages/airflow/example_dags/example_dataset_alias.py
[2025-02-23T20:29:57.948+0000] {processor.py:914} INFO - Processing file /home/airflow/.local/lib/python3.12/site-packages/airflow/example_dags/example_dataset_alias.py for tasks to queue
[2025-02-23T20:29:57.951+0000] {logging_mixin.py:190} INFO - [2025-02-23T20:29:57.950+0000] {dagbag.py:588} INFO - Filling up the DagBag from /home/airflow/.local/lib/python3.12/site-packages/airflow/example_dags/example_dataset_alias.py
[2025-02-23T20:29:58.695+0000] {processor.py:925} INFO - DAG(s) 'dataset_alias_example_alias_consumer', 'dataset_s3_bucket_consumer', 'dataset_s3_bucket_producer', 'dataset_alias_example_alias_producer' retrieved from /home/airflow/.local/lib/python3.12/site-packages/airflow/example_dags/example_dataset_alias.py
[2025-02-23T20:29:58.725+0000] {logging_mixin.py:190} INFO - [2025-02-23T20:29:58.724+0000] {dag.py:3239} INFO - Sync 4 DAGs
[2025-02-23T20:29:58.756+0000] {logging_mixin.py:190} INFO - [2025-02-23T20:29:58.756+0000] {dag.py:4180} INFO - Setting next_dagrun for dataset_alias_example_alias_consumer to None, run_after=None
[2025-02-23T20:29:58.760+0000] {logging_mixin.py:190} INFO - [2025-02-23T20:29:58.760+0000] {dag.py:4180} INFO - Setting next_dagrun for dataset_alias_example_alias_producer to None, run_after=None
[2025-02-23T20:29:58.762+0000] {logging_mixin.py:190} INFO - [2025-02-23T20:29:58.762+0000] {dag.py:4180} INFO - Setting next_dagrun for dataset_s3_bucket_consumer to None, run_after=None
[2025-02-23T20:29:58.764+0000] {logging_mixin.py:190} INFO - [2025-02-23T20:29:58.764+0000] {dag.py:4180} INFO - Setting next_dagrun for dataset_s3_bucket_producer to None, run_after=None
[2025-02-23T20:29:58.795+0000] {processor.py:208} INFO - Processing /home/airflow/.local/lib/python3.12/site-packages/airflow/example_dags/example_dataset_alias.py took 0.855 seconds
[2025-02-23T20:30:28.966+0000] {processor.py:186} INFO - Started process (PID=754) to work on /home/airflow/.local/lib/python3.12/site-packages/airflow/example_dags/example_dataset_alias.py
[2025-02-23T20:30:28.967+0000] {processor.py:914} INFO - Processing file /home/airflow/.local/lib/python3.12/site-packages/airflow/example_dags/example_dataset_alias.py for tasks to queue
[2025-02-23T20:30:28.971+0000] {logging_mixin.py:190} INFO - [2025-02-23T20:30:28.970+0000] {dagbag.py:588} INFO - Filling up the DagBag from /home/airflow/.local/lib/python3.12/site-packages/airflow/example_dags/example_dataset_alias.py
[2025-02-23T20:30:29.826+0000] {processor.py:925} INFO - DAG(s) 'dataset_alias_example_alias_consumer', 'dataset_s3_bucket_consumer', 'dataset_alias_example_alias_producer', 'dataset_s3_bucket_producer' retrieved from /home/airflow/.local/lib/python3.12/site-packages/airflow/example_dags/example_dataset_alias.py
[2025-02-23T20:30:29.856+0000] {logging_mixin.py:190} INFO - [2025-02-23T20:30:29.855+0000] {dag.py:3239} INFO - Sync 4 DAGs
[2025-02-23T20:30:29.888+0000] {logging_mixin.py:190} INFO - [2025-02-23T20:30:29.888+0000] {dag.py:4180} INFO - Setting next_dagrun for dataset_alias_example_alias_consumer to None, run_after=None
[2025-02-23T20:30:29.892+0000] {logging_mixin.py:190} INFO - [2025-02-23T20:30:29.891+0000] {dag.py:4180} INFO - Setting next_dagrun for dataset_alias_example_alias_producer to None, run_after=None
[2025-02-23T20:30:29.893+0000] {logging_mixin.py:190} INFO - [2025-02-23T20:30:29.893+0000] {dag.py:4180} INFO - Setting next_dagrun for dataset_s3_bucket_consumer to None, run_after=None
[2025-02-23T20:30:29.895+0000] {logging_mixin.py:190} INFO - [2025-02-23T20:30:29.895+0000] {dag.py:4180} INFO - Setting next_dagrun for dataset_s3_bucket_producer to None, run_after=None
[2025-02-23T20:30:29.924+0000] {processor.py:208} INFO - Processing /home/airflow/.local/lib/python3.12/site-packages/airflow/example_dags/example_dataset_alias.py took 0.968 seconds
[2025-02-23T20:31:00.042+0000] {processor.py:186} INFO - Started process (PID=818) to work on /home/airflow/.local/lib/python3.12/site-packages/airflow/example_dags/example_dataset_alias.py
[2025-02-23T20:31:00.043+0000] {processor.py:914} INFO - Processing file /home/airflow/.local/lib/python3.12/site-packages/airflow/example_dags/example_dataset_alias.py for tasks to queue
[2025-02-23T20:31:00.046+0000] {logging_mixin.py:190} INFO - [2025-02-23T20:31:00.045+0000] {dagbag.py:588} INFO - Filling up the DagBag from /home/airflow/.local/lib/python3.12/site-packages/airflow/example_dags/example_dataset_alias.py
[2025-02-23T20:31:00.871+0000] {processor.py:925} INFO - DAG(s) 'dataset_s3_bucket_consumer', 'dataset_s3_bucket_producer', 'dataset_alias_example_alias_consumer', 'dataset_alias_example_alias_producer' retrieved from /home/airflow/.local/lib/python3.12/site-packages/airflow/example_dags/example_dataset_alias.py
[2025-02-23T20:31:00.898+0000] {logging_mixin.py:190} INFO - [2025-02-23T20:31:00.897+0000] {dag.py:3239} INFO - Sync 4 DAGs
[2025-02-23T20:31:00.929+0000] {logging_mixin.py:190} INFO - [2025-02-23T20:31:00.929+0000] {dag.py:4180} INFO - Setting next_dagrun for dataset_alias_example_alias_consumer to None, run_after=None
[2025-02-23T20:31:00.932+0000] {logging_mixin.py:190} INFO - [2025-02-23T20:31:00.932+0000] {dag.py:4180} INFO - Setting next_dagrun for dataset_alias_example_alias_producer to None, run_after=None
[2025-02-23T20:31:00.934+0000] {logging_mixin.py:190} INFO - [2025-02-23T20:31:00.934+0000] {dag.py:4180} INFO - Setting next_dagrun for dataset_s3_bucket_consumer to None, run_after=None
[2025-02-23T20:31:00.936+0000] {logging_mixin.py:190} INFO - [2025-02-23T20:31:00.935+0000] {dag.py:4180} INFO - Setting next_dagrun for dataset_s3_bucket_producer to None, run_after=None
[2025-02-23T20:31:00.964+0000] {processor.py:208} INFO - Processing /home/airflow/.local/lib/python3.12/site-packages/airflow/example_dags/example_dataset_alias.py took 0.930 seconds
[2025-02-23T20:31:31.205+0000] {processor.py:186} INFO - Started process (PID=879) to work on /home/airflow/.local/lib/python3.12/site-packages/airflow/example_dags/example_dataset_alias.py
[2025-02-23T20:31:31.207+0000] {processor.py:914} INFO - Processing file /home/airflow/.local/lib/python3.12/site-packages/airflow/example_dags/example_dataset_alias.py for tasks to queue
[2025-02-23T20:31:31.210+0000] {logging_mixin.py:190} INFO - [2025-02-23T20:31:31.209+0000] {dagbag.py:588} INFO - Filling up the DagBag from /home/airflow/.local/lib/python3.12/site-packages/airflow/example_dags/example_dataset_alias.py
[2025-02-23T20:31:32.075+0000] {processor.py:925} INFO - DAG(s) 'dataset_s3_bucket_consumer', 'dataset_alias_example_alias_producer', 'dataset_s3_bucket_producer', 'dataset_alias_example_alias_consumer' retrieved from /home/airflow/.local/lib/python3.12/site-packages/airflow/example_dags/example_dataset_alias.py
[2025-02-23T20:31:32.102+0000] {logging_mixin.py:190} INFO - [2025-02-23T20:31:32.101+0000] {dag.py:3239} INFO - Sync 4 DAGs
[2025-02-23T20:31:32.145+0000] {logging_mixin.py:190} INFO - [2025-02-23T20:31:32.145+0000] {dag.py:4180} INFO - Setting next_dagrun for dataset_alias_example_alias_consumer to None, run_after=None
[2025-02-23T20:31:32.149+0000] {logging_mixin.py:190} INFO - [2025-02-23T20:31:32.149+0000] {dag.py:4180} INFO - Setting next_dagrun for dataset_alias_example_alias_producer to None, run_after=None
[2025-02-23T20:31:32.151+0000] {logging_mixin.py:190} INFO - [2025-02-23T20:31:32.151+0000] {dag.py:4180} INFO - Setting next_dagrun for dataset_s3_bucket_consumer to None, run_after=None
[2025-02-23T20:31:32.152+0000] {logging_mixin.py:190} INFO - [2025-02-23T20:31:32.152+0000] {dag.py:4180} INFO - Setting next_dagrun for dataset_s3_bucket_producer to None, run_after=None
[2025-02-23T20:31:32.183+0000] {processor.py:208} INFO - Processing /home/airflow/.local/lib/python3.12/site-packages/airflow/example_dags/example_dataset_alias.py took 0.987 seconds
[2025-02-23T20:32:02.312+0000] {processor.py:186} INFO - Started process (PID=947) to work on /home/airflow/.local/lib/python3.12/site-packages/airflow/example_dags/example_dataset_alias.py
[2025-02-23T20:32:02.313+0000] {processor.py:914} INFO - Processing file /home/airflow/.local/lib/python3.12/site-packages/airflow/example_dags/example_dataset_alias.py for tasks to queue
[2025-02-23T20:32:02.315+0000] {logging_mixin.py:190} INFO - [2025-02-23T20:32:02.315+0000] {dagbag.py:588} INFO - Filling up the DagBag from /home/airflow/.local/lib/python3.12/site-packages/airflow/example_dags/example_dataset_alias.py
[2025-02-23T20:32:03.152+0000] {processor.py:925} INFO - DAG(s) 'dataset_alias_example_alias_consumer', 'dataset_s3_bucket_consumer', 'dataset_alias_example_alias_producer', 'dataset_s3_bucket_producer' retrieved from /home/airflow/.local/lib/python3.12/site-packages/airflow/example_dags/example_dataset_alias.py
[2025-02-23T20:32:03.181+0000] {logging_mixin.py:190} INFO - [2025-02-23T20:32:03.180+0000] {dag.py:3239} INFO - Sync 4 DAGs
[2025-02-23T20:32:03.214+0000] {logging_mixin.py:190} INFO - [2025-02-23T20:32:03.214+0000] {dag.py:4180} INFO - Setting next_dagrun for dataset_alias_example_alias_consumer to None, run_after=None
[2025-02-23T20:32:03.217+0000] {logging_mixin.py:190} INFO - [2025-02-23T20:32:03.217+0000] {dag.py:4180} INFO - Setting next_dagrun for dataset_alias_example_alias_producer to None, run_after=None
[2025-02-23T20:32:03.219+0000] {logging_mixin.py:190} INFO - [2025-02-23T20:32:03.219+0000] {dag.py:4180} INFO - Setting next_dagrun for dataset_s3_bucket_consumer to None, run_after=None
[2025-02-23T20:32:03.221+0000] {logging_mixin.py:190} INFO - [2025-02-23T20:32:03.221+0000] {dag.py:4180} INFO - Setting next_dagrun for dataset_s3_bucket_producer to None, run_after=None
[2025-02-23T20:32:03.250+0000] {processor.py:208} INFO - Processing /home/airflow/.local/lib/python3.12/site-packages/airflow/example_dags/example_dataset_alias.py took 0.946 seconds
[2025-02-23T20:32:33.421+0000] {processor.py:186} INFO - Started process (PID=1010) to work on /home/airflow/.local/lib/python3.12/site-packages/airflow/example_dags/example_dataset_alias.py
[2025-02-23T20:32:33.422+0000] {processor.py:914} INFO - Processing file /home/airflow/.local/lib/python3.12/site-packages/airflow/example_dags/example_dataset_alias.py for tasks to queue
[2025-02-23T20:32:33.425+0000] {logging_mixin.py:190} INFO - [2025-02-23T20:32:33.425+0000] {dagbag.py:588} INFO - Filling up the DagBag from /home/airflow/.local/lib/python3.12/site-packages/airflow/example_dags/example_dataset_alias.py
[2025-02-23T20:32:34.225+0000] {processor.py:925} INFO - DAG(s) 'dataset_alias_example_alias_producer', 'dataset_s3_bucket_producer', 'dataset_alias_example_alias_consumer', 'dataset_s3_bucket_consumer' retrieved from /home/airflow/.local/lib/python3.12/site-packages/airflow/example_dags/example_dataset_alias.py
[2025-02-23T20:32:34.254+0000] {logging_mixin.py:190} INFO - [2025-02-23T20:32:34.253+0000] {dag.py:3239} INFO - Sync 4 DAGs
[2025-02-23T20:32:34.290+0000] {logging_mixin.py:190} INFO - [2025-02-23T20:32:34.290+0000] {dag.py:4180} INFO - Setting next_dagrun for dataset_alias_example_alias_consumer to None, run_after=None
[2025-02-23T20:32:34.294+0000] {logging_mixin.py:190} INFO - [2025-02-23T20:32:34.294+0000] {dag.py:4180} INFO - Setting next_dagrun for dataset_alias_example_alias_producer to None, run_after=None
[2025-02-23T20:32:34.297+0000] {logging_mixin.py:190} INFO - [2025-02-23T20:32:34.296+0000] {dag.py:4180} INFO - Setting next_dagrun for dataset_s3_bucket_consumer to None, run_after=None
[2025-02-23T20:32:34.299+0000] {logging_mixin.py:190} INFO - [2025-02-23T20:32:34.299+0000] {dag.py:4180} INFO - Setting next_dagrun for dataset_s3_bucket_producer to None, run_after=None
[2025-02-23T20:32:34.328+0000] {processor.py:208} INFO - Processing /home/airflow/.local/lib/python3.12/site-packages/airflow/example_dags/example_dataset_alias.py took 0.915 seconds
[2025-02-23T20:33:04.662+0000] {processor.py:186} INFO - Started process (PID=1079) to work on /home/airflow/.local/lib/python3.12/site-packages/airflow/example_dags/example_dataset_alias.py
[2025-02-23T20:33:04.664+0000] {processor.py:914} INFO - Processing file /home/airflow/.local/lib/python3.12/site-packages/airflow/example_dags/example_dataset_alias.py for tasks to queue
[2025-02-23T20:33:04.667+0000] {logging_mixin.py:190} INFO - [2025-02-23T20:33:04.666+0000] {dagbag.py:588} INFO - Filling up the DagBag from /home/airflow/.local/lib/python3.12/site-packages/airflow/example_dags/example_dataset_alias.py
[2025-02-23T20:33:05.427+0000] {processor.py:925} INFO - DAG(s) 'dataset_alias_example_alias_consumer', 'dataset_s3_bucket_producer', 'dataset_alias_example_alias_producer', 'dataset_s3_bucket_consumer' retrieved from /home/airflow/.local/lib/python3.12/site-packages/airflow/example_dags/example_dataset_alias.py
[2025-02-23T20:33:05.458+0000] {logging_mixin.py:190} INFO - [2025-02-23T20:33:05.457+0000] {dag.py:3239} INFO - Sync 4 DAGs
[2025-02-23T20:33:05.490+0000] {logging_mixin.py:190} INFO - [2025-02-23T20:33:05.490+0000] {dag.py:4180} INFO - Setting next_dagrun for dataset_alias_example_alias_consumer to None, run_after=None
[2025-02-23T20:33:05.494+0000] {logging_mixin.py:190} INFO - [2025-02-23T20:33:05.494+0000] {dag.py:4180} INFO - Setting next_dagrun for dataset_alias_example_alias_producer to None, run_after=None
[2025-02-23T20:33:05.496+0000] {logging_mixin.py:190} INFO - [2025-02-23T20:33:05.496+0000] {dag.py:4180} INFO - Setting next_dagrun for dataset_s3_bucket_consumer to None, run_after=None
[2025-02-23T20:33:05.498+0000] {logging_mixin.py:190} INFO - [2025-02-23T20:33:05.497+0000] {dag.py:4180} INFO - Setting next_dagrun for dataset_s3_bucket_producer to None, run_after=None
[2025-02-23T20:33:05.538+0000] {processor.py:208} INFO - Processing /home/airflow/.local/lib/python3.12/site-packages/airflow/example_dags/example_dataset_alias.py took 0.883 seconds
[2025-02-23T20:33:35.683+0000] {processor.py:186} INFO - Started process (PID=1141) to work on /home/airflow/.local/lib/python3.12/site-packages/airflow/example_dags/example_dataset_alias.py
[2025-02-23T20:33:35.684+0000] {processor.py:914} INFO - Processing file /home/airflow/.local/lib/python3.12/site-packages/airflow/example_dags/example_dataset_alias.py for tasks to queue
[2025-02-23T20:33:35.687+0000] {logging_mixin.py:190} INFO - [2025-02-23T20:33:35.687+0000] {dagbag.py:588} INFO - Filling up the DagBag from /home/airflow/.local/lib/python3.12/site-packages/airflow/example_dags/example_dataset_alias.py
[2025-02-23T20:33:36.493+0000] {processor.py:925} INFO - DAG(s) 'dataset_alias_example_alias_producer', 'dataset_s3_bucket_consumer', 'dataset_alias_example_alias_consumer', 'dataset_s3_bucket_producer' retrieved from /home/airflow/.local/lib/python3.12/site-packages/airflow/example_dags/example_dataset_alias.py
[2025-02-23T20:33:36.526+0000] {logging_mixin.py:190} INFO - [2025-02-23T20:33:36.525+0000] {dag.py:3239} INFO - Sync 4 DAGs
[2025-02-23T20:33:36.558+0000] {logging_mixin.py:190} INFO - [2025-02-23T20:33:36.557+0000] {dag.py:4180} INFO - Setting next_dagrun for dataset_alias_example_alias_consumer to None, run_after=None
[2025-02-23T20:33:36.561+0000] {logging_mixin.py:190} INFO - [2025-02-23T20:33:36.561+0000] {dag.py:4180} INFO - Setting next_dagrun for dataset_alias_example_alias_producer to None, run_after=None
[2025-02-23T20:33:36.563+0000] {logging_mixin.py:190} INFO - [2025-02-23T20:33:36.563+0000] {dag.py:4180} INFO - Setting next_dagrun for dataset_s3_bucket_consumer to None, run_after=None
[2025-02-23T20:33:36.565+0000] {logging_mixin.py:190} INFO - [2025-02-23T20:33:36.564+0000] {dag.py:4180} INFO - Setting next_dagrun for dataset_s3_bucket_producer to None, run_after=None
[2025-02-23T20:33:36.596+0000] {processor.py:208} INFO - Processing /home/airflow/.local/lib/python3.12/site-packages/airflow/example_dags/example_dataset_alias.py took 0.921 seconds
[2025-02-23T20:34:06.786+0000] {processor.py:186} INFO - Started process (PID=1205) to work on /home/airflow/.local/lib/python3.12/site-packages/airflow/example_dags/example_dataset_alias.py
[2025-02-23T20:34:06.787+0000] {processor.py:914} INFO - Processing file /home/airflow/.local/lib/python3.12/site-packages/airflow/example_dags/example_dataset_alias.py for tasks to queue
[2025-02-23T20:34:06.790+0000] {logging_mixin.py:190} INFO - [2025-02-23T20:34:06.790+0000] {dagbag.py:588} INFO - Filling up the DagBag from /home/airflow/.local/lib/python3.12/site-packages/airflow/example_dags/example_dataset_alias.py
[2025-02-23T20:34:07.542+0000] {processor.py:925} INFO - DAG(s) 'dataset_alias_example_alias_consumer', 'dataset_s3_bucket_consumer', 'dataset_alias_example_alias_producer', 'dataset_s3_bucket_producer' retrieved from /home/airflow/.local/lib/python3.12/site-packages/airflow/example_dags/example_dataset_alias.py
[2025-02-23T20:34:07.569+0000] {logging_mixin.py:190} INFO - [2025-02-23T20:34:07.569+0000] {dag.py:3239} INFO - Sync 4 DAGs
[2025-02-23T20:34:07.603+0000] {logging_mixin.py:190} INFO - [2025-02-23T20:34:07.602+0000] {dag.py:4180} INFO - Setting next_dagrun for dataset_alias_example_alias_consumer to None, run_after=None
[2025-02-23T20:34:07.606+0000] {logging_mixin.py:190} INFO - [2025-02-23T20:34:07.606+0000] {dag.py:4180} INFO - Setting next_dagrun for dataset_alias_example_alias_producer to None, run_after=None
[2025-02-23T20:34:07.608+0000] {logging_mixin.py:190} INFO - [2025-02-23T20:34:07.608+0000] {dag.py:4180} INFO - Setting next_dagrun for dataset_s3_bucket_consumer to None, run_after=None
[2025-02-23T20:34:07.610+0000] {logging_mixin.py:190} INFO - [2025-02-23T20:34:07.610+0000] {dag.py:4180} INFO - Setting next_dagrun for dataset_s3_bucket_producer to None, run_after=None
[2025-02-23T20:34:07.641+0000] {processor.py:208} INFO - Processing /home/airflow/.local/lib/python3.12/site-packages/airflow/example_dags/example_dataset_alias.py took 0.863 seconds
[2025-02-23T20:34:38.073+0000] {processor.py:186} INFO - Started process (PID=1268) to work on /home/airflow/.local/lib/python3.12/site-packages/airflow/example_dags/example_dataset_alias.py
[2025-02-23T20:34:38.075+0000] {processor.py:914} INFO - Processing file /home/airflow/.local/lib/python3.12/site-packages/airflow/example_dags/example_dataset_alias.py for tasks to queue
[2025-02-23T20:34:38.077+0000] {logging_mixin.py:190} INFO - [2025-02-23T20:34:38.077+0000] {dagbag.py:588} INFO - Filling up the DagBag from /home/airflow/.local/lib/python3.12/site-packages/airflow/example_dags/example_dataset_alias.py
[2025-02-23T20:34:38.826+0000] {processor.py:925} INFO - DAG(s) 'dataset_s3_bucket_producer', 'dataset_alias_example_alias_consumer', 'dataset_s3_bucket_consumer', 'dataset_alias_example_alias_producer' retrieved from /home/airflow/.local/lib/python3.12/site-packages/airflow/example_dags/example_dataset_alias.py
[2025-02-23T20:34:38.854+0000] {logging_mixin.py:190} INFO - [2025-02-23T20:34:38.853+0000] {dag.py:3239} INFO - Sync 4 DAGs
[2025-02-23T20:34:38.886+0000] {logging_mixin.py:190} INFO - [2025-02-23T20:34:38.885+0000] {dag.py:4180} INFO - Setting next_dagrun for dataset_alias_example_alias_consumer to None, run_after=None
[2025-02-23T20:34:38.890+0000] {logging_mixin.py:190} INFO - [2025-02-23T20:34:38.889+0000] {dag.py:4180} INFO - Setting next_dagrun for dataset_alias_example_alias_producer to None, run_after=None
[2025-02-23T20:34:38.892+0000] {logging_mixin.py:190} INFO - [2025-02-23T20:34:38.892+0000] {dag.py:4180} INFO - Setting next_dagrun for dataset_s3_bucket_consumer to None, run_after=None
[2025-02-23T20:34:38.894+0000] {logging_mixin.py:190} INFO - [2025-02-23T20:34:38.893+0000] {dag.py:4180} INFO - Setting next_dagrun for dataset_s3_bucket_producer to None, run_after=None
[2025-02-23T20:34:38.926+0000] {processor.py:208} INFO - Processing /home/airflow/.local/lib/python3.12/site-packages/airflow/example_dags/example_dataset_alias.py took 0.860 seconds
[2025-02-23T20:35:09.467+0000] {processor.py:186} INFO - Started process (PID=1331) to work on /home/airflow/.local/lib/python3.12/site-packages/airflow/example_dags/example_dataset_alias.py
[2025-02-23T20:35:09.469+0000] {processor.py:914} INFO - Processing file /home/airflow/.local/lib/python3.12/site-packages/airflow/example_dags/example_dataset_alias.py for tasks to queue
[2025-02-23T20:35:09.472+0000] {logging_mixin.py:190} INFO - [2025-02-23T20:35:09.472+0000] {dagbag.py:588} INFO - Filling up the DagBag from /home/airflow/.local/lib/python3.12/site-packages/airflow/example_dags/example_dataset_alias.py
[2025-02-23T20:35:10.300+0000] {processor.py:925} INFO - DAG(s) 'dataset_s3_bucket_producer', 'dataset_alias_example_alias_producer', 'dataset_s3_bucket_consumer', 'dataset_alias_example_alias_consumer' retrieved from /home/airflow/.local/lib/python3.12/site-packages/airflow/example_dags/example_dataset_alias.py
[2025-02-23T20:35:10.328+0000] {logging_mixin.py:190} INFO - [2025-02-23T20:35:10.327+0000] {dag.py:3239} INFO - Sync 4 DAGs
[2025-02-23T20:35:10.361+0000] {logging_mixin.py:190} INFO - [2025-02-23T20:35:10.360+0000] {dag.py:4180} INFO - Setting next_dagrun for dataset_alias_example_alias_consumer to None, run_after=None
[2025-02-23T20:35:10.364+0000] {logging_mixin.py:190} INFO - [2025-02-23T20:35:10.364+0000] {dag.py:4180} INFO - Setting next_dagrun for dataset_alias_example_alias_producer to None, run_after=None
[2025-02-23T20:35:10.366+0000] {logging_mixin.py:190} INFO - [2025-02-23T20:35:10.366+0000] {dag.py:4180} INFO - Setting next_dagrun for dataset_s3_bucket_consumer to None, run_after=None
[2025-02-23T20:35:10.368+0000] {logging_mixin.py:190} INFO - [2025-02-23T20:35:10.368+0000] {dag.py:4180} INFO - Setting next_dagrun for dataset_s3_bucket_producer to None, run_after=None
[2025-02-23T20:35:10.396+0000] {processor.py:208} INFO - Processing /home/airflow/.local/lib/python3.12/site-packages/airflow/example_dags/example_dataset_alias.py took 0.936 seconds
[2025-02-23T20:35:40.698+0000] {processor.py:186} INFO - Started process (PID=1394) to work on /home/airflow/.local/lib/python3.12/site-packages/airflow/example_dags/example_dataset_alias.py
[2025-02-23T20:35:40.700+0000] {processor.py:914} INFO - Processing file /home/airflow/.local/lib/python3.12/site-packages/airflow/example_dags/example_dataset_alias.py for tasks to queue
[2025-02-23T20:35:40.704+0000] {logging_mixin.py:190} INFO - [2025-02-23T20:35:40.703+0000] {dagbag.py:588} INFO - Filling up the DagBag from /home/airflow/.local/lib/python3.12/site-packages/airflow/example_dags/example_dataset_alias.py
[2025-02-23T20:35:41.714+0000] {processor.py:925} INFO - DAG(s) 'dataset_s3_bucket_consumer', 'dataset_s3_bucket_producer', 'dataset_alias_example_alias_producer', 'dataset_alias_example_alias_consumer' retrieved from /home/airflow/.local/lib/python3.12/site-packages/airflow/example_dags/example_dataset_alias.py
[2025-02-23T20:35:41.747+0000] {logging_mixin.py:190} INFO - [2025-02-23T20:35:41.746+0000] {dag.py:3239} INFO - Sync 4 DAGs
[2025-02-23T20:35:41.784+0000] {logging_mixin.py:190} INFO - [2025-02-23T20:35:41.783+0000] {dag.py:4180} INFO - Setting next_dagrun for dataset_alias_example_alias_consumer to None, run_after=None
[2025-02-23T20:35:41.788+0000] {logging_mixin.py:190} INFO - [2025-02-23T20:35:41.788+0000] {dag.py:4180} INFO - Setting next_dagrun for dataset_alias_example_alias_producer to None, run_after=None
[2025-02-23T20:35:41.791+0000] {logging_mixin.py:190} INFO - [2025-02-23T20:35:41.790+0000] {dag.py:4180} INFO - Setting next_dagrun for dataset_s3_bucket_consumer to None, run_after=None
[2025-02-23T20:35:41.792+0000] {logging_mixin.py:190} INFO - [2025-02-23T20:35:41.792+0000] {dag.py:4180} INFO - Setting next_dagrun for dataset_s3_bucket_producer to None, run_after=None
[2025-02-23T20:35:41.827+0000] {processor.py:208} INFO - Processing /home/airflow/.local/lib/python3.12/site-packages/airflow/example_dags/example_dataset_alias.py took 1.139 seconds
[2025-02-23T20:36:11.984+0000] {processor.py:186} INFO - Started process (PID=1457) to work on /home/airflow/.local/lib/python3.12/site-packages/airflow/example_dags/example_dataset_alias.py
[2025-02-23T20:36:11.986+0000] {processor.py:914} INFO - Processing file /home/airflow/.local/lib/python3.12/site-packages/airflow/example_dags/example_dataset_alias.py for tasks to queue
[2025-02-23T20:36:11.989+0000] {logging_mixin.py:190} INFO - [2025-02-23T20:36:11.988+0000] {dagbag.py:588} INFO - Filling up the DagBag from /home/airflow/.local/lib/python3.12/site-packages/airflow/example_dags/example_dataset_alias.py
[2025-02-23T20:36:12.911+0000] {processor.py:925} INFO - DAG(s) 'dataset_s3_bucket_consumer', 'dataset_s3_bucket_producer', 'dataset_alias_example_alias_consumer', 'dataset_alias_example_alias_producer' retrieved from /home/airflow/.local/lib/python3.12/site-packages/airflow/example_dags/example_dataset_alias.py
[2025-02-23T20:36:12.944+0000] {logging_mixin.py:190} INFO - [2025-02-23T20:36:12.943+0000] {dag.py:3239} INFO - Sync 4 DAGs
[2025-02-23T20:36:12.985+0000] {logging_mixin.py:190} INFO - [2025-02-23T20:36:12.985+0000] {dag.py:4180} INFO - Setting next_dagrun for dataset_alias_example_alias_consumer to None, run_after=None
[2025-02-23T20:36:12.991+0000] {logging_mixin.py:190} INFO - [2025-02-23T20:36:12.990+0000] {dag.py:4180} INFO - Setting next_dagrun for dataset_alias_example_alias_producer to None, run_after=None
[2025-02-23T20:36:12.993+0000] {logging_mixin.py:190} INFO - [2025-02-23T20:36:12.993+0000] {dag.py:4180} INFO - Setting next_dagrun for dataset_s3_bucket_consumer to None, run_after=None
[2025-02-23T20:36:12.995+0000] {logging_mixin.py:190} INFO - [2025-02-23T20:36:12.995+0000] {dag.py:4180} INFO - Setting next_dagrun for dataset_s3_bucket_producer to None, run_after=None
[2025-02-23T20:36:13.030+0000] {processor.py:208} INFO - Processing /home/airflow/.local/lib/python3.12/site-packages/airflow/example_dags/example_dataset_alias.py took 1.053 seconds
[2025-02-23T20:36:43.182+0000] {processor.py:186} INFO - Started process (PID=1521) to work on /home/airflow/.local/lib/python3.12/site-packages/airflow/example_dags/example_dataset_alias.py
[2025-02-23T20:36:43.183+0000] {processor.py:914} INFO - Processing file /home/airflow/.local/lib/python3.12/site-packages/airflow/example_dags/example_dataset_alias.py for tasks to queue
[2025-02-23T20:36:43.186+0000] {logging_mixin.py:190} INFO - [2025-02-23T20:36:43.185+0000] {dagbag.py:588} INFO - Filling up the DagBag from /home/airflow/.local/lib/python3.12/site-packages/airflow/example_dags/example_dataset_alias.py
[2025-02-23T20:36:44.072+0000] {processor.py:925} INFO - DAG(s) 'dataset_s3_bucket_producer', 'dataset_alias_example_alias_producer', 'dataset_s3_bucket_consumer', 'dataset_alias_example_alias_consumer' retrieved from /home/airflow/.local/lib/python3.12/site-packages/airflow/example_dags/example_dataset_alias.py
[2025-02-23T20:36:44.106+0000] {logging_mixin.py:190} INFO - [2025-02-23T20:36:44.105+0000] {dag.py:3239} INFO - Sync 4 DAGs
[2025-02-23T20:36:44.141+0000] {logging_mixin.py:190} INFO - [2025-02-23T20:36:44.140+0000] {dag.py:4180} INFO - Setting next_dagrun for dataset_alias_example_alias_consumer to None, run_after=None
[2025-02-23T20:36:44.144+0000] {logging_mixin.py:190} INFO - [2025-02-23T20:36:44.144+0000] {dag.py:4180} INFO - Setting next_dagrun for dataset_alias_example_alias_producer to None, run_after=None
[2025-02-23T20:36:44.146+0000] {logging_mixin.py:190} INFO - [2025-02-23T20:36:44.145+0000] {dag.py:4180} INFO - Setting next_dagrun for dataset_s3_bucket_consumer to None, run_after=None
[2025-02-23T20:36:44.147+0000] {logging_mixin.py:190} INFO - [2025-02-23T20:36:44.147+0000] {dag.py:4180} INFO - Setting next_dagrun for dataset_s3_bucket_producer to None, run_after=None
[2025-02-23T20:36:44.182+0000] {processor.py:208} INFO - Processing /home/airflow/.local/lib/python3.12/site-packages/airflow/example_dags/example_dataset_alias.py took 1.007 seconds
[2025-02-23T20:37:14.920+0000] {processor.py:186} INFO - Started process (PID=1584) to work on /home/airflow/.local/lib/python3.12/site-packages/airflow/example_dags/example_dataset_alias.py
[2025-02-23T20:37:14.921+0000] {processor.py:914} INFO - Processing file /home/airflow/.local/lib/python3.12/site-packages/airflow/example_dags/example_dataset_alias.py for tasks to queue
[2025-02-23T20:37:14.924+0000] {logging_mixin.py:190} INFO - [2025-02-23T20:37:14.923+0000] {dagbag.py:588} INFO - Filling up the DagBag from /home/airflow/.local/lib/python3.12/site-packages/airflow/example_dags/example_dataset_alias.py
[2025-02-23T20:37:15.836+0000] {processor.py:925} INFO - DAG(s) 'dataset_alias_example_alias_consumer', 'dataset_s3_bucket_consumer', 'dataset_alias_example_alias_producer', 'dataset_s3_bucket_producer' retrieved from /home/airflow/.local/lib/python3.12/site-packages/airflow/example_dags/example_dataset_alias.py
[2025-02-23T20:37:15.866+0000] {logging_mixin.py:190} INFO - [2025-02-23T20:37:15.865+0000] {dag.py:3239} INFO - Sync 4 DAGs
[2025-02-23T20:37:15.899+0000] {logging_mixin.py:190} INFO - [2025-02-23T20:37:15.898+0000] {dag.py:4180} INFO - Setting next_dagrun for dataset_alias_example_alias_consumer to None, run_after=None
[2025-02-23T20:37:15.902+0000] {logging_mixin.py:190} INFO - [2025-02-23T20:37:15.902+0000] {dag.py:4180} INFO - Setting next_dagrun for dataset_alias_example_alias_producer to None, run_after=None
[2025-02-23T20:37:15.904+0000] {logging_mixin.py:190} INFO - [2025-02-23T20:37:15.904+0000] {dag.py:4180} INFO - Setting next_dagrun for dataset_s3_bucket_consumer to None, run_after=None
[2025-02-23T20:37:15.906+0000] {logging_mixin.py:190} INFO - [2025-02-23T20:37:15.906+0000] {dag.py:4180} INFO - Setting next_dagrun for dataset_s3_bucket_producer to None, run_after=None
[2025-02-23T20:37:15.937+0000] {processor.py:208} INFO - Processing /home/airflow/.local/lib/python3.12/site-packages/airflow/example_dags/example_dataset_alias.py took 1.025 seconds
[2025-02-23T20:37:46.932+0000] {processor.py:186} INFO - Started process (PID=1647) to work on /home/airflow/.local/lib/python3.12/site-packages/airflow/example_dags/example_dataset_alias.py
[2025-02-23T20:37:46.933+0000] {processor.py:914} INFO - Processing file /home/airflow/.local/lib/python3.12/site-packages/airflow/example_dags/example_dataset_alias.py for tasks to queue
[2025-02-23T20:37:46.936+0000] {logging_mixin.py:190} INFO - [2025-02-23T20:37:46.936+0000] {dagbag.py:588} INFO - Filling up the DagBag from /home/airflow/.local/lib/python3.12/site-packages/airflow/example_dags/example_dataset_alias.py
[2025-02-23T20:37:47.802+0000] {processor.py:925} INFO - DAG(s) 'dataset_alias_example_alias_consumer', 'dataset_alias_example_alias_producer', 'dataset_s3_bucket_consumer', 'dataset_s3_bucket_producer' retrieved from /home/airflow/.local/lib/python3.12/site-packages/airflow/example_dags/example_dataset_alias.py
[2025-02-23T20:37:47.840+0000] {logging_mixin.py:190} INFO - [2025-02-23T20:37:47.840+0000] {dag.py:3239} INFO - Sync 4 DAGs
[2025-02-23T20:37:47.875+0000] {logging_mixin.py:190} INFO - [2025-02-23T20:37:47.875+0000] {dag.py:4180} INFO - Setting next_dagrun for dataset_alias_example_alias_consumer to None, run_after=None
[2025-02-23T20:37:47.879+0000] {logging_mixin.py:190} INFO - [2025-02-23T20:37:47.879+0000] {dag.py:4180} INFO - Setting next_dagrun for dataset_alias_example_alias_producer to None, run_after=None
[2025-02-23T20:37:47.881+0000] {logging_mixin.py:190} INFO - [2025-02-23T20:37:47.881+0000] {dag.py:4180} INFO - Setting next_dagrun for dataset_s3_bucket_consumer to None, run_after=None
[2025-02-23T20:37:47.883+0000] {logging_mixin.py:190} INFO - [2025-02-23T20:37:47.883+0000] {dag.py:4180} INFO - Setting next_dagrun for dataset_s3_bucket_producer to None, run_after=None
[2025-02-23T20:37:47.914+0000] {processor.py:208} INFO - Processing /home/airflow/.local/lib/python3.12/site-packages/airflow/example_dags/example_dataset_alias.py took 0.990 seconds
[2025-02-23T20:38:18.437+0000] {processor.py:186} INFO - Started process (PID=1713) to work on /home/airflow/.local/lib/python3.12/site-packages/airflow/example_dags/example_dataset_alias.py
[2025-02-23T20:38:18.438+0000] {processor.py:914} INFO - Processing file /home/airflow/.local/lib/python3.12/site-packages/airflow/example_dags/example_dataset_alias.py for tasks to queue
[2025-02-23T20:38:18.441+0000] {logging_mixin.py:190} INFO - [2025-02-23T20:38:18.441+0000] {dagbag.py:588} INFO - Filling up the DagBag from /home/airflow/.local/lib/python3.12/site-packages/airflow/example_dags/example_dataset_alias.py
[2025-02-23T20:38:19.319+0000] {processor.py:925} INFO - DAG(s) 'dataset_s3_bucket_producer', 'dataset_alias_example_alias_consumer', 'dataset_s3_bucket_consumer', 'dataset_alias_example_alias_producer' retrieved from /home/airflow/.local/lib/python3.12/site-packages/airflow/example_dags/example_dataset_alias.py
[2025-02-23T20:38:19.347+0000] {logging_mixin.py:190} INFO - [2025-02-23T20:38:19.347+0000] {dag.py:3239} INFO - Sync 4 DAGs
[2025-02-23T20:38:19.380+0000] {logging_mixin.py:190} INFO - [2025-02-23T20:38:19.380+0000] {dag.py:4180} INFO - Setting next_dagrun for dataset_alias_example_alias_consumer to None, run_after=None
[2025-02-23T20:38:19.384+0000] {logging_mixin.py:190} INFO - [2025-02-23T20:38:19.383+0000] {dag.py:4180} INFO - Setting next_dagrun for dataset_alias_example_alias_producer to None, run_after=None
[2025-02-23T20:38:19.386+0000] {logging_mixin.py:190} INFO - [2025-02-23T20:38:19.385+0000] {dag.py:4180} INFO - Setting next_dagrun for dataset_s3_bucket_consumer to None, run_after=None
[2025-02-23T20:38:19.388+0000] {logging_mixin.py:190} INFO - [2025-02-23T20:38:19.387+0000] {dag.py:4180} INFO - Setting next_dagrun for dataset_s3_bucket_producer to None, run_after=None
[2025-02-23T20:38:19.417+0000] {processor.py:208} INFO - Processing /home/airflow/.local/lib/python3.12/site-packages/airflow/example_dags/example_dataset_alias.py took 0.990 seconds
[2025-02-23T20:38:49.593+0000] {processor.py:186} INFO - Started process (PID=1777) to work on /home/airflow/.local/lib/python3.12/site-packages/airflow/example_dags/example_dataset_alias.py
[2025-02-23T20:38:49.594+0000] {processor.py:914} INFO - Processing file /home/airflow/.local/lib/python3.12/site-packages/airflow/example_dags/example_dataset_alias.py for tasks to queue
[2025-02-23T20:38:49.597+0000] {logging_mixin.py:190} INFO - [2025-02-23T20:38:49.597+0000] {dagbag.py:588} INFO - Filling up the DagBag from /home/airflow/.local/lib/python3.12/site-packages/airflow/example_dags/example_dataset_alias.py
[2025-02-23T20:38:50.485+0000] {processor.py:925} INFO - DAG(s) 'dataset_s3_bucket_producer', 'dataset_alias_example_alias_consumer', 'dataset_alias_example_alias_producer', 'dataset_s3_bucket_consumer' retrieved from /home/airflow/.local/lib/python3.12/site-packages/airflow/example_dags/example_dataset_alias.py
[2025-02-23T20:38:50.514+0000] {logging_mixin.py:190} INFO - [2025-02-23T20:38:50.514+0000] {dag.py:3239} INFO - Sync 4 DAGs
[2025-02-23T20:38:50.554+0000] {logging_mixin.py:190} INFO - [2025-02-23T20:38:50.554+0000] {dag.py:4180} INFO - Setting next_dagrun for dataset_alias_example_alias_consumer to None, run_after=None
[2025-02-23T20:38:50.559+0000] {logging_mixin.py:190} INFO - [2025-02-23T20:38:50.558+0000] {dag.py:4180} INFO - Setting next_dagrun for dataset_alias_example_alias_producer to None, run_after=None
[2025-02-23T20:38:50.561+0000] {logging_mixin.py:190} INFO - [2025-02-23T20:38:50.561+0000] {dag.py:4180} INFO - Setting next_dagrun for dataset_s3_bucket_consumer to None, run_after=None
[2025-02-23T20:38:50.563+0000] {logging_mixin.py:190} INFO - [2025-02-23T20:38:50.563+0000] {dag.py:4180} INFO - Setting next_dagrun for dataset_s3_bucket_producer to None, run_after=None
[2025-02-23T20:38:50.595+0000] {processor.py:208} INFO - Processing /home/airflow/.local/lib/python3.12/site-packages/airflow/example_dags/example_dataset_alias.py took 1.010 seconds
[2025-02-23T20:39:21.119+0000] {processor.py:186} INFO - Started process (PID=1840) to work on /home/airflow/.local/lib/python3.12/site-packages/airflow/example_dags/example_dataset_alias.py
[2025-02-23T20:39:21.121+0000] {processor.py:914} INFO - Processing file /home/airflow/.local/lib/python3.12/site-packages/airflow/example_dags/example_dataset_alias.py for tasks to queue
[2025-02-23T20:39:21.124+0000] {logging_mixin.py:190} INFO - [2025-02-23T20:39:21.123+0000] {dagbag.py:588} INFO - Filling up the DagBag from /home/airflow/.local/lib/python3.12/site-packages/airflow/example_dags/example_dataset_alias.py
[2025-02-23T20:39:21.978+0000] {processor.py:925} INFO - DAG(s) 'dataset_s3_bucket_consumer', 'dataset_s3_bucket_producer', 'dataset_alias_example_alias_consumer', 'dataset_alias_example_alias_producer' retrieved from /home/airflow/.local/lib/python3.12/site-packages/airflow/example_dags/example_dataset_alias.py
[2025-02-23T20:39:22.012+0000] {logging_mixin.py:190} INFO - [2025-02-23T20:39:22.011+0000] {dag.py:3239} INFO - Sync 4 DAGs
[2025-02-23T20:39:22.049+0000] {logging_mixin.py:190} INFO - [2025-02-23T20:39:22.049+0000] {dag.py:4180} INFO - Setting next_dagrun for dataset_alias_example_alias_consumer to None, run_after=None
[2025-02-23T20:39:22.053+0000] {logging_mixin.py:190} INFO - [2025-02-23T20:39:22.052+0000] {dag.py:4180} INFO - Setting next_dagrun for dataset_alias_example_alias_producer to None, run_after=None
[2025-02-23T20:39:22.055+0000] {logging_mixin.py:190} INFO - [2025-02-23T20:39:22.055+0000] {dag.py:4180} INFO - Setting next_dagrun for dataset_s3_bucket_consumer to None, run_after=None
[2025-02-23T20:39:22.057+0000] {logging_mixin.py:190} INFO - [2025-02-23T20:39:22.057+0000] {dag.py:4180} INFO - Setting next_dagrun for dataset_s3_bucket_producer to None, run_after=None
[2025-02-23T20:39:22.088+0000] {processor.py:208} INFO - Processing /home/airflow/.local/lib/python3.12/site-packages/airflow/example_dags/example_dataset_alias.py took 0.978 seconds
[2025-02-23T20:39:52.788+0000] {processor.py:186} INFO - Started process (PID=1905) to work on /home/airflow/.local/lib/python3.12/site-packages/airflow/example_dags/example_dataset_alias.py
[2025-02-23T20:39:52.789+0000] {processor.py:914} INFO - Processing file /home/airflow/.local/lib/python3.12/site-packages/airflow/example_dags/example_dataset_alias.py for tasks to queue
[2025-02-23T20:39:52.792+0000] {logging_mixin.py:190} INFO - [2025-02-23T20:39:52.792+0000] {dagbag.py:588} INFO - Filling up the DagBag from /home/airflow/.local/lib/python3.12/site-packages/airflow/example_dags/example_dataset_alias.py
[2025-02-23T20:39:53.720+0000] {processor.py:925} INFO - DAG(s) 'dataset_alias_example_alias_producer', 'dataset_s3_bucket_producer', 'dataset_alias_example_alias_consumer', 'dataset_s3_bucket_consumer' retrieved from /home/airflow/.local/lib/python3.12/site-packages/airflow/example_dags/example_dataset_alias.py
[2025-02-23T20:39:53.761+0000] {logging_mixin.py:190} INFO - [2025-02-23T20:39:53.760+0000] {dag.py:3239} INFO - Sync 4 DAGs
[2025-02-23T20:39:53.805+0000] {logging_mixin.py:190} INFO - [2025-02-23T20:39:53.805+0000] {dag.py:4180} INFO - Setting next_dagrun for dataset_alias_example_alias_consumer to None, run_after=None
[2025-02-23T20:39:53.811+0000] {logging_mixin.py:190} INFO - [2025-02-23T20:39:53.811+0000] {dag.py:4180} INFO - Setting next_dagrun for dataset_alias_example_alias_producer to None, run_after=None
[2025-02-23T20:39:53.814+0000] {logging_mixin.py:190} INFO - [2025-02-23T20:39:53.813+0000] {dag.py:4180} INFO - Setting next_dagrun for dataset_s3_bucket_consumer to None, run_after=None
[2025-02-23T20:39:53.815+0000] {logging_mixin.py:190} INFO - [2025-02-23T20:39:53.815+0000] {dag.py:4180} INFO - Setting next_dagrun for dataset_s3_bucket_producer to None, run_after=None
[2025-02-23T20:39:53.850+0000] {processor.py:208} INFO - Processing /home/airflow/.local/lib/python3.12/site-packages/airflow/example_dags/example_dataset_alias.py took 1.069 seconds
[2025-02-23T20:40:24.323+0000] {processor.py:186} INFO - Started process (PID=1968) to work on /home/airflow/.local/lib/python3.12/site-packages/airflow/example_dags/example_dataset_alias.py
[2025-02-23T20:40:24.325+0000] {processor.py:914} INFO - Processing file /home/airflow/.local/lib/python3.12/site-packages/airflow/example_dags/example_dataset_alias.py for tasks to queue
[2025-02-23T20:40:24.328+0000] {logging_mixin.py:190} INFO - [2025-02-23T20:40:24.327+0000] {dagbag.py:588} INFO - Filling up the DagBag from /home/airflow/.local/lib/python3.12/site-packages/airflow/example_dags/example_dataset_alias.py
[2025-02-23T20:40:25.234+0000] {processor.py:925} INFO - DAG(s) 'dataset_s3_bucket_producer', 'dataset_alias_example_alias_consumer', 'dataset_alias_example_alias_producer', 'dataset_s3_bucket_consumer' retrieved from /home/airflow/.local/lib/python3.12/site-packages/airflow/example_dags/example_dataset_alias.py
[2025-02-23T20:40:25.262+0000] {logging_mixin.py:190} INFO - [2025-02-23T20:40:25.261+0000] {dag.py:3239} INFO - Sync 4 DAGs
[2025-02-23T20:40:25.292+0000] {logging_mixin.py:190} INFO - [2025-02-23T20:40:25.292+0000] {dag.py:4180} INFO - Setting next_dagrun for dataset_alias_example_alias_consumer to None, run_after=None
[2025-02-23T20:40:25.296+0000] {logging_mixin.py:190} INFO - [2025-02-23T20:40:25.295+0000] {dag.py:4180} INFO - Setting next_dagrun for dataset_alias_example_alias_producer to None, run_after=None
[2025-02-23T20:40:25.298+0000] {logging_mixin.py:190} INFO - [2025-02-23T20:40:25.297+0000] {dag.py:4180} INFO - Setting next_dagrun for dataset_s3_bucket_consumer to None, run_after=None
[2025-02-23T20:40:25.299+0000] {logging_mixin.py:190} INFO - [2025-02-23T20:40:25.299+0000] {dag.py:4180} INFO - Setting next_dagrun for dataset_s3_bucket_producer to None, run_after=None
[2025-02-23T20:40:25.328+0000] {processor.py:208} INFO - Processing /home/airflow/.local/lib/python3.12/site-packages/airflow/example_dags/example_dataset_alias.py took 1.014 seconds
[2025-02-23T20:40:55.689+0000] {processor.py:186} INFO - Started process (PID=2031) to work on /home/airflow/.local/lib/python3.12/site-packages/airflow/example_dags/example_dataset_alias.py
[2025-02-23T20:40:55.690+0000] {processor.py:914} INFO - Processing file /home/airflow/.local/lib/python3.12/site-packages/airflow/example_dags/example_dataset_alias.py for tasks to queue
[2025-02-23T20:40:55.693+0000] {logging_mixin.py:190} INFO - [2025-02-23T20:40:55.693+0000] {dagbag.py:588} INFO - Filling up the DagBag from /home/airflow/.local/lib/python3.12/site-packages/airflow/example_dags/example_dataset_alias.py
[2025-02-23T20:40:56.527+0000] {processor.py:925} INFO - DAG(s) 'dataset_s3_bucket_consumer', 'dataset_alias_example_alias_producer', 'dataset_alias_example_alias_consumer', 'dataset_s3_bucket_producer' retrieved from /home/airflow/.local/lib/python3.12/site-packages/airflow/example_dags/example_dataset_alias.py
[2025-02-23T20:40:56.560+0000] {logging_mixin.py:190} INFO - [2025-02-23T20:40:56.559+0000] {dag.py:3239} INFO - Sync 4 DAGs
[2025-02-23T20:40:56.595+0000] {logging_mixin.py:190} INFO - [2025-02-23T20:40:56.595+0000] {dag.py:4180} INFO - Setting next_dagrun for dataset_alias_example_alias_consumer to None, run_after=None
[2025-02-23T20:40:56.599+0000] {logging_mixin.py:190} INFO - [2025-02-23T20:40:56.599+0000] {dag.py:4180} INFO - Setting next_dagrun for dataset_alias_example_alias_producer to None, run_after=None
[2025-02-23T20:40:56.601+0000] {logging_mixin.py:190} INFO - [2025-02-23T20:40:56.600+0000] {dag.py:4180} INFO - Setting next_dagrun for dataset_s3_bucket_consumer to None, run_after=None
[2025-02-23T20:40:56.602+0000] {logging_mixin.py:190} INFO - [2025-02-23T20:40:56.602+0000] {dag.py:4180} INFO - Setting next_dagrun for dataset_s3_bucket_producer to None, run_after=None
[2025-02-23T20:40:56.634+0000] {processor.py:208} INFO - Processing /home/airflow/.local/lib/python3.12/site-packages/airflow/example_dags/example_dataset_alias.py took 0.952 seconds
[2025-02-23T20:41:26.782+0000] {processor.py:186} INFO - Started process (PID=2094) to work on /home/airflow/.local/lib/python3.12/site-packages/airflow/example_dags/example_dataset_alias.py
[2025-02-23T20:41:26.784+0000] {processor.py:914} INFO - Processing file /home/airflow/.local/lib/python3.12/site-packages/airflow/example_dags/example_dataset_alias.py for tasks to queue
[2025-02-23T20:41:26.787+0000] {logging_mixin.py:190} INFO - [2025-02-23T20:41:26.787+0000] {dagbag.py:588} INFO - Filling up the DagBag from /home/airflow/.local/lib/python3.12/site-packages/airflow/example_dags/example_dataset_alias.py
[2025-02-23T20:41:27.636+0000] {processor.py:925} INFO - DAG(s) 'dataset_alias_example_alias_consumer', 'dataset_alias_example_alias_producer', 'dataset_s3_bucket_consumer', 'dataset_s3_bucket_producer' retrieved from /home/airflow/.local/lib/python3.12/site-packages/airflow/example_dags/example_dataset_alias.py
[2025-02-23T20:41:27.670+0000] {logging_mixin.py:190} INFO - [2025-02-23T20:41:27.669+0000] {dag.py:3239} INFO - Sync 4 DAGs
[2025-02-23T20:41:27.705+0000] {logging_mixin.py:190} INFO - [2025-02-23T20:41:27.704+0000] {dag.py:4180} INFO - Setting next_dagrun for dataset_alias_example_alias_consumer to None, run_after=None
[2025-02-23T20:41:27.708+0000] {logging_mixin.py:190} INFO - [2025-02-23T20:41:27.708+0000] {dag.py:4180} INFO - Setting next_dagrun for dataset_alias_example_alias_producer to None, run_after=None
[2025-02-23T20:41:27.710+0000] {logging_mixin.py:190} INFO - [2025-02-23T20:41:27.709+0000] {dag.py:4180} INFO - Setting next_dagrun for dataset_s3_bucket_consumer to None, run_after=None
[2025-02-23T20:41:27.711+0000] {logging_mixin.py:190} INFO - [2025-02-23T20:41:27.711+0000] {dag.py:4180} INFO - Setting next_dagrun for dataset_s3_bucket_producer to None, run_after=None
[2025-02-23T20:41:27.742+0000] {processor.py:208} INFO - Processing /home/airflow/.local/lib/python3.12/site-packages/airflow/example_dags/example_dataset_alias.py took 0.967 seconds
[2025-02-23T20:41:57.955+0000] {processor.py:186} INFO - Started process (PID=2157) to work on /home/airflow/.local/lib/python3.12/site-packages/airflow/example_dags/example_dataset_alias.py
[2025-02-23T20:41:57.957+0000] {processor.py:914} INFO - Processing file /home/airflow/.local/lib/python3.12/site-packages/airflow/example_dags/example_dataset_alias.py for tasks to queue
[2025-02-23T20:41:57.959+0000] {logging_mixin.py:190} INFO - [2025-02-23T20:41:57.959+0000] {dagbag.py:588} INFO - Filling up the DagBag from /home/airflow/.local/lib/python3.12/site-packages/airflow/example_dags/example_dataset_alias.py
[2025-02-23T20:41:58.780+0000] {processor.py:925} INFO - DAG(s) 'dataset_alias_example_alias_producer', 'dataset_alias_example_alias_consumer', 'dataset_s3_bucket_producer', 'dataset_s3_bucket_consumer' retrieved from /home/airflow/.local/lib/python3.12/site-packages/airflow/example_dags/example_dataset_alias.py
[2025-02-23T20:41:58.811+0000] {logging_mixin.py:190} INFO - [2025-02-23T20:41:58.810+0000] {dag.py:3239} INFO - Sync 4 DAGs
[2025-02-23T20:41:58.848+0000] {logging_mixin.py:190} INFO - [2025-02-23T20:41:58.848+0000] {dag.py:4180} INFO - Setting next_dagrun for dataset_alias_example_alias_consumer to None, run_after=None
[2025-02-23T20:41:58.854+0000] {logging_mixin.py:190} INFO - [2025-02-23T20:41:58.853+0000] {dag.py:4180} INFO - Setting next_dagrun for dataset_alias_example_alias_producer to None, run_after=None
[2025-02-23T20:41:58.857+0000] {logging_mixin.py:190} INFO - [2025-02-23T20:41:58.856+0000] {dag.py:4180} INFO - Setting next_dagrun for dataset_s3_bucket_consumer to None, run_after=None
[2025-02-23T20:41:58.859+0000] {logging_mixin.py:190} INFO - [2025-02-23T20:41:58.859+0000] {dag.py:4180} INFO - Setting next_dagrun for dataset_s3_bucket_producer to None, run_after=None
[2025-02-23T20:41:58.893+0000] {processor.py:208} INFO - Processing /home/airflow/.local/lib/python3.12/site-packages/airflow/example_dags/example_dataset_alias.py took 0.946 seconds
[2025-02-23T20:42:29.003+0000] {processor.py:186} INFO - Started process (PID=2220) to work on /home/airflow/.local/lib/python3.12/site-packages/airflow/example_dags/example_dataset_alias.py
[2025-02-23T20:42:29.005+0000] {processor.py:914} INFO - Processing file /home/airflow/.local/lib/python3.12/site-packages/airflow/example_dags/example_dataset_alias.py for tasks to queue
[2025-02-23T20:42:29.007+0000] {logging_mixin.py:190} INFO - [2025-02-23T20:42:29.007+0000] {dagbag.py:588} INFO - Filling up the DagBag from /home/airflow/.local/lib/python3.12/site-packages/airflow/example_dags/example_dataset_alias.py
[2025-02-23T20:42:29.820+0000] {processor.py:925} INFO - DAG(s) 'dataset_s3_bucket_producer', 'dataset_s3_bucket_consumer', 'dataset_alias_example_alias_consumer', 'dataset_alias_example_alias_producer' retrieved from /home/airflow/.local/lib/python3.12/site-packages/airflow/example_dags/example_dataset_alias.py
[2025-02-23T20:42:29.851+0000] {logging_mixin.py:190} INFO - [2025-02-23T20:42:29.850+0000] {dag.py:3239} INFO - Sync 4 DAGs
[2025-02-23T20:42:29.881+0000] {logging_mixin.py:190} INFO - [2025-02-23T20:42:29.881+0000] {dag.py:4180} INFO - Setting next_dagrun for dataset_alias_example_alias_consumer to None, run_after=None
[2025-02-23T20:42:29.884+0000] {logging_mixin.py:190} INFO - [2025-02-23T20:42:29.884+0000] {dag.py:4180} INFO - Setting next_dagrun for dataset_alias_example_alias_producer to None, run_after=None
[2025-02-23T20:42:29.886+0000] {logging_mixin.py:190} INFO - [2025-02-23T20:42:29.886+0000] {dag.py:4180} INFO - Setting next_dagrun for dataset_s3_bucket_consumer to None, run_after=None
[2025-02-23T20:42:29.888+0000] {logging_mixin.py:190} INFO - [2025-02-23T20:42:29.888+0000] {dag.py:4180} INFO - Setting next_dagrun for dataset_s3_bucket_producer to None, run_after=None
[2025-02-23T20:42:29.922+0000] {processor.py:208} INFO - Processing /home/airflow/.local/lib/python3.12/site-packages/airflow/example_dags/example_dataset_alias.py took 0.926 seconds
[2025-02-23T20:43:00.624+0000] {processor.py:186} INFO - Started process (PID=2283) to work on /home/airflow/.local/lib/python3.12/site-packages/airflow/example_dags/example_dataset_alias.py
[2025-02-23T20:43:00.626+0000] {processor.py:914} INFO - Processing file /home/airflow/.local/lib/python3.12/site-packages/airflow/example_dags/example_dataset_alias.py for tasks to queue
[2025-02-23T20:43:00.628+0000] {logging_mixin.py:190} INFO - [2025-02-23T20:43:00.628+0000] {dagbag.py:588} INFO - Filling up the DagBag from /home/airflow/.local/lib/python3.12/site-packages/airflow/example_dags/example_dataset_alias.py
[2025-02-23T20:43:01.418+0000] {processor.py:925} INFO - DAG(s) 'dataset_s3_bucket_producer', 'dataset_s3_bucket_consumer', 'dataset_alias_example_alias_consumer', 'dataset_alias_example_alias_producer' retrieved from /home/airflow/.local/lib/python3.12/site-packages/airflow/example_dags/example_dataset_alias.py
[2025-02-23T20:43:01.450+0000] {logging_mixin.py:190} INFO - [2025-02-23T20:43:01.449+0000] {dag.py:3239} INFO - Sync 4 DAGs
[2025-02-23T20:43:01.486+0000] {logging_mixin.py:190} INFO - [2025-02-23T20:43:01.486+0000] {dag.py:4180} INFO - Setting next_dagrun for dataset_alias_example_alias_consumer to None, run_after=None
[2025-02-23T20:43:01.490+0000] {logging_mixin.py:190} INFO - [2025-02-23T20:43:01.490+0000] {dag.py:4180} INFO - Setting next_dagrun for dataset_alias_example_alias_producer to None, run_after=None
[2025-02-23T20:43:01.492+0000] {logging_mixin.py:190} INFO - [2025-02-23T20:43:01.492+0000] {dag.py:4180} INFO - Setting next_dagrun for dataset_s3_bucket_consumer to None, run_after=None
[2025-02-23T20:43:01.494+0000] {logging_mixin.py:190} INFO - [2025-02-23T20:43:01.494+0000] {dag.py:4180} INFO - Setting next_dagrun for dataset_s3_bucket_producer to None, run_after=None
[2025-02-23T20:43:01.525+0000] {processor.py:208} INFO - Processing /home/airflow/.local/lib/python3.12/site-packages/airflow/example_dags/example_dataset_alias.py took 0.910 seconds
[2025-02-23T20:43:31.929+0000] {processor.py:186} INFO - Started process (PID=2346) to work on /home/airflow/.local/lib/python3.12/site-packages/airflow/example_dags/example_dataset_alias.py
[2025-02-23T20:43:31.931+0000] {processor.py:914} INFO - Processing file /home/airflow/.local/lib/python3.12/site-packages/airflow/example_dags/example_dataset_alias.py for tasks to queue
[2025-02-23T20:43:31.935+0000] {logging_mixin.py:190} INFO - [2025-02-23T20:43:31.934+0000] {dagbag.py:588} INFO - Filling up the DagBag from /home/airflow/.local/lib/python3.12/site-packages/airflow/example_dags/example_dataset_alias.py
[2025-02-23T20:43:32.824+0000] {processor.py:925} INFO - DAG(s) 'dataset_s3_bucket_consumer', 'dataset_alias_example_alias_consumer', 'dataset_s3_bucket_producer', 'dataset_alias_example_alias_producer' retrieved from /home/airflow/.local/lib/python3.12/site-packages/airflow/example_dags/example_dataset_alias.py
[2025-02-23T20:43:32.860+0000] {logging_mixin.py:190} INFO - [2025-02-23T20:43:32.859+0000] {dag.py:3239} INFO - Sync 4 DAGs
[2025-02-23T20:43:32.904+0000] {logging_mixin.py:190} INFO - [2025-02-23T20:43:32.904+0000] {dag.py:4180} INFO - Setting next_dagrun for dataset_alias_example_alias_consumer to None, run_after=None
[2025-02-23T20:43:32.909+0000] {logging_mixin.py:190} INFO - [2025-02-23T20:43:32.909+0000] {dag.py:4180} INFO - Setting next_dagrun for dataset_alias_example_alias_producer to None, run_after=None
[2025-02-23T20:43:32.911+0000] {logging_mixin.py:190} INFO - [2025-02-23T20:43:32.911+0000] {dag.py:4180} INFO - Setting next_dagrun for dataset_s3_bucket_consumer to None, run_after=None
[2025-02-23T20:43:32.913+0000] {logging_mixin.py:190} INFO - [2025-02-23T20:43:32.913+0000] {dag.py:4180} INFO - Setting next_dagrun for dataset_s3_bucket_producer to None, run_after=None
[2025-02-23T20:43:32.949+0000] {processor.py:208} INFO - Processing /home/airflow/.local/lib/python3.12/site-packages/airflow/example_dags/example_dataset_alias.py took 1.029 seconds
[2025-02-23T20:44:03.237+0000] {processor.py:186} INFO - Started process (PID=2410) to work on /home/airflow/.local/lib/python3.12/site-packages/airflow/example_dags/example_dataset_alias.py
[2025-02-23T20:44:03.238+0000] {processor.py:914} INFO - Processing file /home/airflow/.local/lib/python3.12/site-packages/airflow/example_dags/example_dataset_alias.py for tasks to queue
[2025-02-23T20:44:03.241+0000] {logging_mixin.py:190} INFO - [2025-02-23T20:44:03.241+0000] {dagbag.py:588} INFO - Filling up the DagBag from /home/airflow/.local/lib/python3.12/site-packages/airflow/example_dags/example_dataset_alias.py
[2025-02-23T20:44:04.158+0000] {processor.py:925} INFO - DAG(s) 'dataset_alias_example_alias_producer', 'dataset_s3_bucket_consumer', 'dataset_s3_bucket_producer', 'dataset_alias_example_alias_consumer' retrieved from /home/airflow/.local/lib/python3.12/site-packages/airflow/example_dags/example_dataset_alias.py
[2025-02-23T20:44:04.196+0000] {logging_mixin.py:190} INFO - [2025-02-23T20:44:04.195+0000] {dag.py:3239} INFO - Sync 4 DAGs
[2025-02-23T20:44:04.227+0000] {logging_mixin.py:190} INFO - [2025-02-23T20:44:04.226+0000] {dag.py:4180} INFO - Setting next_dagrun for dataset_alias_example_alias_consumer to None, run_after=None
[2025-02-23T20:44:04.230+0000] {logging_mixin.py:190} INFO - [2025-02-23T20:44:04.230+0000] {dag.py:4180} INFO - Setting next_dagrun for dataset_alias_example_alias_producer to None, run_after=None
[2025-02-23T20:44:04.232+0000] {logging_mixin.py:190} INFO - [2025-02-23T20:44:04.232+0000] {dag.py:4180} INFO - Setting next_dagrun for dataset_s3_bucket_consumer to None, run_after=None
[2025-02-23T20:44:04.234+0000] {logging_mixin.py:190} INFO - [2025-02-23T20:44:04.234+0000] {dag.py:4180} INFO - Setting next_dagrun for dataset_s3_bucket_producer to None, run_after=None
[2025-02-23T20:44:04.266+0000] {processor.py:208} INFO - Processing /home/airflow/.local/lib/python3.12/site-packages/airflow/example_dags/example_dataset_alias.py took 1.037 seconds
[2025-02-23T20:44:34.433+0000] {processor.py:186} INFO - Started process (PID=2473) to work on /home/airflow/.local/lib/python3.12/site-packages/airflow/example_dags/example_dataset_alias.py
[2025-02-23T20:44:34.435+0000] {processor.py:914} INFO - Processing file /home/airflow/.local/lib/python3.12/site-packages/airflow/example_dags/example_dataset_alias.py for tasks to queue
[2025-02-23T20:44:34.437+0000] {logging_mixin.py:190} INFO - [2025-02-23T20:44:34.437+0000] {dagbag.py:588} INFO - Filling up the DagBag from /home/airflow/.local/lib/python3.12/site-packages/airflow/example_dags/example_dataset_alias.py
[2025-02-23T20:44:35.290+0000] {processor.py:925} INFO - DAG(s) 'dataset_s3_bucket_producer', 'dataset_alias_example_alias_consumer', 'dataset_alias_example_alias_producer', 'dataset_s3_bucket_consumer' retrieved from /home/airflow/.local/lib/python3.12/site-packages/airflow/example_dags/example_dataset_alias.py
[2025-02-23T20:44:35.321+0000] {logging_mixin.py:190} INFO - [2025-02-23T20:44:35.320+0000] {dag.py:3239} INFO - Sync 4 DAGs
[2025-02-23T20:44:35.355+0000] {logging_mixin.py:190} INFO - [2025-02-23T20:44:35.355+0000] {dag.py:4180} INFO - Setting next_dagrun for dataset_alias_example_alias_consumer to None, run_after=None
[2025-02-23T20:44:35.360+0000] {logging_mixin.py:190} INFO - [2025-02-23T20:44:35.359+0000] {dag.py:4180} INFO - Setting next_dagrun for dataset_alias_example_alias_producer to None, run_after=None
[2025-02-23T20:44:35.362+0000] {logging_mixin.py:190} INFO - [2025-02-23T20:44:35.362+0000] {dag.py:4180} INFO - Setting next_dagrun for dataset_s3_bucket_consumer to None, run_after=None
[2025-02-23T20:44:35.364+0000] {logging_mixin.py:190} INFO - [2025-02-23T20:44:35.364+0000] {dag.py:4180} INFO - Setting next_dagrun for dataset_s3_bucket_producer to None, run_after=None
[2025-02-23T20:44:35.397+0000] {processor.py:208} INFO - Processing /home/airflow/.local/lib/python3.12/site-packages/airflow/example_dags/example_dataset_alias.py took 0.971 seconds
[2025-02-23T20:45:06.025+0000] {processor.py:186} INFO - Started process (PID=2537) to work on /home/airflow/.local/lib/python3.12/site-packages/airflow/example_dags/example_dataset_alias.py
[2025-02-23T20:45:06.026+0000] {processor.py:914} INFO - Processing file /home/airflow/.local/lib/python3.12/site-packages/airflow/example_dags/example_dataset_alias.py for tasks to queue
[2025-02-23T20:45:06.028+0000] {logging_mixin.py:190} INFO - [2025-02-23T20:45:06.028+0000] {dagbag.py:588} INFO - Filling up the DagBag from /home/airflow/.local/lib/python3.12/site-packages/airflow/example_dags/example_dataset_alias.py
[2025-02-23T20:45:06.834+0000] {processor.py:925} INFO - DAG(s) 'dataset_s3_bucket_producer', 'dataset_alias_example_alias_consumer', 'dataset_alias_example_alias_producer', 'dataset_s3_bucket_consumer' retrieved from /home/airflow/.local/lib/python3.12/site-packages/airflow/example_dags/example_dataset_alias.py
[2025-02-23T20:45:06.865+0000] {logging_mixin.py:190} INFO - [2025-02-23T20:45:06.864+0000] {dag.py:3239} INFO - Sync 4 DAGs
[2025-02-23T20:45:06.901+0000] {logging_mixin.py:190} INFO - [2025-02-23T20:45:06.901+0000] {dag.py:4180} INFO - Setting next_dagrun for dataset_alias_example_alias_consumer to None, run_after=None
[2025-02-23T20:45:06.905+0000] {logging_mixin.py:190} INFO - [2025-02-23T20:45:06.905+0000] {dag.py:4180} INFO - Setting next_dagrun for dataset_alias_example_alias_producer to None, run_after=None
[2025-02-23T20:45:06.908+0000] {logging_mixin.py:190} INFO - [2025-02-23T20:45:06.908+0000] {dag.py:4180} INFO - Setting next_dagrun for dataset_s3_bucket_consumer to None, run_after=None
[2025-02-23T20:45:06.910+0000] {logging_mixin.py:190} INFO - [2025-02-23T20:45:06.910+0000] {dag.py:4180} INFO - Setting next_dagrun for dataset_s3_bucket_producer to None, run_after=None
[2025-02-23T20:45:06.940+0000] {processor.py:208} INFO - Processing /home/airflow/.local/lib/python3.12/site-packages/airflow/example_dags/example_dataset_alias.py took 0.923 seconds
[2025-02-23T20:45:37.215+0000] {processor.py:186} INFO - Started process (PID=2600) to work on /home/airflow/.local/lib/python3.12/site-packages/airflow/example_dags/example_dataset_alias.py
[2025-02-23T20:45:37.217+0000] {processor.py:914} INFO - Processing file /home/airflow/.local/lib/python3.12/site-packages/airflow/example_dags/example_dataset_alias.py for tasks to queue
[2025-02-23T20:45:37.219+0000] {logging_mixin.py:190} INFO - [2025-02-23T20:45:37.219+0000] {dagbag.py:588} INFO - Filling up the DagBag from /home/airflow/.local/lib/python3.12/site-packages/airflow/example_dags/example_dataset_alias.py
[2025-02-23T20:45:37.971+0000] {processor.py:925} INFO - DAG(s) 'dataset_alias_example_alias_producer', 'dataset_s3_bucket_consumer', 'dataset_alias_example_alias_consumer', 'dataset_s3_bucket_producer' retrieved from /home/airflow/.local/lib/python3.12/site-packages/airflow/example_dags/example_dataset_alias.py
[2025-02-23T20:45:37.998+0000] {logging_mixin.py:190} INFO - [2025-02-23T20:45:37.997+0000] {dag.py:3239} INFO - Sync 4 DAGs
[2025-02-23T20:45:38.030+0000] {logging_mixin.py:190} INFO - [2025-02-23T20:45:38.029+0000] {dag.py:4180} INFO - Setting next_dagrun for dataset_alias_example_alias_consumer to None, run_after=None
[2025-02-23T20:45:38.033+0000] {logging_mixin.py:190} INFO - [2025-02-23T20:45:38.033+0000] {dag.py:4180} INFO - Setting next_dagrun for dataset_alias_example_alias_producer to None, run_after=None
[2025-02-23T20:45:38.035+0000] {logging_mixin.py:190} INFO - [2025-02-23T20:45:38.034+0000] {dag.py:4180} INFO - Setting next_dagrun for dataset_s3_bucket_consumer to None, run_after=None
[2025-02-23T20:45:38.036+0000] {logging_mixin.py:190} INFO - [2025-02-23T20:45:38.036+0000] {dag.py:4180} INFO - Setting next_dagrun for dataset_s3_bucket_producer to None, run_after=None
[2025-02-23T20:45:38.068+0000] {processor.py:208} INFO - Processing /home/airflow/.local/lib/python3.12/site-packages/airflow/example_dags/example_dataset_alias.py took 0.862 seconds
