[2025-02-23T20:25:22.261+0000] {processor.py:186} INFO - Started process (PID=124) to work on /home/airflow/.local/lib/python3.12/site-packages/airflow/example_dags/example_sla_dag.py
[2025-02-23T20:25:22.262+0000] {processor.py:914} INFO - Processing file /home/airflow/.local/lib/python3.12/site-packages/airflow/example_dags/example_sla_dag.py for tasks to queue
[2025-02-23T20:25:22.266+0000] {logging_mixin.py:190} INFO - [2025-02-23T20:25:22.265+0000] {dagbag.py:588} INFO - Filling up the DagBag from /home/airflow/.local/lib/python3.12/site-packages/airflow/example_dags/example_sla_dag.py
[2025-02-23T20:25:22.283+0000] {processor.py:925} INFO - DAG(s) 'example_sla_dag' retrieved from /home/airflow/.local/lib/python3.12/site-packages/airflow/example_dags/example_sla_dag.py
[2025-02-23T20:25:22.430+0000] {logging_mixin.py:190} INFO - [2025-02-23T20:25:22.429+0000] {override.py:1912} INFO - Created Permission View: can read on DAG:example_sla_dag
[2025-02-23T20:25:22.446+0000] {logging_mixin.py:190} INFO - [2025-02-23T20:25:22.445+0000] {override.py:1912} INFO - Created Permission View: can delete on DAG:example_sla_dag
[2025-02-23T20:25:22.456+0000] {logging_mixin.py:190} INFO - [2025-02-23T20:25:22.456+0000] {override.py:1912} INFO - Created Permission View: can edit on DAG:example_sla_dag
[2025-02-23T20:25:22.468+0000] {logging_mixin.py:190} INFO - [2025-02-23T20:25:22.467+0000] {override.py:1912} INFO - Created Permission View: can create on DAG Run:example_sla_dag
[2025-02-23T20:25:22.478+0000] {logging_mixin.py:190} INFO - [2025-02-23T20:25:22.477+0000] {override.py:1912} INFO - Created Permission View: can read on DAG Run:example_sla_dag
[2025-02-23T20:25:22.489+0000] {logging_mixin.py:190} INFO - [2025-02-23T20:25:22.488+0000] {override.py:1912} INFO - Created Permission View: can delete on DAG Run:example_sla_dag
[2025-02-23T20:25:22.499+0000] {logging_mixin.py:190} INFO - [2025-02-23T20:25:22.498+0000] {override.py:1912} INFO - Created Permission View: menu access on DAG Run:example_sla_dag
[2025-02-23T20:25:22.500+0000] {logging_mixin.py:190} INFO - [2025-02-23T20:25:22.499+0000] {dag.py:3239} INFO - Sync 1 DAGs
[2025-02-23T20:25:22.517+0000] {logging_mixin.py:190} INFO - [2025-02-23T20:25:22.517+0000] {dag.py:3262} INFO - Creating ORM DAG for example_sla_dag
[2025-02-23T20:25:22.534+0000] {logging_mixin.py:190} INFO - [2025-02-23T20:25:22.534+0000] {dag.py:4180} INFO - Setting next_dagrun for example_sla_dag to 2025-02-23 20:22:00+00:00, run_after=2025-02-23 20:24:00+00:00
[2025-02-23T20:25:22.555+0000] {processor.py:208} INFO - Processing /home/airflow/.local/lib/python3.12/site-packages/airflow/example_dags/example_sla_dag.py took 0.302 seconds
[2025-02-23T20:25:53.514+0000] {processor.py:186} INFO - Started process (PID=187) to work on /home/airflow/.local/lib/python3.12/site-packages/airflow/example_dags/example_sla_dag.py
[2025-02-23T20:25:53.517+0000] {processor.py:914} INFO - Processing file /home/airflow/.local/lib/python3.12/site-packages/airflow/example_dags/example_sla_dag.py for tasks to queue
[2025-02-23T20:25:53.520+0000] {logging_mixin.py:190} INFO - [2025-02-23T20:25:53.519+0000] {dagbag.py:588} INFO - Filling up the DagBag from /home/airflow/.local/lib/python3.12/site-packages/airflow/example_dags/example_sla_dag.py
[2025-02-23T20:25:53.533+0000] {processor.py:925} INFO - DAG(s) 'example_sla_dag' retrieved from /home/airflow/.local/lib/python3.12/site-packages/airflow/example_dags/example_sla_dag.py
[2025-02-23T20:25:53.560+0000] {logging_mixin.py:190} INFO - [2025-02-23T20:25:53.559+0000] {dag.py:3239} INFO - Sync 1 DAGs
[2025-02-23T20:25:53.596+0000] {logging_mixin.py:190} INFO - [2025-02-23T20:25:53.595+0000] {dag.py:4180} INFO - Setting next_dagrun for example_sla_dag to 2025-02-23 20:22:00+00:00, run_after=2025-02-23 20:24:00+00:00
[2025-02-23T20:25:53.623+0000] {processor.py:208} INFO - Processing /home/airflow/.local/lib/python3.12/site-packages/airflow/example_dags/example_sla_dag.py took 0.118 seconds
[2025-02-23T20:26:23.691+0000] {processor.py:186} INFO - Started process (PID=250) to work on /home/airflow/.local/lib/python3.12/site-packages/airflow/example_dags/example_sla_dag.py
[2025-02-23T20:26:23.692+0000] {processor.py:914} INFO - Processing file /home/airflow/.local/lib/python3.12/site-packages/airflow/example_dags/example_sla_dag.py for tasks to queue
[2025-02-23T20:26:23.695+0000] {logging_mixin.py:190} INFO - [2025-02-23T20:26:23.695+0000] {dagbag.py:588} INFO - Filling up the DagBag from /home/airflow/.local/lib/python3.12/site-packages/airflow/example_dags/example_sla_dag.py
[2025-02-23T20:26:23.710+0000] {processor.py:925} INFO - DAG(s) 'example_sla_dag' retrieved from /home/airflow/.local/lib/python3.12/site-packages/airflow/example_dags/example_sla_dag.py
[2025-02-23T20:26:23.741+0000] {logging_mixin.py:190} INFO - [2025-02-23T20:26:23.741+0000] {dag.py:3239} INFO - Sync 1 DAGs
[2025-02-23T20:26:23.785+0000] {logging_mixin.py:190} INFO - [2025-02-23T20:26:23.784+0000] {dag.py:4180} INFO - Setting next_dagrun for example_sla_dag to 2025-02-23 20:24:00+00:00, run_after=2025-02-23 20:26:00+00:00
[2025-02-23T20:26:23.813+0000] {processor.py:208} INFO - Processing /home/airflow/.local/lib/python3.12/site-packages/airflow/example_dags/example_sla_dag.py took 0.131 seconds
[2025-02-23T20:26:54.730+0000] {processor.py:186} INFO - Started process (PID=313) to work on /home/airflow/.local/lib/python3.12/site-packages/airflow/example_dags/example_sla_dag.py
[2025-02-23T20:26:54.731+0000] {processor.py:914} INFO - Processing file /home/airflow/.local/lib/python3.12/site-packages/airflow/example_dags/example_sla_dag.py for tasks to queue
[2025-02-23T20:26:54.734+0000] {logging_mixin.py:190} INFO - [2025-02-23T20:26:54.734+0000] {dagbag.py:588} INFO - Filling up the DagBag from /home/airflow/.local/lib/python3.12/site-packages/airflow/example_dags/example_sla_dag.py
[2025-02-23T20:26:54.747+0000] {processor.py:925} INFO - DAG(s) 'example_sla_dag' retrieved from /home/airflow/.local/lib/python3.12/site-packages/airflow/example_dags/example_sla_dag.py
[2025-02-23T20:26:54.774+0000] {logging_mixin.py:190} INFO - [2025-02-23T20:26:54.773+0000] {dag.py:3239} INFO - Sync 1 DAGs
[2025-02-23T20:26:54.812+0000] {logging_mixin.py:190} INFO - [2025-02-23T20:26:54.812+0000] {dag.py:4180} INFO - Setting next_dagrun for example_sla_dag to 2025-02-23 20:24:00+00:00, run_after=2025-02-23 20:26:00+00:00
[2025-02-23T20:26:54.840+0000] {processor.py:208} INFO - Processing /home/airflow/.local/lib/python3.12/site-packages/airflow/example_dags/example_sla_dag.py took 0.119 seconds
[2025-02-23T20:27:24.985+0000] {processor.py:186} INFO - Started process (PID=375) to work on /home/airflow/.local/lib/python3.12/site-packages/airflow/example_dags/example_sla_dag.py
[2025-02-23T20:27:24.987+0000] {processor.py:914} INFO - Processing file /home/airflow/.local/lib/python3.12/site-packages/airflow/example_dags/example_sla_dag.py for tasks to queue
[2025-02-23T20:27:24.990+0000] {logging_mixin.py:190} INFO - [2025-02-23T20:27:24.990+0000] {dagbag.py:588} INFO - Filling up the DagBag from /home/airflow/.local/lib/python3.12/site-packages/airflow/example_dags/example_sla_dag.py
[2025-02-23T20:27:25.006+0000] {processor.py:925} INFO - DAG(s) 'example_sla_dag' retrieved from /home/airflow/.local/lib/python3.12/site-packages/airflow/example_dags/example_sla_dag.py
[2025-02-23T20:27:25.035+0000] {logging_mixin.py:190} INFO - [2025-02-23T20:27:25.034+0000] {dag.py:3239} INFO - Sync 1 DAGs
[2025-02-23T20:27:25.075+0000] {logging_mixin.py:190} INFO - [2025-02-23T20:27:25.075+0000] {dag.py:4180} INFO - Setting next_dagrun for example_sla_dag to 2025-02-23 20:24:00+00:00, run_after=2025-02-23 20:26:00+00:00
[2025-02-23T20:27:25.103+0000] {processor.py:208} INFO - Processing /home/airflow/.local/lib/python3.12/site-packages/airflow/example_dags/example_sla_dag.py took 0.127 seconds
[2025-02-23T20:27:55.624+0000] {processor.py:186} INFO - Started process (PID=438) to work on /home/airflow/.local/lib/python3.12/site-packages/airflow/example_dags/example_sla_dag.py
[2025-02-23T20:27:55.625+0000] {processor.py:914} INFO - Processing file /home/airflow/.local/lib/python3.12/site-packages/airflow/example_dags/example_sla_dag.py for tasks to queue
[2025-02-23T20:27:55.629+0000] {logging_mixin.py:190} INFO - [2025-02-23T20:27:55.628+0000] {dagbag.py:588} INFO - Filling up the DagBag from /home/airflow/.local/lib/python3.12/site-packages/airflow/example_dags/example_sla_dag.py
[2025-02-23T20:27:55.646+0000] {processor.py:925} INFO - DAG(s) 'example_sla_dag' retrieved from /home/airflow/.local/lib/python3.12/site-packages/airflow/example_dags/example_sla_dag.py
[2025-02-23T20:27:55.676+0000] {logging_mixin.py:190} INFO - [2025-02-23T20:27:55.675+0000] {dag.py:3239} INFO - Sync 1 DAGs
[2025-02-23T20:27:55.721+0000] {logging_mixin.py:190} INFO - [2025-02-23T20:27:55.720+0000] {dag.py:4180} INFO - Setting next_dagrun for example_sla_dag to 2025-02-23 20:24:00+00:00, run_after=2025-02-23 20:26:00+00:00
[2025-02-23T20:27:55.746+0000] {processor.py:208} INFO - Processing /home/airflow/.local/lib/python3.12/site-packages/airflow/example_dags/example_sla_dag.py took 0.132 seconds
[2025-02-23T20:28:26.056+0000] {processor.py:186} INFO - Started process (PID=501) to work on /home/airflow/.local/lib/python3.12/site-packages/airflow/example_dags/example_sla_dag.py
[2025-02-23T20:28:26.058+0000] {processor.py:914} INFO - Processing file /home/airflow/.local/lib/python3.12/site-packages/airflow/example_dags/example_sla_dag.py for tasks to queue
[2025-02-23T20:28:26.061+0000] {logging_mixin.py:190} INFO - [2025-02-23T20:28:26.060+0000] {dagbag.py:588} INFO - Filling up the DagBag from /home/airflow/.local/lib/python3.12/site-packages/airflow/example_dags/example_sla_dag.py
[2025-02-23T20:28:26.076+0000] {processor.py:925} INFO - DAG(s) 'example_sla_dag' retrieved from /home/airflow/.local/lib/python3.12/site-packages/airflow/example_dags/example_sla_dag.py
[2025-02-23T20:28:26.104+0000] {logging_mixin.py:190} INFO - [2025-02-23T20:28:26.104+0000] {dag.py:3239} INFO - Sync 1 DAGs
[2025-02-23T20:28:26.147+0000] {logging_mixin.py:190} INFO - [2025-02-23T20:28:26.147+0000] {dag.py:4180} INFO - Setting next_dagrun for example_sla_dag to 2025-02-23 20:26:00+00:00, run_after=2025-02-23 20:28:00+00:00
[2025-02-23T20:28:26.171+0000] {processor.py:208} INFO - Processing /home/airflow/.local/lib/python3.12/site-packages/airflow/example_dags/example_sla_dag.py took 0.124 seconds
[2025-02-23T20:28:56.295+0000] {processor.py:186} INFO - Started process (PID=564) to work on /home/airflow/.local/lib/python3.12/site-packages/airflow/example_dags/example_sla_dag.py
[2025-02-23T20:28:56.297+0000] {processor.py:914} INFO - Processing file /home/airflow/.local/lib/python3.12/site-packages/airflow/example_dags/example_sla_dag.py for tasks to queue
[2025-02-23T20:28:56.300+0000] {logging_mixin.py:190} INFO - [2025-02-23T20:28:56.299+0000] {dagbag.py:588} INFO - Filling up the DagBag from /home/airflow/.local/lib/python3.12/site-packages/airflow/example_dags/example_sla_dag.py
[2025-02-23T20:28:56.314+0000] {processor.py:925} INFO - DAG(s) 'example_sla_dag' retrieved from /home/airflow/.local/lib/python3.12/site-packages/airflow/example_dags/example_sla_dag.py
[2025-02-23T20:28:56.341+0000] {logging_mixin.py:190} INFO - [2025-02-23T20:28:56.341+0000] {dag.py:3239} INFO - Sync 1 DAGs
[2025-02-23T20:28:56.381+0000] {logging_mixin.py:190} INFO - [2025-02-23T20:28:56.381+0000] {dag.py:4180} INFO - Setting next_dagrun for example_sla_dag to 2025-02-23 20:26:00+00:00, run_after=2025-02-23 20:28:00+00:00
[2025-02-23T20:28:56.406+0000] {processor.py:208} INFO - Processing /home/airflow/.local/lib/python3.12/site-packages/airflow/example_dags/example_sla_dag.py took 0.119 seconds
[2025-02-23T20:29:26.726+0000] {processor.py:186} INFO - Started process (PID=627) to work on /home/airflow/.local/lib/python3.12/site-packages/airflow/example_dags/example_sla_dag.py
[2025-02-23T20:29:26.728+0000] {processor.py:914} INFO - Processing file /home/airflow/.local/lib/python3.12/site-packages/airflow/example_dags/example_sla_dag.py for tasks to queue
[2025-02-23T20:29:26.730+0000] {logging_mixin.py:190} INFO - [2025-02-23T20:29:26.730+0000] {dagbag.py:588} INFO - Filling up the DagBag from /home/airflow/.local/lib/python3.12/site-packages/airflow/example_dags/example_sla_dag.py
[2025-02-23T20:29:26.744+0000] {processor.py:925} INFO - DAG(s) 'example_sla_dag' retrieved from /home/airflow/.local/lib/python3.12/site-packages/airflow/example_dags/example_sla_dag.py
[2025-02-23T20:29:26.771+0000] {logging_mixin.py:190} INFO - [2025-02-23T20:29:26.770+0000] {dag.py:3239} INFO - Sync 1 DAGs
[2025-02-23T20:29:26.812+0000] {logging_mixin.py:190} INFO - [2025-02-23T20:29:26.812+0000] {dag.py:4180} INFO - Setting next_dagrun for example_sla_dag to 2025-02-23 20:26:00+00:00, run_after=2025-02-23 20:28:00+00:00
[2025-02-23T20:29:26.839+0000] {processor.py:208} INFO - Processing /home/airflow/.local/lib/python3.12/site-packages/airflow/example_dags/example_sla_dag.py took 0.120 seconds
[2025-02-23T20:29:57.808+0000] {processor.py:186} INFO - Started process (PID=689) to work on /home/airflow/.local/lib/python3.12/site-packages/airflow/example_dags/example_sla_dag.py
[2025-02-23T20:29:57.810+0000] {processor.py:914} INFO - Processing file /home/airflow/.local/lib/python3.12/site-packages/airflow/example_dags/example_sla_dag.py for tasks to queue
[2025-02-23T20:29:57.812+0000] {logging_mixin.py:190} INFO - [2025-02-23T20:29:57.812+0000] {dagbag.py:588} INFO - Filling up the DagBag from /home/airflow/.local/lib/python3.12/site-packages/airflow/example_dags/example_sla_dag.py
[2025-02-23T20:29:57.826+0000] {processor.py:925} INFO - DAG(s) 'example_sla_dag' retrieved from /home/airflow/.local/lib/python3.12/site-packages/airflow/example_dags/example_sla_dag.py
[2025-02-23T20:29:57.852+0000] {logging_mixin.py:190} INFO - [2025-02-23T20:29:57.852+0000] {dag.py:3239} INFO - Sync 1 DAGs
[2025-02-23T20:29:57.895+0000] {logging_mixin.py:190} INFO - [2025-02-23T20:29:57.894+0000] {dag.py:4180} INFO - Setting next_dagrun for example_sla_dag to 2025-02-23 20:26:00+00:00, run_after=2025-02-23 20:28:00+00:00
[2025-02-23T20:29:57.920+0000] {processor.py:208} INFO - Processing /home/airflow/.local/lib/python3.12/site-packages/airflow/example_dags/example_sla_dag.py took 0.121 seconds
[2025-02-23T20:30:28.801+0000] {processor.py:186} INFO - Started process (PID=752) to work on /home/airflow/.local/lib/python3.12/site-packages/airflow/example_dags/example_sla_dag.py
[2025-02-23T20:30:28.803+0000] {processor.py:914} INFO - Processing file /home/airflow/.local/lib/python3.12/site-packages/airflow/example_dags/example_sla_dag.py for tasks to queue
[2025-02-23T20:30:28.805+0000] {logging_mixin.py:190} INFO - [2025-02-23T20:30:28.805+0000] {dagbag.py:588} INFO - Filling up the DagBag from /home/airflow/.local/lib/python3.12/site-packages/airflow/example_dags/example_sla_dag.py
[2025-02-23T20:30:28.819+0000] {processor.py:925} INFO - DAG(s) 'example_sla_dag' retrieved from /home/airflow/.local/lib/python3.12/site-packages/airflow/example_dags/example_sla_dag.py
[2025-02-23T20:30:28.849+0000] {logging_mixin.py:190} INFO - [2025-02-23T20:30:28.849+0000] {dag.py:3239} INFO - Sync 1 DAGs
[2025-02-23T20:30:28.891+0000] {logging_mixin.py:190} INFO - [2025-02-23T20:30:28.891+0000] {dag.py:4180} INFO - Setting next_dagrun for example_sla_dag to 2025-02-23 20:28:00+00:00, run_after=2025-02-23 20:30:00+00:00
[2025-02-23T20:30:28.920+0000] {processor.py:208} INFO - Processing /home/airflow/.local/lib/python3.12/site-packages/airflow/example_dags/example_sla_dag.py took 0.126 seconds
[2025-02-23T20:30:59.756+0000] {processor.py:186} INFO - Started process (PID=815) to work on /home/airflow/.local/lib/python3.12/site-packages/airflow/example_dags/example_sla_dag.py
[2025-02-23T20:30:59.758+0000] {processor.py:914} INFO - Processing file /home/airflow/.local/lib/python3.12/site-packages/airflow/example_dags/example_sla_dag.py for tasks to queue
[2025-02-23T20:30:59.761+0000] {logging_mixin.py:190} INFO - [2025-02-23T20:30:59.761+0000] {dagbag.py:588} INFO - Filling up the DagBag from /home/airflow/.local/lib/python3.12/site-packages/airflow/example_dags/example_sla_dag.py
[2025-02-23T20:30:59.777+0000] {processor.py:925} INFO - DAG(s) 'example_sla_dag' retrieved from /home/airflow/.local/lib/python3.12/site-packages/airflow/example_dags/example_sla_dag.py
[2025-02-23T20:30:59.806+0000] {logging_mixin.py:190} INFO - [2025-02-23T20:30:59.806+0000] {dag.py:3239} INFO - Sync 1 DAGs
[2025-02-23T20:30:59.842+0000] {logging_mixin.py:190} INFO - [2025-02-23T20:30:59.841+0000] {dag.py:4180} INFO - Setting next_dagrun for example_sla_dag to 2025-02-23 20:28:00+00:00, run_after=2025-02-23 20:30:00+00:00
[2025-02-23T20:30:59.867+0000] {processor.py:208} INFO - Processing /home/airflow/.local/lib/python3.12/site-packages/airflow/example_dags/example_sla_dag.py took 0.119 seconds
[2025-02-23T20:31:31.037+0000] {processor.py:186} INFO - Started process (PID=878) to work on /home/airflow/.local/lib/python3.12/site-packages/airflow/example_dags/example_sla_dag.py
[2025-02-23T20:31:31.038+0000] {processor.py:914} INFO - Processing file /home/airflow/.local/lib/python3.12/site-packages/airflow/example_dags/example_sla_dag.py for tasks to queue
[2025-02-23T20:31:31.041+0000] {logging_mixin.py:190} INFO - [2025-02-23T20:31:31.040+0000] {dagbag.py:588} INFO - Filling up the DagBag from /home/airflow/.local/lib/python3.12/site-packages/airflow/example_dags/example_sla_dag.py
[2025-02-23T20:31:31.053+0000] {processor.py:925} INFO - DAG(s) 'example_sla_dag' retrieved from /home/airflow/.local/lib/python3.12/site-packages/airflow/example_dags/example_sla_dag.py
[2025-02-23T20:31:31.080+0000] {logging_mixin.py:190} INFO - [2025-02-23T20:31:31.080+0000] {dag.py:3239} INFO - Sync 1 DAGs
[2025-02-23T20:31:31.121+0000] {logging_mixin.py:190} INFO - [2025-02-23T20:31:31.120+0000] {dag.py:4180} INFO - Setting next_dagrun for example_sla_dag to 2025-02-23 20:28:00+00:00, run_after=2025-02-23 20:30:00+00:00
[2025-02-23T20:31:31.154+0000] {processor.py:208} INFO - Processing /home/airflow/.local/lib/python3.12/site-packages/airflow/example_dags/example_sla_dag.py took 0.124 seconds
[2025-02-23T20:32:01.722+0000] {processor.py:186} INFO - Started process (PID=941) to work on /home/airflow/.local/lib/python3.12/site-packages/airflow/example_dags/example_sla_dag.py
[2025-02-23T20:32:01.723+0000] {processor.py:914} INFO - Processing file /home/airflow/.local/lib/python3.12/site-packages/airflow/example_dags/example_sla_dag.py for tasks to queue
[2025-02-23T20:32:01.726+0000] {logging_mixin.py:190} INFO - [2025-02-23T20:32:01.725+0000] {dagbag.py:588} INFO - Filling up the DagBag from /home/airflow/.local/lib/python3.12/site-packages/airflow/example_dags/example_sla_dag.py
[2025-02-23T20:32:01.741+0000] {processor.py:925} INFO - DAG(s) 'example_sla_dag' retrieved from /home/airflow/.local/lib/python3.12/site-packages/airflow/example_dags/example_sla_dag.py
[2025-02-23T20:32:01.766+0000] {logging_mixin.py:190} INFO - [2025-02-23T20:32:01.765+0000] {dag.py:3239} INFO - Sync 1 DAGs
[2025-02-23T20:32:01.800+0000] {logging_mixin.py:190} INFO - [2025-02-23T20:32:01.800+0000] {dag.py:4180} INFO - Setting next_dagrun for example_sla_dag to 2025-02-23 20:30:00+00:00, run_after=2025-02-23 20:32:00+00:00
[2025-02-23T20:32:01.823+0000] {processor.py:208} INFO - Processing /home/airflow/.local/lib/python3.12/site-packages/airflow/example_dags/example_sla_dag.py took 0.110 seconds
[2025-02-23T20:32:32.668+0000] {processor.py:186} INFO - Started process (PID=1004) to work on /home/airflow/.local/lib/python3.12/site-packages/airflow/example_dags/example_sla_dag.py
[2025-02-23T20:32:32.669+0000] {processor.py:914} INFO - Processing file /home/airflow/.local/lib/python3.12/site-packages/airflow/example_dags/example_sla_dag.py for tasks to queue
[2025-02-23T20:32:32.672+0000] {logging_mixin.py:190} INFO - [2025-02-23T20:32:32.672+0000] {dagbag.py:588} INFO - Filling up the DagBag from /home/airflow/.local/lib/python3.12/site-packages/airflow/example_dags/example_sla_dag.py
[2025-02-23T20:32:32.688+0000] {processor.py:925} INFO - DAG(s) 'example_sla_dag' retrieved from /home/airflow/.local/lib/python3.12/site-packages/airflow/example_dags/example_sla_dag.py
[2025-02-23T20:32:32.713+0000] {logging_mixin.py:190} INFO - [2025-02-23T20:32:32.712+0000] {dag.py:3239} INFO - Sync 1 DAGs
[2025-02-23T20:32:32.747+0000] {logging_mixin.py:190} INFO - [2025-02-23T20:32:32.747+0000] {dag.py:4180} INFO - Setting next_dagrun for example_sla_dag to 2025-02-23 20:30:00+00:00, run_after=2025-02-23 20:32:00+00:00
[2025-02-23T20:32:32.772+0000] {processor.py:208} INFO - Processing /home/airflow/.local/lib/python3.12/site-packages/airflow/example_dags/example_sla_dag.py took 0.112 seconds
[2025-02-23T20:33:03.083+0000] {processor.py:186} INFO - Started process (PID=1066) to work on /home/airflow/.local/lib/python3.12/site-packages/airflow/example_dags/example_sla_dag.py
[2025-02-23T20:33:03.084+0000] {processor.py:914} INFO - Processing file /home/airflow/.local/lib/python3.12/site-packages/airflow/example_dags/example_sla_dag.py for tasks to queue
[2025-02-23T20:33:03.087+0000] {logging_mixin.py:190} INFO - [2025-02-23T20:33:03.086+0000] {dagbag.py:588} INFO - Filling up the DagBag from /home/airflow/.local/lib/python3.12/site-packages/airflow/example_dags/example_sla_dag.py
[2025-02-23T20:33:03.099+0000] {processor.py:925} INFO - DAG(s) 'example_sla_dag' retrieved from /home/airflow/.local/lib/python3.12/site-packages/airflow/example_dags/example_sla_dag.py
[2025-02-23T20:33:03.124+0000] {logging_mixin.py:190} INFO - [2025-02-23T20:33:03.123+0000] {dag.py:3239} INFO - Sync 1 DAGs
[2025-02-23T20:33:03.158+0000] {logging_mixin.py:190} INFO - [2025-02-23T20:33:03.158+0000] {dag.py:4180} INFO - Setting next_dagrun for example_sla_dag to 2025-02-23 20:30:00+00:00, run_after=2025-02-23 20:32:00+00:00
[2025-02-23T20:33:03.185+0000] {processor.py:208} INFO - Processing /home/airflow/.local/lib/python3.12/site-packages/airflow/example_dags/example_sla_dag.py took 0.110 seconds
[2025-02-23T20:33:33.498+0000] {processor.py:186} INFO - Started process (PID=1128) to work on /home/airflow/.local/lib/python3.12/site-packages/airflow/example_dags/example_sla_dag.py
[2025-02-23T20:33:33.500+0000] {processor.py:914} INFO - Processing file /home/airflow/.local/lib/python3.12/site-packages/airflow/example_dags/example_sla_dag.py for tasks to queue
[2025-02-23T20:33:33.504+0000] {logging_mixin.py:190} INFO - [2025-02-23T20:33:33.503+0000] {dagbag.py:588} INFO - Filling up the DagBag from /home/airflow/.local/lib/python3.12/site-packages/airflow/example_dags/example_sla_dag.py
[2025-02-23T20:33:33.517+0000] {processor.py:925} INFO - DAG(s) 'example_sla_dag' retrieved from /home/airflow/.local/lib/python3.12/site-packages/airflow/example_dags/example_sla_dag.py
[2025-02-23T20:33:33.541+0000] {logging_mixin.py:190} INFO - [2025-02-23T20:33:33.540+0000] {dag.py:3239} INFO - Sync 1 DAGs
[2025-02-23T20:33:33.579+0000] {logging_mixin.py:190} INFO - [2025-02-23T20:33:33.578+0000] {dag.py:4180} INFO - Setting next_dagrun for example_sla_dag to 2025-02-23 20:30:00+00:00, run_after=2025-02-23 20:32:00+00:00
[2025-02-23T20:33:33.604+0000] {processor.py:208} INFO - Processing /home/airflow/.local/lib/python3.12/site-packages/airflow/example_dags/example_sla_dag.py took 0.114 seconds
[2025-02-23T20:34:04.362+0000] {processor.py:186} INFO - Started process (PID=1191) to work on /home/airflow/.local/lib/python3.12/site-packages/airflow/example_dags/example_sla_dag.py
[2025-02-23T20:34:04.364+0000] {processor.py:914} INFO - Processing file /home/airflow/.local/lib/python3.12/site-packages/airflow/example_dags/example_sla_dag.py for tasks to queue
[2025-02-23T20:34:04.367+0000] {logging_mixin.py:190} INFO - [2025-02-23T20:34:04.366+0000] {dagbag.py:588} INFO - Filling up the DagBag from /home/airflow/.local/lib/python3.12/site-packages/airflow/example_dags/example_sla_dag.py
[2025-02-23T20:34:04.383+0000] {processor.py:925} INFO - DAG(s) 'example_sla_dag' retrieved from /home/airflow/.local/lib/python3.12/site-packages/airflow/example_dags/example_sla_dag.py
[2025-02-23T20:34:04.409+0000] {logging_mixin.py:190} INFO - [2025-02-23T20:34:04.409+0000] {dag.py:3239} INFO - Sync 1 DAGs
[2025-02-23T20:34:04.451+0000] {logging_mixin.py:190} INFO - [2025-02-23T20:34:04.451+0000] {dag.py:4180} INFO - Setting next_dagrun for example_sla_dag to 2025-02-23 20:32:00+00:00, run_after=2025-02-23 20:34:00+00:00
[2025-02-23T20:34:04.479+0000] {processor.py:208} INFO - Processing /home/airflow/.local/lib/python3.12/site-packages/airflow/example_dags/example_sla_dag.py took 0.126 seconds
[2025-02-23T20:34:35.414+0000] {processor.py:186} INFO - Started process (PID=1253) to work on /home/airflow/.local/lib/python3.12/site-packages/airflow/example_dags/example_sla_dag.py
[2025-02-23T20:34:35.415+0000] {processor.py:914} INFO - Processing file /home/airflow/.local/lib/python3.12/site-packages/airflow/example_dags/example_sla_dag.py for tasks to queue
[2025-02-23T20:34:35.418+0000] {logging_mixin.py:190} INFO - [2025-02-23T20:34:35.417+0000] {dagbag.py:588} INFO - Filling up the DagBag from /home/airflow/.local/lib/python3.12/site-packages/airflow/example_dags/example_sla_dag.py
[2025-02-23T20:34:35.431+0000] {processor.py:925} INFO - DAG(s) 'example_sla_dag' retrieved from /home/airflow/.local/lib/python3.12/site-packages/airflow/example_dags/example_sla_dag.py
[2025-02-23T20:34:35.455+0000] {logging_mixin.py:190} INFO - [2025-02-23T20:34:35.455+0000] {dag.py:3239} INFO - Sync 1 DAGs
[2025-02-23T20:34:35.489+0000] {logging_mixin.py:190} INFO - [2025-02-23T20:34:35.489+0000] {dag.py:4180} INFO - Setting next_dagrun for example_sla_dag to 2025-02-23 20:32:00+00:00, run_after=2025-02-23 20:34:00+00:00
[2025-02-23T20:34:35.514+0000] {processor.py:208} INFO - Processing /home/airflow/.local/lib/python3.12/site-packages/airflow/example_dags/example_sla_dag.py took 0.107 seconds
[2025-02-23T20:35:06.593+0000] {processor.py:186} INFO - Started process (PID=1316) to work on /home/airflow/.local/lib/python3.12/site-packages/airflow/example_dags/example_sla_dag.py
[2025-02-23T20:35:06.594+0000] {processor.py:914} INFO - Processing file /home/airflow/.local/lib/python3.12/site-packages/airflow/example_dags/example_sla_dag.py for tasks to queue
[2025-02-23T20:35:06.597+0000] {logging_mixin.py:190} INFO - [2025-02-23T20:35:06.597+0000] {dagbag.py:588} INFO - Filling up the DagBag from /home/airflow/.local/lib/python3.12/site-packages/airflow/example_dags/example_sla_dag.py
[2025-02-23T20:35:06.612+0000] {processor.py:925} INFO - DAG(s) 'example_sla_dag' retrieved from /home/airflow/.local/lib/python3.12/site-packages/airflow/example_dags/example_sla_dag.py
[2025-02-23T20:35:06.639+0000] {logging_mixin.py:190} INFO - [2025-02-23T20:35:06.638+0000] {dag.py:3239} INFO - Sync 1 DAGs
[2025-02-23T20:35:06.681+0000] {logging_mixin.py:190} INFO - [2025-02-23T20:35:06.681+0000] {dag.py:4180} INFO - Setting next_dagrun for example_sla_dag to 2025-02-23 20:32:00+00:00, run_after=2025-02-23 20:34:00+00:00
[2025-02-23T20:35:06.711+0000] {processor.py:208} INFO - Processing /home/airflow/.local/lib/python3.12/site-packages/airflow/example_dags/example_sla_dag.py took 0.125 seconds
[2025-02-23T20:35:36.999+0000] {processor.py:186} INFO - Started process (PID=1379) to work on /home/airflow/.local/lib/python3.12/site-packages/airflow/example_dags/example_sla_dag.py
[2025-02-23T20:35:37.001+0000] {processor.py:914} INFO - Processing file /home/airflow/.local/lib/python3.12/site-packages/airflow/example_dags/example_sla_dag.py for tasks to queue
[2025-02-23T20:35:37.003+0000] {logging_mixin.py:190} INFO - [2025-02-23T20:35:37.003+0000] {dagbag.py:588} INFO - Filling up the DagBag from /home/airflow/.local/lib/python3.12/site-packages/airflow/example_dags/example_sla_dag.py
[2025-02-23T20:35:37.016+0000] {processor.py:925} INFO - DAG(s) 'example_sla_dag' retrieved from /home/airflow/.local/lib/python3.12/site-packages/airflow/example_dags/example_sla_dag.py
[2025-02-23T20:35:37.043+0000] {logging_mixin.py:190} INFO - [2025-02-23T20:35:37.043+0000] {dag.py:3239} INFO - Sync 1 DAGs
[2025-02-23T20:35:37.084+0000] {logging_mixin.py:190} INFO - [2025-02-23T20:35:37.084+0000] {dag.py:4180} INFO - Setting next_dagrun for example_sla_dag to 2025-02-23 20:32:00+00:00, run_after=2025-02-23 20:34:00+00:00
[2025-02-23T20:35:37.108+0000] {processor.py:208} INFO - Processing /home/airflow/.local/lib/python3.12/site-packages/airflow/example_dags/example_sla_dag.py took 0.118 seconds
[2025-02-23T20:36:08.141+0000] {processor.py:186} INFO - Started process (PID=1442) to work on /home/airflow/.local/lib/python3.12/site-packages/airflow/example_dags/example_sla_dag.py
[2025-02-23T20:36:08.142+0000] {processor.py:914} INFO - Processing file /home/airflow/.local/lib/python3.12/site-packages/airflow/example_dags/example_sla_dag.py for tasks to queue
[2025-02-23T20:36:08.144+0000] {logging_mixin.py:190} INFO - [2025-02-23T20:36:08.144+0000] {dagbag.py:588} INFO - Filling up the DagBag from /home/airflow/.local/lib/python3.12/site-packages/airflow/example_dags/example_sla_dag.py
[2025-02-23T20:36:08.161+0000] {processor.py:925} INFO - DAG(s) 'example_sla_dag' retrieved from /home/airflow/.local/lib/python3.12/site-packages/airflow/example_dags/example_sla_dag.py
[2025-02-23T20:36:08.188+0000] {logging_mixin.py:190} INFO - [2025-02-23T20:36:08.188+0000] {dag.py:3239} INFO - Sync 1 DAGs
[2025-02-23T20:36:08.228+0000] {logging_mixin.py:190} INFO - [2025-02-23T20:36:08.228+0000] {dag.py:4180} INFO - Setting next_dagrun for example_sla_dag to 2025-02-23 20:34:00+00:00, run_after=2025-02-23 20:36:00+00:00
[2025-02-23T20:36:08.255+0000] {processor.py:208} INFO - Processing /home/airflow/.local/lib/python3.12/site-packages/airflow/example_dags/example_sla_dag.py took 0.123 seconds
[2025-02-23T20:36:39.500+0000] {processor.py:186} INFO - Started process (PID=1506) to work on /home/airflow/.local/lib/python3.12/site-packages/airflow/example_dags/example_sla_dag.py
[2025-02-23T20:36:39.502+0000] {processor.py:914} INFO - Processing file /home/airflow/.local/lib/python3.12/site-packages/airflow/example_dags/example_sla_dag.py for tasks to queue
[2025-02-23T20:36:39.505+0000] {logging_mixin.py:190} INFO - [2025-02-23T20:36:39.504+0000] {dagbag.py:588} INFO - Filling up the DagBag from /home/airflow/.local/lib/python3.12/site-packages/airflow/example_dags/example_sla_dag.py
[2025-02-23T20:36:39.518+0000] {processor.py:925} INFO - DAG(s) 'example_sla_dag' retrieved from /home/airflow/.local/lib/python3.12/site-packages/airflow/example_dags/example_sla_dag.py
[2025-02-23T20:36:39.544+0000] {logging_mixin.py:190} INFO - [2025-02-23T20:36:39.544+0000] {dag.py:3239} INFO - Sync 1 DAGs
[2025-02-23T20:36:39.584+0000] {logging_mixin.py:190} INFO - [2025-02-23T20:36:39.584+0000] {dag.py:4180} INFO - Setting next_dagrun for example_sla_dag to 2025-02-23 20:34:00+00:00, run_after=2025-02-23 20:36:00+00:00
[2025-02-23T20:36:39.608+0000] {processor.py:208} INFO - Processing /home/airflow/.local/lib/python3.12/site-packages/airflow/example_dags/example_sla_dag.py took 0.117 seconds
[2025-02-23T20:37:10.230+0000] {processor.py:186} INFO - Started process (PID=1569) to work on /home/airflow/.local/lib/python3.12/site-packages/airflow/example_dags/example_sla_dag.py
[2025-02-23T20:37:10.231+0000] {processor.py:914} INFO - Processing file /home/airflow/.local/lib/python3.12/site-packages/airflow/example_dags/example_sla_dag.py for tasks to queue
[2025-02-23T20:37:10.234+0000] {logging_mixin.py:190} INFO - [2025-02-23T20:37:10.234+0000] {dagbag.py:588} INFO - Filling up the DagBag from /home/airflow/.local/lib/python3.12/site-packages/airflow/example_dags/example_sla_dag.py
[2025-02-23T20:37:10.251+0000] {processor.py:925} INFO - DAG(s) 'example_sla_dag' retrieved from /home/airflow/.local/lib/python3.12/site-packages/airflow/example_dags/example_sla_dag.py
[2025-02-23T20:37:10.276+0000] {logging_mixin.py:190} INFO - [2025-02-23T20:37:10.276+0000] {dag.py:3239} INFO - Sync 1 DAGs
[2025-02-23T20:37:10.313+0000] {logging_mixin.py:190} INFO - [2025-02-23T20:37:10.313+0000] {dag.py:4180} INFO - Setting next_dagrun for example_sla_dag to 2025-02-23 20:34:00+00:00, run_after=2025-02-23 20:36:00+00:00
[2025-02-23T20:37:10.338+0000] {processor.py:208} INFO - Processing /home/airflow/.local/lib/python3.12/site-packages/airflow/example_dags/example_sla_dag.py took 0.116 seconds
[2025-02-23T20:37:41.053+0000] {processor.py:186} INFO - Started process (PID=1632) to work on /home/airflow/.local/lib/python3.12/site-packages/airflow/example_dags/example_sla_dag.py
[2025-02-23T20:37:41.054+0000] {processor.py:914} INFO - Processing file /home/airflow/.local/lib/python3.12/site-packages/airflow/example_dags/example_sla_dag.py for tasks to queue
[2025-02-23T20:37:41.058+0000] {logging_mixin.py:190} INFO - [2025-02-23T20:37:41.057+0000] {dagbag.py:588} INFO - Filling up the DagBag from /home/airflow/.local/lib/python3.12/site-packages/airflow/example_dags/example_sla_dag.py
[2025-02-23T20:37:41.071+0000] {processor.py:925} INFO - DAG(s) 'example_sla_dag' retrieved from /home/airflow/.local/lib/python3.12/site-packages/airflow/example_dags/example_sla_dag.py
[2025-02-23T20:37:41.099+0000] {logging_mixin.py:190} INFO - [2025-02-23T20:37:41.099+0000] {dag.py:3239} INFO - Sync 1 DAGs
[2025-02-23T20:37:41.135+0000] {logging_mixin.py:190} INFO - [2025-02-23T20:37:41.134+0000] {dag.py:4180} INFO - Setting next_dagrun for example_sla_dag to 2025-02-23 20:34:00+00:00, run_after=2025-02-23 20:36:00+00:00
[2025-02-23T20:37:41.158+0000] {processor.py:208} INFO - Processing /home/airflow/.local/lib/python3.12/site-packages/airflow/example_dags/example_sla_dag.py took 0.113 seconds
[2025-02-23T20:38:12.313+0000] {processor.py:186} INFO - Started process (PID=1695) to work on /home/airflow/.local/lib/python3.12/site-packages/airflow/example_dags/example_sla_dag.py
[2025-02-23T20:38:12.316+0000] {processor.py:914} INFO - Processing file /home/airflow/.local/lib/python3.12/site-packages/airflow/example_dags/example_sla_dag.py for tasks to queue
[2025-02-23T20:38:12.320+0000] {logging_mixin.py:190} INFO - [2025-02-23T20:38:12.319+0000] {dagbag.py:588} INFO - Filling up the DagBag from /home/airflow/.local/lib/python3.12/site-packages/airflow/example_dags/example_sla_dag.py
[2025-02-23T20:38:12.334+0000] {processor.py:925} INFO - DAG(s) 'example_sla_dag' retrieved from /home/airflow/.local/lib/python3.12/site-packages/airflow/example_dags/example_sla_dag.py
[2025-02-23T20:38:12.359+0000] {logging_mixin.py:190} INFO - [2025-02-23T20:38:12.359+0000] {dag.py:3239} INFO - Sync 1 DAGs
[2025-02-23T20:38:12.397+0000] {logging_mixin.py:190} INFO - [2025-02-23T20:38:12.397+0000] {dag.py:4180} INFO - Setting next_dagrun for example_sla_dag to 2025-02-23 20:36:00+00:00, run_after=2025-02-23 20:38:00+00:00
[2025-02-23T20:38:12.423+0000] {processor.py:208} INFO - Processing /home/airflow/.local/lib/python3.12/site-packages/airflow/example_dags/example_sla_dag.py took 0.117 seconds
[2025-02-23T20:38:43.916+0000] {processor.py:186} INFO - Started process (PID=1758) to work on /home/airflow/.local/lib/python3.12/site-packages/airflow/example_dags/example_sla_dag.py
[2025-02-23T20:38:43.917+0000] {processor.py:914} INFO - Processing file /home/airflow/.local/lib/python3.12/site-packages/airflow/example_dags/example_sla_dag.py for tasks to queue
[2025-02-23T20:38:43.921+0000] {logging_mixin.py:190} INFO - [2025-02-23T20:38:43.920+0000] {dagbag.py:588} INFO - Filling up the DagBag from /home/airflow/.local/lib/python3.12/site-packages/airflow/example_dags/example_sla_dag.py
[2025-02-23T20:38:43.937+0000] {processor.py:925} INFO - DAG(s) 'example_sla_dag' retrieved from /home/airflow/.local/lib/python3.12/site-packages/airflow/example_dags/example_sla_dag.py
[2025-02-23T20:38:43.967+0000] {logging_mixin.py:190} INFO - [2025-02-23T20:38:43.967+0000] {dag.py:3239} INFO - Sync 1 DAGs
[2025-02-23T20:38:44.006+0000] {logging_mixin.py:190} INFO - [2025-02-23T20:38:44.005+0000] {dag.py:4180} INFO - Setting next_dagrun for example_sla_dag to 2025-02-23 20:36:00+00:00, run_after=2025-02-23 20:38:00+00:00
[2025-02-23T20:38:44.031+0000] {processor.py:208} INFO - Processing /home/airflow/.local/lib/python3.12/site-packages/airflow/example_dags/example_sla_dag.py took 0.125 seconds
[2025-02-23T20:39:14.848+0000] {processor.py:186} INFO - Started process (PID=1821) to work on /home/airflow/.local/lib/python3.12/site-packages/airflow/example_dags/example_sla_dag.py
[2025-02-23T20:39:14.849+0000] {processor.py:914} INFO - Processing file /home/airflow/.local/lib/python3.12/site-packages/airflow/example_dags/example_sla_dag.py for tasks to queue
[2025-02-23T20:39:14.852+0000] {logging_mixin.py:190} INFO - [2025-02-23T20:39:14.852+0000] {dagbag.py:588} INFO - Filling up the DagBag from /home/airflow/.local/lib/python3.12/site-packages/airflow/example_dags/example_sla_dag.py
[2025-02-23T20:39:14.868+0000] {processor.py:925} INFO - DAG(s) 'example_sla_dag' retrieved from /home/airflow/.local/lib/python3.12/site-packages/airflow/example_dags/example_sla_dag.py
[2025-02-23T20:39:14.898+0000] {logging_mixin.py:190} INFO - [2025-02-23T20:39:14.898+0000] {dag.py:3239} INFO - Sync 1 DAGs
[2025-02-23T20:39:14.938+0000] {logging_mixin.py:190} INFO - [2025-02-23T20:39:14.938+0000] {dag.py:4180} INFO - Setting next_dagrun for example_sla_dag to 2025-02-23 20:36:00+00:00, run_after=2025-02-23 20:38:00+00:00
[2025-02-23T20:39:14.967+0000] {processor.py:208} INFO - Processing /home/airflow/.local/lib/python3.12/site-packages/airflow/example_dags/example_sla_dag.py took 0.127 seconds
[2025-02-23T20:39:45.206+0000] {processor.py:186} INFO - Started process (PID=1884) to work on /home/airflow/.local/lib/python3.12/site-packages/airflow/example_dags/example_sla_dag.py
[2025-02-23T20:39:45.208+0000] {processor.py:914} INFO - Processing file /home/airflow/.local/lib/python3.12/site-packages/airflow/example_dags/example_sla_dag.py for tasks to queue
[2025-02-23T20:39:45.211+0000] {logging_mixin.py:190} INFO - [2025-02-23T20:39:45.211+0000] {dagbag.py:588} INFO - Filling up the DagBag from /home/airflow/.local/lib/python3.12/site-packages/airflow/example_dags/example_sla_dag.py
[2025-02-23T20:39:45.225+0000] {processor.py:925} INFO - DAG(s) 'example_sla_dag' retrieved from /home/airflow/.local/lib/python3.12/site-packages/airflow/example_dags/example_sla_dag.py
[2025-02-23T20:39:45.255+0000] {logging_mixin.py:190} INFO - [2025-02-23T20:39:45.255+0000] {dag.py:3239} INFO - Sync 1 DAGs
[2025-02-23T20:39:45.296+0000] {logging_mixin.py:190} INFO - [2025-02-23T20:39:45.295+0000] {dag.py:4180} INFO - Setting next_dagrun for example_sla_dag to 2025-02-23 20:36:00+00:00, run_after=2025-02-23 20:38:00+00:00
[2025-02-23T20:39:45.322+0000] {processor.py:208} INFO - Processing /home/airflow/.local/lib/python3.12/site-packages/airflow/example_dags/example_sla_dag.py took 0.124 seconds
[2025-02-23T20:40:16.505+0000] {processor.py:186} INFO - Started process (PID=1947) to work on /home/airflow/.local/lib/python3.12/site-packages/airflow/example_dags/example_sla_dag.py
[2025-02-23T20:40:16.507+0000] {processor.py:914} INFO - Processing file /home/airflow/.local/lib/python3.12/site-packages/airflow/example_dags/example_sla_dag.py for tasks to queue
[2025-02-23T20:40:16.509+0000] {logging_mixin.py:190} INFO - [2025-02-23T20:40:16.509+0000] {dagbag.py:588} INFO - Filling up the DagBag from /home/airflow/.local/lib/python3.12/site-packages/airflow/example_dags/example_sla_dag.py
[2025-02-23T20:40:16.523+0000] {processor.py:925} INFO - DAG(s) 'example_sla_dag' retrieved from /home/airflow/.local/lib/python3.12/site-packages/airflow/example_dags/example_sla_dag.py
[2025-02-23T20:40:16.550+0000] {logging_mixin.py:190} INFO - [2025-02-23T20:40:16.550+0000] {dag.py:3239} INFO - Sync 1 DAGs
[2025-02-23T20:40:16.591+0000] {logging_mixin.py:190} INFO - [2025-02-23T20:40:16.591+0000] {dag.py:4180} INFO - Setting next_dagrun for example_sla_dag to 2025-02-23 20:38:00+00:00, run_after=2025-02-23 20:40:00+00:00
[2025-02-23T20:40:16.620+0000] {processor.py:208} INFO - Processing /home/airflow/.local/lib/python3.12/site-packages/airflow/example_dags/example_sla_dag.py took 0.123 seconds
[2025-02-23T20:40:47.483+0000] {processor.py:186} INFO - Started process (PID=2010) to work on /home/airflow/.local/lib/python3.12/site-packages/airflow/example_dags/example_sla_dag.py
[2025-02-23T20:40:47.484+0000] {processor.py:914} INFO - Processing file /home/airflow/.local/lib/python3.12/site-packages/airflow/example_dags/example_sla_dag.py for tasks to queue
[2025-02-23T20:40:47.487+0000] {logging_mixin.py:190} INFO - [2025-02-23T20:40:47.487+0000] {dagbag.py:588} INFO - Filling up the DagBag from /home/airflow/.local/lib/python3.12/site-packages/airflow/example_dags/example_sla_dag.py
[2025-02-23T20:40:47.500+0000] {processor.py:925} INFO - DAG(s) 'example_sla_dag' retrieved from /home/airflow/.local/lib/python3.12/site-packages/airflow/example_dags/example_sla_dag.py
[2025-02-23T20:40:47.527+0000] {logging_mixin.py:190} INFO - [2025-02-23T20:40:47.527+0000] {dag.py:3239} INFO - Sync 1 DAGs
[2025-02-23T20:40:47.564+0000] {logging_mixin.py:190} INFO - [2025-02-23T20:40:47.564+0000] {dag.py:4180} INFO - Setting next_dagrun for example_sla_dag to 2025-02-23 20:38:00+00:00, run_after=2025-02-23 20:40:00+00:00
[2025-02-23T20:40:47.594+0000] {processor.py:208} INFO - Processing /home/airflow/.local/lib/python3.12/site-packages/airflow/example_dags/example_sla_dag.py took 0.120 seconds
[2025-02-23T20:41:18.385+0000] {processor.py:186} INFO - Started process (PID=2073) to work on /home/airflow/.local/lib/python3.12/site-packages/airflow/example_dags/example_sla_dag.py
[2025-02-23T20:41:18.387+0000] {processor.py:914} INFO - Processing file /home/airflow/.local/lib/python3.12/site-packages/airflow/example_dags/example_sla_dag.py for tasks to queue
[2025-02-23T20:41:18.390+0000] {logging_mixin.py:190} INFO - [2025-02-23T20:41:18.389+0000] {dagbag.py:588} INFO - Filling up the DagBag from /home/airflow/.local/lib/python3.12/site-packages/airflow/example_dags/example_sla_dag.py
[2025-02-23T20:41:18.406+0000] {processor.py:925} INFO - DAG(s) 'example_sla_dag' retrieved from /home/airflow/.local/lib/python3.12/site-packages/airflow/example_dags/example_sla_dag.py
[2025-02-23T20:41:18.435+0000] {logging_mixin.py:190} INFO - [2025-02-23T20:41:18.434+0000] {dag.py:3239} INFO - Sync 1 DAGs
[2025-02-23T20:41:18.474+0000] {logging_mixin.py:190} INFO - [2025-02-23T20:41:18.473+0000] {dag.py:4180} INFO - Setting next_dagrun for example_sla_dag to 2025-02-23 20:38:00+00:00, run_after=2025-02-23 20:40:00+00:00
[2025-02-23T20:41:18.499+0000] {processor.py:208} INFO - Processing /home/airflow/.local/lib/python3.12/site-packages/airflow/example_dags/example_sla_dag.py took 0.123 seconds
[2025-02-23T20:41:48.728+0000] {processor.py:186} INFO - Started process (PID=2136) to work on /home/airflow/.local/lib/python3.12/site-packages/airflow/example_dags/example_sla_dag.py
[2025-02-23T20:41:48.730+0000] {processor.py:914} INFO - Processing file /home/airflow/.local/lib/python3.12/site-packages/airflow/example_dags/example_sla_dag.py for tasks to queue
[2025-02-23T20:41:48.733+0000] {logging_mixin.py:190} INFO - [2025-02-23T20:41:48.733+0000] {dagbag.py:588} INFO - Filling up the DagBag from /home/airflow/.local/lib/python3.12/site-packages/airflow/example_dags/example_sla_dag.py
[2025-02-23T20:41:48.746+0000] {processor.py:925} INFO - DAG(s) 'example_sla_dag' retrieved from /home/airflow/.local/lib/python3.12/site-packages/airflow/example_dags/example_sla_dag.py
[2025-02-23T20:41:48.772+0000] {logging_mixin.py:190} INFO - [2025-02-23T20:41:48.771+0000] {dag.py:3239} INFO - Sync 1 DAGs
[2025-02-23T20:41:48.815+0000] {logging_mixin.py:190} INFO - [2025-02-23T20:41:48.814+0000] {dag.py:4180} INFO - Setting next_dagrun for example_sla_dag to 2025-02-23 20:38:00+00:00, run_after=2025-02-23 20:40:00+00:00
[2025-02-23T20:41:48.842+0000] {processor.py:208} INFO - Processing /home/airflow/.local/lib/python3.12/site-packages/airflow/example_dags/example_sla_dag.py took 0.121 seconds
[2025-02-23T20:42:20.678+0000] {processor.py:186} INFO - Started process (PID=2199) to work on /home/airflow/.local/lib/python3.12/site-packages/airflow/example_dags/example_sla_dag.py
[2025-02-23T20:42:20.679+0000] {processor.py:914} INFO - Processing file /home/airflow/.local/lib/python3.12/site-packages/airflow/example_dags/example_sla_dag.py for tasks to queue
[2025-02-23T20:42:20.682+0000] {logging_mixin.py:190} INFO - [2025-02-23T20:42:20.681+0000] {dagbag.py:588} INFO - Filling up the DagBag from /home/airflow/.local/lib/python3.12/site-packages/airflow/example_dags/example_sla_dag.py
[2025-02-23T20:42:20.696+0000] {processor.py:925} INFO - DAG(s) 'example_sla_dag' retrieved from /home/airflow/.local/lib/python3.12/site-packages/airflow/example_dags/example_sla_dag.py
[2025-02-23T20:42:20.723+0000] {logging_mixin.py:190} INFO - [2025-02-23T20:42:20.722+0000] {dag.py:3239} INFO - Sync 1 DAGs
[2025-02-23T20:42:20.767+0000] {logging_mixin.py:190} INFO - [2025-02-23T20:42:20.767+0000] {dag.py:4180} INFO - Setting next_dagrun for example_sla_dag to 2025-02-23 20:40:00+00:00, run_after=2025-02-23 20:42:00+00:00
[2025-02-23T20:42:20.794+0000] {processor.py:208} INFO - Processing /home/airflow/.local/lib/python3.12/site-packages/airflow/example_dags/example_sla_dag.py took 0.126 seconds
[2025-02-23T20:42:51.208+0000] {processor.py:186} INFO - Started process (PID=2262) to work on /home/airflow/.local/lib/python3.12/site-packages/airflow/example_dags/example_sla_dag.py
[2025-02-23T20:42:51.209+0000] {processor.py:914} INFO - Processing file /home/airflow/.local/lib/python3.12/site-packages/airflow/example_dags/example_sla_dag.py for tasks to queue
[2025-02-23T20:42:51.213+0000] {logging_mixin.py:190} INFO - [2025-02-23T20:42:51.212+0000] {dagbag.py:588} INFO - Filling up the DagBag from /home/airflow/.local/lib/python3.12/site-packages/airflow/example_dags/example_sla_dag.py
[2025-02-23T20:42:51.229+0000] {processor.py:925} INFO - DAG(s) 'example_sla_dag' retrieved from /home/airflow/.local/lib/python3.12/site-packages/airflow/example_dags/example_sla_dag.py
[2025-02-23T20:42:51.260+0000] {logging_mixin.py:190} INFO - [2025-02-23T20:42:51.260+0000] {dag.py:3239} INFO - Sync 1 DAGs
[2025-02-23T20:42:51.305+0000] {logging_mixin.py:190} INFO - [2025-02-23T20:42:51.305+0000] {dag.py:4180} INFO - Setting next_dagrun for example_sla_dag to 2025-02-23 20:40:00+00:00, run_after=2025-02-23 20:42:00+00:00
[2025-02-23T20:42:51.333+0000] {processor.py:208} INFO - Processing /home/airflow/.local/lib/python3.12/site-packages/airflow/example_dags/example_sla_dag.py took 0.132 seconds
[2025-02-23T20:43:22.332+0000] {processor.py:186} INFO - Started process (PID=2325) to work on /home/airflow/.local/lib/python3.12/site-packages/airflow/example_dags/example_sla_dag.py
[2025-02-23T20:43:22.334+0000] {processor.py:914} INFO - Processing file /home/airflow/.local/lib/python3.12/site-packages/airflow/example_dags/example_sla_dag.py for tasks to queue
[2025-02-23T20:43:22.336+0000] {logging_mixin.py:190} INFO - [2025-02-23T20:43:22.336+0000] {dagbag.py:588} INFO - Filling up the DagBag from /home/airflow/.local/lib/python3.12/site-packages/airflow/example_dags/example_sla_dag.py
[2025-02-23T20:43:22.351+0000] {processor.py:925} INFO - DAG(s) 'example_sla_dag' retrieved from /home/airflow/.local/lib/python3.12/site-packages/airflow/example_dags/example_sla_dag.py
[2025-02-23T20:43:22.382+0000] {logging_mixin.py:190} INFO - [2025-02-23T20:43:22.381+0000] {dag.py:3239} INFO - Sync 1 DAGs
[2025-02-23T20:43:22.422+0000] {logging_mixin.py:190} INFO - [2025-02-23T20:43:22.422+0000] {dag.py:4180} INFO - Setting next_dagrun for example_sla_dag to 2025-02-23 20:40:00+00:00, run_after=2025-02-23 20:42:00+00:00
[2025-02-23T20:43:22.449+0000] {processor.py:208} INFO - Processing /home/airflow/.local/lib/python3.12/site-packages/airflow/example_dags/example_sla_dag.py took 0.125 seconds
[2025-02-23T20:43:53.597+0000] {processor.py:186} INFO - Started process (PID=2389) to work on /home/airflow/.local/lib/python3.12/site-packages/airflow/example_dags/example_sla_dag.py
[2025-02-23T20:43:53.598+0000] {processor.py:914} INFO - Processing file /home/airflow/.local/lib/python3.12/site-packages/airflow/example_dags/example_sla_dag.py for tasks to queue
[2025-02-23T20:43:53.601+0000] {logging_mixin.py:190} INFO - [2025-02-23T20:43:53.601+0000] {dagbag.py:588} INFO - Filling up the DagBag from /home/airflow/.local/lib/python3.12/site-packages/airflow/example_dags/example_sla_dag.py
[2025-02-23T20:43:53.616+0000] {processor.py:925} INFO - DAG(s) 'example_sla_dag' retrieved from /home/airflow/.local/lib/python3.12/site-packages/airflow/example_dags/example_sla_dag.py
[2025-02-23T20:43:53.642+0000] {logging_mixin.py:190} INFO - [2025-02-23T20:43:53.642+0000] {dag.py:3239} INFO - Sync 1 DAGs
[2025-02-23T20:43:53.680+0000] {logging_mixin.py:190} INFO - [2025-02-23T20:43:53.679+0000] {dag.py:4180} INFO - Setting next_dagrun for example_sla_dag to 2025-02-23 20:40:00+00:00, run_after=2025-02-23 20:42:00+00:00
[2025-02-23T20:43:53.709+0000] {processor.py:208} INFO - Processing /home/airflow/.local/lib/python3.12/site-packages/airflow/example_dags/example_sla_dag.py took 0.121 seconds
[2025-02-23T20:44:24.124+0000] {processor.py:186} INFO - Started process (PID=2452) to work on /home/airflow/.local/lib/python3.12/site-packages/airflow/example_dags/example_sla_dag.py
[2025-02-23T20:44:24.126+0000] {processor.py:914} INFO - Processing file /home/airflow/.local/lib/python3.12/site-packages/airflow/example_dags/example_sla_dag.py for tasks to queue
[2025-02-23T20:44:24.129+0000] {logging_mixin.py:190} INFO - [2025-02-23T20:44:24.128+0000] {dagbag.py:588} INFO - Filling up the DagBag from /home/airflow/.local/lib/python3.12/site-packages/airflow/example_dags/example_sla_dag.py
[2025-02-23T20:44:24.143+0000] {processor.py:925} INFO - DAG(s) 'example_sla_dag' retrieved from /home/airflow/.local/lib/python3.12/site-packages/airflow/example_dags/example_sla_dag.py
[2025-02-23T20:44:24.170+0000] {logging_mixin.py:190} INFO - [2025-02-23T20:44:24.169+0000] {dag.py:3239} INFO - Sync 1 DAGs
[2025-02-23T20:44:24.211+0000] {logging_mixin.py:190} INFO - [2025-02-23T20:44:24.211+0000] {dag.py:4180} INFO - Setting next_dagrun for example_sla_dag to 2025-02-23 20:42:00+00:00, run_after=2025-02-23 20:44:00+00:00
[2025-02-23T20:44:24.239+0000] {processor.py:208} INFO - Processing /home/airflow/.local/lib/python3.12/site-packages/airflow/example_dags/example_sla_dag.py took 0.123 seconds
[2025-02-23T20:44:55.471+0000] {processor.py:186} INFO - Started process (PID=2516) to work on /home/airflow/.local/lib/python3.12/site-packages/airflow/example_dags/example_sla_dag.py
[2025-02-23T20:44:55.473+0000] {processor.py:914} INFO - Processing file /home/airflow/.local/lib/python3.12/site-packages/airflow/example_dags/example_sla_dag.py for tasks to queue
[2025-02-23T20:44:55.476+0000] {logging_mixin.py:190} INFO - [2025-02-23T20:44:55.476+0000] {dagbag.py:588} INFO - Filling up the DagBag from /home/airflow/.local/lib/python3.12/site-packages/airflow/example_dags/example_sla_dag.py
[2025-02-23T20:44:55.493+0000] {processor.py:925} INFO - DAG(s) 'example_sla_dag' retrieved from /home/airflow/.local/lib/python3.12/site-packages/airflow/example_dags/example_sla_dag.py
[2025-02-23T20:44:55.523+0000] {logging_mixin.py:190} INFO - [2025-02-23T20:44:55.523+0000] {dag.py:3239} INFO - Sync 1 DAGs
[2025-02-23T20:44:55.561+0000] {logging_mixin.py:190} INFO - [2025-02-23T20:44:55.561+0000] {dag.py:4180} INFO - Setting next_dagrun for example_sla_dag to 2025-02-23 20:42:00+00:00, run_after=2025-02-23 20:44:00+00:00
[2025-02-23T20:44:55.586+0000] {processor.py:208} INFO - Processing /home/airflow/.local/lib/python3.12/site-packages/airflow/example_dags/example_sla_dag.py took 0.124 seconds
[2025-02-23T20:45:27.055+0000] {processor.py:186} INFO - Started process (PID=2579) to work on /home/airflow/.local/lib/python3.12/site-packages/airflow/example_dags/example_sla_dag.py
[2025-02-23T20:45:27.057+0000] {processor.py:914} INFO - Processing file /home/airflow/.local/lib/python3.12/site-packages/airflow/example_dags/example_sla_dag.py for tasks to queue
[2025-02-23T20:45:27.060+0000] {logging_mixin.py:190} INFO - [2025-02-23T20:45:27.059+0000] {dagbag.py:588} INFO - Filling up the DagBag from /home/airflow/.local/lib/python3.12/site-packages/airflow/example_dags/example_sla_dag.py
[2025-02-23T20:45:27.074+0000] {processor.py:925} INFO - DAG(s) 'example_sla_dag' retrieved from /home/airflow/.local/lib/python3.12/site-packages/airflow/example_dags/example_sla_dag.py
[2025-02-23T20:45:27.101+0000] {logging_mixin.py:190} INFO - [2025-02-23T20:45:27.101+0000] {dag.py:3239} INFO - Sync 1 DAGs
[2025-02-23T20:45:27.138+0000] {logging_mixin.py:190} INFO - [2025-02-23T20:45:27.138+0000] {dag.py:4180} INFO - Setting next_dagrun for example_sla_dag to 2025-02-23 20:42:00+00:00, run_after=2025-02-23 20:44:00+00:00
[2025-02-23T20:45:27.165+0000] {processor.py:208} INFO - Processing /home/airflow/.local/lib/python3.12/site-packages/airflow/example_dags/example_sla_dag.py took 0.119 seconds
