[2025-02-23T20:25:12.720+0000] {processor.py:186} INFO - Started process (PID=88) to work on /home/airflow/.local/lib/python3.12/site-packages/airflow/example_dags/example_python_operator.py
[2025-02-23T20:25:12.721+0000] {processor.py:914} INFO - Processing file /home/airflow/.local/lib/python3.12/site-packages/airflow/example_dags/example_python_operator.py for tasks to queue
[2025-02-23T20:25:12.723+0000] {logging_mixin.py:190} INFO - [2025-02-23T20:25:12.723+0000] {dagbag.py:588} INFO - Filling up the DagBag from /home/airflow/.local/lib/python3.12/site-packages/airflow/example_dags/example_python_operator.py
[2025-02-23T20:25:12.740+0000] {processor.py:925} INFO - DAG(s) 'example_python_operator' retrieved from /home/airflow/.local/lib/python3.12/site-packages/airflow/example_dags/example_python_operator.py
[2025-02-23T20:25:13.455+0000] {logging_mixin.py:190} INFO - [2025-02-23T20:25:13.454+0000] {override.py:1912} INFO - Created Permission View: can read on DAG:example_python_operator
[2025-02-23T20:25:13.471+0000] {logging_mixin.py:190} INFO - [2025-02-23T20:25:13.471+0000] {override.py:1912} INFO - Created Permission View: can delete on DAG:example_python_operator
[2025-02-23T20:25:13.481+0000] {logging_mixin.py:190} INFO - [2025-02-23T20:25:13.481+0000] {override.py:1912} INFO - Created Permission View: can edit on DAG:example_python_operator
[2025-02-23T20:25:13.494+0000] {logging_mixin.py:190} INFO - [2025-02-23T20:25:13.493+0000] {override.py:1912} INFO - Created Permission View: can create on DAG Run:example_python_operator
[2025-02-23T20:25:13.503+0000] {logging_mixin.py:190} INFO - [2025-02-23T20:25:13.502+0000] {override.py:1912} INFO - Created Permission View: can read on DAG Run:example_python_operator
[2025-02-23T20:25:13.513+0000] {logging_mixin.py:190} INFO - [2025-02-23T20:25:13.513+0000] {override.py:1912} INFO - Created Permission View: can delete on DAG Run:example_python_operator
[2025-02-23T20:25:13.522+0000] {logging_mixin.py:190} INFO - [2025-02-23T20:25:13.521+0000] {override.py:1912} INFO - Created Permission View: menu access on DAG Run:example_python_operator
[2025-02-23T20:25:13.522+0000] {logging_mixin.py:190} INFO - [2025-02-23T20:25:13.522+0000] {dag.py:3239} INFO - Sync 1 DAGs
[2025-02-23T20:25:13.543+0000] {logging_mixin.py:190} INFO - [2025-02-23T20:25:13.542+0000] {dag.py:3262} INFO - Creating ORM DAG for example_python_operator
[2025-02-23T20:25:13.544+0000] {logging_mixin.py:190} INFO - [2025-02-23T20:25:13.543+0000] {dag.py:4180} INFO - Setting next_dagrun for example_python_operator to None, run_after=None
[2025-02-23T20:25:13.570+0000] {processor.py:208} INFO - Processing /home/airflow/.local/lib/python3.12/site-packages/airflow/example_dags/example_python_operator.py took 0.312 seconds
[2025-02-23T20:25:44.604+0000] {processor.py:186} INFO - Started process (PID=151) to work on /home/airflow/.local/lib/python3.12/site-packages/airflow/example_dags/example_python_operator.py
[2025-02-23T20:25:44.606+0000] {processor.py:914} INFO - Processing file /home/airflow/.local/lib/python3.12/site-packages/airflow/example_dags/example_python_operator.py for tasks to queue
[2025-02-23T20:25:44.609+0000] {logging_mixin.py:190} INFO - [2025-02-23T20:25:44.609+0000] {dagbag.py:588} INFO - Filling up the DagBag from /home/airflow/.local/lib/python3.12/site-packages/airflow/example_dags/example_python_operator.py
[2025-02-23T20:25:44.627+0000] {processor.py:925} INFO - DAG(s) 'example_python_operator' retrieved from /home/airflow/.local/lib/python3.12/site-packages/airflow/example_dags/example_python_operator.py
[2025-02-23T20:25:44.658+0000] {logging_mixin.py:190} INFO - [2025-02-23T20:25:44.658+0000] {dag.py:3239} INFO - Sync 1 DAGs
[2025-02-23T20:25:44.681+0000] {logging_mixin.py:190} INFO - [2025-02-23T20:25:44.680+0000] {dag.py:4180} INFO - Setting next_dagrun for example_python_operator to None, run_after=None
[2025-02-23T20:25:44.712+0000] {processor.py:208} INFO - Processing /home/airflow/.local/lib/python3.12/site-packages/airflow/example_dags/example_python_operator.py took 0.115 seconds
[2025-02-23T20:26:16.016+0000] {processor.py:186} INFO - Started process (PID=214) to work on /home/airflow/.local/lib/python3.12/site-packages/airflow/example_dags/example_python_operator.py
[2025-02-23T20:26:16.018+0000] {processor.py:914} INFO - Processing file /home/airflow/.local/lib/python3.12/site-packages/airflow/example_dags/example_python_operator.py for tasks to queue
[2025-02-23T20:26:16.021+0000] {logging_mixin.py:190} INFO - [2025-02-23T20:26:16.020+0000] {dagbag.py:588} INFO - Filling up the DagBag from /home/airflow/.local/lib/python3.12/site-packages/airflow/example_dags/example_python_operator.py
[2025-02-23T20:26:16.036+0000] {processor.py:925} INFO - DAG(s) 'example_python_operator' retrieved from /home/airflow/.local/lib/python3.12/site-packages/airflow/example_dags/example_python_operator.py
[2025-02-23T20:26:16.070+0000] {logging_mixin.py:190} INFO - [2025-02-23T20:26:16.070+0000] {dag.py:3239} INFO - Sync 1 DAGs
[2025-02-23T20:26:16.095+0000] {logging_mixin.py:190} INFO - [2025-02-23T20:26:16.094+0000] {dag.py:4180} INFO - Setting next_dagrun for example_python_operator to None, run_after=None
[2025-02-23T20:26:16.124+0000] {processor.py:208} INFO - Processing /home/airflow/.local/lib/python3.12/site-packages/airflow/example_dags/example_python_operator.py took 0.116 seconds
[2025-02-23T20:26:47.432+0000] {processor.py:186} INFO - Started process (PID=277) to work on /home/airflow/.local/lib/python3.12/site-packages/airflow/example_dags/example_python_operator.py
[2025-02-23T20:26:47.433+0000] {processor.py:914} INFO - Processing file /home/airflow/.local/lib/python3.12/site-packages/airflow/example_dags/example_python_operator.py for tasks to queue
[2025-02-23T20:26:47.435+0000] {logging_mixin.py:190} INFO - [2025-02-23T20:26:47.435+0000] {dagbag.py:588} INFO - Filling up the DagBag from /home/airflow/.local/lib/python3.12/site-packages/airflow/example_dags/example_python_operator.py
[2025-02-23T20:26:47.450+0000] {processor.py:925} INFO - DAG(s) 'example_python_operator' retrieved from /home/airflow/.local/lib/python3.12/site-packages/airflow/example_dags/example_python_operator.py
[2025-02-23T20:26:47.482+0000] {logging_mixin.py:190} INFO - [2025-02-23T20:26:47.482+0000] {dag.py:3239} INFO - Sync 1 DAGs
[2025-02-23T20:26:47.505+0000] {logging_mixin.py:190} INFO - [2025-02-23T20:26:47.504+0000] {dag.py:4180} INFO - Setting next_dagrun for example_python_operator to None, run_after=None
[2025-02-23T20:26:47.538+0000] {processor.py:208} INFO - Processing /home/airflow/.local/lib/python3.12/site-packages/airflow/example_dags/example_python_operator.py took 0.113 seconds
[2025-02-23T20:27:17.674+0000] {processor.py:186} INFO - Started process (PID=339) to work on /home/airflow/.local/lib/python3.12/site-packages/airflow/example_dags/example_python_operator.py
[2025-02-23T20:27:17.676+0000] {processor.py:914} INFO - Processing file /home/airflow/.local/lib/python3.12/site-packages/airflow/example_dags/example_python_operator.py for tasks to queue
[2025-02-23T20:27:17.678+0000] {logging_mixin.py:190} INFO - [2025-02-23T20:27:17.678+0000] {dagbag.py:588} INFO - Filling up the DagBag from /home/airflow/.local/lib/python3.12/site-packages/airflow/example_dags/example_python_operator.py
[2025-02-23T20:27:17.696+0000] {processor.py:925} INFO - DAG(s) 'example_python_operator' retrieved from /home/airflow/.local/lib/python3.12/site-packages/airflow/example_dags/example_python_operator.py
[2025-02-23T20:27:17.732+0000] {logging_mixin.py:190} INFO - [2025-02-23T20:27:17.731+0000] {dag.py:3239} INFO - Sync 1 DAGs
[2025-02-23T20:27:17.755+0000] {logging_mixin.py:190} INFO - [2025-02-23T20:27:17.754+0000] {dag.py:4180} INFO - Setting next_dagrun for example_python_operator to None, run_after=None
[2025-02-23T20:27:17.781+0000] {processor.py:208} INFO - Processing /home/airflow/.local/lib/python3.12/site-packages/airflow/example_dags/example_python_operator.py took 0.114 seconds
[2025-02-23T20:27:49.050+0000] {processor.py:186} INFO - Started process (PID=402) to work on /home/airflow/.local/lib/python3.12/site-packages/airflow/example_dags/example_python_operator.py
[2025-02-23T20:27:49.050+0000] {processor.py:914} INFO - Processing file /home/airflow/.local/lib/python3.12/site-packages/airflow/example_dags/example_python_operator.py for tasks to queue
[2025-02-23T20:27:49.053+0000] {logging_mixin.py:190} INFO - [2025-02-23T20:27:49.053+0000] {dagbag.py:588} INFO - Filling up the DagBag from /home/airflow/.local/lib/python3.12/site-packages/airflow/example_dags/example_python_operator.py
[2025-02-23T20:27:49.069+0000] {processor.py:925} INFO - DAG(s) 'example_python_operator' retrieved from /home/airflow/.local/lib/python3.12/site-packages/airflow/example_dags/example_python_operator.py
[2025-02-23T20:27:49.100+0000] {logging_mixin.py:190} INFO - [2025-02-23T20:27:49.100+0000] {dag.py:3239} INFO - Sync 1 DAGs
[2025-02-23T20:27:49.121+0000] {logging_mixin.py:190} INFO - [2025-02-23T20:27:49.121+0000] {dag.py:4180} INFO - Setting next_dagrun for example_python_operator to None, run_after=None
[2025-02-23T20:27:49.148+0000] {processor.py:208} INFO - Processing /home/airflow/.local/lib/python3.12/site-packages/airflow/example_dags/example_python_operator.py took 0.106 seconds
[2025-02-23T20:28:20.472+0000] {processor.py:186} INFO - Started process (PID=465) to work on /home/airflow/.local/lib/python3.12/site-packages/airflow/example_dags/example_python_operator.py
[2025-02-23T20:28:20.474+0000] {processor.py:914} INFO - Processing file /home/airflow/.local/lib/python3.12/site-packages/airflow/example_dags/example_python_operator.py for tasks to queue
[2025-02-23T20:28:20.477+0000] {logging_mixin.py:190} INFO - [2025-02-23T20:28:20.477+0000] {dagbag.py:588} INFO - Filling up the DagBag from /home/airflow/.local/lib/python3.12/site-packages/airflow/example_dags/example_python_operator.py
[2025-02-23T20:28:20.494+0000] {processor.py:925} INFO - DAG(s) 'example_python_operator' retrieved from /home/airflow/.local/lib/python3.12/site-packages/airflow/example_dags/example_python_operator.py
[2025-02-23T20:28:20.530+0000] {logging_mixin.py:190} INFO - [2025-02-23T20:28:20.529+0000] {dag.py:3239} INFO - Sync 1 DAGs
[2025-02-23T20:28:20.552+0000] {logging_mixin.py:190} INFO - [2025-02-23T20:28:20.552+0000] {dag.py:4180} INFO - Setting next_dagrun for example_python_operator to None, run_after=None
[2025-02-23T20:28:20.581+0000] {processor.py:208} INFO - Processing /home/airflow/.local/lib/python3.12/site-packages/airflow/example_dags/example_python_operator.py took 0.117 seconds
[2025-02-23T20:28:50.726+0000] {processor.py:186} INFO - Started process (PID=527) to work on /home/airflow/.local/lib/python3.12/site-packages/airflow/example_dags/example_python_operator.py
[2025-02-23T20:28:50.728+0000] {processor.py:914} INFO - Processing file /home/airflow/.local/lib/python3.12/site-packages/airflow/example_dags/example_python_operator.py for tasks to queue
[2025-02-23T20:28:50.730+0000] {logging_mixin.py:190} INFO - [2025-02-23T20:28:50.730+0000] {dagbag.py:588} INFO - Filling up the DagBag from /home/airflow/.local/lib/python3.12/site-packages/airflow/example_dags/example_python_operator.py
[2025-02-23T20:28:50.744+0000] {processor.py:925} INFO - DAG(s) 'example_python_operator' retrieved from /home/airflow/.local/lib/python3.12/site-packages/airflow/example_dags/example_python_operator.py
[2025-02-23T20:28:50.773+0000] {logging_mixin.py:190} INFO - [2025-02-23T20:28:50.772+0000] {dag.py:3239} INFO - Sync 1 DAGs
[2025-02-23T20:28:50.793+0000] {logging_mixin.py:190} INFO - [2025-02-23T20:28:50.793+0000] {dag.py:4180} INFO - Setting next_dagrun for example_python_operator to None, run_after=None
[2025-02-23T20:28:50.821+0000] {processor.py:208} INFO - Processing /home/airflow/.local/lib/python3.12/site-packages/airflow/example_dags/example_python_operator.py took 0.104 seconds
[2025-02-23T20:29:21.584+0000] {processor.py:186} INFO - Started process (PID=590) to work on /home/airflow/.local/lib/python3.12/site-packages/airflow/example_dags/example_python_operator.py
[2025-02-23T20:29:21.586+0000] {processor.py:914} INFO - Processing file /home/airflow/.local/lib/python3.12/site-packages/airflow/example_dags/example_python_operator.py for tasks to queue
[2025-02-23T20:29:21.588+0000] {logging_mixin.py:190} INFO - [2025-02-23T20:29:21.588+0000] {dagbag.py:588} INFO - Filling up the DagBag from /home/airflow/.local/lib/python3.12/site-packages/airflow/example_dags/example_python_operator.py
[2025-02-23T20:29:21.602+0000] {processor.py:925} INFO - DAG(s) 'example_python_operator' retrieved from /home/airflow/.local/lib/python3.12/site-packages/airflow/example_dags/example_python_operator.py
[2025-02-23T20:29:21.630+0000] {logging_mixin.py:190} INFO - [2025-02-23T20:29:21.630+0000] {dag.py:3239} INFO - Sync 1 DAGs
[2025-02-23T20:29:21.649+0000] {logging_mixin.py:190} INFO - [2025-02-23T20:29:21.648+0000] {dag.py:4180} INFO - Setting next_dagrun for example_python_operator to None, run_after=None
[2025-02-23T20:29:21.673+0000] {processor.py:208} INFO - Processing /home/airflow/.local/lib/python3.12/site-packages/airflow/example_dags/example_python_operator.py took 0.097 seconds
[2025-02-23T20:29:53.085+0000] {processor.py:186} INFO - Started process (PID=653) to work on /home/airflow/.local/lib/python3.12/site-packages/airflow/example_dags/example_python_operator.py
[2025-02-23T20:29:53.086+0000] {processor.py:914} INFO - Processing file /home/airflow/.local/lib/python3.12/site-packages/airflow/example_dags/example_python_operator.py for tasks to queue
[2025-02-23T20:29:53.090+0000] {logging_mixin.py:190} INFO - [2025-02-23T20:29:53.090+0000] {dagbag.py:588} INFO - Filling up the DagBag from /home/airflow/.local/lib/python3.12/site-packages/airflow/example_dags/example_python_operator.py
[2025-02-23T20:29:53.113+0000] {processor.py:925} INFO - DAG(s) 'example_python_operator' retrieved from /home/airflow/.local/lib/python3.12/site-packages/airflow/example_dags/example_python_operator.py
[2025-02-23T20:29:53.150+0000] {logging_mixin.py:190} INFO - [2025-02-23T20:29:53.150+0000] {dag.py:3239} INFO - Sync 1 DAGs
[2025-02-23T20:29:53.174+0000] {logging_mixin.py:190} INFO - [2025-02-23T20:29:53.174+0000] {dag.py:4180} INFO - Setting next_dagrun for example_python_operator to None, run_after=None
[2025-02-23T20:29:53.202+0000] {processor.py:208} INFO - Processing /home/airflow/.local/lib/python3.12/site-packages/airflow/example_dags/example_python_operator.py took 0.127 seconds
[2025-02-23T20:30:24.363+0000] {processor.py:186} INFO - Started process (PID=716) to work on /home/airflow/.local/lib/python3.12/site-packages/airflow/example_dags/example_python_operator.py
[2025-02-23T20:30:24.364+0000] {processor.py:914} INFO - Processing file /home/airflow/.local/lib/python3.12/site-packages/airflow/example_dags/example_python_operator.py for tasks to queue
[2025-02-23T20:30:24.367+0000] {logging_mixin.py:190} INFO - [2025-02-23T20:30:24.367+0000] {dagbag.py:588} INFO - Filling up the DagBag from /home/airflow/.local/lib/python3.12/site-packages/airflow/example_dags/example_python_operator.py
[2025-02-23T20:30:24.387+0000] {processor.py:925} INFO - DAG(s) 'example_python_operator' retrieved from /home/airflow/.local/lib/python3.12/site-packages/airflow/example_dags/example_python_operator.py
[2025-02-23T20:30:24.416+0000] {logging_mixin.py:190} INFO - [2025-02-23T20:30:24.416+0000] {dag.py:3239} INFO - Sync 1 DAGs
[2025-02-23T20:30:24.438+0000] {logging_mixin.py:190} INFO - [2025-02-23T20:30:24.437+0000] {dag.py:4180} INFO - Setting next_dagrun for example_python_operator to None, run_after=None
[2025-02-23T20:30:24.464+0000] {processor.py:208} INFO - Processing /home/airflow/.local/lib/python3.12/site-packages/airflow/example_dags/example_python_operator.py took 0.110 seconds
[2025-02-23T20:30:55.567+0000] {processor.py:186} INFO - Started process (PID=779) to work on /home/airflow/.local/lib/python3.12/site-packages/airflow/example_dags/example_python_operator.py
[2025-02-23T20:30:55.569+0000] {processor.py:914} INFO - Processing file /home/airflow/.local/lib/python3.12/site-packages/airflow/example_dags/example_python_operator.py for tasks to queue
[2025-02-23T20:30:55.573+0000] {logging_mixin.py:190} INFO - [2025-02-23T20:30:55.573+0000] {dagbag.py:588} INFO - Filling up the DagBag from /home/airflow/.local/lib/python3.12/site-packages/airflow/example_dags/example_python_operator.py
[2025-02-23T20:30:55.600+0000] {processor.py:925} INFO - DAG(s) 'example_python_operator' retrieved from /home/airflow/.local/lib/python3.12/site-packages/airflow/example_dags/example_python_operator.py
[2025-02-23T20:30:55.639+0000] {logging_mixin.py:190} INFO - [2025-02-23T20:30:55.639+0000] {dag.py:3239} INFO - Sync 1 DAGs
[2025-02-23T20:30:55.667+0000] {logging_mixin.py:190} INFO - [2025-02-23T20:30:55.666+0000] {dag.py:4180} INFO - Setting next_dagrun for example_python_operator to None, run_after=None
[2025-02-23T20:30:55.700+0000] {processor.py:208} INFO - Processing /home/airflow/.local/lib/python3.12/site-packages/airflow/example_dags/example_python_operator.py took 0.147 seconds
[2025-02-23T20:31:25.831+0000] {processor.py:186} INFO - Started process (PID=842) to work on /home/airflow/.local/lib/python3.12/site-packages/airflow/example_dags/example_python_operator.py
[2025-02-23T20:31:25.833+0000] {processor.py:914} INFO - Processing file /home/airflow/.local/lib/python3.12/site-packages/airflow/example_dags/example_python_operator.py for tasks to queue
[2025-02-23T20:31:25.836+0000] {logging_mixin.py:190} INFO - [2025-02-23T20:31:25.835+0000] {dagbag.py:588} INFO - Filling up the DagBag from /home/airflow/.local/lib/python3.12/site-packages/airflow/example_dags/example_python_operator.py
[2025-02-23T20:31:25.851+0000] {processor.py:925} INFO - DAG(s) 'example_python_operator' retrieved from /home/airflow/.local/lib/python3.12/site-packages/airflow/example_dags/example_python_operator.py
[2025-02-23T20:31:25.880+0000] {logging_mixin.py:190} INFO - [2025-02-23T20:31:25.879+0000] {dag.py:3239} INFO - Sync 1 DAGs
[2025-02-23T20:31:25.900+0000] {logging_mixin.py:190} INFO - [2025-02-23T20:31:25.900+0000] {dag.py:4180} INFO - Setting next_dagrun for example_python_operator to None, run_after=None
[2025-02-23T20:31:25.925+0000] {processor.py:208} INFO - Processing /home/airflow/.local/lib/python3.12/site-packages/airflow/example_dags/example_python_operator.py took 0.102 seconds
[2025-02-23T20:31:57.228+0000] {processor.py:186} INFO - Started process (PID=905) to work on /home/airflow/.local/lib/python3.12/site-packages/airflow/example_dags/example_python_operator.py
[2025-02-23T20:31:57.229+0000] {processor.py:914} INFO - Processing file /home/airflow/.local/lib/python3.12/site-packages/airflow/example_dags/example_python_operator.py for tasks to queue
[2025-02-23T20:31:57.232+0000] {logging_mixin.py:190} INFO - [2025-02-23T20:31:57.231+0000] {dagbag.py:588} INFO - Filling up the DagBag from /home/airflow/.local/lib/python3.12/site-packages/airflow/example_dags/example_python_operator.py
[2025-02-23T20:31:57.245+0000] {processor.py:925} INFO - DAG(s) 'example_python_operator' retrieved from /home/airflow/.local/lib/python3.12/site-packages/airflow/example_dags/example_python_operator.py
[2025-02-23T20:31:57.276+0000] {logging_mixin.py:190} INFO - [2025-02-23T20:31:57.276+0000] {dag.py:3239} INFO - Sync 1 DAGs
[2025-02-23T20:31:57.295+0000] {logging_mixin.py:190} INFO - [2025-02-23T20:31:57.295+0000] {dag.py:4180} INFO - Setting next_dagrun for example_python_operator to None, run_after=None
[2025-02-23T20:31:57.322+0000] {processor.py:208} INFO - Processing /home/airflow/.local/lib/python3.12/site-packages/airflow/example_dags/example_python_operator.py took 0.103 seconds
[2025-02-23T20:32:28.371+0000] {processor.py:186} INFO - Started process (PID=968) to work on /home/airflow/.local/lib/python3.12/site-packages/airflow/example_dags/example_python_operator.py
[2025-02-23T20:32:28.373+0000] {processor.py:914} INFO - Processing file /home/airflow/.local/lib/python3.12/site-packages/airflow/example_dags/example_python_operator.py for tasks to queue
[2025-02-23T20:32:28.376+0000] {logging_mixin.py:190} INFO - [2025-02-23T20:32:28.375+0000] {dagbag.py:588} INFO - Filling up the DagBag from /home/airflow/.local/lib/python3.12/site-packages/airflow/example_dags/example_python_operator.py
[2025-02-23T20:32:28.391+0000] {processor.py:925} INFO - DAG(s) 'example_python_operator' retrieved from /home/airflow/.local/lib/python3.12/site-packages/airflow/example_dags/example_python_operator.py
[2025-02-23T20:32:28.422+0000] {logging_mixin.py:190} INFO - [2025-02-23T20:32:28.422+0000] {dag.py:3239} INFO - Sync 1 DAGs
[2025-02-23T20:32:28.443+0000] {logging_mixin.py:190} INFO - [2025-02-23T20:32:28.442+0000] {dag.py:4180} INFO - Setting next_dagrun for example_python_operator to None, run_after=None
[2025-02-23T20:32:28.470+0000] {processor.py:208} INFO - Processing /home/airflow/.local/lib/python3.12/site-packages/airflow/example_dags/example_python_operator.py took 0.106 seconds
[2025-02-23T20:32:58.914+0000] {processor.py:186} INFO - Started process (PID=1031) to work on /home/airflow/.local/lib/python3.12/site-packages/airflow/example_dags/example_python_operator.py
[2025-02-23T20:32:58.916+0000] {processor.py:914} INFO - Processing file /home/airflow/.local/lib/python3.12/site-packages/airflow/example_dags/example_python_operator.py for tasks to queue
[2025-02-23T20:32:58.919+0000] {logging_mixin.py:190} INFO - [2025-02-23T20:32:58.918+0000] {dagbag.py:588} INFO - Filling up the DagBag from /home/airflow/.local/lib/python3.12/site-packages/airflow/example_dags/example_python_operator.py
[2025-02-23T20:32:58.938+0000] {processor.py:925} INFO - DAG(s) 'example_python_operator' retrieved from /home/airflow/.local/lib/python3.12/site-packages/airflow/example_dags/example_python_operator.py
[2025-02-23T20:32:58.971+0000] {logging_mixin.py:190} INFO - [2025-02-23T20:32:58.971+0000] {dag.py:3239} INFO - Sync 1 DAGs
[2025-02-23T20:32:58.993+0000] {logging_mixin.py:190} INFO - [2025-02-23T20:32:58.993+0000] {dag.py:4180} INFO - Setting next_dagrun for example_python_operator to None, run_after=None
[2025-02-23T20:32:59.018+0000] {processor.py:208} INFO - Processing /home/airflow/.local/lib/python3.12/site-packages/airflow/example_dags/example_python_operator.py took 0.112 seconds
[2025-02-23T20:33:30.128+0000] {processor.py:186} INFO - Started process (PID=1094) to work on /home/airflow/.local/lib/python3.12/site-packages/airflow/example_dags/example_python_operator.py
[2025-02-23T20:33:30.131+0000] {processor.py:914} INFO - Processing file /home/airflow/.local/lib/python3.12/site-packages/airflow/example_dags/example_python_operator.py for tasks to queue
[2025-02-23T20:33:30.134+0000] {logging_mixin.py:190} INFO - [2025-02-23T20:33:30.134+0000] {dagbag.py:588} INFO - Filling up the DagBag from /home/airflow/.local/lib/python3.12/site-packages/airflow/example_dags/example_python_operator.py
[2025-02-23T20:33:30.154+0000] {processor.py:925} INFO - DAG(s) 'example_python_operator' retrieved from /home/airflow/.local/lib/python3.12/site-packages/airflow/example_dags/example_python_operator.py
[2025-02-23T20:33:30.186+0000] {logging_mixin.py:190} INFO - [2025-02-23T20:33:30.186+0000] {dag.py:3239} INFO - Sync 1 DAGs
[2025-02-23T20:33:30.206+0000] {logging_mixin.py:190} INFO - [2025-02-23T20:33:30.205+0000] {dag.py:4180} INFO - Setting next_dagrun for example_python_operator to None, run_after=None
[2025-02-23T20:33:30.230+0000] {processor.py:208} INFO - Processing /home/airflow/.local/lib/python3.12/site-packages/airflow/example_dags/example_python_operator.py took 0.111 seconds
[2025-02-23T20:34:01.444+0000] {processor.py:186} INFO - Started process (PID=1157) to work on /home/airflow/.local/lib/python3.12/site-packages/airflow/example_dags/example_python_operator.py
[2025-02-23T20:34:01.445+0000] {processor.py:914} INFO - Processing file /home/airflow/.local/lib/python3.12/site-packages/airflow/example_dags/example_python_operator.py for tasks to queue
[2025-02-23T20:34:01.448+0000] {logging_mixin.py:190} INFO - [2025-02-23T20:34:01.448+0000] {dagbag.py:588} INFO - Filling up the DagBag from /home/airflow/.local/lib/python3.12/site-packages/airflow/example_dags/example_python_operator.py
[2025-02-23T20:34:01.467+0000] {processor.py:925} INFO - DAG(s) 'example_python_operator' retrieved from /home/airflow/.local/lib/python3.12/site-packages/airflow/example_dags/example_python_operator.py
[2025-02-23T20:34:01.501+0000] {logging_mixin.py:190} INFO - [2025-02-23T20:34:01.501+0000] {dag.py:3239} INFO - Sync 1 DAGs
[2025-02-23T20:34:01.525+0000] {logging_mixin.py:190} INFO - [2025-02-23T20:34:01.525+0000] {dag.py:4180} INFO - Setting next_dagrun for example_python_operator to None, run_after=None
[2025-02-23T20:34:01.552+0000] {processor.py:208} INFO - Processing /home/airflow/.local/lib/python3.12/site-packages/airflow/example_dags/example_python_operator.py took 0.115 seconds
[2025-02-23T20:34:32.672+0000] {processor.py:186} INFO - Started process (PID=1220) to work on /home/airflow/.local/lib/python3.12/site-packages/airflow/example_dags/example_python_operator.py
[2025-02-23T20:34:32.674+0000] {processor.py:914} INFO - Processing file /home/airflow/.local/lib/python3.12/site-packages/airflow/example_dags/example_python_operator.py for tasks to queue
[2025-02-23T20:34:32.677+0000] {logging_mixin.py:190} INFO - [2025-02-23T20:34:32.676+0000] {dagbag.py:588} INFO - Filling up the DagBag from /home/airflow/.local/lib/python3.12/site-packages/airflow/example_dags/example_python_operator.py
[2025-02-23T20:34:32.691+0000] {processor.py:925} INFO - DAG(s) 'example_python_operator' retrieved from /home/airflow/.local/lib/python3.12/site-packages/airflow/example_dags/example_python_operator.py
[2025-02-23T20:34:32.720+0000] {logging_mixin.py:190} INFO - [2025-02-23T20:34:32.720+0000] {dag.py:3239} INFO - Sync 1 DAGs
[2025-02-23T20:34:32.740+0000] {logging_mixin.py:190} INFO - [2025-02-23T20:34:32.740+0000] {dag.py:4180} INFO - Setting next_dagrun for example_python_operator to None, run_after=None
[2025-02-23T20:34:32.766+0000] {processor.py:208} INFO - Processing /home/airflow/.local/lib/python3.12/site-packages/airflow/example_dags/example_python_operator.py took 0.103 seconds
[2025-02-23T20:35:03.855+0000] {processor.py:186} INFO - Started process (PID=1283) to work on /home/airflow/.local/lib/python3.12/site-packages/airflow/example_dags/example_python_operator.py
[2025-02-23T20:35:03.857+0000] {processor.py:914} INFO - Processing file /home/airflow/.local/lib/python3.12/site-packages/airflow/example_dags/example_python_operator.py for tasks to queue
[2025-02-23T20:35:03.860+0000] {logging_mixin.py:190} INFO - [2025-02-23T20:35:03.859+0000] {dagbag.py:588} INFO - Filling up the DagBag from /home/airflow/.local/lib/python3.12/site-packages/airflow/example_dags/example_python_operator.py
[2025-02-23T20:35:03.877+0000] {processor.py:925} INFO - DAG(s) 'example_python_operator' retrieved from /home/airflow/.local/lib/python3.12/site-packages/airflow/example_dags/example_python_operator.py
[2025-02-23T20:35:03.918+0000] {logging_mixin.py:190} INFO - [2025-02-23T20:35:03.918+0000] {dag.py:3239} INFO - Sync 1 DAGs
[2025-02-23T20:35:03.950+0000] {logging_mixin.py:190} INFO - [2025-02-23T20:35:03.950+0000] {dag.py:4180} INFO - Setting next_dagrun for example_python_operator to None, run_after=None
[2025-02-23T20:35:03.980+0000] {processor.py:208} INFO - Processing /home/airflow/.local/lib/python3.12/site-packages/airflow/example_dags/example_python_operator.py took 0.132 seconds
[2025-02-23T20:35:34.274+0000] {processor.py:186} INFO - Started process (PID=1346) to work on /home/airflow/.local/lib/python3.12/site-packages/airflow/example_dags/example_python_operator.py
[2025-02-23T20:35:34.275+0000] {processor.py:914} INFO - Processing file /home/airflow/.local/lib/python3.12/site-packages/airflow/example_dags/example_python_operator.py for tasks to queue
[2025-02-23T20:35:34.278+0000] {logging_mixin.py:190} INFO - [2025-02-23T20:35:34.278+0000] {dagbag.py:588} INFO - Filling up the DagBag from /home/airflow/.local/lib/python3.12/site-packages/airflow/example_dags/example_python_operator.py
[2025-02-23T20:35:34.298+0000] {processor.py:925} INFO - DAG(s) 'example_python_operator' retrieved from /home/airflow/.local/lib/python3.12/site-packages/airflow/example_dags/example_python_operator.py
[2025-02-23T20:35:34.337+0000] {logging_mixin.py:190} INFO - [2025-02-23T20:35:34.337+0000] {dag.py:3239} INFO - Sync 1 DAGs
[2025-02-23T20:35:34.364+0000] {logging_mixin.py:190} INFO - [2025-02-23T20:35:34.363+0000] {dag.py:4180} INFO - Setting next_dagrun for example_python_operator to None, run_after=None
[2025-02-23T20:35:34.396+0000] {processor.py:208} INFO - Processing /home/airflow/.local/lib/python3.12/site-packages/airflow/example_dags/example_python_operator.py took 0.131 seconds
[2025-02-23T20:36:05.526+0000] {processor.py:186} INFO - Started process (PID=1409) to work on /home/airflow/.local/lib/python3.12/site-packages/airflow/example_dags/example_python_operator.py
[2025-02-23T20:36:05.528+0000] {processor.py:914} INFO - Processing file /home/airflow/.local/lib/python3.12/site-packages/airflow/example_dags/example_python_operator.py for tasks to queue
[2025-02-23T20:36:05.530+0000] {logging_mixin.py:190} INFO - [2025-02-23T20:36:05.530+0000] {dagbag.py:588} INFO - Filling up the DagBag from /home/airflow/.local/lib/python3.12/site-packages/airflow/example_dags/example_python_operator.py
[2025-02-23T20:36:05.546+0000] {processor.py:925} INFO - DAG(s) 'example_python_operator' retrieved from /home/airflow/.local/lib/python3.12/site-packages/airflow/example_dags/example_python_operator.py
[2025-02-23T20:36:05.574+0000] {logging_mixin.py:190} INFO - [2025-02-23T20:36:05.574+0000] {dag.py:3239} INFO - Sync 1 DAGs
[2025-02-23T20:36:05.596+0000] {logging_mixin.py:190} INFO - [2025-02-23T20:36:05.595+0000] {dag.py:4180} INFO - Setting next_dagrun for example_python_operator to None, run_after=None
[2025-02-23T20:36:05.622+0000] {processor.py:208} INFO - Processing /home/airflow/.local/lib/python3.12/site-packages/airflow/example_dags/example_python_operator.py took 0.104 seconds
[2025-02-23T20:36:36.738+0000] {processor.py:186} INFO - Started process (PID=1473) to work on /home/airflow/.local/lib/python3.12/site-packages/airflow/example_dags/example_python_operator.py
[2025-02-23T20:36:36.740+0000] {processor.py:914} INFO - Processing file /home/airflow/.local/lib/python3.12/site-packages/airflow/example_dags/example_python_operator.py for tasks to queue
[2025-02-23T20:36:36.742+0000] {logging_mixin.py:190} INFO - [2025-02-23T20:36:36.742+0000] {dagbag.py:588} INFO - Filling up the DagBag from /home/airflow/.local/lib/python3.12/site-packages/airflow/example_dags/example_python_operator.py
[2025-02-23T20:36:36.762+0000] {processor.py:925} INFO - DAG(s) 'example_python_operator' retrieved from /home/airflow/.local/lib/python3.12/site-packages/airflow/example_dags/example_python_operator.py
[2025-02-23T20:36:36.792+0000] {logging_mixin.py:190} INFO - [2025-02-23T20:36:36.791+0000] {dag.py:3239} INFO - Sync 1 DAGs
[2025-02-23T20:36:36.811+0000] {logging_mixin.py:190} INFO - [2025-02-23T20:36:36.811+0000] {dag.py:4180} INFO - Setting next_dagrun for example_python_operator to None, run_after=None
[2025-02-23T20:36:36.837+0000] {processor.py:208} INFO - Processing /home/airflow/.local/lib/python3.12/site-packages/airflow/example_dags/example_python_operator.py took 0.107 seconds
[2025-02-23T20:37:07.889+0000] {processor.py:186} INFO - Started process (PID=1536) to work on /home/airflow/.local/lib/python3.12/site-packages/airflow/example_dags/example_python_operator.py
[2025-02-23T20:37:07.891+0000] {processor.py:914} INFO - Processing file /home/airflow/.local/lib/python3.12/site-packages/airflow/example_dags/example_python_operator.py for tasks to queue
[2025-02-23T20:37:07.893+0000] {logging_mixin.py:190} INFO - [2025-02-23T20:37:07.893+0000] {dagbag.py:588} INFO - Filling up the DagBag from /home/airflow/.local/lib/python3.12/site-packages/airflow/example_dags/example_python_operator.py
[2025-02-23T20:37:07.910+0000] {processor.py:925} INFO - DAG(s) 'example_python_operator' retrieved from /home/airflow/.local/lib/python3.12/site-packages/airflow/example_dags/example_python_operator.py
[2025-02-23T20:37:07.942+0000] {logging_mixin.py:190} INFO - [2025-02-23T20:37:07.941+0000] {dag.py:3239} INFO - Sync 1 DAGs
[2025-02-23T20:37:07.962+0000] {logging_mixin.py:190} INFO - [2025-02-23T20:37:07.962+0000] {dag.py:4180} INFO - Setting next_dagrun for example_python_operator to None, run_after=None
[2025-02-23T20:37:07.990+0000] {processor.py:208} INFO - Processing /home/airflow/.local/lib/python3.12/site-packages/airflow/example_dags/example_python_operator.py took 0.110 seconds
[2025-02-23T20:37:38.428+0000] {processor.py:186} INFO - Started process (PID=1599) to work on /home/airflow/.local/lib/python3.12/site-packages/airflow/example_dags/example_python_operator.py
[2025-02-23T20:37:38.430+0000] {processor.py:914} INFO - Processing file /home/airflow/.local/lib/python3.12/site-packages/airflow/example_dags/example_python_operator.py for tasks to queue
[2025-02-23T20:37:38.432+0000] {logging_mixin.py:190} INFO - [2025-02-23T20:37:38.432+0000] {dagbag.py:588} INFO - Filling up the DagBag from /home/airflow/.local/lib/python3.12/site-packages/airflow/example_dags/example_python_operator.py
[2025-02-23T20:37:38.451+0000] {processor.py:925} INFO - DAG(s) 'example_python_operator' retrieved from /home/airflow/.local/lib/python3.12/site-packages/airflow/example_dags/example_python_operator.py
[2025-02-23T20:37:38.484+0000] {logging_mixin.py:190} INFO - [2025-02-23T20:37:38.483+0000] {dag.py:3239} INFO - Sync 1 DAGs
[2025-02-23T20:37:38.505+0000] {logging_mixin.py:190} INFO - [2025-02-23T20:37:38.505+0000] {dag.py:4180} INFO - Setting next_dagrun for example_python_operator to None, run_after=None
[2025-02-23T20:37:38.530+0000] {processor.py:208} INFO - Processing /home/airflow/.local/lib/python3.12/site-packages/airflow/example_dags/example_python_operator.py took 0.109 seconds
[2025-02-23T20:38:09.270+0000] {processor.py:186} INFO - Started process (PID=1662) to work on /home/airflow/.local/lib/python3.12/site-packages/airflow/example_dags/example_python_operator.py
[2025-02-23T20:38:09.271+0000] {processor.py:914} INFO - Processing file /home/airflow/.local/lib/python3.12/site-packages/airflow/example_dags/example_python_operator.py for tasks to queue
[2025-02-23T20:38:09.273+0000] {logging_mixin.py:190} INFO - [2025-02-23T20:38:09.273+0000] {dagbag.py:588} INFO - Filling up the DagBag from /home/airflow/.local/lib/python3.12/site-packages/airflow/example_dags/example_python_operator.py
[2025-02-23T20:38:09.288+0000] {processor.py:925} INFO - DAG(s) 'example_python_operator' retrieved from /home/airflow/.local/lib/python3.12/site-packages/airflow/example_dags/example_python_operator.py
[2025-02-23T20:38:09.329+0000] {logging_mixin.py:190} INFO - [2025-02-23T20:38:09.329+0000] {dag.py:3239} INFO - Sync 1 DAGs
[2025-02-23T20:38:09.358+0000] {logging_mixin.py:190} INFO - [2025-02-23T20:38:09.357+0000] {dag.py:4180} INFO - Setting next_dagrun for example_python_operator to None, run_after=None
[2025-02-23T20:38:09.385+0000] {processor.py:208} INFO - Processing /home/airflow/.local/lib/python3.12/site-packages/airflow/example_dags/example_python_operator.py took 0.123 seconds
[2025-02-23T20:38:40.811+0000] {processor.py:186} INFO - Started process (PID=1725) to work on /home/airflow/.local/lib/python3.12/site-packages/airflow/example_dags/example_python_operator.py
[2025-02-23T20:38:40.812+0000] {processor.py:914} INFO - Processing file /home/airflow/.local/lib/python3.12/site-packages/airflow/example_dags/example_python_operator.py for tasks to queue
[2025-02-23T20:38:40.815+0000] {logging_mixin.py:190} INFO - [2025-02-23T20:38:40.814+0000] {dagbag.py:588} INFO - Filling up the DagBag from /home/airflow/.local/lib/python3.12/site-packages/airflow/example_dags/example_python_operator.py
[2025-02-23T20:38:40.834+0000] {processor.py:925} INFO - DAG(s) 'example_python_operator' retrieved from /home/airflow/.local/lib/python3.12/site-packages/airflow/example_dags/example_python_operator.py
[2025-02-23T20:38:40.869+0000] {logging_mixin.py:190} INFO - [2025-02-23T20:38:40.868+0000] {dag.py:3239} INFO - Sync 1 DAGs
[2025-02-23T20:38:40.897+0000] {logging_mixin.py:190} INFO - [2025-02-23T20:38:40.896+0000] {dag.py:4180} INFO - Setting next_dagrun for example_python_operator to None, run_after=None
[2025-02-23T20:38:40.928+0000] {processor.py:208} INFO - Processing /home/airflow/.local/lib/python3.12/site-packages/airflow/example_dags/example_python_operator.py took 0.124 seconds
[2025-02-23T20:39:11.957+0000] {processor.py:186} INFO - Started process (PID=1788) to work on /home/airflow/.local/lib/python3.12/site-packages/airflow/example_dags/example_python_operator.py
[2025-02-23T20:39:11.958+0000] {processor.py:914} INFO - Processing file /home/airflow/.local/lib/python3.12/site-packages/airflow/example_dags/example_python_operator.py for tasks to queue
[2025-02-23T20:39:11.961+0000] {logging_mixin.py:190} INFO - [2025-02-23T20:39:11.961+0000] {dagbag.py:588} INFO - Filling up the DagBag from /home/airflow/.local/lib/python3.12/site-packages/airflow/example_dags/example_python_operator.py
[2025-02-23T20:39:11.980+0000] {processor.py:925} INFO - DAG(s) 'example_python_operator' retrieved from /home/airflow/.local/lib/python3.12/site-packages/airflow/example_dags/example_python_operator.py
[2025-02-23T20:39:12.016+0000] {logging_mixin.py:190} INFO - [2025-02-23T20:39:12.016+0000] {dag.py:3239} INFO - Sync 1 DAGs
[2025-02-23T20:39:12.045+0000] {logging_mixin.py:190} INFO - [2025-02-23T20:39:12.044+0000] {dag.py:4180} INFO - Setting next_dagrun for example_python_operator to None, run_after=None
[2025-02-23T20:39:12.076+0000] {processor.py:208} INFO - Processing /home/airflow/.local/lib/python3.12/site-packages/airflow/example_dags/example_python_operator.py took 0.128 seconds
[2025-02-23T20:39:42.423+0000] {processor.py:186} INFO - Started process (PID=1851) to work on /home/airflow/.local/lib/python3.12/site-packages/airflow/example_dags/example_python_operator.py
[2025-02-23T20:39:42.424+0000] {processor.py:914} INFO - Processing file /home/airflow/.local/lib/python3.12/site-packages/airflow/example_dags/example_python_operator.py for tasks to queue
[2025-02-23T20:39:42.428+0000] {logging_mixin.py:190} INFO - [2025-02-23T20:39:42.427+0000] {dagbag.py:588} INFO - Filling up the DagBag from /home/airflow/.local/lib/python3.12/site-packages/airflow/example_dags/example_python_operator.py
[2025-02-23T20:39:42.443+0000] {processor.py:925} INFO - DAG(s) 'example_python_operator' retrieved from /home/airflow/.local/lib/python3.12/site-packages/airflow/example_dags/example_python_operator.py
[2025-02-23T20:39:42.476+0000] {logging_mixin.py:190} INFO - [2025-02-23T20:39:42.476+0000] {dag.py:3239} INFO - Sync 1 DAGs
[2025-02-23T20:39:42.497+0000] {logging_mixin.py:190} INFO - [2025-02-23T20:39:42.496+0000] {dag.py:4180} INFO - Setting next_dagrun for example_python_operator to None, run_after=None
[2025-02-23T20:39:42.527+0000] {processor.py:208} INFO - Processing /home/airflow/.local/lib/python3.12/site-packages/airflow/example_dags/example_python_operator.py took 0.112 seconds
[2025-02-23T20:40:14.000+0000] {processor.py:186} INFO - Started process (PID=1914) to work on /home/airflow/.local/lib/python3.12/site-packages/airflow/example_dags/example_python_operator.py
[2025-02-23T20:40:14.003+0000] {processor.py:914} INFO - Processing file /home/airflow/.local/lib/python3.12/site-packages/airflow/example_dags/example_python_operator.py for tasks to queue
[2025-02-23T20:40:14.006+0000] {logging_mixin.py:190} INFO - [2025-02-23T20:40:14.005+0000] {dagbag.py:588} INFO - Filling up the DagBag from /home/airflow/.local/lib/python3.12/site-packages/airflow/example_dags/example_python_operator.py
[2025-02-23T20:40:14.026+0000] {processor.py:925} INFO - DAG(s) 'example_python_operator' retrieved from /home/airflow/.local/lib/python3.12/site-packages/airflow/example_dags/example_python_operator.py
[2025-02-23T20:40:14.061+0000] {logging_mixin.py:190} INFO - [2025-02-23T20:40:14.060+0000] {dag.py:3239} INFO - Sync 1 DAGs
[2025-02-23T20:40:14.080+0000] {logging_mixin.py:190} INFO - [2025-02-23T20:40:14.080+0000] {dag.py:4180} INFO - Setting next_dagrun for example_python_operator to None, run_after=None
[2025-02-23T20:40:14.106+0000] {processor.py:208} INFO - Processing /home/airflow/.local/lib/python3.12/site-packages/airflow/example_dags/example_python_operator.py took 0.117 seconds
[2025-02-23T20:40:44.534+0000] {processor.py:186} INFO - Started process (PID=1977) to work on /home/airflow/.local/lib/python3.12/site-packages/airflow/example_dags/example_python_operator.py
[2025-02-23T20:40:44.536+0000] {processor.py:914} INFO - Processing file /home/airflow/.local/lib/python3.12/site-packages/airflow/example_dags/example_python_operator.py for tasks to queue
[2025-02-23T20:40:44.538+0000] {logging_mixin.py:190} INFO - [2025-02-23T20:40:44.538+0000] {dagbag.py:588} INFO - Filling up the DagBag from /home/airflow/.local/lib/python3.12/site-packages/airflow/example_dags/example_python_operator.py
[2025-02-23T20:40:44.552+0000] {processor.py:925} INFO - DAG(s) 'example_python_operator' retrieved from /home/airflow/.local/lib/python3.12/site-packages/airflow/example_dags/example_python_operator.py
[2025-02-23T20:40:44.583+0000] {logging_mixin.py:190} INFO - [2025-02-23T20:40:44.582+0000] {dag.py:3239} INFO - Sync 1 DAGs
[2025-02-23T20:40:44.604+0000] {logging_mixin.py:190} INFO - [2025-02-23T20:40:44.603+0000] {dag.py:4180} INFO - Setting next_dagrun for example_python_operator to None, run_after=None
[2025-02-23T20:40:44.635+0000] {processor.py:208} INFO - Processing /home/airflow/.local/lib/python3.12/site-packages/airflow/example_dags/example_python_operator.py took 0.110 seconds
[2025-02-23T20:41:15.847+0000] {processor.py:186} INFO - Started process (PID=2040) to work on /home/airflow/.local/lib/python3.12/site-packages/airflow/example_dags/example_python_operator.py
[2025-02-23T20:41:15.849+0000] {processor.py:914} INFO - Processing file /home/airflow/.local/lib/python3.12/site-packages/airflow/example_dags/example_python_operator.py for tasks to queue
[2025-02-23T20:41:15.852+0000] {logging_mixin.py:190} INFO - [2025-02-23T20:41:15.852+0000] {dagbag.py:588} INFO - Filling up the DagBag from /home/airflow/.local/lib/python3.12/site-packages/airflow/example_dags/example_python_operator.py
[2025-02-23T20:41:15.872+0000] {processor.py:925} INFO - DAG(s) 'example_python_operator' retrieved from /home/airflow/.local/lib/python3.12/site-packages/airflow/example_dags/example_python_operator.py
[2025-02-23T20:41:15.904+0000] {logging_mixin.py:190} INFO - [2025-02-23T20:41:15.903+0000] {dag.py:3239} INFO - Sync 1 DAGs
[2025-02-23T20:41:15.927+0000] {logging_mixin.py:190} INFO - [2025-02-23T20:41:15.927+0000] {dag.py:4180} INFO - Setting next_dagrun for example_python_operator to None, run_after=None
[2025-02-23T20:41:15.955+0000] {processor.py:208} INFO - Processing /home/airflow/.local/lib/python3.12/site-packages/airflow/example_dags/example_python_operator.py took 0.117 seconds
[2025-02-23T20:41:46.237+0000] {processor.py:186} INFO - Started process (PID=2103) to work on /home/airflow/.local/lib/python3.12/site-packages/airflow/example_dags/example_python_operator.py
[2025-02-23T20:41:46.238+0000] {processor.py:914} INFO - Processing file /home/airflow/.local/lib/python3.12/site-packages/airflow/example_dags/example_python_operator.py for tasks to queue
[2025-02-23T20:41:46.242+0000] {logging_mixin.py:190} INFO - [2025-02-23T20:41:46.241+0000] {dagbag.py:588} INFO - Filling up the DagBag from /home/airflow/.local/lib/python3.12/site-packages/airflow/example_dags/example_python_operator.py
[2025-02-23T20:41:46.262+0000] {processor.py:925} INFO - DAG(s) 'example_python_operator' retrieved from /home/airflow/.local/lib/python3.12/site-packages/airflow/example_dags/example_python_operator.py
[2025-02-23T20:41:46.297+0000] {logging_mixin.py:190} INFO - [2025-02-23T20:41:46.297+0000] {dag.py:3239} INFO - Sync 1 DAGs
[2025-02-23T20:41:46.323+0000] {logging_mixin.py:190} INFO - [2025-02-23T20:41:46.323+0000] {dag.py:4180} INFO - Setting next_dagrun for example_python_operator to None, run_after=None
[2025-02-23T20:41:46.351+0000] {processor.py:208} INFO - Processing /home/airflow/.local/lib/python3.12/site-packages/airflow/example_dags/example_python_operator.py took 0.121 seconds
[2025-02-23T20:42:17.919+0000] {processor.py:186} INFO - Started process (PID=2166) to work on /home/airflow/.local/lib/python3.12/site-packages/airflow/example_dags/example_python_operator.py
[2025-02-23T20:42:17.921+0000] {processor.py:914} INFO - Processing file /home/airflow/.local/lib/python3.12/site-packages/airflow/example_dags/example_python_operator.py for tasks to queue
[2025-02-23T20:42:17.926+0000] {logging_mixin.py:190} INFO - [2025-02-23T20:42:17.926+0000] {dagbag.py:588} INFO - Filling up the DagBag from /home/airflow/.local/lib/python3.12/site-packages/airflow/example_dags/example_python_operator.py
[2025-02-23T20:42:17.947+0000] {processor.py:925} INFO - DAG(s) 'example_python_operator' retrieved from /home/airflow/.local/lib/python3.12/site-packages/airflow/example_dags/example_python_operator.py
[2025-02-23T20:42:17.989+0000] {logging_mixin.py:190} INFO - [2025-02-23T20:42:17.989+0000] {dag.py:3239} INFO - Sync 1 DAGs
[2025-02-23T20:42:18.011+0000] {logging_mixin.py:190} INFO - [2025-02-23T20:42:18.010+0000] {dag.py:4180} INFO - Setting next_dagrun for example_python_operator to None, run_after=None
[2025-02-23T20:42:18.038+0000] {processor.py:208} INFO - Processing /home/airflow/.local/lib/python3.12/site-packages/airflow/example_dags/example_python_operator.py took 0.129 seconds
[2025-02-23T20:42:48.453+0000] {processor.py:186} INFO - Started process (PID=2229) to work on /home/airflow/.local/lib/python3.12/site-packages/airflow/example_dags/example_python_operator.py
[2025-02-23T20:42:48.455+0000] {processor.py:914} INFO - Processing file /home/airflow/.local/lib/python3.12/site-packages/airflow/example_dags/example_python_operator.py for tasks to queue
[2025-02-23T20:42:48.458+0000] {logging_mixin.py:190} INFO - [2025-02-23T20:42:48.457+0000] {dagbag.py:588} INFO - Filling up the DagBag from /home/airflow/.local/lib/python3.12/site-packages/airflow/example_dags/example_python_operator.py
[2025-02-23T20:42:48.477+0000] {processor.py:925} INFO - DAG(s) 'example_python_operator' retrieved from /home/airflow/.local/lib/python3.12/site-packages/airflow/example_dags/example_python_operator.py
[2025-02-23T20:42:48.508+0000] {logging_mixin.py:190} INFO - [2025-02-23T20:42:48.508+0000] {dag.py:3239} INFO - Sync 1 DAGs
[2025-02-23T20:42:48.533+0000] {logging_mixin.py:190} INFO - [2025-02-23T20:42:48.533+0000] {dag.py:4180} INFO - Setting next_dagrun for example_python_operator to None, run_after=None
[2025-02-23T20:42:48.563+0000] {processor.py:208} INFO - Processing /home/airflow/.local/lib/python3.12/site-packages/airflow/example_dags/example_python_operator.py took 0.119 seconds
[2025-02-23T20:43:19.671+0000] {processor.py:186} INFO - Started process (PID=2292) to work on /home/airflow/.local/lib/python3.12/site-packages/airflow/example_dags/example_python_operator.py
[2025-02-23T20:43:19.672+0000] {processor.py:914} INFO - Processing file /home/airflow/.local/lib/python3.12/site-packages/airflow/example_dags/example_python_operator.py for tasks to queue
[2025-02-23T20:43:19.675+0000] {logging_mixin.py:190} INFO - [2025-02-23T20:43:19.675+0000] {dagbag.py:588} INFO - Filling up the DagBag from /home/airflow/.local/lib/python3.12/site-packages/airflow/example_dags/example_python_operator.py
[2025-02-23T20:43:19.692+0000] {processor.py:925} INFO - DAG(s) 'example_python_operator' retrieved from /home/airflow/.local/lib/python3.12/site-packages/airflow/example_dags/example_python_operator.py
[2025-02-23T20:43:19.725+0000] {logging_mixin.py:190} INFO - [2025-02-23T20:43:19.724+0000] {dag.py:3239} INFO - Sync 1 DAGs
[2025-02-23T20:43:19.752+0000] {logging_mixin.py:190} INFO - [2025-02-23T20:43:19.751+0000] {dag.py:4180} INFO - Setting next_dagrun for example_python_operator to None, run_after=None
[2025-02-23T20:43:19.779+0000] {processor.py:208} INFO - Processing /home/airflow/.local/lib/python3.12/site-packages/airflow/example_dags/example_python_operator.py took 0.118 seconds
[2025-02-23T20:43:51.090+0000] {processor.py:186} INFO - Started process (PID=2356) to work on /home/airflow/.local/lib/python3.12/site-packages/airflow/example_dags/example_python_operator.py
[2025-02-23T20:43:51.092+0000] {processor.py:914} INFO - Processing file /home/airflow/.local/lib/python3.12/site-packages/airflow/example_dags/example_python_operator.py for tasks to queue
[2025-02-23T20:43:51.097+0000] {logging_mixin.py:190} INFO - [2025-02-23T20:43:51.096+0000] {dagbag.py:588} INFO - Filling up the DagBag from /home/airflow/.local/lib/python3.12/site-packages/airflow/example_dags/example_python_operator.py
[2025-02-23T20:43:51.114+0000] {processor.py:925} INFO - DAG(s) 'example_python_operator' retrieved from /home/airflow/.local/lib/python3.12/site-packages/airflow/example_dags/example_python_operator.py
[2025-02-23T20:43:51.148+0000] {logging_mixin.py:190} INFO - [2025-02-23T20:43:51.147+0000] {dag.py:3239} INFO - Sync 1 DAGs
[2025-02-23T20:43:51.171+0000] {logging_mixin.py:190} INFO - [2025-02-23T20:43:51.170+0000] {dag.py:4180} INFO - Setting next_dagrun for example_python_operator to None, run_after=None
[2025-02-23T20:43:51.199+0000] {processor.py:208} INFO - Processing /home/airflow/.local/lib/python3.12/site-packages/airflow/example_dags/example_python_operator.py took 0.118 seconds
[2025-02-23T20:44:21.417+0000] {processor.py:186} INFO - Started process (PID=2419) to work on /home/airflow/.local/lib/python3.12/site-packages/airflow/example_dags/example_python_operator.py
[2025-02-23T20:44:21.419+0000] {processor.py:914} INFO - Processing file /home/airflow/.local/lib/python3.12/site-packages/airflow/example_dags/example_python_operator.py for tasks to queue
[2025-02-23T20:44:21.422+0000] {logging_mixin.py:190} INFO - [2025-02-23T20:44:21.422+0000] {dagbag.py:588} INFO - Filling up the DagBag from /home/airflow/.local/lib/python3.12/site-packages/airflow/example_dags/example_python_operator.py
[2025-02-23T20:44:21.446+0000] {processor.py:925} INFO - DAG(s) 'example_python_operator' retrieved from /home/airflow/.local/lib/python3.12/site-packages/airflow/example_dags/example_python_operator.py
[2025-02-23T20:44:21.486+0000] {logging_mixin.py:190} INFO - [2025-02-23T20:44:21.485+0000] {dag.py:3239} INFO - Sync 1 DAGs
[2025-02-23T20:44:21.512+0000] {logging_mixin.py:190} INFO - [2025-02-23T20:44:21.512+0000] {dag.py:4180} INFO - Setting next_dagrun for example_python_operator to None, run_after=None
[2025-02-23T20:44:21.540+0000] {processor.py:208} INFO - Processing /home/airflow/.local/lib/python3.12/site-packages/airflow/example_dags/example_python_operator.py took 0.141 seconds
[2025-02-23T20:44:52.618+0000] {processor.py:186} INFO - Started process (PID=2483) to work on /home/airflow/.local/lib/python3.12/site-packages/airflow/example_dags/example_python_operator.py
[2025-02-23T20:44:52.620+0000] {processor.py:914} INFO - Processing file /home/airflow/.local/lib/python3.12/site-packages/airflow/example_dags/example_python_operator.py for tasks to queue
[2025-02-23T20:44:52.623+0000] {logging_mixin.py:190} INFO - [2025-02-23T20:44:52.623+0000] {dagbag.py:588} INFO - Filling up the DagBag from /home/airflow/.local/lib/python3.12/site-packages/airflow/example_dags/example_python_operator.py
[2025-02-23T20:44:52.643+0000] {processor.py:925} INFO - DAG(s) 'example_python_operator' retrieved from /home/airflow/.local/lib/python3.12/site-packages/airflow/example_dags/example_python_operator.py
[2025-02-23T20:44:52.676+0000] {logging_mixin.py:190} INFO - [2025-02-23T20:44:52.676+0000] {dag.py:3239} INFO - Sync 1 DAGs
[2025-02-23T20:44:52.699+0000] {logging_mixin.py:190} INFO - [2025-02-23T20:44:52.699+0000] {dag.py:4180} INFO - Setting next_dagrun for example_python_operator to None, run_after=None
[2025-02-23T20:44:52.728+0000] {processor.py:208} INFO - Processing /home/airflow/.local/lib/python3.12/site-packages/airflow/example_dags/example_python_operator.py took 0.120 seconds
[2025-02-23T20:45:24.209+0000] {processor.py:186} INFO - Started process (PID=2546) to work on /home/airflow/.local/lib/python3.12/site-packages/airflow/example_dags/example_python_operator.py
[2025-02-23T20:45:24.210+0000] {processor.py:914} INFO - Processing file /home/airflow/.local/lib/python3.12/site-packages/airflow/example_dags/example_python_operator.py for tasks to queue
[2025-02-23T20:45:24.212+0000] {logging_mixin.py:190} INFO - [2025-02-23T20:45:24.212+0000] {dagbag.py:588} INFO - Filling up the DagBag from /home/airflow/.local/lib/python3.12/site-packages/airflow/example_dags/example_python_operator.py
[2025-02-23T20:45:24.227+0000] {processor.py:925} INFO - DAG(s) 'example_python_operator' retrieved from /home/airflow/.local/lib/python3.12/site-packages/airflow/example_dags/example_python_operator.py
[2025-02-23T20:45:24.259+0000] {logging_mixin.py:190} INFO - [2025-02-23T20:45:24.258+0000] {dag.py:3239} INFO - Sync 1 DAGs
[2025-02-23T20:45:24.281+0000] {logging_mixin.py:190} INFO - [2025-02-23T20:45:24.280+0000] {dag.py:4180} INFO - Setting next_dagrun for example_python_operator to None, run_after=None
[2025-02-23T20:45:24.309+0000] {processor.py:208} INFO - Processing /home/airflow/.local/lib/python3.12/site-packages/airflow/example_dags/example_python_operator.py took 0.109 seconds
