[2025-02-23T20:25:23.401+0000] {processor.py:186} INFO - Started process (PID=131) to work on /home/airflow/.local/lib/python3.12/site-packages/airflow/example_dags/example_dag_decorator.py
[2025-02-23T20:25:23.402+0000] {processor.py:914} INFO - Processing file /home/airflow/.local/lib/python3.12/site-packages/airflow/example_dags/example_dag_decorator.py for tasks to queue
[2025-02-23T20:25:23.405+0000] {logging_mixin.py:190} INFO - [2025-02-23T20:25:23.404+0000] {dagbag.py:588} INFO - Filling up the DagBag from /home/airflow/.local/lib/python3.12/site-packages/airflow/example_dags/example_dag_decorator.py
[2025-02-23T20:25:23.959+0000] {processor.py:925} INFO - DAG(s) 'example_dag_decorator' retrieved from /home/airflow/.local/lib/python3.12/site-packages/airflow/example_dags/example_dag_decorator.py
[2025-02-23T20:25:24.118+0000] {logging_mixin.py:190} INFO - [2025-02-23T20:25:24.117+0000] {override.py:1912} INFO - Created Permission View: can read on DAG:example_dag_decorator
[2025-02-23T20:25:24.133+0000] {logging_mixin.py:190} INFO - [2025-02-23T20:25:24.132+0000] {override.py:1912} INFO - Created Permission View: can delete on DAG:example_dag_decorator
[2025-02-23T20:25:24.142+0000] {logging_mixin.py:190} INFO - [2025-02-23T20:25:24.142+0000] {override.py:1912} INFO - Created Permission View: can edit on DAG:example_dag_decorator
[2025-02-23T20:25:24.154+0000] {logging_mixin.py:190} INFO - [2025-02-23T20:25:24.153+0000] {override.py:1912} INFO - Created Permission View: can create on DAG Run:example_dag_decorator
[2025-02-23T20:25:24.163+0000] {logging_mixin.py:190} INFO - [2025-02-23T20:25:24.163+0000] {override.py:1912} INFO - Created Permission View: can read on DAG Run:example_dag_decorator
[2025-02-23T20:25:24.174+0000] {logging_mixin.py:190} INFO - [2025-02-23T20:25:24.173+0000] {override.py:1912} INFO - Created Permission View: can delete on DAG Run:example_dag_decorator
[2025-02-23T20:25:24.183+0000] {logging_mixin.py:190} INFO - [2025-02-23T20:25:24.183+0000] {override.py:1912} INFO - Created Permission View: menu access on DAG Run:example_dag_decorator
[2025-02-23T20:25:24.184+0000] {logging_mixin.py:190} INFO - [2025-02-23T20:25:24.184+0000] {dag.py:3239} INFO - Sync 1 DAGs
[2025-02-23T20:25:24.201+0000] {logging_mixin.py:190} INFO - [2025-02-23T20:25:24.201+0000] {dag.py:3262} INFO - Creating ORM DAG for example_dag_decorator
[2025-02-23T20:25:24.202+0000] {logging_mixin.py:190} INFO - [2025-02-23T20:25:24.202+0000] {dag.py:4180} INFO - Setting next_dagrun for example_dag_decorator to None, run_after=None
[2025-02-23T20:25:24.223+0000] {processor.py:208} INFO - Processing /home/airflow/.local/lib/python3.12/site-packages/airflow/example_dags/example_dag_decorator.py took 0.831 seconds
[2025-02-23T20:25:54.341+0000] {processor.py:186} INFO - Started process (PID=199) to work on /home/airflow/.local/lib/python3.12/site-packages/airflow/example_dags/example_dag_decorator.py
[2025-02-23T20:25:54.343+0000] {processor.py:914} INFO - Processing file /home/airflow/.local/lib/python3.12/site-packages/airflow/example_dags/example_dag_decorator.py for tasks to queue
[2025-02-23T20:25:54.345+0000] {logging_mixin.py:190} INFO - [2025-02-23T20:25:54.345+0000] {dagbag.py:588} INFO - Filling up the DagBag from /home/airflow/.local/lib/python3.12/site-packages/airflow/example_dags/example_dag_decorator.py
[2025-02-23T20:25:54.468+0000] {processor.py:925} INFO - DAG(s) 'example_dag_decorator' retrieved from /home/airflow/.local/lib/python3.12/site-packages/airflow/example_dags/example_dag_decorator.py
[2025-02-23T20:25:54.499+0000] {logging_mixin.py:190} INFO - [2025-02-23T20:25:54.499+0000] {dag.py:3239} INFO - Sync 1 DAGs
[2025-02-23T20:25:54.518+0000] {logging_mixin.py:190} INFO - [2025-02-23T20:25:54.517+0000] {dag.py:4180} INFO - Setting next_dagrun for example_dag_decorator to None, run_after=None
[2025-02-23T20:25:54.540+0000] {processor.py:208} INFO - Processing /home/airflow/.local/lib/python3.12/site-packages/airflow/example_dags/example_dag_decorator.py took 0.207 seconds
[2025-02-23T20:26:24.593+0000] {processor.py:186} INFO - Started process (PID=262) to work on /home/airflow/.local/lib/python3.12/site-packages/airflow/example_dags/example_dag_decorator.py
[2025-02-23T20:26:24.594+0000] {processor.py:914} INFO - Processing file /home/airflow/.local/lib/python3.12/site-packages/airflow/example_dags/example_dag_decorator.py for tasks to queue
[2025-02-23T20:26:24.597+0000] {logging_mixin.py:190} INFO - [2025-02-23T20:26:24.596+0000] {dagbag.py:588} INFO - Filling up the DagBag from /home/airflow/.local/lib/python3.12/site-packages/airflow/example_dags/example_dag_decorator.py
[2025-02-23T20:26:24.737+0000] {processor.py:925} INFO - DAG(s) 'example_dag_decorator' retrieved from /home/airflow/.local/lib/python3.12/site-packages/airflow/example_dags/example_dag_decorator.py
[2025-02-23T20:26:24.898+0000] {logging_mixin.py:190} INFO - [2025-02-23T20:26:24.897+0000] {dag.py:3239} INFO - Sync 1 DAGs
[2025-02-23T20:26:24.917+0000] {logging_mixin.py:190} INFO - [2025-02-23T20:26:24.917+0000] {dag.py:4180} INFO - Setting next_dagrun for example_dag_decorator to None, run_after=None
[2025-02-23T20:26:24.949+0000] {processor.py:208} INFO - Processing /home/airflow/.local/lib/python3.12/site-packages/airflow/example_dags/example_dag_decorator.py took 0.365 seconds
[2025-02-23T20:26:55.925+0000] {processor.py:186} INFO - Started process (PID=325) to work on /home/airflow/.local/lib/python3.12/site-packages/airflow/example_dags/example_dag_decorator.py
[2025-02-23T20:26:55.925+0000] {processor.py:914} INFO - Processing file /home/airflow/.local/lib/python3.12/site-packages/airflow/example_dags/example_dag_decorator.py for tasks to queue
[2025-02-23T20:26:55.928+0000] {logging_mixin.py:190} INFO - [2025-02-23T20:26:55.927+0000] {dagbag.py:588} INFO - Filling up the DagBag from /home/airflow/.local/lib/python3.12/site-packages/airflow/example_dags/example_dag_decorator.py
[2025-02-23T20:26:56.051+0000] {processor.py:925} INFO - DAG(s) 'example_dag_decorator' retrieved from /home/airflow/.local/lib/python3.12/site-packages/airflow/example_dags/example_dag_decorator.py
[2025-02-23T20:26:56.199+0000] {logging_mixin.py:190} INFO - [2025-02-23T20:26:56.199+0000] {dag.py:3239} INFO - Sync 1 DAGs
[2025-02-23T20:26:56.217+0000] {logging_mixin.py:190} INFO - [2025-02-23T20:26:56.217+0000] {dag.py:4180} INFO - Setting next_dagrun for example_dag_decorator to None, run_after=None
[2025-02-23T20:26:56.247+0000] {processor.py:208} INFO - Processing /home/airflow/.local/lib/python3.12/site-packages/airflow/example_dags/example_dag_decorator.py took 0.330 seconds
[2025-02-23T20:27:27.247+0000] {processor.py:186} INFO - Started process (PID=388) to work on /home/airflow/.local/lib/python3.12/site-packages/airflow/example_dags/example_dag_decorator.py
[2025-02-23T20:27:27.248+0000] {processor.py:914} INFO - Processing file /home/airflow/.local/lib/python3.12/site-packages/airflow/example_dags/example_dag_decorator.py for tasks to queue
[2025-02-23T20:27:27.251+0000] {logging_mixin.py:190} INFO - [2025-02-23T20:27:27.251+0000] {dagbag.py:588} INFO - Filling up the DagBag from /home/airflow/.local/lib/python3.12/site-packages/airflow/example_dags/example_dag_decorator.py
[2025-02-23T20:27:27.389+0000] {processor.py:925} INFO - DAG(s) 'example_dag_decorator' retrieved from /home/airflow/.local/lib/python3.12/site-packages/airflow/example_dags/example_dag_decorator.py
[2025-02-23T20:27:27.544+0000] {logging_mixin.py:190} INFO - [2025-02-23T20:27:27.543+0000] {dag.py:3239} INFO - Sync 1 DAGs
[2025-02-23T20:27:27.561+0000] {logging_mixin.py:190} INFO - [2025-02-23T20:27:27.561+0000] {dag.py:4180} INFO - Setting next_dagrun for example_dag_decorator to None, run_after=None
[2025-02-23T20:27:27.590+0000] {processor.py:208} INFO - Processing /home/airflow/.local/lib/python3.12/site-packages/airflow/example_dags/example_dag_decorator.py took 0.350 seconds
[2025-02-23T20:27:58.338+0000] {processor.py:186} INFO - Started process (PID=451) to work on /home/airflow/.local/lib/python3.12/site-packages/airflow/example_dags/example_dag_decorator.py
[2025-02-23T20:27:58.339+0000] {processor.py:914} INFO - Processing file /home/airflow/.local/lib/python3.12/site-packages/airflow/example_dags/example_dag_decorator.py for tasks to queue
[2025-02-23T20:27:58.342+0000] {logging_mixin.py:190} INFO - [2025-02-23T20:27:58.341+0000] {dagbag.py:588} INFO - Filling up the DagBag from /home/airflow/.local/lib/python3.12/site-packages/airflow/example_dags/example_dag_decorator.py
[2025-02-23T20:27:58.487+0000] {processor.py:925} INFO - DAG(s) 'example_dag_decorator' retrieved from /home/airflow/.local/lib/python3.12/site-packages/airflow/example_dags/example_dag_decorator.py
[2025-02-23T20:27:58.635+0000] {logging_mixin.py:190} INFO - [2025-02-23T20:27:58.634+0000] {dag.py:3239} INFO - Sync 1 DAGs
[2025-02-23T20:27:58.652+0000] {logging_mixin.py:190} INFO - [2025-02-23T20:27:58.652+0000] {dag.py:4180} INFO - Setting next_dagrun for example_dag_decorator to None, run_after=None
[2025-02-23T20:27:58.678+0000] {processor.py:208} INFO - Processing /home/airflow/.local/lib/python3.12/site-packages/airflow/example_dags/example_dag_decorator.py took 0.347 seconds
[2025-02-23T20:28:29.809+0000] {processor.py:186} INFO - Started process (PID=514) to work on /home/airflow/.local/lib/python3.12/site-packages/airflow/example_dags/example_dag_decorator.py
[2025-02-23T20:28:29.810+0000] {processor.py:914} INFO - Processing file /home/airflow/.local/lib/python3.12/site-packages/airflow/example_dags/example_dag_decorator.py for tasks to queue
[2025-02-23T20:28:29.813+0000] {logging_mixin.py:190} INFO - [2025-02-23T20:28:29.813+0000] {dagbag.py:588} INFO - Filling up the DagBag from /home/airflow/.local/lib/python3.12/site-packages/airflow/example_dags/example_dag_decorator.py
[2025-02-23T20:28:29.942+0000] {processor.py:925} INFO - DAG(s) 'example_dag_decorator' retrieved from /home/airflow/.local/lib/python3.12/site-packages/airflow/example_dags/example_dag_decorator.py
[2025-02-23T20:28:30.122+0000] {logging_mixin.py:190} INFO - [2025-02-23T20:28:30.122+0000] {dag.py:3239} INFO - Sync 1 DAGs
[2025-02-23T20:28:30.139+0000] {logging_mixin.py:190} INFO - [2025-02-23T20:28:30.139+0000] {dag.py:4180} INFO - Setting next_dagrun for example_dag_decorator to None, run_after=None
[2025-02-23T20:28:30.167+0000] {processor.py:208} INFO - Processing /home/airflow/.local/lib/python3.12/site-packages/airflow/example_dags/example_dag_decorator.py took 0.366 seconds
[2025-02-23T20:29:00.841+0000] {processor.py:186} INFO - Started process (PID=577) to work on /home/airflow/.local/lib/python3.12/site-packages/airflow/example_dags/example_dag_decorator.py
[2025-02-23T20:29:00.843+0000] {processor.py:914} INFO - Processing file /home/airflow/.local/lib/python3.12/site-packages/airflow/example_dags/example_dag_decorator.py for tasks to queue
[2025-02-23T20:29:00.846+0000] {logging_mixin.py:190} INFO - [2025-02-23T20:29:00.845+0000] {dagbag.py:588} INFO - Filling up the DagBag from /home/airflow/.local/lib/python3.12/site-packages/airflow/example_dags/example_dag_decorator.py
[2025-02-23T20:29:00.974+0000] {processor.py:925} INFO - DAG(s) 'example_dag_decorator' retrieved from /home/airflow/.local/lib/python3.12/site-packages/airflow/example_dags/example_dag_decorator.py
[2025-02-23T20:29:01.122+0000] {logging_mixin.py:190} INFO - [2025-02-23T20:29:01.121+0000] {dag.py:3239} INFO - Sync 1 DAGs
[2025-02-23T20:29:01.139+0000] {logging_mixin.py:190} INFO - [2025-02-23T20:29:01.138+0000] {dag.py:4180} INFO - Setting next_dagrun for example_dag_decorator to None, run_after=None
[2025-02-23T20:29:01.165+0000] {processor.py:208} INFO - Processing /home/airflow/.local/lib/python3.12/site-packages/airflow/example_dags/example_dag_decorator.py took 0.330 seconds
[2025-02-23T20:29:31.587+0000] {processor.py:186} INFO - Started process (PID=640) to work on /home/airflow/.local/lib/python3.12/site-packages/airflow/example_dags/example_dag_decorator.py
[2025-02-23T20:29:31.589+0000] {processor.py:914} INFO - Processing file /home/airflow/.local/lib/python3.12/site-packages/airflow/example_dags/example_dag_decorator.py for tasks to queue
[2025-02-23T20:29:31.591+0000] {logging_mixin.py:190} INFO - [2025-02-23T20:29:31.591+0000] {dagbag.py:588} INFO - Filling up the DagBag from /home/airflow/.local/lib/python3.12/site-packages/airflow/example_dags/example_dag_decorator.py
[2025-02-23T20:29:31.723+0000] {processor.py:925} INFO - DAG(s) 'example_dag_decorator' retrieved from /home/airflow/.local/lib/python3.12/site-packages/airflow/example_dags/example_dag_decorator.py
[2025-02-23T20:29:31.754+0000] {logging_mixin.py:190} INFO - [2025-02-23T20:29:31.754+0000] {dag.py:3239} INFO - Sync 1 DAGs
[2025-02-23T20:29:31.773+0000] {logging_mixin.py:190} INFO - [2025-02-23T20:29:31.773+0000] {dag.py:4180} INFO - Setting next_dagrun for example_dag_decorator to None, run_after=None
[2025-02-23T20:29:31.798+0000] {processor.py:208} INFO - Processing /home/airflow/.local/lib/python3.12/site-packages/airflow/example_dags/example_dag_decorator.py took 0.218 seconds
[2025-02-23T20:30:02.447+0000] {processor.py:186} INFO - Started process (PID=702) to work on /home/airflow/.local/lib/python3.12/site-packages/airflow/example_dags/example_dag_decorator.py
[2025-02-23T20:30:02.450+0000] {processor.py:914} INFO - Processing file /home/airflow/.local/lib/python3.12/site-packages/airflow/example_dags/example_dag_decorator.py for tasks to queue
[2025-02-23T20:30:02.453+0000] {logging_mixin.py:190} INFO - [2025-02-23T20:30:02.452+0000] {dagbag.py:588} INFO - Filling up the DagBag from /home/airflow/.local/lib/python3.12/site-packages/airflow/example_dags/example_dag_decorator.py
[2025-02-23T20:30:02.599+0000] {processor.py:925} INFO - DAG(s) 'example_dag_decorator' retrieved from /home/airflow/.local/lib/python3.12/site-packages/airflow/example_dags/example_dag_decorator.py
[2025-02-23T20:30:02.629+0000] {logging_mixin.py:190} INFO - [2025-02-23T20:30:02.629+0000] {dag.py:3239} INFO - Sync 1 DAGs
[2025-02-23T20:30:02.648+0000] {logging_mixin.py:190} INFO - [2025-02-23T20:30:02.648+0000] {dag.py:4180} INFO - Setting next_dagrun for example_dag_decorator to None, run_after=None
[2025-02-23T20:30:02.673+0000] {processor.py:208} INFO - Processing /home/airflow/.local/lib/python3.12/site-packages/airflow/example_dags/example_dag_decorator.py took 0.234 seconds
[2025-02-23T20:30:33.079+0000] {processor.py:186} INFO - Started process (PID=765) to work on /home/airflow/.local/lib/python3.12/site-packages/airflow/example_dags/example_dag_decorator.py
[2025-02-23T20:30:33.080+0000] {processor.py:914} INFO - Processing file /home/airflow/.local/lib/python3.12/site-packages/airflow/example_dags/example_dag_decorator.py for tasks to queue
[2025-02-23T20:30:33.083+0000] {logging_mixin.py:190} INFO - [2025-02-23T20:30:33.083+0000] {dagbag.py:588} INFO - Filling up the DagBag from /home/airflow/.local/lib/python3.12/site-packages/airflow/example_dags/example_dag_decorator.py
[2025-02-23T20:30:33.213+0000] {processor.py:925} INFO - DAG(s) 'example_dag_decorator' retrieved from /home/airflow/.local/lib/python3.12/site-packages/airflow/example_dags/example_dag_decorator.py
[2025-02-23T20:30:33.397+0000] {logging_mixin.py:190} INFO - [2025-02-23T20:30:33.396+0000] {dag.py:3239} INFO - Sync 1 DAGs
[2025-02-23T20:30:33.415+0000] {logging_mixin.py:190} INFO - [2025-02-23T20:30:33.414+0000] {dag.py:4180} INFO - Setting next_dagrun for example_dag_decorator to None, run_after=None
[2025-02-23T20:30:33.447+0000] {processor.py:208} INFO - Processing /home/airflow/.local/lib/python3.12/site-packages/airflow/example_dags/example_dag_decorator.py took 0.376 seconds
[2025-02-23T20:31:03.922+0000] {processor.py:186} INFO - Started process (PID=828) to work on /home/airflow/.local/lib/python3.12/site-packages/airflow/example_dags/example_dag_decorator.py
[2025-02-23T20:31:03.924+0000] {processor.py:914} INFO - Processing file /home/airflow/.local/lib/python3.12/site-packages/airflow/example_dags/example_dag_decorator.py for tasks to queue
[2025-02-23T20:31:03.927+0000] {logging_mixin.py:190} INFO - [2025-02-23T20:31:03.927+0000] {dagbag.py:588} INFO - Filling up the DagBag from /home/airflow/.local/lib/python3.12/site-packages/airflow/example_dags/example_dag_decorator.py
[2025-02-23T20:31:04.058+0000] {processor.py:925} INFO - DAG(s) 'example_dag_decorator' retrieved from /home/airflow/.local/lib/python3.12/site-packages/airflow/example_dags/example_dag_decorator.py
[2025-02-23T20:31:04.213+0000] {logging_mixin.py:190} INFO - [2025-02-23T20:31:04.213+0000] {dag.py:3239} INFO - Sync 1 DAGs
[2025-02-23T20:31:04.234+0000] {logging_mixin.py:190} INFO - [2025-02-23T20:31:04.233+0000] {dag.py:4180} INFO - Setting next_dagrun for example_dag_decorator to None, run_after=None
[2025-02-23T20:31:04.263+0000] {processor.py:208} INFO - Processing /home/airflow/.local/lib/python3.12/site-packages/airflow/example_dags/example_dag_decorator.py took 0.347 seconds
[2025-02-23T20:31:34.358+0000] {processor.py:186} INFO - Started process (PID=891) to work on /home/airflow/.local/lib/python3.12/site-packages/airflow/example_dags/example_dag_decorator.py
[2025-02-23T20:31:34.362+0000] {processor.py:914} INFO - Processing file /home/airflow/.local/lib/python3.12/site-packages/airflow/example_dags/example_dag_decorator.py for tasks to queue
[2025-02-23T20:31:34.365+0000] {logging_mixin.py:190} INFO - [2025-02-23T20:31:34.365+0000] {dagbag.py:588} INFO - Filling up the DagBag from /home/airflow/.local/lib/python3.12/site-packages/airflow/example_dags/example_dag_decorator.py
[2025-02-23T20:31:34.492+0000] {processor.py:925} INFO - DAG(s) 'example_dag_decorator' retrieved from /home/airflow/.local/lib/python3.12/site-packages/airflow/example_dags/example_dag_decorator.py
[2025-02-23T20:31:34.639+0000] {logging_mixin.py:190} INFO - [2025-02-23T20:31:34.639+0000] {dag.py:3239} INFO - Sync 1 DAGs
[2025-02-23T20:31:34.656+0000] {logging_mixin.py:190} INFO - [2025-02-23T20:31:34.656+0000] {dag.py:4180} INFO - Setting next_dagrun for example_dag_decorator to None, run_after=None
[2025-02-23T20:31:34.681+0000] {processor.py:208} INFO - Processing /home/airflow/.local/lib/python3.12/site-packages/airflow/example_dags/example_dag_decorator.py took 0.330 seconds
[2025-02-23T20:32:04.767+0000] {processor.py:186} INFO - Started process (PID=954) to work on /home/airflow/.local/lib/python3.12/site-packages/airflow/example_dags/example_dag_decorator.py
[2025-02-23T20:32:04.771+0000] {processor.py:914} INFO - Processing file /home/airflow/.local/lib/python3.12/site-packages/airflow/example_dags/example_dag_decorator.py for tasks to queue
[2025-02-23T20:32:04.774+0000] {logging_mixin.py:190} INFO - [2025-02-23T20:32:04.774+0000] {dagbag.py:588} INFO - Filling up the DagBag from /home/airflow/.local/lib/python3.12/site-packages/airflow/example_dags/example_dag_decorator.py
[2025-02-23T20:32:04.922+0000] {processor.py:925} INFO - DAG(s) 'example_dag_decorator' retrieved from /home/airflow/.local/lib/python3.12/site-packages/airflow/example_dags/example_dag_decorator.py
[2025-02-23T20:32:05.108+0000] {logging_mixin.py:190} INFO - [2025-02-23T20:32:05.108+0000] {dag.py:3239} INFO - Sync 1 DAGs
[2025-02-23T20:32:05.131+0000] {logging_mixin.py:190} INFO - [2025-02-23T20:32:05.130+0000] {dag.py:4180} INFO - Setting next_dagrun for example_dag_decorator to None, run_after=None
[2025-02-23T20:32:05.163+0000] {processor.py:208} INFO - Processing /home/airflow/.local/lib/python3.12/site-packages/airflow/example_dags/example_dag_decorator.py took 0.407 seconds
[2025-02-23T20:32:35.384+0000] {processor.py:186} INFO - Started process (PID=1017) to work on /home/airflow/.local/lib/python3.12/site-packages/airflow/example_dags/example_dag_decorator.py
[2025-02-23T20:32:35.385+0000] {processor.py:914} INFO - Processing file /home/airflow/.local/lib/python3.12/site-packages/airflow/example_dags/example_dag_decorator.py for tasks to queue
[2025-02-23T20:32:35.388+0000] {logging_mixin.py:190} INFO - [2025-02-23T20:32:35.388+0000] {dagbag.py:588} INFO - Filling up the DagBag from /home/airflow/.local/lib/python3.12/site-packages/airflow/example_dags/example_dag_decorator.py
[2025-02-23T20:32:35.511+0000] {processor.py:925} INFO - DAG(s) 'example_dag_decorator' retrieved from /home/airflow/.local/lib/python3.12/site-packages/airflow/example_dags/example_dag_decorator.py
[2025-02-23T20:32:35.662+0000] {logging_mixin.py:190} INFO - [2025-02-23T20:32:35.662+0000] {dag.py:3239} INFO - Sync 1 DAGs
[2025-02-23T20:32:35.679+0000] {logging_mixin.py:190} INFO - [2025-02-23T20:32:35.679+0000] {dag.py:4180} INFO - Setting next_dagrun for example_dag_decorator to None, run_after=None
[2025-02-23T20:32:35.706+0000] {processor.py:208} INFO - Processing /home/airflow/.local/lib/python3.12/site-packages/airflow/example_dags/example_dag_decorator.py took 0.329 seconds
[2025-02-23T20:33:06.599+0000] {processor.py:186} INFO - Started process (PID=1080) to work on /home/airflow/.local/lib/python3.12/site-packages/airflow/example_dags/example_dag_decorator.py
[2025-02-23T20:33:06.601+0000] {processor.py:914} INFO - Processing file /home/airflow/.local/lib/python3.12/site-packages/airflow/example_dags/example_dag_decorator.py for tasks to queue
[2025-02-23T20:33:06.604+0000] {logging_mixin.py:190} INFO - [2025-02-23T20:33:06.603+0000] {dagbag.py:588} INFO - Filling up the DagBag from /home/airflow/.local/lib/python3.12/site-packages/airflow/example_dags/example_dag_decorator.py
[2025-02-23T20:33:06.729+0000] {processor.py:925} INFO - DAG(s) 'example_dag_decorator' retrieved from /home/airflow/.local/lib/python3.12/site-packages/airflow/example_dags/example_dag_decorator.py
[2025-02-23T20:33:06.884+0000] {logging_mixin.py:190} INFO - [2025-02-23T20:33:06.884+0000] {dag.py:3239} INFO - Sync 1 DAGs
[2025-02-23T20:33:06.901+0000] {logging_mixin.py:190} INFO - [2025-02-23T20:33:06.901+0000] {dag.py:4180} INFO - Setting next_dagrun for example_dag_decorator to None, run_after=None
[2025-02-23T20:33:06.927+0000] {processor.py:208} INFO - Processing /home/airflow/.local/lib/python3.12/site-packages/airflow/example_dags/example_dag_decorator.py took 0.335 seconds
[2025-02-23T20:33:37.650+0000] {processor.py:186} INFO - Started process (PID=1143) to work on /home/airflow/.local/lib/python3.12/site-packages/airflow/example_dags/example_dag_decorator.py
[2025-02-23T20:33:37.653+0000] {processor.py:914} INFO - Processing file /home/airflow/.local/lib/python3.12/site-packages/airflow/example_dags/example_dag_decorator.py for tasks to queue
[2025-02-23T20:33:37.655+0000] {logging_mixin.py:190} INFO - [2025-02-23T20:33:37.655+0000] {dagbag.py:588} INFO - Filling up the DagBag from /home/airflow/.local/lib/python3.12/site-packages/airflow/example_dags/example_dag_decorator.py
[2025-02-23T20:33:37.795+0000] {processor.py:925} INFO - DAG(s) 'example_dag_decorator' retrieved from /home/airflow/.local/lib/python3.12/site-packages/airflow/example_dags/example_dag_decorator.py
[2025-02-23T20:33:37.952+0000] {logging_mixin.py:190} INFO - [2025-02-23T20:33:37.951+0000] {dag.py:3239} INFO - Sync 1 DAGs
[2025-02-23T20:33:37.970+0000] {logging_mixin.py:190} INFO - [2025-02-23T20:33:37.970+0000] {dag.py:4180} INFO - Setting next_dagrun for example_dag_decorator to None, run_after=None
[2025-02-23T20:33:37.997+0000] {processor.py:208} INFO - Processing /home/airflow/.local/lib/python3.12/site-packages/airflow/example_dags/example_dag_decorator.py took 0.355 seconds
[2025-02-23T20:34:08.090+0000] {processor.py:186} INFO - Started process (PID=1206) to work on /home/airflow/.local/lib/python3.12/site-packages/airflow/example_dags/example_dag_decorator.py
[2025-02-23T20:34:08.091+0000] {processor.py:914} INFO - Processing file /home/airflow/.local/lib/python3.12/site-packages/airflow/example_dags/example_dag_decorator.py for tasks to queue
[2025-02-23T20:34:08.095+0000] {logging_mixin.py:190} INFO - [2025-02-23T20:34:08.094+0000] {dagbag.py:588} INFO - Filling up the DagBag from /home/airflow/.local/lib/python3.12/site-packages/airflow/example_dags/example_dag_decorator.py
[2025-02-23T20:34:08.240+0000] {processor.py:925} INFO - DAG(s) 'example_dag_decorator' retrieved from /home/airflow/.local/lib/python3.12/site-packages/airflow/example_dags/example_dag_decorator.py
[2025-02-23T20:34:08.390+0000] {logging_mixin.py:190} INFO - [2025-02-23T20:34:08.390+0000] {dag.py:3239} INFO - Sync 1 DAGs
[2025-02-23T20:34:08.409+0000] {logging_mixin.py:190} INFO - [2025-02-23T20:34:08.408+0000] {dag.py:4180} INFO - Setting next_dagrun for example_dag_decorator to None, run_after=None
[2025-02-23T20:34:08.433+0000] {processor.py:208} INFO - Processing /home/airflow/.local/lib/python3.12/site-packages/airflow/example_dags/example_dag_decorator.py took 0.351 seconds
[2025-02-23T20:34:38.971+0000] {processor.py:186} INFO - Started process (PID=1269) to work on /home/airflow/.local/lib/python3.12/site-packages/airflow/example_dags/example_dag_decorator.py
[2025-02-23T20:34:38.973+0000] {processor.py:914} INFO - Processing file /home/airflow/.local/lib/python3.12/site-packages/airflow/example_dags/example_dag_decorator.py for tasks to queue
[2025-02-23T20:34:38.976+0000] {logging_mixin.py:190} INFO - [2025-02-23T20:34:38.976+0000] {dagbag.py:588} INFO - Filling up the DagBag from /home/airflow/.local/lib/python3.12/site-packages/airflow/example_dags/example_dag_decorator.py
[2025-02-23T20:34:39.103+0000] {processor.py:925} INFO - DAG(s) 'example_dag_decorator' retrieved from /home/airflow/.local/lib/python3.12/site-packages/airflow/example_dags/example_dag_decorator.py
[2025-02-23T20:34:39.257+0000] {logging_mixin.py:190} INFO - [2025-02-23T20:34:39.256+0000] {dag.py:3239} INFO - Sync 1 DAGs
[2025-02-23T20:34:39.273+0000] {logging_mixin.py:190} INFO - [2025-02-23T20:34:39.273+0000] {dag.py:4180} INFO - Setting next_dagrun for example_dag_decorator to None, run_after=None
[2025-02-23T20:34:39.299+0000] {processor.py:208} INFO - Processing /home/airflow/.local/lib/python3.12/site-packages/airflow/example_dags/example_dag_decorator.py took 0.335 seconds
[2025-02-23T20:35:10.397+0000] {processor.py:186} INFO - Started process (PID=1332) to work on /home/airflow/.local/lib/python3.12/site-packages/airflow/example_dags/example_dag_decorator.py
[2025-02-23T20:35:10.399+0000] {processor.py:914} INFO - Processing file /home/airflow/.local/lib/python3.12/site-packages/airflow/example_dags/example_dag_decorator.py for tasks to queue
[2025-02-23T20:35:10.402+0000] {logging_mixin.py:190} INFO - [2025-02-23T20:35:10.401+0000] {dagbag.py:588} INFO - Filling up the DagBag from /home/airflow/.local/lib/python3.12/site-packages/airflow/example_dags/example_dag_decorator.py
[2025-02-23T20:35:10.548+0000] {processor.py:925} INFO - DAG(s) 'example_dag_decorator' retrieved from /home/airflow/.local/lib/python3.12/site-packages/airflow/example_dags/example_dag_decorator.py
[2025-02-23T20:35:10.736+0000] {logging_mixin.py:190} INFO - [2025-02-23T20:35:10.735+0000] {dag.py:3239} INFO - Sync 1 DAGs
[2025-02-23T20:35:10.752+0000] {logging_mixin.py:190} INFO - [2025-02-23T20:35:10.752+0000] {dag.py:4180} INFO - Setting next_dagrun for example_dag_decorator to None, run_after=None
[2025-02-23T20:35:10.779+0000] {processor.py:208} INFO - Processing /home/airflow/.local/lib/python3.12/site-packages/airflow/example_dags/example_dag_decorator.py took 0.390 seconds
[2025-02-23T20:35:41.855+0000] {processor.py:186} INFO - Started process (PID=1395) to work on /home/airflow/.local/lib/python3.12/site-packages/airflow/example_dags/example_dag_decorator.py
[2025-02-23T20:35:41.857+0000] {processor.py:914} INFO - Processing file /home/airflow/.local/lib/python3.12/site-packages/airflow/example_dags/example_dag_decorator.py for tasks to queue
[2025-02-23T20:35:41.860+0000] {logging_mixin.py:190} INFO - [2025-02-23T20:35:41.860+0000] {dagbag.py:588} INFO - Filling up the DagBag from /home/airflow/.local/lib/python3.12/site-packages/airflow/example_dags/example_dag_decorator.py
[2025-02-23T20:35:42.019+0000] {processor.py:925} INFO - DAG(s) 'example_dag_decorator' retrieved from /home/airflow/.local/lib/python3.12/site-packages/airflow/example_dags/example_dag_decorator.py
[2025-02-23T20:35:42.189+0000] {logging_mixin.py:190} INFO - [2025-02-23T20:35:42.189+0000] {dag.py:3239} INFO - Sync 1 DAGs
[2025-02-23T20:35:42.207+0000] {logging_mixin.py:190} INFO - [2025-02-23T20:35:42.207+0000] {dag.py:4180} INFO - Setting next_dagrun for example_dag_decorator to None, run_after=None
[2025-02-23T20:35:42.235+0000] {processor.py:208} INFO - Processing /home/airflow/.local/lib/python3.12/site-packages/airflow/example_dags/example_dag_decorator.py took 0.386 seconds
[2025-02-23T20:36:13.055+0000] {processor.py:186} INFO - Started process (PID=1458) to work on /home/airflow/.local/lib/python3.12/site-packages/airflow/example_dags/example_dag_decorator.py
[2025-02-23T20:36:13.057+0000] {processor.py:914} INFO - Processing file /home/airflow/.local/lib/python3.12/site-packages/airflow/example_dags/example_dag_decorator.py for tasks to queue
[2025-02-23T20:36:13.060+0000] {logging_mixin.py:190} INFO - [2025-02-23T20:36:13.059+0000] {dagbag.py:588} INFO - Filling up the DagBag from /home/airflow/.local/lib/python3.12/site-packages/airflow/example_dags/example_dag_decorator.py
[2025-02-23T20:36:13.217+0000] {processor.py:925} INFO - DAG(s) 'example_dag_decorator' retrieved from /home/airflow/.local/lib/python3.12/site-packages/airflow/example_dags/example_dag_decorator.py
[2025-02-23T20:36:13.391+0000] {logging_mixin.py:190} INFO - [2025-02-23T20:36:13.391+0000] {dag.py:3239} INFO - Sync 1 DAGs
[2025-02-23T20:36:13.412+0000] {logging_mixin.py:190} INFO - [2025-02-23T20:36:13.412+0000] {dag.py:4180} INFO - Setting next_dagrun for example_dag_decorator to None, run_after=None
[2025-02-23T20:36:13.439+0000] {processor.py:208} INFO - Processing /home/airflow/.local/lib/python3.12/site-packages/airflow/example_dags/example_dag_decorator.py took 0.392 seconds
[2025-02-23T20:36:44.229+0000] {processor.py:186} INFO - Started process (PID=1522) to work on /home/airflow/.local/lib/python3.12/site-packages/airflow/example_dags/example_dag_decorator.py
[2025-02-23T20:36:44.230+0000] {processor.py:914} INFO - Processing file /home/airflow/.local/lib/python3.12/site-packages/airflow/example_dags/example_dag_decorator.py for tasks to queue
[2025-02-23T20:36:44.233+0000] {logging_mixin.py:190} INFO - [2025-02-23T20:36:44.232+0000] {dagbag.py:588} INFO - Filling up the DagBag from /home/airflow/.local/lib/python3.12/site-packages/airflow/example_dags/example_dag_decorator.py
[2025-02-23T20:36:44.357+0000] {processor.py:925} INFO - DAG(s) 'example_dag_decorator' retrieved from /home/airflow/.local/lib/python3.12/site-packages/airflow/example_dags/example_dag_decorator.py
[2025-02-23T20:36:44.540+0000] {logging_mixin.py:190} INFO - [2025-02-23T20:36:44.540+0000] {dag.py:3239} INFO - Sync 1 DAGs
[2025-02-23T20:36:44.560+0000] {logging_mixin.py:190} INFO - [2025-02-23T20:36:44.560+0000] {dag.py:4180} INFO - Setting next_dagrun for example_dag_decorator to None, run_after=None
[2025-02-23T20:36:44.587+0000] {processor.py:208} INFO - Processing /home/airflow/.local/lib/python3.12/site-packages/airflow/example_dags/example_dag_decorator.py took 0.366 seconds
[2025-02-23T20:37:15.926+0000] {processor.py:186} INFO - Started process (PID=1585) to work on /home/airflow/.local/lib/python3.12/site-packages/airflow/example_dags/example_dag_decorator.py
[2025-02-23T20:37:15.928+0000] {processor.py:914} INFO - Processing file /home/airflow/.local/lib/python3.12/site-packages/airflow/example_dags/example_dag_decorator.py for tasks to queue
[2025-02-23T20:37:15.931+0000] {logging_mixin.py:190} INFO - [2025-02-23T20:37:15.931+0000] {dagbag.py:588} INFO - Filling up the DagBag from /home/airflow/.local/lib/python3.12/site-packages/airflow/example_dags/example_dag_decorator.py
[2025-02-23T20:37:16.059+0000] {processor.py:925} INFO - DAG(s) 'example_dag_decorator' retrieved from /home/airflow/.local/lib/python3.12/site-packages/airflow/example_dags/example_dag_decorator.py
[2025-02-23T20:37:16.207+0000] {logging_mixin.py:190} INFO - [2025-02-23T20:37:16.206+0000] {dag.py:3239} INFO - Sync 1 DAGs
[2025-02-23T20:37:16.224+0000] {logging_mixin.py:190} INFO - [2025-02-23T20:37:16.224+0000] {dag.py:4180} INFO - Setting next_dagrun for example_dag_decorator to None, run_after=None
[2025-02-23T20:37:16.250+0000] {processor.py:208} INFO - Processing /home/airflow/.local/lib/python3.12/site-packages/airflow/example_dags/example_dag_decorator.py took 0.331 seconds
[2025-02-23T20:37:47.027+0000] {processor.py:186} INFO - Started process (PID=1648) to work on /home/airflow/.local/lib/python3.12/site-packages/airflow/example_dags/example_dag_decorator.py
[2025-02-23T20:37:47.029+0000] {processor.py:914} INFO - Processing file /home/airflow/.local/lib/python3.12/site-packages/airflow/example_dags/example_dag_decorator.py for tasks to queue
[2025-02-23T20:37:47.031+0000] {logging_mixin.py:190} INFO - [2025-02-23T20:37:47.031+0000] {dagbag.py:588} INFO - Filling up the DagBag from /home/airflow/.local/lib/python3.12/site-packages/airflow/example_dags/example_dag_decorator.py
[2025-02-23T20:37:47.176+0000] {processor.py:925} INFO - DAG(s) 'example_dag_decorator' retrieved from /home/airflow/.local/lib/python3.12/site-packages/airflow/example_dags/example_dag_decorator.py
[2025-02-23T20:37:47.346+0000] {logging_mixin.py:190} INFO - [2025-02-23T20:37:47.346+0000] {dag.py:3239} INFO - Sync 1 DAGs
[2025-02-23T20:37:47.365+0000] {logging_mixin.py:190} INFO - [2025-02-23T20:37:47.365+0000] {dag.py:4180} INFO - Setting next_dagrun for example_dag_decorator to None, run_after=None
[2025-02-23T20:37:47.393+0000] {processor.py:208} INFO - Processing /home/airflow/.local/lib/python3.12/site-packages/airflow/example_dags/example_dag_decorator.py took 0.374 seconds
[2025-02-23T20:38:18.549+0000] {processor.py:186} INFO - Started process (PID=1714) to work on /home/airflow/.local/lib/python3.12/site-packages/airflow/example_dags/example_dag_decorator.py
[2025-02-23T20:38:18.550+0000] {processor.py:914} INFO - Processing file /home/airflow/.local/lib/python3.12/site-packages/airflow/example_dags/example_dag_decorator.py for tasks to queue
[2025-02-23T20:38:18.553+0000] {logging_mixin.py:190} INFO - [2025-02-23T20:38:18.552+0000] {dagbag.py:588} INFO - Filling up the DagBag from /home/airflow/.local/lib/python3.12/site-packages/airflow/example_dags/example_dag_decorator.py
[2025-02-23T20:38:18.701+0000] {processor.py:925} INFO - DAG(s) 'example_dag_decorator' retrieved from /home/airflow/.local/lib/python3.12/site-packages/airflow/example_dags/example_dag_decorator.py
[2025-02-23T20:38:18.894+0000] {logging_mixin.py:190} INFO - [2025-02-23T20:38:18.894+0000] {dag.py:3239} INFO - Sync 1 DAGs
[2025-02-23T20:38:18.913+0000] {logging_mixin.py:190} INFO - [2025-02-23T20:38:18.913+0000] {dag.py:4180} INFO - Setting next_dagrun for example_dag_decorator to None, run_after=None
[2025-02-23T20:38:18.944+0000] {processor.py:208} INFO - Processing /home/airflow/.local/lib/python3.12/site-packages/airflow/example_dags/example_dag_decorator.py took 0.402 seconds
[2025-02-23T20:38:49.163+0000] {processor.py:186} INFO - Started process (PID=1776) to work on /home/airflow/.local/lib/python3.12/site-packages/airflow/example_dags/example_dag_decorator.py
[2025-02-23T20:38:49.164+0000] {processor.py:914} INFO - Processing file /home/airflow/.local/lib/python3.12/site-packages/airflow/example_dags/example_dag_decorator.py for tasks to queue
[2025-02-23T20:38:49.167+0000] {logging_mixin.py:190} INFO - [2025-02-23T20:38:49.167+0000] {dagbag.py:588} INFO - Filling up the DagBag from /home/airflow/.local/lib/python3.12/site-packages/airflow/example_dags/example_dag_decorator.py
[2025-02-23T20:38:49.310+0000] {processor.py:925} INFO - DAG(s) 'example_dag_decorator' retrieved from /home/airflow/.local/lib/python3.12/site-packages/airflow/example_dags/example_dag_decorator.py
[2025-02-23T20:38:49.491+0000] {logging_mixin.py:190} INFO - [2025-02-23T20:38:49.490+0000] {dag.py:3239} INFO - Sync 1 DAGs
[2025-02-23T20:38:49.513+0000] {logging_mixin.py:190} INFO - [2025-02-23T20:38:49.512+0000] {dag.py:4180} INFO - Setting next_dagrun for example_dag_decorator to None, run_after=None
[2025-02-23T20:38:49.545+0000] {processor.py:208} INFO - Processing /home/airflow/.local/lib/python3.12/site-packages/airflow/example_dags/example_dag_decorator.py took 0.391 seconds
[2025-02-23T20:39:20.106+0000] {processor.py:186} INFO - Started process (PID=1838) to work on /home/airflow/.local/lib/python3.12/site-packages/airflow/example_dags/example_dag_decorator.py
[2025-02-23T20:39:20.107+0000] {processor.py:914} INFO - Processing file /home/airflow/.local/lib/python3.12/site-packages/airflow/example_dags/example_dag_decorator.py for tasks to queue
[2025-02-23T20:39:20.111+0000] {logging_mixin.py:190} INFO - [2025-02-23T20:39:20.110+0000] {dagbag.py:588} INFO - Filling up the DagBag from /home/airflow/.local/lib/python3.12/site-packages/airflow/example_dags/example_dag_decorator.py
[2025-02-23T20:39:20.254+0000] {processor.py:925} INFO - DAG(s) 'example_dag_decorator' retrieved from /home/airflow/.local/lib/python3.12/site-packages/airflow/example_dags/example_dag_decorator.py
[2025-02-23T20:39:20.443+0000] {logging_mixin.py:190} INFO - [2025-02-23T20:39:20.443+0000] {dag.py:3239} INFO - Sync 1 DAGs
[2025-02-23T20:39:20.465+0000] {logging_mixin.py:190} INFO - [2025-02-23T20:39:20.464+0000] {dag.py:4180} INFO - Setting next_dagrun for example_dag_decorator to None, run_after=None
[2025-02-23T20:39:20.493+0000] {processor.py:208} INFO - Processing /home/airflow/.local/lib/python3.12/site-packages/airflow/example_dags/example_dag_decorator.py took 0.394 seconds
[2025-02-23T20:39:51.273+0000] {processor.py:186} INFO - Started process (PID=1901) to work on /home/airflow/.local/lib/python3.12/site-packages/airflow/example_dags/example_dag_decorator.py
[2025-02-23T20:39:51.274+0000] {processor.py:914} INFO - Processing file /home/airflow/.local/lib/python3.12/site-packages/airflow/example_dags/example_dag_decorator.py for tasks to queue
[2025-02-23T20:39:51.278+0000] {logging_mixin.py:190} INFO - [2025-02-23T20:39:51.277+0000] {dagbag.py:588} INFO - Filling up the DagBag from /home/airflow/.local/lib/python3.12/site-packages/airflow/example_dags/example_dag_decorator.py
[2025-02-23T20:39:51.440+0000] {processor.py:925} INFO - DAG(s) 'example_dag_decorator' retrieved from /home/airflow/.local/lib/python3.12/site-packages/airflow/example_dags/example_dag_decorator.py
[2025-02-23T20:39:51.629+0000] {logging_mixin.py:190} INFO - [2025-02-23T20:39:51.629+0000] {dag.py:3239} INFO - Sync 1 DAGs
[2025-02-23T20:39:51.648+0000] {logging_mixin.py:190} INFO - [2025-02-23T20:39:51.648+0000] {dag.py:4180} INFO - Setting next_dagrun for example_dag_decorator to None, run_after=None
[2025-02-23T20:39:51.677+0000] {processor.py:208} INFO - Processing /home/airflow/.local/lib/python3.12/site-packages/airflow/example_dags/example_dag_decorator.py took 0.414 seconds
[2025-02-23T20:40:22.669+0000] {processor.py:186} INFO - Started process (PID=1964) to work on /home/airflow/.local/lib/python3.12/site-packages/airflow/example_dags/example_dag_decorator.py
[2025-02-23T20:40:22.670+0000] {processor.py:914} INFO - Processing file /home/airflow/.local/lib/python3.12/site-packages/airflow/example_dags/example_dag_decorator.py for tasks to queue
[2025-02-23T20:40:22.673+0000] {logging_mixin.py:190} INFO - [2025-02-23T20:40:22.673+0000] {dagbag.py:588} INFO - Filling up the DagBag from /home/airflow/.local/lib/python3.12/site-packages/airflow/example_dags/example_dag_decorator.py
[2025-02-23T20:40:22.816+0000] {processor.py:925} INFO - DAG(s) 'example_dag_decorator' retrieved from /home/airflow/.local/lib/python3.12/site-packages/airflow/example_dags/example_dag_decorator.py
[2025-02-23T20:40:22.970+0000] {logging_mixin.py:190} INFO - [2025-02-23T20:40:22.969+0000] {dag.py:3239} INFO - Sync 1 DAGs
[2025-02-23T20:40:22.988+0000] {logging_mixin.py:190} INFO - [2025-02-23T20:40:22.987+0000] {dag.py:4180} INFO - Setting next_dagrun for example_dag_decorator to None, run_after=None
[2025-02-23T20:40:23.019+0000] {processor.py:208} INFO - Processing /home/airflow/.local/lib/python3.12/site-packages/airflow/example_dags/example_dag_decorator.py took 0.359 seconds
[2025-02-23T20:40:53.686+0000] {processor.py:186} INFO - Started process (PID=2028) to work on /home/airflow/.local/lib/python3.12/site-packages/airflow/example_dags/example_dag_decorator.py
[2025-02-23T20:40:53.687+0000] {processor.py:914} INFO - Processing file /home/airflow/.local/lib/python3.12/site-packages/airflow/example_dags/example_dag_decorator.py for tasks to queue
[2025-02-23T20:40:53.691+0000] {logging_mixin.py:190} INFO - [2025-02-23T20:40:53.690+0000] {dagbag.py:588} INFO - Filling up the DagBag from /home/airflow/.local/lib/python3.12/site-packages/airflow/example_dags/example_dag_decorator.py
[2025-02-23T20:40:53.840+0000] {processor.py:925} INFO - DAG(s) 'example_dag_decorator' retrieved from /home/airflow/.local/lib/python3.12/site-packages/airflow/example_dags/example_dag_decorator.py
[2025-02-23T20:40:54.027+0000] {logging_mixin.py:190} INFO - [2025-02-23T20:40:54.027+0000] {dag.py:3239} INFO - Sync 1 DAGs
[2025-02-23T20:40:54.049+0000] {logging_mixin.py:190} INFO - [2025-02-23T20:40:54.049+0000] {dag.py:4180} INFO - Setting next_dagrun for example_dag_decorator to None, run_after=None
[2025-02-23T20:40:54.077+0000] {processor.py:208} INFO - Processing /home/airflow/.local/lib/python3.12/site-packages/airflow/example_dags/example_dag_decorator.py took 0.398 seconds
[2025-02-23T20:41:24.644+0000] {processor.py:186} INFO - Started process (PID=2091) to work on /home/airflow/.local/lib/python3.12/site-packages/airflow/example_dags/example_dag_decorator.py
[2025-02-23T20:41:24.646+0000] {processor.py:914} INFO - Processing file /home/airflow/.local/lib/python3.12/site-packages/airflow/example_dags/example_dag_decorator.py for tasks to queue
[2025-02-23T20:41:24.649+0000] {logging_mixin.py:190} INFO - [2025-02-23T20:41:24.649+0000] {dagbag.py:588} INFO - Filling up the DagBag from /home/airflow/.local/lib/python3.12/site-packages/airflow/example_dags/example_dag_decorator.py
[2025-02-23T20:41:24.785+0000] {processor.py:925} INFO - DAG(s) 'example_dag_decorator' retrieved from /home/airflow/.local/lib/python3.12/site-packages/airflow/example_dags/example_dag_decorator.py
[2025-02-23T20:41:24.937+0000] {logging_mixin.py:190} INFO - [2025-02-23T20:41:24.936+0000] {dag.py:3239} INFO - Sync 1 DAGs
[2025-02-23T20:41:24.956+0000] {logging_mixin.py:190} INFO - [2025-02-23T20:41:24.956+0000] {dag.py:4180} INFO - Setting next_dagrun for example_dag_decorator to None, run_after=None
[2025-02-23T20:41:24.982+0000] {processor.py:208} INFO - Processing /home/airflow/.local/lib/python3.12/site-packages/airflow/example_dags/example_dag_decorator.py took 0.345 seconds
[2025-02-23T20:41:55.188+0000] {processor.py:186} INFO - Started process (PID=2154) to work on /home/airflow/.local/lib/python3.12/site-packages/airflow/example_dags/example_dag_decorator.py
[2025-02-23T20:41:55.190+0000] {processor.py:914} INFO - Processing file /home/airflow/.local/lib/python3.12/site-packages/airflow/example_dags/example_dag_decorator.py for tasks to queue
[2025-02-23T20:41:55.193+0000] {logging_mixin.py:190} INFO - [2025-02-23T20:41:55.193+0000] {dagbag.py:588} INFO - Filling up the DagBag from /home/airflow/.local/lib/python3.12/site-packages/airflow/example_dags/example_dag_decorator.py
[2025-02-23T20:41:55.338+0000] {processor.py:925} INFO - DAG(s) 'example_dag_decorator' retrieved from /home/airflow/.local/lib/python3.12/site-packages/airflow/example_dags/example_dag_decorator.py
[2025-02-23T20:41:55.502+0000] {logging_mixin.py:190} INFO - [2025-02-23T20:41:55.502+0000] {dag.py:3239} INFO - Sync 1 DAGs
[2025-02-23T20:41:55.521+0000] {logging_mixin.py:190} INFO - [2025-02-23T20:41:55.521+0000] {dag.py:4180} INFO - Setting next_dagrun for example_dag_decorator to None, run_after=None
[2025-02-23T20:41:55.551+0000] {processor.py:208} INFO - Processing /home/airflow/.local/lib/python3.12/site-packages/airflow/example_dags/example_dag_decorator.py took 0.370 seconds
[2025-02-23T20:42:25.846+0000] {processor.py:186} INFO - Started process (PID=2216) to work on /home/airflow/.local/lib/python3.12/site-packages/airflow/example_dags/example_dag_decorator.py
[2025-02-23T20:42:25.848+0000] {processor.py:914} INFO - Processing file /home/airflow/.local/lib/python3.12/site-packages/airflow/example_dags/example_dag_decorator.py for tasks to queue
[2025-02-23T20:42:25.851+0000] {logging_mixin.py:190} INFO - [2025-02-23T20:42:25.850+0000] {dagbag.py:588} INFO - Filling up the DagBag from /home/airflow/.local/lib/python3.12/site-packages/airflow/example_dags/example_dag_decorator.py
[2025-02-23T20:42:25.989+0000] {processor.py:925} INFO - DAG(s) 'example_dag_decorator' retrieved from /home/airflow/.local/lib/python3.12/site-packages/airflow/example_dags/example_dag_decorator.py
[2025-02-23T20:42:26.154+0000] {logging_mixin.py:190} INFO - [2025-02-23T20:42:26.153+0000] {dag.py:3239} INFO - Sync 1 DAGs
[2025-02-23T20:42:26.173+0000] {logging_mixin.py:190} INFO - [2025-02-23T20:42:26.172+0000] {dag.py:4180} INFO - Setting next_dagrun for example_dag_decorator to None, run_after=None
[2025-02-23T20:42:26.204+0000] {processor.py:208} INFO - Processing /home/airflow/.local/lib/python3.12/site-packages/airflow/example_dags/example_dag_decorator.py took 0.366 seconds
[2025-02-23T20:42:56.529+0000] {processor.py:186} INFO - Started process (PID=2279) to work on /home/airflow/.local/lib/python3.12/site-packages/airflow/example_dags/example_dag_decorator.py
[2025-02-23T20:42:56.531+0000] {processor.py:914} INFO - Processing file /home/airflow/.local/lib/python3.12/site-packages/airflow/example_dags/example_dag_decorator.py for tasks to queue
[2025-02-23T20:42:56.534+0000] {logging_mixin.py:190} INFO - [2025-02-23T20:42:56.534+0000] {dagbag.py:588} INFO - Filling up the DagBag from /home/airflow/.local/lib/python3.12/site-packages/airflow/example_dags/example_dag_decorator.py
[2025-02-23T20:42:56.683+0000] {processor.py:925} INFO - DAG(s) 'example_dag_decorator' retrieved from /home/airflow/.local/lib/python3.12/site-packages/airflow/example_dags/example_dag_decorator.py
[2025-02-23T20:42:56.862+0000] {logging_mixin.py:190} INFO - [2025-02-23T20:42:56.861+0000] {dag.py:3239} INFO - Sync 1 DAGs
[2025-02-23T20:42:56.879+0000] {logging_mixin.py:190} INFO - [2025-02-23T20:42:56.879+0000] {dag.py:4180} INFO - Setting next_dagrun for example_dag_decorator to None, run_after=None
[2025-02-23T20:42:56.908+0000] {processor.py:208} INFO - Processing /home/airflow/.local/lib/python3.12/site-packages/airflow/example_dags/example_dag_decorator.py took 0.387 seconds
[2025-02-23T20:43:27.749+0000] {processor.py:186} INFO - Started process (PID=2342) to work on /home/airflow/.local/lib/python3.12/site-packages/airflow/example_dags/example_dag_decorator.py
[2025-02-23T20:43:27.750+0000] {processor.py:914} INFO - Processing file /home/airflow/.local/lib/python3.12/site-packages/airflow/example_dags/example_dag_decorator.py for tasks to queue
[2025-02-23T20:43:27.753+0000] {logging_mixin.py:190} INFO - [2025-02-23T20:43:27.753+0000] {dagbag.py:588} INFO - Filling up the DagBag from /home/airflow/.local/lib/python3.12/site-packages/airflow/example_dags/example_dag_decorator.py
[2025-02-23T20:43:27.916+0000] {processor.py:925} INFO - DAG(s) 'example_dag_decorator' retrieved from /home/airflow/.local/lib/python3.12/site-packages/airflow/example_dags/example_dag_decorator.py
[2025-02-23T20:43:28.108+0000] {logging_mixin.py:190} INFO - [2025-02-23T20:43:28.108+0000] {dag.py:3239} INFO - Sync 1 DAGs
[2025-02-23T20:43:28.132+0000] {logging_mixin.py:190} INFO - [2025-02-23T20:43:28.132+0000] {dag.py:4180} INFO - Setting next_dagrun for example_dag_decorator to None, run_after=None
[2025-02-23T20:43:28.445+0000] {processor.py:208} INFO - Processing /home/airflow/.local/lib/python3.12/site-packages/airflow/example_dags/example_dag_decorator.py took 0.703 seconds
[2025-02-23T20:43:58.901+0000] {processor.py:186} INFO - Started process (PID=2406) to work on /home/airflow/.local/lib/python3.12/site-packages/airflow/example_dags/example_dag_decorator.py
[2025-02-23T20:43:58.903+0000] {processor.py:914} INFO - Processing file /home/airflow/.local/lib/python3.12/site-packages/airflow/example_dags/example_dag_decorator.py for tasks to queue
[2025-02-23T20:43:58.906+0000] {logging_mixin.py:190} INFO - [2025-02-23T20:43:58.905+0000] {dagbag.py:588} INFO - Filling up the DagBag from /home/airflow/.local/lib/python3.12/site-packages/airflow/example_dags/example_dag_decorator.py
[2025-02-23T20:43:59.056+0000] {processor.py:925} INFO - DAG(s) 'example_dag_decorator' retrieved from /home/airflow/.local/lib/python3.12/site-packages/airflow/example_dags/example_dag_decorator.py
[2025-02-23T20:43:59.093+0000] {logging_mixin.py:190} INFO - [2025-02-23T20:43:59.093+0000] {dag.py:3239} INFO - Sync 1 DAGs
[2025-02-23T20:43:59.120+0000] {logging_mixin.py:190} INFO - [2025-02-23T20:43:59.119+0000] {dag.py:4180} INFO - Setting next_dagrun for example_dag_decorator to None, run_after=None
[2025-02-23T20:43:59.150+0000] {processor.py:208} INFO - Processing /home/airflow/.local/lib/python3.12/site-packages/airflow/example_dags/example_dag_decorator.py took 0.256 seconds
[2025-02-23T20:44:29.279+0000] {processor.py:186} INFO - Started process (PID=2469) to work on /home/airflow/.local/lib/python3.12/site-packages/airflow/example_dags/example_dag_decorator.py
[2025-02-23T20:44:29.281+0000] {processor.py:914} INFO - Processing file /home/airflow/.local/lib/python3.12/site-packages/airflow/example_dags/example_dag_decorator.py for tasks to queue
[2025-02-23T20:44:29.285+0000] {logging_mixin.py:190} INFO - [2025-02-23T20:44:29.284+0000] {dagbag.py:588} INFO - Filling up the DagBag from /home/airflow/.local/lib/python3.12/site-packages/airflow/example_dags/example_dag_decorator.py
[2025-02-23T20:44:29.430+0000] {processor.py:925} INFO - DAG(s) 'example_dag_decorator' retrieved from /home/airflow/.local/lib/python3.12/site-packages/airflow/example_dags/example_dag_decorator.py
[2025-02-23T20:44:29.599+0000] {logging_mixin.py:190} INFO - [2025-02-23T20:44:29.599+0000] {dag.py:3239} INFO - Sync 1 DAGs
[2025-02-23T20:44:29.619+0000] {logging_mixin.py:190} INFO - [2025-02-23T20:44:29.618+0000] {dag.py:4180} INFO - Setting next_dagrun for example_dag_decorator to None, run_after=None
[2025-02-23T20:44:29.648+0000] {processor.py:208} INFO - Processing /home/airflow/.local/lib/python3.12/site-packages/airflow/example_dags/example_dag_decorator.py took 0.376 seconds
[2025-02-23T20:44:59.779+0000] {processor.py:186} INFO - Started process (PID=2533) to work on /home/airflow/.local/lib/python3.12/site-packages/airflow/example_dags/example_dag_decorator.py
[2025-02-23T20:44:59.781+0000] {processor.py:914} INFO - Processing file /home/airflow/.local/lib/python3.12/site-packages/airflow/example_dags/example_dag_decorator.py for tasks to queue
[2025-02-23T20:44:59.783+0000] {logging_mixin.py:190} INFO - [2025-02-23T20:44:59.783+0000] {dagbag.py:588} INFO - Filling up the DagBag from /home/airflow/.local/lib/python3.12/site-packages/airflow/example_dags/example_dag_decorator.py
[2025-02-23T20:44:59.919+0000] {processor.py:925} INFO - DAG(s) 'example_dag_decorator' retrieved from /home/airflow/.local/lib/python3.12/site-packages/airflow/example_dags/example_dag_decorator.py
[2025-02-23T20:45:00.101+0000] {logging_mixin.py:190} INFO - [2025-02-23T20:45:00.100+0000] {dag.py:3239} INFO - Sync 1 DAGs
[2025-02-23T20:45:00.352+0000] {logging_mixin.py:190} INFO - [2025-02-23T20:45:00.351+0000] {dag.py:4180} INFO - Setting next_dagrun for example_dag_decorator to None, run_after=None
[2025-02-23T20:45:00.375+0000] {processor.py:208} INFO - Processing /home/airflow/.local/lib/python3.12/site-packages/airflow/example_dags/example_dag_decorator.py took 0.604 seconds
[2025-02-23T20:45:30.486+0000] {processor.py:186} INFO - Started process (PID=2596) to work on /home/airflow/.local/lib/python3.12/site-packages/airflow/example_dags/example_dag_decorator.py
[2025-02-23T20:45:30.488+0000] {processor.py:914} INFO - Processing file /home/airflow/.local/lib/python3.12/site-packages/airflow/example_dags/example_dag_decorator.py for tasks to queue
[2025-02-23T20:45:30.491+0000] {logging_mixin.py:190} INFO - [2025-02-23T20:45:30.490+0000] {dagbag.py:588} INFO - Filling up the DagBag from /home/airflow/.local/lib/python3.12/site-packages/airflow/example_dags/example_dag_decorator.py
[2025-02-23T20:45:30.631+0000] {processor.py:925} INFO - DAG(s) 'example_dag_decorator' retrieved from /home/airflow/.local/lib/python3.12/site-packages/airflow/example_dags/example_dag_decorator.py
[2025-02-23T20:45:30.786+0000] {logging_mixin.py:190} INFO - [2025-02-23T20:45:30.786+0000] {dag.py:3239} INFO - Sync 1 DAGs
[2025-02-23T20:45:31.031+0000] {logging_mixin.py:190} INFO - [2025-02-23T20:45:31.031+0000] {dag.py:4180} INFO - Setting next_dagrun for example_dag_decorator to None, run_after=None
[2025-02-23T20:45:31.057+0000] {processor.py:208} INFO - Processing /home/airflow/.local/lib/python3.12/site-packages/airflow/example_dags/example_dag_decorator.py took 0.578 seconds
