[2025-02-23T20:25:21.972+0000] {processor.py:186} INFO - Started process (PID=123) to work on /home/airflow/.local/lib/python3.12/site-packages/airflow/example_dags/example_latest_only_with_trigger.py
[2025-02-23T20:25:21.974+0000] {processor.py:914} INFO - Processing file /home/airflow/.local/lib/python3.12/site-packages/airflow/example_dags/example_latest_only_with_trigger.py for tasks to queue
[2025-02-23T20:25:21.977+0000] {logging_mixin.py:190} INFO - [2025-02-23T20:25:21.977+0000] {dagbag.py:588} INFO - Filling up the DagBag from /home/airflow/.local/lib/python3.12/site-packages/airflow/example_dags/example_latest_only_with_trigger.py
[2025-02-23T20:25:21.991+0000] {processor.py:925} INFO - DAG(s) 'latest_only_with_trigger' retrieved from /home/airflow/.local/lib/python3.12/site-packages/airflow/example_dags/example_latest_only_with_trigger.py
[2025-02-23T20:25:22.150+0000] {logging_mixin.py:190} INFO - [2025-02-23T20:25:22.149+0000] {override.py:1912} INFO - Created Permission View: can read on DAG:latest_only_with_trigger
[2025-02-23T20:25:22.165+0000] {logging_mixin.py:190} INFO - [2025-02-23T20:25:22.164+0000] {override.py:1912} INFO - Created Permission View: can delete on DAG:latest_only_with_trigger
[2025-02-23T20:25:22.175+0000] {logging_mixin.py:190} INFO - [2025-02-23T20:25:22.175+0000] {override.py:1912} INFO - Created Permission View: can edit on DAG:latest_only_with_trigger
[2025-02-23T20:25:22.187+0000] {logging_mixin.py:190} INFO - [2025-02-23T20:25:22.186+0000] {override.py:1912} INFO - Created Permission View: can create on DAG Run:latest_only_with_trigger
[2025-02-23T20:25:22.197+0000] {logging_mixin.py:190} INFO - [2025-02-23T20:25:22.196+0000] {override.py:1912} INFO - Created Permission View: can read on DAG Run:latest_only_with_trigger
[2025-02-23T20:25:22.206+0000] {logging_mixin.py:190} INFO - [2025-02-23T20:25:22.205+0000] {override.py:1912} INFO - Created Permission View: can delete on DAG Run:latest_only_with_trigger
[2025-02-23T20:25:22.214+0000] {logging_mixin.py:190} INFO - [2025-02-23T20:25:22.214+0000] {override.py:1912} INFO - Created Permission View: menu access on DAG Run:latest_only_with_trigger
[2025-02-23T20:25:22.215+0000] {logging_mixin.py:190} INFO - [2025-02-23T20:25:22.215+0000] {dag.py:3239} INFO - Sync 1 DAGs
[2025-02-23T20:25:22.237+0000] {logging_mixin.py:190} INFO - [2025-02-23T20:25:22.236+0000] {dag.py:3262} INFO - Creating ORM DAG for latest_only_with_trigger
[2025-02-23T20:25:22.252+0000] {logging_mixin.py:190} INFO - [2025-02-23T20:25:22.252+0000] {dag.py:4180} INFO - Setting next_dagrun for latest_only_with_trigger to 2025-02-23 16:00:00+00:00, run_after=2025-02-23 20:00:00+00:00
[2025-02-23T20:25:22.275+0000] {processor.py:208} INFO - Processing /home/airflow/.local/lib/python3.12/site-packages/airflow/example_dags/example_latest_only_with_trigger.py took 0.311 seconds
[2025-02-23T20:25:52.415+0000] {processor.py:186} INFO - Started process (PID=186) to work on /home/airflow/.local/lib/python3.12/site-packages/airflow/example_dags/example_latest_only_with_trigger.py
[2025-02-23T20:25:52.417+0000] {processor.py:914} INFO - Processing file /home/airflow/.local/lib/python3.12/site-packages/airflow/example_dags/example_latest_only_with_trigger.py for tasks to queue
[2025-02-23T20:25:52.420+0000] {logging_mixin.py:190} INFO - [2025-02-23T20:25:52.420+0000] {dagbag.py:588} INFO - Filling up the DagBag from /home/airflow/.local/lib/python3.12/site-packages/airflow/example_dags/example_latest_only_with_trigger.py
[2025-02-23T20:25:52.430+0000] {processor.py:925} INFO - DAG(s) 'latest_only_with_trigger' retrieved from /home/airflow/.local/lib/python3.12/site-packages/airflow/example_dags/example_latest_only_with_trigger.py
[2025-02-23T20:25:52.459+0000] {logging_mixin.py:190} INFO - [2025-02-23T20:25:52.459+0000] {dag.py:3239} INFO - Sync 1 DAGs
[2025-02-23T20:25:52.493+0000] {logging_mixin.py:190} INFO - [2025-02-23T20:25:52.493+0000] {dag.py:4180} INFO - Setting next_dagrun for latest_only_with_trigger to 2025-02-23 16:00:00+00:00, run_after=2025-02-23 20:00:00+00:00
[2025-02-23T20:25:52.519+0000] {processor.py:208} INFO - Processing /home/airflow/.local/lib/python3.12/site-packages/airflow/example_dags/example_latest_only_with_trigger.py took 0.113 seconds
[2025-02-23T20:26:23.522+0000] {processor.py:186} INFO - Started process (PID=249) to work on /home/airflow/.local/lib/python3.12/site-packages/airflow/example_dags/example_latest_only_with_trigger.py
[2025-02-23T20:26:23.524+0000] {processor.py:914} INFO - Processing file /home/airflow/.local/lib/python3.12/site-packages/airflow/example_dags/example_latest_only_with_trigger.py for tasks to queue
[2025-02-23T20:26:23.527+0000] {logging_mixin.py:190} INFO - [2025-02-23T20:26:23.526+0000] {dagbag.py:588} INFO - Filling up the DagBag from /home/airflow/.local/lib/python3.12/site-packages/airflow/example_dags/example_latest_only_with_trigger.py
[2025-02-23T20:26:23.538+0000] {processor.py:925} INFO - DAG(s) 'latest_only_with_trigger' retrieved from /home/airflow/.local/lib/python3.12/site-packages/airflow/example_dags/example_latest_only_with_trigger.py
[2025-02-23T20:26:23.571+0000] {logging_mixin.py:190} INFO - [2025-02-23T20:26:23.571+0000] {dag.py:3239} INFO - Sync 1 DAGs
[2025-02-23T20:26:23.614+0000] {logging_mixin.py:190} INFO - [2025-02-23T20:26:23.614+0000] {dag.py:4180} INFO - Setting next_dagrun for latest_only_with_trigger to 2025-02-23 16:00:00+00:00, run_after=2025-02-23 20:00:00+00:00
[2025-02-23T20:26:23.646+0000] {processor.py:208} INFO - Processing /home/airflow/.local/lib/python3.12/site-packages/airflow/example_dags/example_latest_only_with_trigger.py took 0.134 seconds
[2025-02-23T20:26:53.704+0000] {processor.py:186} INFO - Started process (PID=311) to work on /home/airflow/.local/lib/python3.12/site-packages/airflow/example_dags/example_latest_only_with_trigger.py
[2025-02-23T20:26:53.706+0000] {processor.py:914} INFO - Processing file /home/airflow/.local/lib/python3.12/site-packages/airflow/example_dags/example_latest_only_with_trigger.py for tasks to queue
[2025-02-23T20:26:53.708+0000] {logging_mixin.py:190} INFO - [2025-02-23T20:26:53.708+0000] {dagbag.py:588} INFO - Filling up the DagBag from /home/airflow/.local/lib/python3.12/site-packages/airflow/example_dags/example_latest_only_with_trigger.py
[2025-02-23T20:26:53.720+0000] {processor.py:925} INFO - DAG(s) 'latest_only_with_trigger' retrieved from /home/airflow/.local/lib/python3.12/site-packages/airflow/example_dags/example_latest_only_with_trigger.py
[2025-02-23T20:26:53.751+0000] {logging_mixin.py:190} INFO - [2025-02-23T20:26:53.750+0000] {dag.py:3239} INFO - Sync 1 DAGs
[2025-02-23T20:26:53.783+0000] {logging_mixin.py:190} INFO - [2025-02-23T20:26:53.782+0000] {dag.py:4180} INFO - Setting next_dagrun for latest_only_with_trigger to 2025-02-23 16:00:00+00:00, run_after=2025-02-23 20:00:00+00:00
[2025-02-23T20:26:53.807+0000] {processor.py:208} INFO - Processing /home/airflow/.local/lib/python3.12/site-packages/airflow/example_dags/example_latest_only_with_trigger.py took 0.112 seconds
[2025-02-23T20:27:23.889+0000] {processor.py:186} INFO - Started process (PID=374) to work on /home/airflow/.local/lib/python3.12/site-packages/airflow/example_dags/example_latest_only_with_trigger.py
[2025-02-23T20:27:23.891+0000] {processor.py:914} INFO - Processing file /home/airflow/.local/lib/python3.12/site-packages/airflow/example_dags/example_latest_only_with_trigger.py for tasks to queue
[2025-02-23T20:27:23.893+0000] {logging_mixin.py:190} INFO - [2025-02-23T20:27:23.893+0000] {dagbag.py:588} INFO - Filling up the DagBag from /home/airflow/.local/lib/python3.12/site-packages/airflow/example_dags/example_latest_only_with_trigger.py
[2025-02-23T20:27:23.902+0000] {processor.py:925} INFO - DAG(s) 'latest_only_with_trigger' retrieved from /home/airflow/.local/lib/python3.12/site-packages/airflow/example_dags/example_latest_only_with_trigger.py
[2025-02-23T20:27:23.928+0000] {logging_mixin.py:190} INFO - [2025-02-23T20:27:23.928+0000] {dag.py:3239} INFO - Sync 1 DAGs
[2025-02-23T20:27:23.961+0000] {logging_mixin.py:190} INFO - [2025-02-23T20:27:23.960+0000] {dag.py:4180} INFO - Setting next_dagrun for latest_only_with_trigger to 2025-02-23 16:00:00+00:00, run_after=2025-02-23 20:00:00+00:00
[2025-02-23T20:27:23.986+0000] {processor.py:208} INFO - Processing /home/airflow/.local/lib/python3.12/site-packages/airflow/example_dags/example_latest_only_with_trigger.py took 0.104 seconds
[2025-02-23T20:27:54.525+0000] {processor.py:186} INFO - Started process (PID=437) to work on /home/airflow/.local/lib/python3.12/site-packages/airflow/example_dags/example_latest_only_with_trigger.py
[2025-02-23T20:27:54.525+0000] {processor.py:914} INFO - Processing file /home/airflow/.local/lib/python3.12/site-packages/airflow/example_dags/example_latest_only_with_trigger.py for tasks to queue
[2025-02-23T20:27:54.528+0000] {logging_mixin.py:190} INFO - [2025-02-23T20:27:54.528+0000] {dagbag.py:588} INFO - Filling up the DagBag from /home/airflow/.local/lib/python3.12/site-packages/airflow/example_dags/example_latest_only_with_trigger.py
[2025-02-23T20:27:54.537+0000] {processor.py:925} INFO - DAG(s) 'latest_only_with_trigger' retrieved from /home/airflow/.local/lib/python3.12/site-packages/airflow/example_dags/example_latest_only_with_trigger.py
[2025-02-23T20:27:54.566+0000] {logging_mixin.py:190} INFO - [2025-02-23T20:27:54.565+0000] {dag.py:3239} INFO - Sync 1 DAGs
[2025-02-23T20:27:54.599+0000] {logging_mixin.py:190} INFO - [2025-02-23T20:27:54.599+0000] {dag.py:4180} INFO - Setting next_dagrun for latest_only_with_trigger to 2025-02-23 16:00:00+00:00, run_after=2025-02-23 20:00:00+00:00
[2025-02-23T20:27:54.624+0000] {processor.py:208} INFO - Processing /home/airflow/.local/lib/python3.12/site-packages/airflow/example_dags/example_latest_only_with_trigger.py took 0.107 seconds
[2025-02-23T20:28:24.937+0000] {processor.py:186} INFO - Started process (PID=500) to work on /home/airflow/.local/lib/python3.12/site-packages/airflow/example_dags/example_latest_only_with_trigger.py
[2025-02-23T20:28:24.939+0000] {processor.py:914} INFO - Processing file /home/airflow/.local/lib/python3.12/site-packages/airflow/example_dags/example_latest_only_with_trigger.py for tasks to queue
[2025-02-23T20:28:24.941+0000] {logging_mixin.py:190} INFO - [2025-02-23T20:28:24.941+0000] {dagbag.py:588} INFO - Filling up the DagBag from /home/airflow/.local/lib/python3.12/site-packages/airflow/example_dags/example_latest_only_with_trigger.py
[2025-02-23T20:28:24.950+0000] {processor.py:925} INFO - DAG(s) 'latest_only_with_trigger' retrieved from /home/airflow/.local/lib/python3.12/site-packages/airflow/example_dags/example_latest_only_with_trigger.py
[2025-02-23T20:28:24.979+0000] {logging_mixin.py:190} INFO - [2025-02-23T20:28:24.979+0000] {dag.py:3239} INFO - Sync 1 DAGs
[2025-02-23T20:28:25.010+0000] {logging_mixin.py:190} INFO - [2025-02-23T20:28:25.010+0000] {dag.py:4180} INFO - Setting next_dagrun for latest_only_with_trigger to 2025-02-23 16:00:00+00:00, run_after=2025-02-23 20:00:00+00:00
[2025-02-23T20:28:25.035+0000] {processor.py:208} INFO - Processing /home/airflow/.local/lib/python3.12/site-packages/airflow/example_dags/example_latest_only_with_trigger.py took 0.105 seconds
[2025-02-23T20:28:55.674+0000] {processor.py:186} INFO - Started process (PID=563) to work on /home/airflow/.local/lib/python3.12/site-packages/airflow/example_dags/example_latest_only_with_trigger.py
[2025-02-23T20:28:55.676+0000] {processor.py:914} INFO - Processing file /home/airflow/.local/lib/python3.12/site-packages/airflow/example_dags/example_latest_only_with_trigger.py for tasks to queue
[2025-02-23T20:28:55.679+0000] {logging_mixin.py:190} INFO - [2025-02-23T20:28:55.678+0000] {dagbag.py:588} INFO - Filling up the DagBag from /home/airflow/.local/lib/python3.12/site-packages/airflow/example_dags/example_latest_only_with_trigger.py
[2025-02-23T20:28:55.688+0000] {processor.py:925} INFO - DAG(s) 'latest_only_with_trigger' retrieved from /home/airflow/.local/lib/python3.12/site-packages/airflow/example_dags/example_latest_only_with_trigger.py
[2025-02-23T20:28:55.713+0000] {logging_mixin.py:190} INFO - [2025-02-23T20:28:55.713+0000] {dag.py:3239} INFO - Sync 1 DAGs
[2025-02-23T20:28:55.743+0000] {logging_mixin.py:190} INFO - [2025-02-23T20:28:55.743+0000] {dag.py:4180} INFO - Setting next_dagrun for latest_only_with_trigger to 2025-02-23 16:00:00+00:00, run_after=2025-02-23 20:00:00+00:00
[2025-02-23T20:28:55.767+0000] {processor.py:208} INFO - Processing /home/airflow/.local/lib/python3.12/site-packages/airflow/example_dags/example_latest_only_with_trigger.py took 0.101 seconds
[2025-02-23T20:29:26.590+0000] {processor.py:186} INFO - Started process (PID=625) to work on /home/airflow/.local/lib/python3.12/site-packages/airflow/example_dags/example_latest_only_with_trigger.py
[2025-02-23T20:29:26.591+0000] {processor.py:914} INFO - Processing file /home/airflow/.local/lib/python3.12/site-packages/airflow/example_dags/example_latest_only_with_trigger.py for tasks to queue
[2025-02-23T20:29:26.593+0000] {logging_mixin.py:190} INFO - [2025-02-23T20:29:26.593+0000] {dagbag.py:588} INFO - Filling up the DagBag from /home/airflow/.local/lib/python3.12/site-packages/airflow/example_dags/example_latest_only_with_trigger.py
[2025-02-23T20:29:26.603+0000] {processor.py:925} INFO - DAG(s) 'latest_only_with_trigger' retrieved from /home/airflow/.local/lib/python3.12/site-packages/airflow/example_dags/example_latest_only_with_trigger.py
[2025-02-23T20:29:26.629+0000] {logging_mixin.py:190} INFO - [2025-02-23T20:29:26.629+0000] {dag.py:3239} INFO - Sync 1 DAGs
[2025-02-23T20:29:26.661+0000] {logging_mixin.py:190} INFO - [2025-02-23T20:29:26.661+0000] {dag.py:4180} INFO - Setting next_dagrun for latest_only_with_trigger to 2025-02-23 16:00:00+00:00, run_after=2025-02-23 20:00:00+00:00
[2025-02-23T20:29:26.689+0000] {processor.py:208} INFO - Processing /home/airflow/.local/lib/python3.12/site-packages/airflow/example_dags/example_latest_only_with_trigger.py took 0.110 seconds
[2025-02-23T20:29:57.672+0000] {processor.py:186} INFO - Started process (PID=688) to work on /home/airflow/.local/lib/python3.12/site-packages/airflow/example_dags/example_latest_only_with_trigger.py
[2025-02-23T20:29:57.674+0000] {processor.py:914} INFO - Processing file /home/airflow/.local/lib/python3.12/site-packages/airflow/example_dags/example_latest_only_with_trigger.py for tasks to queue
[2025-02-23T20:29:57.676+0000] {logging_mixin.py:190} INFO - [2025-02-23T20:29:57.676+0000] {dagbag.py:588} INFO - Filling up the DagBag from /home/airflow/.local/lib/python3.12/site-packages/airflow/example_dags/example_latest_only_with_trigger.py
[2025-02-23T20:29:57.686+0000] {processor.py:925} INFO - DAG(s) 'latest_only_with_trigger' retrieved from /home/airflow/.local/lib/python3.12/site-packages/airflow/example_dags/example_latest_only_with_trigger.py
[2025-02-23T20:29:57.714+0000] {logging_mixin.py:190} INFO - [2025-02-23T20:29:57.713+0000] {dag.py:3239} INFO - Sync 1 DAGs
[2025-02-23T20:29:57.746+0000] {logging_mixin.py:190} INFO - [2025-02-23T20:29:57.746+0000] {dag.py:4180} INFO - Setting next_dagrun for latest_only_with_trigger to 2025-02-23 16:00:00+00:00, run_after=2025-02-23 20:00:00+00:00
[2025-02-23T20:29:57.772+0000] {processor.py:208} INFO - Processing /home/airflow/.local/lib/python3.12/site-packages/airflow/example_dags/example_latest_only_with_trigger.py took 0.107 seconds
[2025-02-23T20:30:28.759+0000] {processor.py:186} INFO - Started process (PID=751) to work on /home/airflow/.local/lib/python3.12/site-packages/airflow/example_dags/example_latest_only_with_trigger.py
[2025-02-23T20:30:28.760+0000] {processor.py:914} INFO - Processing file /home/airflow/.local/lib/python3.12/site-packages/airflow/example_dags/example_latest_only_with_trigger.py for tasks to queue
[2025-02-23T20:30:28.764+0000] {logging_mixin.py:190} INFO - [2025-02-23T20:30:28.763+0000] {dagbag.py:588} INFO - Filling up the DagBag from /home/airflow/.local/lib/python3.12/site-packages/airflow/example_dags/example_latest_only_with_trigger.py
[2025-02-23T20:30:28.774+0000] {processor.py:925} INFO - DAG(s) 'latest_only_with_trigger' retrieved from /home/airflow/.local/lib/python3.12/site-packages/airflow/example_dags/example_latest_only_with_trigger.py
[2025-02-23T20:30:28.801+0000] {logging_mixin.py:190} INFO - [2025-02-23T20:30:28.800+0000] {dag.py:3239} INFO - Sync 1 DAGs
[2025-02-23T20:30:28.838+0000] {logging_mixin.py:190} INFO - [2025-02-23T20:30:28.838+0000] {dag.py:4180} INFO - Setting next_dagrun for latest_only_with_trigger to 2025-02-23 16:00:00+00:00, run_after=2025-02-23 20:00:00+00:00
[2025-02-23T20:30:28.867+0000] {processor.py:208} INFO - Processing /home/airflow/.local/lib/python3.12/site-packages/airflow/example_dags/example_latest_only_with_trigger.py took 0.116 seconds
[2025-02-23T20:30:59.609+0000] {processor.py:186} INFO - Started process (PID=814) to work on /home/airflow/.local/lib/python3.12/site-packages/airflow/example_dags/example_latest_only_with_trigger.py
[2025-02-23T20:30:59.611+0000] {processor.py:914} INFO - Processing file /home/airflow/.local/lib/python3.12/site-packages/airflow/example_dags/example_latest_only_with_trigger.py for tasks to queue
[2025-02-23T20:30:59.613+0000] {logging_mixin.py:190} INFO - [2025-02-23T20:30:59.613+0000] {dagbag.py:588} INFO - Filling up the DagBag from /home/airflow/.local/lib/python3.12/site-packages/airflow/example_dags/example_latest_only_with_trigger.py
[2025-02-23T20:30:59.623+0000] {processor.py:925} INFO - DAG(s) 'latest_only_with_trigger' retrieved from /home/airflow/.local/lib/python3.12/site-packages/airflow/example_dags/example_latest_only_with_trigger.py
[2025-02-23T20:30:59.656+0000] {logging_mixin.py:190} INFO - [2025-02-23T20:30:59.655+0000] {dag.py:3239} INFO - Sync 1 DAGs
[2025-02-23T20:30:59.690+0000] {logging_mixin.py:190} INFO - [2025-02-23T20:30:59.690+0000] {dag.py:4180} INFO - Setting next_dagrun for latest_only_with_trigger to 2025-02-23 16:00:00+00:00, run_after=2025-02-23 20:00:00+00:00
[2025-02-23T20:30:59.718+0000] {processor.py:208} INFO - Processing /home/airflow/.local/lib/python3.12/site-packages/airflow/example_dags/example_latest_only_with_trigger.py took 0.118 seconds
[2025-02-23T20:31:30.900+0000] {processor.py:186} INFO - Started process (PID=877) to work on /home/airflow/.local/lib/python3.12/site-packages/airflow/example_dags/example_latest_only_with_trigger.py
[2025-02-23T20:31:30.901+0000] {processor.py:914} INFO - Processing file /home/airflow/.local/lib/python3.12/site-packages/airflow/example_dags/example_latest_only_with_trigger.py for tasks to queue
[2025-02-23T20:31:30.904+0000] {logging_mixin.py:190} INFO - [2025-02-23T20:31:30.904+0000] {dagbag.py:588} INFO - Filling up the DagBag from /home/airflow/.local/lib/python3.12/site-packages/airflow/example_dags/example_latest_only_with_trigger.py
[2025-02-23T20:31:30.914+0000] {processor.py:925} INFO - DAG(s) 'latest_only_with_trigger' retrieved from /home/airflow/.local/lib/python3.12/site-packages/airflow/example_dags/example_latest_only_with_trigger.py
[2025-02-23T20:31:30.941+0000] {logging_mixin.py:190} INFO - [2025-02-23T20:31:30.941+0000] {dag.py:3239} INFO - Sync 1 DAGs
[2025-02-23T20:31:30.976+0000] {logging_mixin.py:190} INFO - [2025-02-23T20:31:30.976+0000] {dag.py:4180} INFO - Setting next_dagrun for latest_only_with_trigger to 2025-02-23 16:00:00+00:00, run_after=2025-02-23 20:00:00+00:00
[2025-02-23T20:31:31.002+0000] {processor.py:208} INFO - Processing /home/airflow/.local/lib/python3.12/site-packages/airflow/example_dags/example_latest_only_with_trigger.py took 0.109 seconds
[2025-02-23T20:32:01.575+0000] {processor.py:186} INFO - Started process (PID=940) to work on /home/airflow/.local/lib/python3.12/site-packages/airflow/example_dags/example_latest_only_with_trigger.py
[2025-02-23T20:32:01.576+0000] {processor.py:914} INFO - Processing file /home/airflow/.local/lib/python3.12/site-packages/airflow/example_dags/example_latest_only_with_trigger.py for tasks to queue
[2025-02-23T20:32:01.579+0000] {logging_mixin.py:190} INFO - [2025-02-23T20:32:01.579+0000] {dagbag.py:588} INFO - Filling up the DagBag from /home/airflow/.local/lib/python3.12/site-packages/airflow/example_dags/example_latest_only_with_trigger.py
[2025-02-23T20:32:01.591+0000] {processor.py:925} INFO - DAG(s) 'latest_only_with_trigger' retrieved from /home/airflow/.local/lib/python3.12/site-packages/airflow/example_dags/example_latest_only_with_trigger.py
[2025-02-23T20:32:01.619+0000] {logging_mixin.py:190} INFO - [2025-02-23T20:32:01.618+0000] {dag.py:3239} INFO - Sync 1 DAGs
[2025-02-23T20:32:01.652+0000] {logging_mixin.py:190} INFO - [2025-02-23T20:32:01.652+0000] {dag.py:4180} INFO - Setting next_dagrun for latest_only_with_trigger to 2025-02-23 16:00:00+00:00, run_after=2025-02-23 20:00:00+00:00
[2025-02-23T20:32:01.682+0000] {processor.py:208} INFO - Processing /home/airflow/.local/lib/python3.12/site-packages/airflow/example_dags/example_latest_only_with_trigger.py took 0.115 seconds
[2025-02-23T20:32:32.535+0000] {processor.py:186} INFO - Started process (PID=1003) to work on /home/airflow/.local/lib/python3.12/site-packages/airflow/example_dags/example_latest_only_with_trigger.py
[2025-02-23T20:32:32.536+0000] {processor.py:914} INFO - Processing file /home/airflow/.local/lib/python3.12/site-packages/airflow/example_dags/example_latest_only_with_trigger.py for tasks to queue
[2025-02-23T20:32:32.539+0000] {logging_mixin.py:190} INFO - [2025-02-23T20:32:32.539+0000] {dagbag.py:588} INFO - Filling up the DagBag from /home/airflow/.local/lib/python3.12/site-packages/airflow/example_dags/example_latest_only_with_trigger.py
[2025-02-23T20:32:32.548+0000] {processor.py:925} INFO - DAG(s) 'latest_only_with_trigger' retrieved from /home/airflow/.local/lib/python3.12/site-packages/airflow/example_dags/example_latest_only_with_trigger.py
[2025-02-23T20:32:32.575+0000] {logging_mixin.py:190} INFO - [2025-02-23T20:32:32.574+0000] {dag.py:3239} INFO - Sync 1 DAGs
[2025-02-23T20:32:32.606+0000] {logging_mixin.py:190} INFO - [2025-02-23T20:32:32.606+0000] {dag.py:4180} INFO - Setting next_dagrun for latest_only_with_trigger to 2025-02-23 16:00:00+00:00, run_after=2025-02-23 20:00:00+00:00
[2025-02-23T20:32:32.632+0000] {processor.py:208} INFO - Processing /home/airflow/.local/lib/python3.12/site-packages/airflow/example_dags/example_latest_only_with_trigger.py took 0.105 seconds
[2025-02-23T20:33:02.953+0000] {processor.py:186} INFO - Started process (PID=1065) to work on /home/airflow/.local/lib/python3.12/site-packages/airflow/example_dags/example_latest_only_with_trigger.py
[2025-02-23T20:33:02.954+0000] {processor.py:914} INFO - Processing file /home/airflow/.local/lib/python3.12/site-packages/airflow/example_dags/example_latest_only_with_trigger.py for tasks to queue
[2025-02-23T20:33:02.957+0000] {logging_mixin.py:190} INFO - [2025-02-23T20:33:02.956+0000] {dagbag.py:588} INFO - Filling up the DagBag from /home/airflow/.local/lib/python3.12/site-packages/airflow/example_dags/example_latest_only_with_trigger.py
[2025-02-23T20:33:02.966+0000] {processor.py:925} INFO - DAG(s) 'latest_only_with_trigger' retrieved from /home/airflow/.local/lib/python3.12/site-packages/airflow/example_dags/example_latest_only_with_trigger.py
[2025-02-23T20:33:02.993+0000] {logging_mixin.py:190} INFO - [2025-02-23T20:33:02.992+0000] {dag.py:3239} INFO - Sync 1 DAGs
[2025-02-23T20:33:03.024+0000] {logging_mixin.py:190} INFO - [2025-02-23T20:33:03.024+0000] {dag.py:4180} INFO - Setting next_dagrun for latest_only_with_trigger to 2025-02-23 16:00:00+00:00, run_after=2025-02-23 20:00:00+00:00
[2025-02-23T20:33:03.049+0000] {processor.py:208} INFO - Processing /home/airflow/.local/lib/python3.12/site-packages/airflow/example_dags/example_latest_only_with_trigger.py took 0.105 seconds
[2025-02-23T20:33:33.376+0000] {processor.py:186} INFO - Started process (PID=1127) to work on /home/airflow/.local/lib/python3.12/site-packages/airflow/example_dags/example_latest_only_with_trigger.py
[2025-02-23T20:33:33.378+0000] {processor.py:914} INFO - Processing file /home/airflow/.local/lib/python3.12/site-packages/airflow/example_dags/example_latest_only_with_trigger.py for tasks to queue
[2025-02-23T20:33:33.380+0000] {logging_mixin.py:190} INFO - [2025-02-23T20:33:33.380+0000] {dagbag.py:588} INFO - Filling up the DagBag from /home/airflow/.local/lib/python3.12/site-packages/airflow/example_dags/example_latest_only_with_trigger.py
[2025-02-23T20:33:33.390+0000] {processor.py:925} INFO - DAG(s) 'latest_only_with_trigger' retrieved from /home/airflow/.local/lib/python3.12/site-packages/airflow/example_dags/example_latest_only_with_trigger.py
[2025-02-23T20:33:33.419+0000] {logging_mixin.py:190} INFO - [2025-02-23T20:33:33.418+0000] {dag.py:3239} INFO - Sync 1 DAGs
[2025-02-23T20:33:33.455+0000] {logging_mixin.py:190} INFO - [2025-02-23T20:33:33.454+0000] {dag.py:4180} INFO - Setting next_dagrun for latest_only_with_trigger to 2025-02-23 16:00:00+00:00, run_after=2025-02-23 20:00:00+00:00
[2025-02-23T20:33:33.480+0000] {processor.py:208} INFO - Processing /home/airflow/.local/lib/python3.12/site-packages/airflow/example_dags/example_latest_only_with_trigger.py took 0.112 seconds
[2025-02-23T20:34:04.215+0000] {processor.py:186} INFO - Started process (PID=1190) to work on /home/airflow/.local/lib/python3.12/site-packages/airflow/example_dags/example_latest_only_with_trigger.py
[2025-02-23T20:34:04.216+0000] {processor.py:914} INFO - Processing file /home/airflow/.local/lib/python3.12/site-packages/airflow/example_dags/example_latest_only_with_trigger.py for tasks to queue
[2025-02-23T20:34:04.219+0000] {logging_mixin.py:190} INFO - [2025-02-23T20:34:04.218+0000] {dagbag.py:588} INFO - Filling up the DagBag from /home/airflow/.local/lib/python3.12/site-packages/airflow/example_dags/example_latest_only_with_trigger.py
[2025-02-23T20:34:04.228+0000] {processor.py:925} INFO - DAG(s) 'latest_only_with_trigger' retrieved from /home/airflow/.local/lib/python3.12/site-packages/airflow/example_dags/example_latest_only_with_trigger.py
[2025-02-23T20:34:04.257+0000] {logging_mixin.py:190} INFO - [2025-02-23T20:34:04.256+0000] {dag.py:3239} INFO - Sync 1 DAGs
[2025-02-23T20:34:04.291+0000] {logging_mixin.py:190} INFO - [2025-02-23T20:34:04.291+0000] {dag.py:4180} INFO - Setting next_dagrun for latest_only_with_trigger to 2025-02-23 16:00:00+00:00, run_after=2025-02-23 20:00:00+00:00
[2025-02-23T20:34:04.321+0000] {processor.py:208} INFO - Processing /home/airflow/.local/lib/python3.12/site-packages/airflow/example_dags/example_latest_only_with_trigger.py took 0.114 seconds
[2025-02-23T20:34:35.322+0000] {processor.py:186} INFO - Started process (PID=1252) to work on /home/airflow/.local/lib/python3.12/site-packages/airflow/example_dags/example_latest_only_with_trigger.py
[2025-02-23T20:34:35.323+0000] {processor.py:914} INFO - Processing file /home/airflow/.local/lib/python3.12/site-packages/airflow/example_dags/example_latest_only_with_trigger.py for tasks to queue
[2025-02-23T20:34:35.326+0000] {logging_mixin.py:190} INFO - [2025-02-23T20:34:35.325+0000] {dagbag.py:588} INFO - Filling up the DagBag from /home/airflow/.local/lib/python3.12/site-packages/airflow/example_dags/example_latest_only_with_trigger.py
[2025-02-23T20:34:35.334+0000] {processor.py:925} INFO - DAG(s) 'latest_only_with_trigger' retrieved from /home/airflow/.local/lib/python3.12/site-packages/airflow/example_dags/example_latest_only_with_trigger.py
[2025-02-23T20:34:35.364+0000] {logging_mixin.py:190} INFO - [2025-02-23T20:34:35.364+0000] {dag.py:3239} INFO - Sync 1 DAGs
[2025-02-23T20:34:35.400+0000] {logging_mixin.py:190} INFO - [2025-02-23T20:34:35.400+0000] {dag.py:4180} INFO - Setting next_dagrun for latest_only_with_trigger to 2025-02-23 16:00:00+00:00, run_after=2025-02-23 20:00:00+00:00
[2025-02-23T20:34:35.426+0000] {processor.py:208} INFO - Processing /home/airflow/.local/lib/python3.12/site-packages/airflow/example_dags/example_latest_only_with_trigger.py took 0.111 seconds
[2025-02-23T20:35:06.563+0000] {processor.py:186} INFO - Started process (PID=1315) to work on /home/airflow/.local/lib/python3.12/site-packages/airflow/example_dags/example_latest_only_with_trigger.py
[2025-02-23T20:35:06.565+0000] {processor.py:914} INFO - Processing file /home/airflow/.local/lib/python3.12/site-packages/airflow/example_dags/example_latest_only_with_trigger.py for tasks to queue
[2025-02-23T20:35:06.568+0000] {logging_mixin.py:190} INFO - [2025-02-23T20:35:06.568+0000] {dagbag.py:588} INFO - Filling up the DagBag from /home/airflow/.local/lib/python3.12/site-packages/airflow/example_dags/example_latest_only_with_trigger.py
[2025-02-23T20:35:06.578+0000] {processor.py:925} INFO - DAG(s) 'latest_only_with_trigger' retrieved from /home/airflow/.local/lib/python3.12/site-packages/airflow/example_dags/example_latest_only_with_trigger.py
[2025-02-23T20:35:06.607+0000] {logging_mixin.py:190} INFO - [2025-02-23T20:35:06.607+0000] {dag.py:3239} INFO - Sync 1 DAGs
[2025-02-23T20:35:06.639+0000] {logging_mixin.py:190} INFO - [2025-02-23T20:35:06.639+0000] {dag.py:4180} INFO - Setting next_dagrun for latest_only_with_trigger to 2025-02-23 16:00:00+00:00, run_after=2025-02-23 20:00:00+00:00
[2025-02-23T20:35:06.665+0000] {processor.py:208} INFO - Processing /home/airflow/.local/lib/python3.12/site-packages/airflow/example_dags/example_latest_only_with_trigger.py took 0.111 seconds
[2025-02-23T20:35:36.867+0000] {processor.py:186} INFO - Started process (PID=1378) to work on /home/airflow/.local/lib/python3.12/site-packages/airflow/example_dags/example_latest_only_with_trigger.py
[2025-02-23T20:35:36.868+0000] {processor.py:914} INFO - Processing file /home/airflow/.local/lib/python3.12/site-packages/airflow/example_dags/example_latest_only_with_trigger.py for tasks to queue
[2025-02-23T20:35:36.871+0000] {logging_mixin.py:190} INFO - [2025-02-23T20:35:36.870+0000] {dagbag.py:588} INFO - Filling up the DagBag from /home/airflow/.local/lib/python3.12/site-packages/airflow/example_dags/example_latest_only_with_trigger.py
[2025-02-23T20:35:36.880+0000] {processor.py:925} INFO - DAG(s) 'latest_only_with_trigger' retrieved from /home/airflow/.local/lib/python3.12/site-packages/airflow/example_dags/example_latest_only_with_trigger.py
[2025-02-23T20:35:36.906+0000] {logging_mixin.py:190} INFO - [2025-02-23T20:35:36.906+0000] {dag.py:3239} INFO - Sync 1 DAGs
[2025-02-23T20:35:36.937+0000] {logging_mixin.py:190} INFO - [2025-02-23T20:35:36.937+0000] {dag.py:4180} INFO - Setting next_dagrun for latest_only_with_trigger to 2025-02-23 16:00:00+00:00, run_after=2025-02-23 20:00:00+00:00
[2025-02-23T20:35:36.961+0000] {processor.py:208} INFO - Processing /home/airflow/.local/lib/python3.12/site-packages/airflow/example_dags/example_latest_only_with_trigger.py took 0.102 seconds
[2025-02-23T20:36:08.074+0000] {processor.py:186} INFO - Started process (PID=1441) to work on /home/airflow/.local/lib/python3.12/site-packages/airflow/example_dags/example_latest_only_with_trigger.py
[2025-02-23T20:36:08.075+0000] {processor.py:914} INFO - Processing file /home/airflow/.local/lib/python3.12/site-packages/airflow/example_dags/example_latest_only_with_trigger.py for tasks to queue
[2025-02-23T20:36:08.078+0000] {logging_mixin.py:190} INFO - [2025-02-23T20:36:08.077+0000] {dagbag.py:588} INFO - Filling up the DagBag from /home/airflow/.local/lib/python3.12/site-packages/airflow/example_dags/example_latest_only_with_trigger.py
[2025-02-23T20:36:08.087+0000] {processor.py:925} INFO - DAG(s) 'latest_only_with_trigger' retrieved from /home/airflow/.local/lib/python3.12/site-packages/airflow/example_dags/example_latest_only_with_trigger.py
[2025-02-23T20:36:08.116+0000] {logging_mixin.py:190} INFO - [2025-02-23T20:36:08.116+0000] {dag.py:3239} INFO - Sync 1 DAGs
[2025-02-23T20:36:08.149+0000] {logging_mixin.py:190} INFO - [2025-02-23T20:36:08.148+0000] {dag.py:4180} INFO - Setting next_dagrun for latest_only_with_trigger to 2025-02-23 16:00:00+00:00, run_after=2025-02-23 20:00:00+00:00
[2025-02-23T20:36:08.177+0000] {processor.py:208} INFO - Processing /home/airflow/.local/lib/python3.12/site-packages/airflow/example_dags/example_latest_only_with_trigger.py took 0.110 seconds
[2025-02-23T20:36:39.378+0000] {processor.py:186} INFO - Started process (PID=1505) to work on /home/airflow/.local/lib/python3.12/site-packages/airflow/example_dags/example_latest_only_with_trigger.py
[2025-02-23T20:36:39.379+0000] {processor.py:914} INFO - Processing file /home/airflow/.local/lib/python3.12/site-packages/airflow/example_dags/example_latest_only_with_trigger.py for tasks to queue
[2025-02-23T20:36:39.382+0000] {logging_mixin.py:190} INFO - [2025-02-23T20:36:39.382+0000] {dagbag.py:588} INFO - Filling up the DagBag from /home/airflow/.local/lib/python3.12/site-packages/airflow/example_dags/example_latest_only_with_trigger.py
[2025-02-23T20:36:39.392+0000] {processor.py:925} INFO - DAG(s) 'latest_only_with_trigger' retrieved from /home/airflow/.local/lib/python3.12/site-packages/airflow/example_dags/example_latest_only_with_trigger.py
[2025-02-23T20:36:39.418+0000] {logging_mixin.py:190} INFO - [2025-02-23T20:36:39.418+0000] {dag.py:3239} INFO - Sync 1 DAGs
[2025-02-23T20:36:39.449+0000] {logging_mixin.py:190} INFO - [2025-02-23T20:36:39.449+0000] {dag.py:4180} INFO - Setting next_dagrun for latest_only_with_trigger to 2025-02-23 16:00:00+00:00, run_after=2025-02-23 20:00:00+00:00
[2025-02-23T20:36:39.478+0000] {processor.py:208} INFO - Processing /home/airflow/.local/lib/python3.12/site-packages/airflow/example_dags/example_latest_only_with_trigger.py took 0.107 seconds
[2025-02-23T20:37:10.172+0000] {processor.py:186} INFO - Started process (PID=1568) to work on /home/airflow/.local/lib/python3.12/site-packages/airflow/example_dags/example_latest_only_with_trigger.py
[2025-02-23T20:37:10.173+0000] {processor.py:914} INFO - Processing file /home/airflow/.local/lib/python3.12/site-packages/airflow/example_dags/example_latest_only_with_trigger.py for tasks to queue
[2025-02-23T20:37:10.176+0000] {logging_mixin.py:190} INFO - [2025-02-23T20:37:10.176+0000] {dagbag.py:588} INFO - Filling up the DagBag from /home/airflow/.local/lib/python3.12/site-packages/airflow/example_dags/example_latest_only_with_trigger.py
[2025-02-23T20:37:10.186+0000] {processor.py:925} INFO - DAG(s) 'latest_only_with_trigger' retrieved from /home/airflow/.local/lib/python3.12/site-packages/airflow/example_dags/example_latest_only_with_trigger.py
[2025-02-23T20:37:10.217+0000] {logging_mixin.py:190} INFO - [2025-02-23T20:37:10.217+0000] {dag.py:3239} INFO - Sync 1 DAGs
[2025-02-23T20:37:10.256+0000] {logging_mixin.py:190} INFO - [2025-02-23T20:37:10.256+0000] {dag.py:4180} INFO - Setting next_dagrun for latest_only_with_trigger to 2025-02-23 16:00:00+00:00, run_after=2025-02-23 20:00:00+00:00
[2025-02-23T20:37:10.281+0000] {processor.py:208} INFO - Processing /home/airflow/.local/lib/python3.12/site-packages/airflow/example_dags/example_latest_only_with_trigger.py took 0.119 seconds
[2025-02-23T20:37:40.924+0000] {processor.py:186} INFO - Started process (PID=1631) to work on /home/airflow/.local/lib/python3.12/site-packages/airflow/example_dags/example_latest_only_with_trigger.py
[2025-02-23T20:37:40.925+0000] {processor.py:914} INFO - Processing file /home/airflow/.local/lib/python3.12/site-packages/airflow/example_dags/example_latest_only_with_trigger.py for tasks to queue
[2025-02-23T20:37:40.927+0000] {logging_mixin.py:190} INFO - [2025-02-23T20:37:40.927+0000] {dagbag.py:588} INFO - Filling up the DagBag from /home/airflow/.local/lib/python3.12/site-packages/airflow/example_dags/example_latest_only_with_trigger.py
[2025-02-23T20:37:40.937+0000] {processor.py:925} INFO - DAG(s) 'latest_only_with_trigger' retrieved from /home/airflow/.local/lib/python3.12/site-packages/airflow/example_dags/example_latest_only_with_trigger.py
[2025-02-23T20:37:40.962+0000] {logging_mixin.py:190} INFO - [2025-02-23T20:37:40.962+0000] {dag.py:3239} INFO - Sync 1 DAGs
[2025-02-23T20:37:40.992+0000] {logging_mixin.py:190} INFO - [2025-02-23T20:37:40.992+0000] {dag.py:4180} INFO - Setting next_dagrun for latest_only_with_trigger to 2025-02-23 16:00:00+00:00, run_after=2025-02-23 20:00:00+00:00
[2025-02-23T20:37:41.016+0000] {processor.py:208} INFO - Processing /home/airflow/.local/lib/python3.12/site-packages/airflow/example_dags/example_latest_only_with_trigger.py took 0.100 seconds
[2025-02-23T20:38:12.242+0000] {processor.py:186} INFO - Started process (PID=1694) to work on /home/airflow/.local/lib/python3.12/site-packages/airflow/example_dags/example_latest_only_with_trigger.py
[2025-02-23T20:38:12.243+0000] {processor.py:914} INFO - Processing file /home/airflow/.local/lib/python3.12/site-packages/airflow/example_dags/example_latest_only_with_trigger.py for tasks to queue
[2025-02-23T20:38:12.246+0000] {logging_mixin.py:190} INFO - [2025-02-23T20:38:12.246+0000] {dagbag.py:588} INFO - Filling up the DagBag from /home/airflow/.local/lib/python3.12/site-packages/airflow/example_dags/example_latest_only_with_trigger.py
[2025-02-23T20:38:12.256+0000] {processor.py:925} INFO - DAG(s) 'latest_only_with_trigger' retrieved from /home/airflow/.local/lib/python3.12/site-packages/airflow/example_dags/example_latest_only_with_trigger.py
[2025-02-23T20:38:12.286+0000] {logging_mixin.py:190} INFO - [2025-02-23T20:38:12.285+0000] {dag.py:3239} INFO - Sync 1 DAGs
[2025-02-23T20:38:12.320+0000] {logging_mixin.py:190} INFO - [2025-02-23T20:38:12.320+0000] {dag.py:4180} INFO - Setting next_dagrun for latest_only_with_trigger to 2025-02-23 16:00:00+00:00, run_after=2025-02-23 20:00:00+00:00
[2025-02-23T20:38:12.347+0000] {processor.py:208} INFO - Processing /home/airflow/.local/lib/python3.12/site-packages/airflow/example_dags/example_latest_only_with_trigger.py took 0.113 seconds
[2025-02-23T20:38:43.773+0000] {processor.py:186} INFO - Started process (PID=1757) to work on /home/airflow/.local/lib/python3.12/site-packages/airflow/example_dags/example_latest_only_with_trigger.py
[2025-02-23T20:38:43.774+0000] {processor.py:914} INFO - Processing file /home/airflow/.local/lib/python3.12/site-packages/airflow/example_dags/example_latest_only_with_trigger.py for tasks to queue
[2025-02-23T20:38:43.777+0000] {logging_mixin.py:190} INFO - [2025-02-23T20:38:43.777+0000] {dagbag.py:588} INFO - Filling up the DagBag from /home/airflow/.local/lib/python3.12/site-packages/airflow/example_dags/example_latest_only_with_trigger.py
[2025-02-23T20:38:43.786+0000] {processor.py:925} INFO - DAG(s) 'latest_only_with_trigger' retrieved from /home/airflow/.local/lib/python3.12/site-packages/airflow/example_dags/example_latest_only_with_trigger.py
[2025-02-23T20:38:43.816+0000] {logging_mixin.py:190} INFO - [2025-02-23T20:38:43.816+0000] {dag.py:3239} INFO - Sync 1 DAGs
[2025-02-23T20:38:43.848+0000] {logging_mixin.py:190} INFO - [2025-02-23T20:38:43.848+0000] {dag.py:4180} INFO - Setting next_dagrun for latest_only_with_trigger to 2025-02-23 16:00:00+00:00, run_after=2025-02-23 20:00:00+00:00
[2025-02-23T20:38:43.874+0000] {processor.py:208} INFO - Processing /home/airflow/.local/lib/python3.12/site-packages/airflow/example_dags/example_latest_only_with_trigger.py took 0.110 seconds
[2025-02-23T20:39:14.818+0000] {processor.py:186} INFO - Started process (PID=1820) to work on /home/airflow/.local/lib/python3.12/site-packages/airflow/example_dags/example_latest_only_with_trigger.py
[2025-02-23T20:39:14.820+0000] {processor.py:914} INFO - Processing file /home/airflow/.local/lib/python3.12/site-packages/airflow/example_dags/example_latest_only_with_trigger.py for tasks to queue
[2025-02-23T20:39:14.823+0000] {logging_mixin.py:190} INFO - [2025-02-23T20:39:14.823+0000] {dagbag.py:588} INFO - Filling up the DagBag from /home/airflow/.local/lib/python3.12/site-packages/airflow/example_dags/example_latest_only_with_trigger.py
[2025-02-23T20:39:14.834+0000] {processor.py:925} INFO - DAG(s) 'latest_only_with_trigger' retrieved from /home/airflow/.local/lib/python3.12/site-packages/airflow/example_dags/example_latest_only_with_trigger.py
[2025-02-23T20:39:14.866+0000] {logging_mixin.py:190} INFO - [2025-02-23T20:39:14.865+0000] {dag.py:3239} INFO - Sync 1 DAGs
[2025-02-23T20:39:14.905+0000] {logging_mixin.py:190} INFO - [2025-02-23T20:39:14.904+0000] {dag.py:4180} INFO - Setting next_dagrun for latest_only_with_trigger to 2025-02-23 16:00:00+00:00, run_after=2025-02-23 20:00:00+00:00
[2025-02-23T20:39:14.933+0000] {processor.py:208} INFO - Processing /home/airflow/.local/lib/python3.12/site-packages/airflow/example_dags/example_latest_only_with_trigger.py took 0.122 seconds
[2025-02-23T20:39:45.106+0000] {processor.py:186} INFO - Started process (PID=1883) to work on /home/airflow/.local/lib/python3.12/site-packages/airflow/example_dags/example_latest_only_with_trigger.py
[2025-02-23T20:39:45.107+0000] {processor.py:914} INFO - Processing file /home/airflow/.local/lib/python3.12/site-packages/airflow/example_dags/example_latest_only_with_trigger.py for tasks to queue
[2025-02-23T20:39:45.110+0000] {logging_mixin.py:190} INFO - [2025-02-23T20:39:45.110+0000] {dagbag.py:588} INFO - Filling up the DagBag from /home/airflow/.local/lib/python3.12/site-packages/airflow/example_dags/example_latest_only_with_trigger.py
[2025-02-23T20:39:45.121+0000] {processor.py:925} INFO - DAG(s) 'latest_only_with_trigger' retrieved from /home/airflow/.local/lib/python3.12/site-packages/airflow/example_dags/example_latest_only_with_trigger.py
[2025-02-23T20:39:45.152+0000] {logging_mixin.py:190} INFO - [2025-02-23T20:39:45.151+0000] {dag.py:3239} INFO - Sync 1 DAGs
[2025-02-23T20:39:45.187+0000] {logging_mixin.py:190} INFO - [2025-02-23T20:39:45.187+0000] {dag.py:4180} INFO - Setting next_dagrun for latest_only_with_trigger to 2025-02-23 16:00:00+00:00, run_after=2025-02-23 20:00:00+00:00
[2025-02-23T20:39:45.214+0000] {processor.py:208} INFO - Processing /home/airflow/.local/lib/python3.12/site-packages/airflow/example_dags/example_latest_only_with_trigger.py took 0.116 seconds
[2025-02-23T20:40:16.441+0000] {processor.py:186} INFO - Started process (PID=1946) to work on /home/airflow/.local/lib/python3.12/site-packages/airflow/example_dags/example_latest_only_with_trigger.py
[2025-02-23T20:40:16.442+0000] {processor.py:914} INFO - Processing file /home/airflow/.local/lib/python3.12/site-packages/airflow/example_dags/example_latest_only_with_trigger.py for tasks to queue
[2025-02-23T20:40:16.445+0000] {logging_mixin.py:190} INFO - [2025-02-23T20:40:16.444+0000] {dagbag.py:588} INFO - Filling up the DagBag from /home/airflow/.local/lib/python3.12/site-packages/airflow/example_dags/example_latest_only_with_trigger.py
[2025-02-23T20:40:16.454+0000] {processor.py:925} INFO - DAG(s) 'latest_only_with_trigger' retrieved from /home/airflow/.local/lib/python3.12/site-packages/airflow/example_dags/example_latest_only_with_trigger.py
[2025-02-23T20:40:16.483+0000] {logging_mixin.py:190} INFO - [2025-02-23T20:40:16.482+0000] {dag.py:3239} INFO - Sync 1 DAGs
[2025-02-23T20:40:16.518+0000] {logging_mixin.py:190} INFO - [2025-02-23T20:40:16.518+0000] {dag.py:4180} INFO - Setting next_dagrun for latest_only_with_trigger to 2025-02-23 16:00:00+00:00, run_after=2025-02-23 20:00:00+00:00
[2025-02-23T20:40:16.545+0000] {processor.py:208} INFO - Processing /home/airflow/.local/lib/python3.12/site-packages/airflow/example_dags/example_latest_only_with_trigger.py took 0.114 seconds
[2025-02-23T20:40:47.460+0000] {processor.py:186} INFO - Started process (PID=2009) to work on /home/airflow/.local/lib/python3.12/site-packages/airflow/example_dags/example_latest_only_with_trigger.py
[2025-02-23T20:40:47.462+0000] {processor.py:914} INFO - Processing file /home/airflow/.local/lib/python3.12/site-packages/airflow/example_dags/example_latest_only_with_trigger.py for tasks to queue
[2025-02-23T20:40:47.465+0000] {logging_mixin.py:190} INFO - [2025-02-23T20:40:47.464+0000] {dagbag.py:588} INFO - Filling up the DagBag from /home/airflow/.local/lib/python3.12/site-packages/airflow/example_dags/example_latest_only_with_trigger.py
[2025-02-23T20:40:47.476+0000] {processor.py:925} INFO - DAG(s) 'latest_only_with_trigger' retrieved from /home/airflow/.local/lib/python3.12/site-packages/airflow/example_dags/example_latest_only_with_trigger.py
[2025-02-23T20:40:47.504+0000] {logging_mixin.py:190} INFO - [2025-02-23T20:40:47.504+0000] {dag.py:3239} INFO - Sync 1 DAGs
[2025-02-23T20:40:47.539+0000] {logging_mixin.py:190} INFO - [2025-02-23T20:40:47.539+0000] {dag.py:4180} INFO - Setting next_dagrun for latest_only_with_trigger to 2025-02-23 16:00:00+00:00, run_after=2025-02-23 20:00:00+00:00
[2025-02-23T20:40:47.567+0000] {processor.py:208} INFO - Processing /home/airflow/.local/lib/python3.12/site-packages/airflow/example_dags/example_latest_only_with_trigger.py took 0.116 seconds
[2025-02-23T20:41:18.317+0000] {processor.py:186} INFO - Started process (PID=2072) to work on /home/airflow/.local/lib/python3.12/site-packages/airflow/example_dags/example_latest_only_with_trigger.py
[2025-02-23T20:41:18.318+0000] {processor.py:914} INFO - Processing file /home/airflow/.local/lib/python3.12/site-packages/airflow/example_dags/example_latest_only_with_trigger.py for tasks to queue
[2025-02-23T20:41:18.321+0000] {logging_mixin.py:190} INFO - [2025-02-23T20:41:18.321+0000] {dagbag.py:588} INFO - Filling up the DagBag from /home/airflow/.local/lib/python3.12/site-packages/airflow/example_dags/example_latest_only_with_trigger.py
[2025-02-23T20:41:18.332+0000] {processor.py:925} INFO - DAG(s) 'latest_only_with_trigger' retrieved from /home/airflow/.local/lib/python3.12/site-packages/airflow/example_dags/example_latest_only_with_trigger.py
[2025-02-23T20:41:18.362+0000] {logging_mixin.py:190} INFO - [2025-02-23T20:41:18.361+0000] {dag.py:3239} INFO - Sync 1 DAGs
[2025-02-23T20:41:18.402+0000] {logging_mixin.py:190} INFO - [2025-02-23T20:41:18.401+0000] {dag.py:4180} INFO - Setting next_dagrun for latest_only_with_trigger to 2025-02-23 16:00:00+00:00, run_after=2025-02-23 20:00:00+00:00
[2025-02-23T20:41:18.430+0000] {processor.py:208} INFO - Processing /home/airflow/.local/lib/python3.12/site-packages/airflow/example_dags/example_latest_only_with_trigger.py took 0.123 seconds
[2025-02-23T20:41:48.674+0000] {processor.py:186} INFO - Started process (PID=2135) to work on /home/airflow/.local/lib/python3.12/site-packages/airflow/example_dags/example_latest_only_with_trigger.py
[2025-02-23T20:41:48.675+0000] {processor.py:914} INFO - Processing file /home/airflow/.local/lib/python3.12/site-packages/airflow/example_dags/example_latest_only_with_trigger.py for tasks to queue
[2025-02-23T20:41:48.678+0000] {logging_mixin.py:190} INFO - [2025-02-23T20:41:48.678+0000] {dagbag.py:588} INFO - Filling up the DagBag from /home/airflow/.local/lib/python3.12/site-packages/airflow/example_dags/example_latest_only_with_trigger.py
[2025-02-23T20:41:48.691+0000] {processor.py:925} INFO - DAG(s) 'latest_only_with_trigger' retrieved from /home/airflow/.local/lib/python3.12/site-packages/airflow/example_dags/example_latest_only_with_trigger.py
[2025-02-23T20:41:48.721+0000] {logging_mixin.py:190} INFO - [2025-02-23T20:41:48.721+0000] {dag.py:3239} INFO - Sync 1 DAGs
[2025-02-23T20:41:48.753+0000] {logging_mixin.py:190} INFO - [2025-02-23T20:41:48.753+0000] {dag.py:4180} INFO - Setting next_dagrun for latest_only_with_trigger to 2025-02-23 16:00:00+00:00, run_after=2025-02-23 20:00:00+00:00
[2025-02-23T20:41:48.782+0000] {processor.py:208} INFO - Processing /home/airflow/.local/lib/python3.12/site-packages/airflow/example_dags/example_latest_only_with_trigger.py took 0.115 seconds
[2025-02-23T20:42:20.636+0000] {processor.py:186} INFO - Started process (PID=2198) to work on /home/airflow/.local/lib/python3.12/site-packages/airflow/example_dags/example_latest_only_with_trigger.py
[2025-02-23T20:42:20.637+0000] {processor.py:914} INFO - Processing file /home/airflow/.local/lib/python3.12/site-packages/airflow/example_dags/example_latest_only_with_trigger.py for tasks to queue
[2025-02-23T20:42:20.640+0000] {logging_mixin.py:190} INFO - [2025-02-23T20:42:20.639+0000] {dagbag.py:588} INFO - Filling up the DagBag from /home/airflow/.local/lib/python3.12/site-packages/airflow/example_dags/example_latest_only_with_trigger.py
[2025-02-23T20:42:20.649+0000] {processor.py:925} INFO - DAG(s) 'latest_only_with_trigger' retrieved from /home/airflow/.local/lib/python3.12/site-packages/airflow/example_dags/example_latest_only_with_trigger.py
[2025-02-23T20:42:20.680+0000] {logging_mixin.py:190} INFO - [2025-02-23T20:42:20.679+0000] {dag.py:3239} INFO - Sync 1 DAGs
[2025-02-23T20:42:20.713+0000] {logging_mixin.py:190} INFO - [2025-02-23T20:42:20.712+0000] {dag.py:4180} INFO - Setting next_dagrun for latest_only_with_trigger to 2025-02-23 16:00:00+00:00, run_after=2025-02-23 20:00:00+00:00
[2025-02-23T20:42:20.744+0000] {processor.py:208} INFO - Processing /home/airflow/.local/lib/python3.12/site-packages/airflow/example_dags/example_latest_only_with_trigger.py took 0.116 seconds
[2025-02-23T20:42:51.161+0000] {processor.py:186} INFO - Started process (PID=2261) to work on /home/airflow/.local/lib/python3.12/site-packages/airflow/example_dags/example_latest_only_with_trigger.py
[2025-02-23T20:42:51.162+0000] {processor.py:914} INFO - Processing file /home/airflow/.local/lib/python3.12/site-packages/airflow/example_dags/example_latest_only_with_trigger.py for tasks to queue
[2025-02-23T20:42:51.165+0000] {logging_mixin.py:190} INFO - [2025-02-23T20:42:51.165+0000] {dagbag.py:588} INFO - Filling up the DagBag from /home/airflow/.local/lib/python3.12/site-packages/airflow/example_dags/example_latest_only_with_trigger.py
[2025-02-23T20:42:51.175+0000] {processor.py:925} INFO - DAG(s) 'latest_only_with_trigger' retrieved from /home/airflow/.local/lib/python3.12/site-packages/airflow/example_dags/example_latest_only_with_trigger.py
[2025-02-23T20:42:51.206+0000] {logging_mixin.py:190} INFO - [2025-02-23T20:42:51.205+0000] {dag.py:3239} INFO - Sync 1 DAGs
[2025-02-23T20:42:51.240+0000] {logging_mixin.py:190} INFO - [2025-02-23T20:42:51.240+0000] {dag.py:4180} INFO - Setting next_dagrun for latest_only_with_trigger to 2025-02-23 16:00:00+00:00, run_after=2025-02-23 20:00:00+00:00
[2025-02-23T20:42:51.267+0000] {processor.py:208} INFO - Processing /home/airflow/.local/lib/python3.12/site-packages/airflow/example_dags/example_latest_only_with_trigger.py took 0.115 seconds
[2025-02-23T20:43:22.285+0000] {processor.py:186} INFO - Started process (PID=2324) to work on /home/airflow/.local/lib/python3.12/site-packages/airflow/example_dags/example_latest_only_with_trigger.py
[2025-02-23T20:43:22.287+0000] {processor.py:914} INFO - Processing file /home/airflow/.local/lib/python3.12/site-packages/airflow/example_dags/example_latest_only_with_trigger.py for tasks to queue
[2025-02-23T20:43:22.290+0000] {logging_mixin.py:190} INFO - [2025-02-23T20:43:22.290+0000] {dagbag.py:588} INFO - Filling up the DagBag from /home/airflow/.local/lib/python3.12/site-packages/airflow/example_dags/example_latest_only_with_trigger.py
[2025-02-23T20:43:22.301+0000] {processor.py:925} INFO - DAG(s) 'latest_only_with_trigger' retrieved from /home/airflow/.local/lib/python3.12/site-packages/airflow/example_dags/example_latest_only_with_trigger.py
[2025-02-23T20:43:22.330+0000] {logging_mixin.py:190} INFO - [2025-02-23T20:43:22.329+0000] {dag.py:3239} INFO - Sync 1 DAGs
[2025-02-23T20:43:22.365+0000] {logging_mixin.py:190} INFO - [2025-02-23T20:43:22.365+0000] {dag.py:4180} INFO - Setting next_dagrun for latest_only_with_trigger to 2025-02-23 16:00:00+00:00, run_after=2025-02-23 20:00:00+00:00
[2025-02-23T20:43:22.391+0000] {processor.py:208} INFO - Processing /home/airflow/.local/lib/python3.12/site-packages/airflow/example_dags/example_latest_only_with_trigger.py took 0.113 seconds
[2025-02-23T20:43:53.540+0000] {processor.py:186} INFO - Started process (PID=2388) to work on /home/airflow/.local/lib/python3.12/site-packages/airflow/example_dags/example_latest_only_with_trigger.py
[2025-02-23T20:43:53.541+0000] {processor.py:914} INFO - Processing file /home/airflow/.local/lib/python3.12/site-packages/airflow/example_dags/example_latest_only_with_trigger.py for tasks to queue
[2025-02-23T20:43:53.545+0000] {logging_mixin.py:190} INFO - [2025-02-23T20:43:53.544+0000] {dagbag.py:588} INFO - Filling up the DagBag from /home/airflow/.local/lib/python3.12/site-packages/airflow/example_dags/example_latest_only_with_trigger.py
[2025-02-23T20:43:53.555+0000] {processor.py:925} INFO - DAG(s) 'latest_only_with_trigger' retrieved from /home/airflow/.local/lib/python3.12/site-packages/airflow/example_dags/example_latest_only_with_trigger.py
[2025-02-23T20:43:53.585+0000] {logging_mixin.py:190} INFO - [2025-02-23T20:43:53.584+0000] {dag.py:3239} INFO - Sync 1 DAGs
[2025-02-23T20:43:53.621+0000] {logging_mixin.py:190} INFO - [2025-02-23T20:43:53.621+0000] {dag.py:4180} INFO - Setting next_dagrun for latest_only_with_trigger to 2025-02-23 16:00:00+00:00, run_after=2025-02-23 20:00:00+00:00
[2025-02-23T20:43:53.648+0000] {processor.py:208} INFO - Processing /home/airflow/.local/lib/python3.12/site-packages/airflow/example_dags/example_latest_only_with_trigger.py took 0.116 seconds
[2025-02-23T20:44:24.056+0000] {processor.py:186} INFO - Started process (PID=2451) to work on /home/airflow/.local/lib/python3.12/site-packages/airflow/example_dags/example_latest_only_with_trigger.py
[2025-02-23T20:44:24.057+0000] {processor.py:914} INFO - Processing file /home/airflow/.local/lib/python3.12/site-packages/airflow/example_dags/example_latest_only_with_trigger.py for tasks to queue
[2025-02-23T20:44:24.060+0000] {logging_mixin.py:190} INFO - [2025-02-23T20:44:24.059+0000] {dagbag.py:588} INFO - Filling up the DagBag from /home/airflow/.local/lib/python3.12/site-packages/airflow/example_dags/example_latest_only_with_trigger.py
[2025-02-23T20:44:24.069+0000] {processor.py:925} INFO - DAG(s) 'latest_only_with_trigger' retrieved from /home/airflow/.local/lib/python3.12/site-packages/airflow/example_dags/example_latest_only_with_trigger.py
[2025-02-23T20:44:24.097+0000] {logging_mixin.py:190} INFO - [2025-02-23T20:44:24.097+0000] {dag.py:3239} INFO - Sync 1 DAGs
[2025-02-23T20:44:24.130+0000] {logging_mixin.py:190} INFO - [2025-02-23T20:44:24.130+0000] {dag.py:4180} INFO - Setting next_dagrun for latest_only_with_trigger to 2025-02-23 16:00:00+00:00, run_after=2025-02-23 20:00:00+00:00
[2025-02-23T20:44:24.156+0000] {processor.py:208} INFO - Processing /home/airflow/.local/lib/python3.12/site-packages/airflow/example_dags/example_latest_only_with_trigger.py took 0.108 seconds
[2025-02-23T20:44:55.331+0000] {processor.py:186} INFO - Started process (PID=2515) to work on /home/airflow/.local/lib/python3.12/site-packages/airflow/example_dags/example_latest_only_with_trigger.py
[2025-02-23T20:44:55.333+0000] {processor.py:914} INFO - Processing file /home/airflow/.local/lib/python3.12/site-packages/airflow/example_dags/example_latest_only_with_trigger.py for tasks to queue
[2025-02-23T20:44:55.335+0000] {logging_mixin.py:190} INFO - [2025-02-23T20:44:55.335+0000] {dagbag.py:588} INFO - Filling up the DagBag from /home/airflow/.local/lib/python3.12/site-packages/airflow/example_dags/example_latest_only_with_trigger.py
[2025-02-23T20:44:55.345+0000] {processor.py:925} INFO - DAG(s) 'latest_only_with_trigger' retrieved from /home/airflow/.local/lib/python3.12/site-packages/airflow/example_dags/example_latest_only_with_trigger.py
[2025-02-23T20:44:55.373+0000] {logging_mixin.py:190} INFO - [2025-02-23T20:44:55.373+0000] {dag.py:3239} INFO - Sync 1 DAGs
[2025-02-23T20:44:55.406+0000] {logging_mixin.py:190} INFO - [2025-02-23T20:44:55.406+0000] {dag.py:4180} INFO - Setting next_dagrun for latest_only_with_trigger to 2025-02-23 16:00:00+00:00, run_after=2025-02-23 20:00:00+00:00
[2025-02-23T20:44:55.431+0000] {processor.py:208} INFO - Processing /home/airflow/.local/lib/python3.12/site-packages/airflow/example_dags/example_latest_only_with_trigger.py took 0.107 seconds
[2025-02-23T20:45:26.918+0000] {processor.py:186} INFO - Started process (PID=2578) to work on /home/airflow/.local/lib/python3.12/site-packages/airflow/example_dags/example_latest_only_with_trigger.py
[2025-02-23T20:45:26.919+0000] {processor.py:914} INFO - Processing file /home/airflow/.local/lib/python3.12/site-packages/airflow/example_dags/example_latest_only_with_trigger.py for tasks to queue
[2025-02-23T20:45:26.922+0000] {logging_mixin.py:190} INFO - [2025-02-23T20:45:26.921+0000] {dagbag.py:588} INFO - Filling up the DagBag from /home/airflow/.local/lib/python3.12/site-packages/airflow/example_dags/example_latest_only_with_trigger.py
[2025-02-23T20:45:26.931+0000] {processor.py:925} INFO - DAG(s) 'latest_only_with_trigger' retrieved from /home/airflow/.local/lib/python3.12/site-packages/airflow/example_dags/example_latest_only_with_trigger.py
[2025-02-23T20:45:26.958+0000] {logging_mixin.py:190} INFO - [2025-02-23T20:45:26.957+0000] {dag.py:3239} INFO - Sync 1 DAGs
[2025-02-23T20:45:26.991+0000] {logging_mixin.py:190} INFO - [2025-02-23T20:45:26.991+0000] {dag.py:4180} INFO - Setting next_dagrun for latest_only_with_trigger to 2025-02-23 16:00:00+00:00, run_after=2025-02-23 20:00:00+00:00
[2025-02-23T20:45:27.016+0000] {processor.py:208} INFO - Processing /home/airflow/.local/lib/python3.12/site-packages/airflow/example_dags/example_latest_only_with_trigger.py took 0.107 seconds
