[2025-02-23T20:25:08.462+0000] {processor.py:186} INFO - Started process (PID=83) to work on /home/airflow/.local/lib/python3.12/site-packages/airflow/example_dags/example_bash_operator.py
[2025-02-23T20:25:08.463+0000] {processor.py:914} INFO - Processing file /home/airflow/.local/lib/python3.12/site-packages/airflow/example_dags/example_bash_operator.py for tasks to queue
[2025-02-23T20:25:08.466+0000] {logging_mixin.py:190} INFO - [2025-02-23T20:25:08.466+0000] {dagbag.py:588} INFO - Filling up the DagBag from /home/airflow/.local/lib/python3.12/site-packages/airflow/example_dags/example_bash_operator.py
[2025-02-23T20:25:08.491+0000] {processor.py:925} INFO - DAG(s) 'example_bash_operator' retrieved from /home/airflow/.local/lib/python3.12/site-packages/airflow/example_dags/example_bash_operator.py
[2025-02-23T20:25:08.691+0000] {logging_mixin.py:190} INFO - [2025-02-23T20:25:08.690+0000] {override.py:1912} INFO - Created Permission View: can read on DAG:example_bash_operator
[2025-02-23T20:25:08.707+0000] {logging_mixin.py:190} INFO - [2025-02-23T20:25:08.706+0000] {override.py:1912} INFO - Created Permission View: can delete on DAG:example_bash_operator
[2025-02-23T20:25:08.717+0000] {logging_mixin.py:190} INFO - [2025-02-23T20:25:08.717+0000] {override.py:1912} INFO - Created Permission View: can edit on DAG:example_bash_operator
[2025-02-23T20:25:08.730+0000] {logging_mixin.py:190} INFO - [2025-02-23T20:25:08.730+0000] {override.py:1912} INFO - Created Permission View: can create on DAG Run:example_bash_operator
[2025-02-23T20:25:08.741+0000] {logging_mixin.py:190} INFO - [2025-02-23T20:25:08.741+0000] {override.py:1912} INFO - Created Permission View: can read on DAG Run:example_bash_operator
[2025-02-23T20:25:08.752+0000] {logging_mixin.py:190} INFO - [2025-02-23T20:25:08.752+0000] {override.py:1912} INFO - Created Permission View: can delete on DAG Run:example_bash_operator
[2025-02-23T20:25:08.763+0000] {logging_mixin.py:190} INFO - [2025-02-23T20:25:08.763+0000] {override.py:1912} INFO - Created Permission View: menu access on DAG Run:example_bash_operator
[2025-02-23T20:25:08.764+0000] {logging_mixin.py:190} INFO - [2025-02-23T20:25:08.764+0000] {dag.py:3239} INFO - Sync 1 DAGs
[2025-02-23T20:25:08.785+0000] {logging_mixin.py:190} INFO - [2025-02-23T20:25:08.785+0000] {dag.py:3262} INFO - Creating ORM DAG for example_bash_operator
[2025-02-23T20:25:08.804+0000] {logging_mixin.py:190} INFO - [2025-02-23T20:25:08.804+0000] {dag.py:4180} INFO - Setting next_dagrun for example_bash_operator to 2025-02-22 00:00:00+00:00, run_after=2025-02-23 00:00:00+00:00
[2025-02-23T20:25:08.829+0000] {processor.py:208} INFO - Processing /home/airflow/.local/lib/python3.12/site-packages/airflow/example_dags/example_bash_operator.py took 0.377 seconds
[2025-02-23T20:25:39.362+0000] {processor.py:186} INFO - Started process (PID=145) to work on /home/airflow/.local/lib/python3.12/site-packages/airflow/example_dags/example_bash_operator.py
[2025-02-23T20:25:39.364+0000] {processor.py:914} INFO - Processing file /home/airflow/.local/lib/python3.12/site-packages/airflow/example_dags/example_bash_operator.py for tasks to queue
[2025-02-23T20:25:39.366+0000] {logging_mixin.py:190} INFO - [2025-02-23T20:25:39.366+0000] {dagbag.py:588} INFO - Filling up the DagBag from /home/airflow/.local/lib/python3.12/site-packages/airflow/example_dags/example_bash_operator.py
[2025-02-23T20:25:39.383+0000] {processor.py:925} INFO - DAG(s) 'example_bash_operator' retrieved from /home/airflow/.local/lib/python3.12/site-packages/airflow/example_dags/example_bash_operator.py
[2025-02-23T20:25:39.420+0000] {logging_mixin.py:190} INFO - [2025-02-23T20:25:39.419+0000] {dag.py:3239} INFO - Sync 1 DAGs
[2025-02-23T20:25:39.454+0000] {logging_mixin.py:190} INFO - [2025-02-23T20:25:39.454+0000] {dag.py:4180} INFO - Setting next_dagrun for example_bash_operator to 2025-02-22 00:00:00+00:00, run_after=2025-02-23 00:00:00+00:00
[2025-02-23T20:25:39.480+0000] {processor.py:208} INFO - Processing /home/airflow/.local/lib/python3.12/site-packages/airflow/example_dags/example_bash_operator.py took 0.129 seconds
[2025-02-23T20:26:09.635+0000] {processor.py:186} INFO - Started process (PID=208) to work on /home/airflow/.local/lib/python3.12/site-packages/airflow/example_dags/example_bash_operator.py
[2025-02-23T20:26:09.636+0000] {processor.py:914} INFO - Processing file /home/airflow/.local/lib/python3.12/site-packages/airflow/example_dags/example_bash_operator.py for tasks to queue
[2025-02-23T20:26:09.639+0000] {logging_mixin.py:190} INFO - [2025-02-23T20:26:09.638+0000] {dagbag.py:588} INFO - Filling up the DagBag from /home/airflow/.local/lib/python3.12/site-packages/airflow/example_dags/example_bash_operator.py
[2025-02-23T20:26:09.655+0000] {processor.py:925} INFO - DAG(s) 'example_bash_operator' retrieved from /home/airflow/.local/lib/python3.12/site-packages/airflow/example_dags/example_bash_operator.py
[2025-02-23T20:26:09.693+0000] {logging_mixin.py:190} INFO - [2025-02-23T20:26:09.692+0000] {dag.py:3239} INFO - Sync 1 DAGs
[2025-02-23T20:26:09.727+0000] {logging_mixin.py:190} INFO - [2025-02-23T20:26:09.727+0000] {dag.py:4180} INFO - Setting next_dagrun for example_bash_operator to 2025-02-22 00:00:00+00:00, run_after=2025-02-23 00:00:00+00:00
[2025-02-23T20:26:09.755+0000] {processor.py:208} INFO - Processing /home/airflow/.local/lib/python3.12/site-packages/airflow/example_dags/example_bash_operator.py took 0.128 seconds
[2025-02-23T20:26:39.920+0000] {processor.py:186} INFO - Started process (PID=271) to work on /home/airflow/.local/lib/python3.12/site-packages/airflow/example_dags/example_bash_operator.py
[2025-02-23T20:26:39.922+0000] {processor.py:914} INFO - Processing file /home/airflow/.local/lib/python3.12/site-packages/airflow/example_dags/example_bash_operator.py for tasks to queue
[2025-02-23T20:26:39.926+0000] {logging_mixin.py:190} INFO - [2025-02-23T20:26:39.925+0000] {dagbag.py:588} INFO - Filling up the DagBag from /home/airflow/.local/lib/python3.12/site-packages/airflow/example_dags/example_bash_operator.py
[2025-02-23T20:26:39.947+0000] {processor.py:925} INFO - DAG(s) 'example_bash_operator' retrieved from /home/airflow/.local/lib/python3.12/site-packages/airflow/example_dags/example_bash_operator.py
[2025-02-23T20:26:39.989+0000] {logging_mixin.py:190} INFO - [2025-02-23T20:26:39.988+0000] {dag.py:3239} INFO - Sync 1 DAGs
[2025-02-23T20:26:40.026+0000] {logging_mixin.py:190} INFO - [2025-02-23T20:26:40.025+0000] {dag.py:4180} INFO - Setting next_dagrun for example_bash_operator to 2025-02-22 00:00:00+00:00, run_after=2025-02-23 00:00:00+00:00
[2025-02-23T20:26:40.054+0000] {processor.py:208} INFO - Processing /home/airflow/.local/lib/python3.12/site-packages/airflow/example_dags/example_bash_operator.py took 0.143 seconds
[2025-02-23T20:27:10.203+0000] {processor.py:186} INFO - Started process (PID=334) to work on /home/airflow/.local/lib/python3.12/site-packages/airflow/example_dags/example_bash_operator.py
[2025-02-23T20:27:10.204+0000] {processor.py:914} INFO - Processing file /home/airflow/.local/lib/python3.12/site-packages/airflow/example_dags/example_bash_operator.py for tasks to queue
[2025-02-23T20:27:10.208+0000] {logging_mixin.py:190} INFO - [2025-02-23T20:27:10.207+0000] {dagbag.py:588} INFO - Filling up the DagBag from /home/airflow/.local/lib/python3.12/site-packages/airflow/example_dags/example_bash_operator.py
[2025-02-23T20:27:10.227+0000] {processor.py:925} INFO - DAG(s) 'example_bash_operator' retrieved from /home/airflow/.local/lib/python3.12/site-packages/airflow/example_dags/example_bash_operator.py
[2025-02-23T20:27:10.262+0000] {logging_mixin.py:190} INFO - [2025-02-23T20:27:10.262+0000] {dag.py:3239} INFO - Sync 1 DAGs
[2025-02-23T20:27:10.297+0000] {logging_mixin.py:190} INFO - [2025-02-23T20:27:10.297+0000] {dag.py:4180} INFO - Setting next_dagrun for example_bash_operator to 2025-02-22 00:00:00+00:00, run_after=2025-02-23 00:00:00+00:00
[2025-02-23T20:27:10.322+0000] {processor.py:208} INFO - Processing /home/airflow/.local/lib/python3.12/site-packages/airflow/example_dags/example_bash_operator.py took 0.129 seconds
[2025-02-23T20:27:40.542+0000] {processor.py:186} INFO - Started process (PID=397) to work on /home/airflow/.local/lib/python3.12/site-packages/airflow/example_dags/example_bash_operator.py
[2025-02-23T20:27:40.544+0000] {processor.py:914} INFO - Processing file /home/airflow/.local/lib/python3.12/site-packages/airflow/example_dags/example_bash_operator.py for tasks to queue
[2025-02-23T20:27:40.547+0000] {logging_mixin.py:190} INFO - [2025-02-23T20:27:40.546+0000] {dagbag.py:588} INFO - Filling up the DagBag from /home/airflow/.local/lib/python3.12/site-packages/airflow/example_dags/example_bash_operator.py
[2025-02-23T20:27:40.566+0000] {processor.py:925} INFO - DAG(s) 'example_bash_operator' retrieved from /home/airflow/.local/lib/python3.12/site-packages/airflow/example_dags/example_bash_operator.py
[2025-02-23T20:27:40.607+0000] {logging_mixin.py:190} INFO - [2025-02-23T20:27:40.607+0000] {dag.py:3239} INFO - Sync 1 DAGs
[2025-02-23T20:27:40.646+0000] {logging_mixin.py:190} INFO - [2025-02-23T20:27:40.645+0000] {dag.py:4180} INFO - Setting next_dagrun for example_bash_operator to 2025-02-22 00:00:00+00:00, run_after=2025-02-23 00:00:00+00:00
[2025-02-23T20:27:40.676+0000] {processor.py:208} INFO - Processing /home/airflow/.local/lib/python3.12/site-packages/airflow/example_dags/example_bash_operator.py took 0.141 seconds
[2025-02-23T20:28:10.967+0000] {processor.py:186} INFO - Started process (PID=460) to work on /home/airflow/.local/lib/python3.12/site-packages/airflow/example_dags/example_bash_operator.py
[2025-02-23T20:28:10.969+0000] {processor.py:914} INFO - Processing file /home/airflow/.local/lib/python3.12/site-packages/airflow/example_dags/example_bash_operator.py for tasks to queue
[2025-02-23T20:28:10.972+0000] {logging_mixin.py:190} INFO - [2025-02-23T20:28:10.972+0000] {dagbag.py:588} INFO - Filling up the DagBag from /home/airflow/.local/lib/python3.12/site-packages/airflow/example_dags/example_bash_operator.py
[2025-02-23T20:28:10.990+0000] {processor.py:925} INFO - DAG(s) 'example_bash_operator' retrieved from /home/airflow/.local/lib/python3.12/site-packages/airflow/example_dags/example_bash_operator.py
[2025-02-23T20:28:11.028+0000] {logging_mixin.py:190} INFO - [2025-02-23T20:28:11.028+0000] {dag.py:3239} INFO - Sync 1 DAGs
[2025-02-23T20:28:11.066+0000] {logging_mixin.py:190} INFO - [2025-02-23T20:28:11.065+0000] {dag.py:4180} INFO - Setting next_dagrun for example_bash_operator to 2025-02-22 00:00:00+00:00, run_after=2025-02-23 00:00:00+00:00
[2025-02-23T20:28:11.095+0000] {processor.py:208} INFO - Processing /home/airflow/.local/lib/python3.12/site-packages/airflow/example_dags/example_bash_operator.py took 0.136 seconds
[2025-02-23T20:28:41.443+0000] {processor.py:186} INFO - Started process (PID=523) to work on /home/airflow/.local/lib/python3.12/site-packages/airflow/example_dags/example_bash_operator.py
[2025-02-23T20:28:41.444+0000] {processor.py:914} INFO - Processing file /home/airflow/.local/lib/python3.12/site-packages/airflow/example_dags/example_bash_operator.py for tasks to queue
[2025-02-23T20:28:41.447+0000] {logging_mixin.py:190} INFO - [2025-02-23T20:28:41.447+0000] {dagbag.py:588} INFO - Filling up the DagBag from /home/airflow/.local/lib/python3.12/site-packages/airflow/example_dags/example_bash_operator.py
[2025-02-23T20:28:41.466+0000] {processor.py:925} INFO - DAG(s) 'example_bash_operator' retrieved from /home/airflow/.local/lib/python3.12/site-packages/airflow/example_dags/example_bash_operator.py
[2025-02-23T20:28:41.504+0000] {logging_mixin.py:190} INFO - [2025-02-23T20:28:41.504+0000] {dag.py:3239} INFO - Sync 1 DAGs
[2025-02-23T20:28:41.537+0000] {logging_mixin.py:190} INFO - [2025-02-23T20:28:41.536+0000] {dag.py:4180} INFO - Setting next_dagrun for example_bash_operator to 2025-02-22 00:00:00+00:00, run_after=2025-02-23 00:00:00+00:00
[2025-02-23T20:28:41.562+0000] {processor.py:208} INFO - Processing /home/airflow/.local/lib/python3.12/site-packages/airflow/example_dags/example_bash_operator.py took 0.127 seconds
[2025-02-23T20:29:12.301+0000] {processor.py:186} INFO - Started process (PID=586) to work on /home/airflow/.local/lib/python3.12/site-packages/airflow/example_dags/example_bash_operator.py
[2025-02-23T20:29:12.303+0000] {processor.py:914} INFO - Processing file /home/airflow/.local/lib/python3.12/site-packages/airflow/example_dags/example_bash_operator.py for tasks to queue
[2025-02-23T20:29:12.306+0000] {logging_mixin.py:190} INFO - [2025-02-23T20:29:12.305+0000] {dagbag.py:588} INFO - Filling up the DagBag from /home/airflow/.local/lib/python3.12/site-packages/airflow/example_dags/example_bash_operator.py
[2025-02-23T20:29:12.323+0000] {processor.py:925} INFO - DAG(s) 'example_bash_operator' retrieved from /home/airflow/.local/lib/python3.12/site-packages/airflow/example_dags/example_bash_operator.py
[2025-02-23T20:29:12.359+0000] {logging_mixin.py:190} INFO - [2025-02-23T20:29:12.359+0000] {dag.py:3239} INFO - Sync 1 DAGs
[2025-02-23T20:29:12.392+0000] {logging_mixin.py:190} INFO - [2025-02-23T20:29:12.392+0000] {dag.py:4180} INFO - Setting next_dagrun for example_bash_operator to 2025-02-22 00:00:00+00:00, run_after=2025-02-23 00:00:00+00:00
[2025-02-23T20:29:12.417+0000] {processor.py:208} INFO - Processing /home/airflow/.local/lib/python3.12/site-packages/airflow/example_dags/example_bash_operator.py took 0.123 seconds
[2025-02-23T20:29:42.757+0000] {processor.py:186} INFO - Started process (PID=649) to work on /home/airflow/.local/lib/python3.12/site-packages/airflow/example_dags/example_bash_operator.py
[2025-02-23T20:29:42.759+0000] {processor.py:914} INFO - Processing file /home/airflow/.local/lib/python3.12/site-packages/airflow/example_dags/example_bash_operator.py for tasks to queue
[2025-02-23T20:29:42.762+0000] {logging_mixin.py:190} INFO - [2025-02-23T20:29:42.762+0000] {dagbag.py:588} INFO - Filling up the DagBag from /home/airflow/.local/lib/python3.12/site-packages/airflow/example_dags/example_bash_operator.py
[2025-02-23T20:29:42.785+0000] {processor.py:925} INFO - DAG(s) 'example_bash_operator' retrieved from /home/airflow/.local/lib/python3.12/site-packages/airflow/example_dags/example_bash_operator.py
[2025-02-23T20:29:42.829+0000] {logging_mixin.py:190} INFO - [2025-02-23T20:29:42.829+0000] {dag.py:3239} INFO - Sync 1 DAGs
[2025-02-23T20:29:42.862+0000] {logging_mixin.py:190} INFO - [2025-02-23T20:29:42.862+0000] {dag.py:4180} INFO - Setting next_dagrun for example_bash_operator to 2025-02-22 00:00:00+00:00, run_after=2025-02-23 00:00:00+00:00
[2025-02-23T20:29:42.888+0000] {processor.py:208} INFO - Processing /home/airflow/.local/lib/python3.12/site-packages/airflow/example_dags/example_bash_operator.py took 0.140 seconds
[2025-02-23T20:30:13.070+0000] {processor.py:186} INFO - Started process (PID=706) to work on /home/airflow/.local/lib/python3.12/site-packages/airflow/example_dags/example_bash_operator.py
[2025-02-23T20:30:13.072+0000] {processor.py:914} INFO - Processing file /home/airflow/.local/lib/python3.12/site-packages/airflow/example_dags/example_bash_operator.py for tasks to queue
[2025-02-23T20:30:13.075+0000] {logging_mixin.py:190} INFO - [2025-02-23T20:30:13.075+0000] {dagbag.py:588} INFO - Filling up the DagBag from /home/airflow/.local/lib/python3.12/site-packages/airflow/example_dags/example_bash_operator.py
[2025-02-23T20:30:13.097+0000] {processor.py:925} INFO - DAG(s) 'example_bash_operator' retrieved from /home/airflow/.local/lib/python3.12/site-packages/airflow/example_dags/example_bash_operator.py
[2025-02-23T20:30:13.141+0000] {logging_mixin.py:190} INFO - [2025-02-23T20:30:13.141+0000] {dag.py:3239} INFO - Sync 1 DAGs
[2025-02-23T20:30:13.186+0000] {logging_mixin.py:190} INFO - [2025-02-23T20:30:13.186+0000] {dag.py:4180} INFO - Setting next_dagrun for example_bash_operator to 2025-02-22 00:00:00+00:00, run_after=2025-02-23 00:00:00+00:00
[2025-02-23T20:30:13.212+0000] {processor.py:208} INFO - Processing /home/airflow/.local/lib/python3.12/site-packages/airflow/example_dags/example_bash_operator.py took 0.151 seconds
[2025-02-23T20:30:43.270+0000] {processor.py:186} INFO - Started process (PID=769) to work on /home/airflow/.local/lib/python3.12/site-packages/airflow/example_dags/example_bash_operator.py
[2025-02-23T20:30:43.271+0000] {processor.py:914} INFO - Processing file /home/airflow/.local/lib/python3.12/site-packages/airflow/example_dags/example_bash_operator.py for tasks to queue
[2025-02-23T20:30:43.274+0000] {logging_mixin.py:190} INFO - [2025-02-23T20:30:43.274+0000] {dagbag.py:588} INFO - Filling up the DagBag from /home/airflow/.local/lib/python3.12/site-packages/airflow/example_dags/example_bash_operator.py
[2025-02-23T20:30:43.294+0000] {processor.py:925} INFO - DAG(s) 'example_bash_operator' retrieved from /home/airflow/.local/lib/python3.12/site-packages/airflow/example_dags/example_bash_operator.py
[2025-02-23T20:30:43.332+0000] {logging_mixin.py:190} INFO - [2025-02-23T20:30:43.332+0000] {dag.py:3239} INFO - Sync 1 DAGs
[2025-02-23T20:30:43.366+0000] {logging_mixin.py:190} INFO - [2025-02-23T20:30:43.365+0000] {dag.py:4180} INFO - Setting next_dagrun for example_bash_operator to 2025-02-22 00:00:00+00:00, run_after=2025-02-23 00:00:00+00:00
[2025-02-23T20:30:43.392+0000] {processor.py:208} INFO - Processing /home/airflow/.local/lib/python3.12/site-packages/airflow/example_dags/example_bash_operator.py took 0.132 seconds
[2025-02-23T20:31:13.529+0000] {processor.py:186} INFO - Started process (PID=832) to work on /home/airflow/.local/lib/python3.12/site-packages/airflow/example_dags/example_bash_operator.py
[2025-02-23T20:31:13.530+0000] {processor.py:914} INFO - Processing file /home/airflow/.local/lib/python3.12/site-packages/airflow/example_dags/example_bash_operator.py for tasks to queue
[2025-02-23T20:31:13.533+0000] {logging_mixin.py:190} INFO - [2025-02-23T20:31:13.533+0000] {dagbag.py:588} INFO - Filling up the DagBag from /home/airflow/.local/lib/python3.12/site-packages/airflow/example_dags/example_bash_operator.py
[2025-02-23T20:31:13.553+0000] {processor.py:925} INFO - DAG(s) 'example_bash_operator' retrieved from /home/airflow/.local/lib/python3.12/site-packages/airflow/example_dags/example_bash_operator.py
[2025-02-23T20:31:13.591+0000] {logging_mixin.py:190} INFO - [2025-02-23T20:31:13.591+0000] {dag.py:3239} INFO - Sync 1 DAGs
[2025-02-23T20:31:13.626+0000] {logging_mixin.py:190} INFO - [2025-02-23T20:31:13.626+0000] {dag.py:4180} INFO - Setting next_dagrun for example_bash_operator to 2025-02-22 00:00:00+00:00, run_after=2025-02-23 00:00:00+00:00
[2025-02-23T20:31:13.653+0000] {processor.py:208} INFO - Processing /home/airflow/.local/lib/python3.12/site-packages/airflow/example_dags/example_bash_operator.py took 0.131 seconds
[2025-02-23T20:31:43.936+0000] {processor.py:186} INFO - Started process (PID=895) to work on /home/airflow/.local/lib/python3.12/site-packages/airflow/example_dags/example_bash_operator.py
[2025-02-23T20:31:43.938+0000] {processor.py:914} INFO - Processing file /home/airflow/.local/lib/python3.12/site-packages/airflow/example_dags/example_bash_operator.py for tasks to queue
[2025-02-23T20:31:43.940+0000] {logging_mixin.py:190} INFO - [2025-02-23T20:31:43.940+0000] {dagbag.py:588} INFO - Filling up the DagBag from /home/airflow/.local/lib/python3.12/site-packages/airflow/example_dags/example_bash_operator.py
[2025-02-23T20:31:43.956+0000] {processor.py:925} INFO - DAG(s) 'example_bash_operator' retrieved from /home/airflow/.local/lib/python3.12/site-packages/airflow/example_dags/example_bash_operator.py
[2025-02-23T20:31:43.993+0000] {logging_mixin.py:190} INFO - [2025-02-23T20:31:43.993+0000] {dag.py:3239} INFO - Sync 1 DAGs
[2025-02-23T20:31:44.026+0000] {logging_mixin.py:190} INFO - [2025-02-23T20:31:44.026+0000] {dag.py:4180} INFO - Setting next_dagrun for example_bash_operator to 2025-02-22 00:00:00+00:00, run_after=2025-02-23 00:00:00+00:00
[2025-02-23T20:31:44.051+0000] {processor.py:208} INFO - Processing /home/airflow/.local/lib/python3.12/site-packages/airflow/example_dags/example_bash_operator.py took 0.122 seconds
[2025-02-23T20:32:14.112+0000] {processor.py:186} INFO - Started process (PID=958) to work on /home/airflow/.local/lib/python3.12/site-packages/airflow/example_dags/example_bash_operator.py
[2025-02-23T20:32:14.113+0000] {processor.py:914} INFO - Processing file /home/airflow/.local/lib/python3.12/site-packages/airflow/example_dags/example_bash_operator.py for tasks to queue
[2025-02-23T20:32:14.116+0000] {logging_mixin.py:190} INFO - [2025-02-23T20:32:14.115+0000] {dagbag.py:588} INFO - Filling up the DagBag from /home/airflow/.local/lib/python3.12/site-packages/airflow/example_dags/example_bash_operator.py
[2025-02-23T20:32:14.136+0000] {processor.py:925} INFO - DAG(s) 'example_bash_operator' retrieved from /home/airflow/.local/lib/python3.12/site-packages/airflow/example_dags/example_bash_operator.py
[2025-02-23T20:32:14.172+0000] {logging_mixin.py:190} INFO - [2025-02-23T20:32:14.172+0000] {dag.py:3239} INFO - Sync 1 DAGs
[2025-02-23T20:32:14.206+0000] {logging_mixin.py:190} INFO - [2025-02-23T20:32:14.206+0000] {dag.py:4180} INFO - Setting next_dagrun for example_bash_operator to 2025-02-22 00:00:00+00:00, run_after=2025-02-23 00:00:00+00:00
[2025-02-23T20:32:14.232+0000] {processor.py:208} INFO - Processing /home/airflow/.local/lib/python3.12/site-packages/airflow/example_dags/example_bash_operator.py took 0.128 seconds
[2025-02-23T20:32:44.623+0000] {processor.py:186} INFO - Started process (PID=1021) to work on /home/airflow/.local/lib/python3.12/site-packages/airflow/example_dags/example_bash_operator.py
[2025-02-23T20:32:44.625+0000] {processor.py:914} INFO - Processing file /home/airflow/.local/lib/python3.12/site-packages/airflow/example_dags/example_bash_operator.py for tasks to queue
[2025-02-23T20:32:44.628+0000] {logging_mixin.py:190} INFO - [2025-02-23T20:32:44.628+0000] {dagbag.py:588} INFO - Filling up the DagBag from /home/airflow/.local/lib/python3.12/site-packages/airflow/example_dags/example_bash_operator.py
[2025-02-23T20:32:44.652+0000] {processor.py:925} INFO - DAG(s) 'example_bash_operator' retrieved from /home/airflow/.local/lib/python3.12/site-packages/airflow/example_dags/example_bash_operator.py
[2025-02-23T20:32:44.688+0000] {logging_mixin.py:190} INFO - [2025-02-23T20:32:44.687+0000] {dag.py:3239} INFO - Sync 1 DAGs
[2025-02-23T20:32:44.720+0000] {logging_mixin.py:190} INFO - [2025-02-23T20:32:44.719+0000] {dag.py:4180} INFO - Setting next_dagrun for example_bash_operator to 2025-02-22 00:00:00+00:00, run_after=2025-02-23 00:00:00+00:00
[2025-02-23T20:32:44.745+0000] {processor.py:208} INFO - Processing /home/airflow/.local/lib/python3.12/site-packages/airflow/example_dags/example_bash_operator.py took 0.130 seconds
[2025-02-23T20:33:14.806+0000] {processor.py:186} INFO - Started process (PID=1084) to work on /home/airflow/.local/lib/python3.12/site-packages/airflow/example_dags/example_bash_operator.py
[2025-02-23T20:33:14.808+0000] {processor.py:914} INFO - Processing file /home/airflow/.local/lib/python3.12/site-packages/airflow/example_dags/example_bash_operator.py for tasks to queue
[2025-02-23T20:33:14.811+0000] {logging_mixin.py:190} INFO - [2025-02-23T20:33:14.810+0000] {dagbag.py:588} INFO - Filling up the DagBag from /home/airflow/.local/lib/python3.12/site-packages/airflow/example_dags/example_bash_operator.py
[2025-02-23T20:33:14.830+0000] {processor.py:925} INFO - DAG(s) 'example_bash_operator' retrieved from /home/airflow/.local/lib/python3.12/site-packages/airflow/example_dags/example_bash_operator.py
[2025-02-23T20:33:14.869+0000] {logging_mixin.py:190} INFO - [2025-02-23T20:33:14.869+0000] {dag.py:3239} INFO - Sync 1 DAGs
[2025-02-23T20:33:14.916+0000] {logging_mixin.py:190} INFO - [2025-02-23T20:33:14.916+0000] {dag.py:4180} INFO - Setting next_dagrun for example_bash_operator to 2025-02-22 00:00:00+00:00, run_after=2025-02-23 00:00:00+00:00
[2025-02-23T20:33:14.948+0000] {processor.py:208} INFO - Processing /home/airflow/.local/lib/python3.12/site-packages/airflow/example_dags/example_bash_operator.py took 0.150 seconds
[2025-02-23T20:33:45.145+0000] {processor.py:186} INFO - Started process (PID=1147) to work on /home/airflow/.local/lib/python3.12/site-packages/airflow/example_dags/example_bash_operator.py
[2025-02-23T20:33:45.150+0000] {processor.py:914} INFO - Processing file /home/airflow/.local/lib/python3.12/site-packages/airflow/example_dags/example_bash_operator.py for tasks to queue
[2025-02-23T20:33:45.154+0000] {logging_mixin.py:190} INFO - [2025-02-23T20:33:45.153+0000] {dagbag.py:588} INFO - Filling up the DagBag from /home/airflow/.local/lib/python3.12/site-packages/airflow/example_dags/example_bash_operator.py
[2025-02-23T20:33:45.174+0000] {processor.py:925} INFO - DAG(s) 'example_bash_operator' retrieved from /home/airflow/.local/lib/python3.12/site-packages/airflow/example_dags/example_bash_operator.py
[2025-02-23T20:33:45.217+0000] {logging_mixin.py:190} INFO - [2025-02-23T20:33:45.217+0000] {dag.py:3239} INFO - Sync 1 DAGs
[2025-02-23T20:33:45.251+0000] {logging_mixin.py:190} INFO - [2025-02-23T20:33:45.251+0000] {dag.py:4180} INFO - Setting next_dagrun for example_bash_operator to 2025-02-22 00:00:00+00:00, run_after=2025-02-23 00:00:00+00:00
[2025-02-23T20:33:45.275+0000] {processor.py:208} INFO - Processing /home/airflow/.local/lib/python3.12/site-packages/airflow/example_dags/example_bash_operator.py took 0.140 seconds
[2025-02-23T20:34:15.379+0000] {processor.py:186} INFO - Started process (PID=1210) to work on /home/airflow/.local/lib/python3.12/site-packages/airflow/example_dags/example_bash_operator.py
[2025-02-23T20:34:15.381+0000] {processor.py:914} INFO - Processing file /home/airflow/.local/lib/python3.12/site-packages/airflow/example_dags/example_bash_operator.py for tasks to queue
[2025-02-23T20:34:15.383+0000] {logging_mixin.py:190} INFO - [2025-02-23T20:34:15.383+0000] {dagbag.py:588} INFO - Filling up the DagBag from /home/airflow/.local/lib/python3.12/site-packages/airflow/example_dags/example_bash_operator.py
[2025-02-23T20:34:15.402+0000] {processor.py:925} INFO - DAG(s) 'example_bash_operator' retrieved from /home/airflow/.local/lib/python3.12/site-packages/airflow/example_dags/example_bash_operator.py
[2025-02-23T20:34:15.441+0000] {logging_mixin.py:190} INFO - [2025-02-23T20:34:15.440+0000] {dag.py:3239} INFO - Sync 1 DAGs
[2025-02-23T20:34:15.473+0000] {logging_mixin.py:190} INFO - [2025-02-23T20:34:15.473+0000] {dag.py:4180} INFO - Setting next_dagrun for example_bash_operator to 2025-02-22 00:00:00+00:00, run_after=2025-02-23 00:00:00+00:00
[2025-02-23T20:34:15.498+0000] {processor.py:208} INFO - Processing /home/airflow/.local/lib/python3.12/site-packages/airflow/example_dags/example_bash_operator.py took 0.126 seconds
[2025-02-23T20:34:45.553+0000] {processor.py:186} INFO - Started process (PID=1273) to work on /home/airflow/.local/lib/python3.12/site-packages/airflow/example_dags/example_bash_operator.py
[2025-02-23T20:34:45.555+0000] {processor.py:914} INFO - Processing file /home/airflow/.local/lib/python3.12/site-packages/airflow/example_dags/example_bash_operator.py for tasks to queue
[2025-02-23T20:34:45.558+0000] {logging_mixin.py:190} INFO - [2025-02-23T20:34:45.557+0000] {dagbag.py:588} INFO - Filling up the DagBag from /home/airflow/.local/lib/python3.12/site-packages/airflow/example_dags/example_bash_operator.py
[2025-02-23T20:34:45.574+0000] {processor.py:925} INFO - DAG(s) 'example_bash_operator' retrieved from /home/airflow/.local/lib/python3.12/site-packages/airflow/example_dags/example_bash_operator.py
[2025-02-23T20:34:45.611+0000] {logging_mixin.py:190} INFO - [2025-02-23T20:34:45.611+0000] {dag.py:3239} INFO - Sync 1 DAGs
[2025-02-23T20:34:45.645+0000] {logging_mixin.py:190} INFO - [2025-02-23T20:34:45.644+0000] {dag.py:4180} INFO - Setting next_dagrun for example_bash_operator to 2025-02-22 00:00:00+00:00, run_after=2025-02-23 00:00:00+00:00
[2025-02-23T20:34:45.669+0000] {processor.py:208} INFO - Processing /home/airflow/.local/lib/python3.12/site-packages/airflow/example_dags/example_bash_operator.py took 0.123 seconds
[2025-02-23T20:35:15.818+0000] {processor.py:186} INFO - Started process (PID=1336) to work on /home/airflow/.local/lib/python3.12/site-packages/airflow/example_dags/example_bash_operator.py
[2025-02-23T20:35:15.820+0000] {processor.py:914} INFO - Processing file /home/airflow/.local/lib/python3.12/site-packages/airflow/example_dags/example_bash_operator.py for tasks to queue
[2025-02-23T20:35:15.822+0000] {logging_mixin.py:190} INFO - [2025-02-23T20:35:15.822+0000] {dagbag.py:588} INFO - Filling up the DagBag from /home/airflow/.local/lib/python3.12/site-packages/airflow/example_dags/example_bash_operator.py
[2025-02-23T20:35:15.839+0000] {processor.py:925} INFO - DAG(s) 'example_bash_operator' retrieved from /home/airflow/.local/lib/python3.12/site-packages/airflow/example_dags/example_bash_operator.py
[2025-02-23T20:35:15.882+0000] {logging_mixin.py:190} INFO - [2025-02-23T20:35:15.881+0000] {dag.py:3239} INFO - Sync 1 DAGs
[2025-02-23T20:35:15.918+0000] {logging_mixin.py:190} INFO - [2025-02-23T20:35:15.917+0000] {dag.py:4180} INFO - Setting next_dagrun for example_bash_operator to 2025-02-22 00:00:00+00:00, run_after=2025-02-23 00:00:00+00:00
[2025-02-23T20:35:15.945+0000] {processor.py:208} INFO - Processing /home/airflow/.local/lib/python3.12/site-packages/airflow/example_dags/example_bash_operator.py took 0.137 seconds
[2025-02-23T20:35:46.066+0000] {processor.py:186} INFO - Started process (PID=1398) to work on /home/airflow/.local/lib/python3.12/site-packages/airflow/example_dags/example_bash_operator.py
[2025-02-23T20:35:46.068+0000] {processor.py:914} INFO - Processing file /home/airflow/.local/lib/python3.12/site-packages/airflow/example_dags/example_bash_operator.py for tasks to queue
[2025-02-23T20:35:46.071+0000] {logging_mixin.py:190} INFO - [2025-02-23T20:35:46.071+0000] {dagbag.py:588} INFO - Filling up the DagBag from /home/airflow/.local/lib/python3.12/site-packages/airflow/example_dags/example_bash_operator.py
[2025-02-23T20:35:46.089+0000] {processor.py:925} INFO - DAG(s) 'example_bash_operator' retrieved from /home/airflow/.local/lib/python3.12/site-packages/airflow/example_dags/example_bash_operator.py
[2025-02-23T20:35:46.126+0000] {logging_mixin.py:190} INFO - [2025-02-23T20:35:46.126+0000] {dag.py:3239} INFO - Sync 1 DAGs
[2025-02-23T20:35:46.158+0000] {logging_mixin.py:190} INFO - [2025-02-23T20:35:46.158+0000] {dag.py:4180} INFO - Setting next_dagrun for example_bash_operator to 2025-02-22 00:00:00+00:00, run_after=2025-02-23 00:00:00+00:00
[2025-02-23T20:35:46.182+0000] {processor.py:208} INFO - Processing /home/airflow/.local/lib/python3.12/site-packages/airflow/example_dags/example_bash_operator.py took 0.125 seconds
[2025-02-23T20:36:16.263+0000] {processor.py:186} INFO - Started process (PID=1461) to work on /home/airflow/.local/lib/python3.12/site-packages/airflow/example_dags/example_bash_operator.py
[2025-02-23T20:36:16.265+0000] {processor.py:914} INFO - Processing file /home/airflow/.local/lib/python3.12/site-packages/airflow/example_dags/example_bash_operator.py for tasks to queue
[2025-02-23T20:36:16.268+0000] {logging_mixin.py:190} INFO - [2025-02-23T20:36:16.267+0000] {dagbag.py:588} INFO - Filling up the DagBag from /home/airflow/.local/lib/python3.12/site-packages/airflow/example_dags/example_bash_operator.py
[2025-02-23T20:36:16.287+0000] {processor.py:925} INFO - DAG(s) 'example_bash_operator' retrieved from /home/airflow/.local/lib/python3.12/site-packages/airflow/example_dags/example_bash_operator.py
[2025-02-23T20:36:16.324+0000] {logging_mixin.py:190} INFO - [2025-02-23T20:36:16.324+0000] {dag.py:3239} INFO - Sync 1 DAGs
[2025-02-23T20:36:16.365+0000] {logging_mixin.py:190} INFO - [2025-02-23T20:36:16.364+0000] {dag.py:4180} INFO - Setting next_dagrun for example_bash_operator to 2025-02-22 00:00:00+00:00, run_after=2025-02-23 00:00:00+00:00
[2025-02-23T20:36:16.393+0000] {processor.py:208} INFO - Processing /home/airflow/.local/lib/python3.12/site-packages/airflow/example_dags/example_bash_operator.py took 0.136 seconds
[2025-02-23T20:36:46.601+0000] {processor.py:186} INFO - Started process (PID=1525) to work on /home/airflow/.local/lib/python3.12/site-packages/airflow/example_dags/example_bash_operator.py
[2025-02-23T20:36:46.603+0000] {processor.py:914} INFO - Processing file /home/airflow/.local/lib/python3.12/site-packages/airflow/example_dags/example_bash_operator.py for tasks to queue
[2025-02-23T20:36:46.606+0000] {logging_mixin.py:190} INFO - [2025-02-23T20:36:46.606+0000] {dagbag.py:588} INFO - Filling up the DagBag from /home/airflow/.local/lib/python3.12/site-packages/airflow/example_dags/example_bash_operator.py
[2025-02-23T20:36:46.623+0000] {processor.py:925} INFO - DAG(s) 'example_bash_operator' retrieved from /home/airflow/.local/lib/python3.12/site-packages/airflow/example_dags/example_bash_operator.py
[2025-02-23T20:36:46.660+0000] {logging_mixin.py:190} INFO - [2025-02-23T20:36:46.660+0000] {dag.py:3239} INFO - Sync 1 DAGs
[2025-02-23T20:36:46.692+0000] {logging_mixin.py:190} INFO - [2025-02-23T20:36:46.692+0000] {dag.py:4180} INFO - Setting next_dagrun for example_bash_operator to 2025-02-22 00:00:00+00:00, run_after=2025-02-23 00:00:00+00:00
[2025-02-23T20:36:46.717+0000] {processor.py:208} INFO - Processing /home/airflow/.local/lib/python3.12/site-packages/airflow/example_dags/example_bash_operator.py took 0.123 seconds
[2025-02-23T20:37:17.146+0000] {processor.py:186} INFO - Started process (PID=1588) to work on /home/airflow/.local/lib/python3.12/site-packages/airflow/example_dags/example_bash_operator.py
[2025-02-23T20:37:17.147+0000] {processor.py:914} INFO - Processing file /home/airflow/.local/lib/python3.12/site-packages/airflow/example_dags/example_bash_operator.py for tasks to queue
[2025-02-23T20:37:17.150+0000] {logging_mixin.py:190} INFO - [2025-02-23T20:37:17.149+0000] {dagbag.py:588} INFO - Filling up the DagBag from /home/airflow/.local/lib/python3.12/site-packages/airflow/example_dags/example_bash_operator.py
[2025-02-23T20:37:17.168+0000] {processor.py:925} INFO - DAG(s) 'example_bash_operator' retrieved from /home/airflow/.local/lib/python3.12/site-packages/airflow/example_dags/example_bash_operator.py
[2025-02-23T20:37:17.207+0000] {logging_mixin.py:190} INFO - [2025-02-23T20:37:17.207+0000] {dag.py:3239} INFO - Sync 1 DAGs
[2025-02-23T20:37:17.243+0000] {logging_mixin.py:190} INFO - [2025-02-23T20:37:17.243+0000] {dag.py:4180} INFO - Setting next_dagrun for example_bash_operator to 2025-02-22 00:00:00+00:00, run_after=2025-02-23 00:00:00+00:00
[2025-02-23T20:37:17.272+0000] {processor.py:208} INFO - Processing /home/airflow/.local/lib/python3.12/site-packages/airflow/example_dags/example_bash_operator.py took 0.136 seconds
[2025-02-23T20:37:47.777+0000] {processor.py:186} INFO - Started process (PID=1651) to work on /home/airflow/.local/lib/python3.12/site-packages/airflow/example_dags/example_bash_operator.py
[2025-02-23T20:37:47.779+0000] {processor.py:914} INFO - Processing file /home/airflow/.local/lib/python3.12/site-packages/airflow/example_dags/example_bash_operator.py for tasks to queue
[2025-02-23T20:37:47.782+0000] {logging_mixin.py:190} INFO - [2025-02-23T20:37:47.782+0000] {dagbag.py:588} INFO - Filling up the DagBag from /home/airflow/.local/lib/python3.12/site-packages/airflow/example_dags/example_bash_operator.py
[2025-02-23T20:37:47.802+0000] {processor.py:925} INFO - DAG(s) 'example_bash_operator' retrieved from /home/airflow/.local/lib/python3.12/site-packages/airflow/example_dags/example_bash_operator.py
[2025-02-23T20:37:47.845+0000] {logging_mixin.py:190} INFO - [2025-02-23T20:37:47.845+0000] {dag.py:3239} INFO - Sync 1 DAGs
[2025-02-23T20:37:47.882+0000] {logging_mixin.py:190} INFO - [2025-02-23T20:37:47.882+0000] {dag.py:4180} INFO - Setting next_dagrun for example_bash_operator to 2025-02-22 00:00:00+00:00, run_after=2025-02-23 00:00:00+00:00
[2025-02-23T20:37:47.909+0000] {processor.py:208} INFO - Processing /home/airflow/.local/lib/python3.12/site-packages/airflow/example_dags/example_bash_operator.py took 0.141 seconds
[2025-02-23T20:38:18.377+0000] {processor.py:186} INFO - Started process (PID=1712) to work on /home/airflow/.local/lib/python3.12/site-packages/airflow/example_dags/example_bash_operator.py
[2025-02-23T20:38:18.379+0000] {processor.py:914} INFO - Processing file /home/airflow/.local/lib/python3.12/site-packages/airflow/example_dags/example_bash_operator.py for tasks to queue
[2025-02-23T20:38:18.382+0000] {logging_mixin.py:190} INFO - [2025-02-23T20:38:18.381+0000] {dagbag.py:588} INFO - Filling up the DagBag from /home/airflow/.local/lib/python3.12/site-packages/airflow/example_dags/example_bash_operator.py
[2025-02-23T20:38:18.405+0000] {processor.py:925} INFO - DAG(s) 'example_bash_operator' retrieved from /home/airflow/.local/lib/python3.12/site-packages/airflow/example_dags/example_bash_operator.py
[2025-02-23T20:38:18.448+0000] {logging_mixin.py:190} INFO - [2025-02-23T20:38:18.447+0000] {dag.py:3239} INFO - Sync 1 DAGs
[2025-02-23T20:38:18.482+0000] {logging_mixin.py:190} INFO - [2025-02-23T20:38:18.481+0000] {dag.py:4180} INFO - Setting next_dagrun for example_bash_operator to 2025-02-22 00:00:00+00:00, run_after=2025-02-23 00:00:00+00:00
[2025-02-23T20:38:18.509+0000] {processor.py:208} INFO - Processing /home/airflow/.local/lib/python3.12/site-packages/airflow/example_dags/example_bash_operator.py took 0.140 seconds
[2025-02-23T20:38:48.992+0000] {processor.py:186} INFO - Started process (PID=1774) to work on /home/airflow/.local/lib/python3.12/site-packages/airflow/example_dags/example_bash_operator.py
[2025-02-23T20:38:48.993+0000] {processor.py:914} INFO - Processing file /home/airflow/.local/lib/python3.12/site-packages/airflow/example_dags/example_bash_operator.py for tasks to queue
[2025-02-23T20:38:48.996+0000] {logging_mixin.py:190} INFO - [2025-02-23T20:38:48.995+0000] {dagbag.py:588} INFO - Filling up the DagBag from /home/airflow/.local/lib/python3.12/site-packages/airflow/example_dags/example_bash_operator.py
[2025-02-23T20:38:49.014+0000] {processor.py:925} INFO - DAG(s) 'example_bash_operator' retrieved from /home/airflow/.local/lib/python3.12/site-packages/airflow/example_dags/example_bash_operator.py
[2025-02-23T20:38:49.057+0000] {logging_mixin.py:190} INFO - [2025-02-23T20:38:49.056+0000] {dag.py:3239} INFO - Sync 1 DAGs
[2025-02-23T20:38:49.093+0000] {logging_mixin.py:190} INFO - [2025-02-23T20:38:49.093+0000] {dag.py:4180} INFO - Setting next_dagrun for example_bash_operator to 2025-02-22 00:00:00+00:00, run_after=2025-02-23 00:00:00+00:00
[2025-02-23T20:38:49.119+0000] {processor.py:208} INFO - Processing /home/airflow/.local/lib/python3.12/site-packages/airflow/example_dags/example_bash_operator.py took 0.136 seconds
[2025-02-23T20:39:19.925+0000] {processor.py:186} INFO - Started process (PID=1837) to work on /home/airflow/.local/lib/python3.12/site-packages/airflow/example_dags/example_bash_operator.py
[2025-02-23T20:39:19.927+0000] {processor.py:914} INFO - Processing file /home/airflow/.local/lib/python3.12/site-packages/airflow/example_dags/example_bash_operator.py for tasks to queue
[2025-02-23T20:39:19.929+0000] {logging_mixin.py:190} INFO - [2025-02-23T20:39:19.929+0000] {dagbag.py:588} INFO - Filling up the DagBag from /home/airflow/.local/lib/python3.12/site-packages/airflow/example_dags/example_bash_operator.py
[2025-02-23T20:39:19.950+0000] {processor.py:925} INFO - DAG(s) 'example_bash_operator' retrieved from /home/airflow/.local/lib/python3.12/site-packages/airflow/example_dags/example_bash_operator.py
[2025-02-23T20:39:19.995+0000] {logging_mixin.py:190} INFO - [2025-02-23T20:39:19.995+0000] {dag.py:3239} INFO - Sync 1 DAGs
[2025-02-23T20:39:20.037+0000] {logging_mixin.py:190} INFO - [2025-02-23T20:39:20.037+0000] {dag.py:4180} INFO - Setting next_dagrun for example_bash_operator to 2025-02-22 00:00:00+00:00, run_after=2025-02-23 00:00:00+00:00
[2025-02-23T20:39:20.066+0000] {processor.py:208} INFO - Processing /home/airflow/.local/lib/python3.12/site-packages/airflow/example_dags/example_bash_operator.py took 0.148 seconds
[2025-02-23T20:39:50.252+0000] {processor.py:186} INFO - Started process (PID=1899) to work on /home/airflow/.local/lib/python3.12/site-packages/airflow/example_dags/example_bash_operator.py
[2025-02-23T20:39:50.254+0000] {processor.py:914} INFO - Processing file /home/airflow/.local/lib/python3.12/site-packages/airflow/example_dags/example_bash_operator.py for tasks to queue
[2025-02-23T20:39:50.257+0000] {logging_mixin.py:190} INFO - [2025-02-23T20:39:50.257+0000] {dagbag.py:588} INFO - Filling up the DagBag from /home/airflow/.local/lib/python3.12/site-packages/airflow/example_dags/example_bash_operator.py
[2025-02-23T20:39:50.276+0000] {processor.py:925} INFO - DAG(s) 'example_bash_operator' retrieved from /home/airflow/.local/lib/python3.12/site-packages/airflow/example_dags/example_bash_operator.py
[2025-02-23T20:39:50.317+0000] {logging_mixin.py:190} INFO - [2025-02-23T20:39:50.317+0000] {dag.py:3239} INFO - Sync 1 DAGs
[2025-02-23T20:39:50.360+0000] {logging_mixin.py:190} INFO - [2025-02-23T20:39:50.359+0000] {dag.py:4180} INFO - Setting next_dagrun for example_bash_operator to 2025-02-22 00:00:00+00:00, run_after=2025-02-23 00:00:00+00:00
[2025-02-23T20:39:50.389+0000] {processor.py:208} INFO - Processing /home/airflow/.local/lib/python3.12/site-packages/airflow/example_dags/example_bash_operator.py took 0.144 seconds
[2025-02-23T20:40:20.525+0000] {processor.py:186} INFO - Started process (PID=1961) to work on /home/airflow/.local/lib/python3.12/site-packages/airflow/example_dags/example_bash_operator.py
[2025-02-23T20:40:20.526+0000] {processor.py:914} INFO - Processing file /home/airflow/.local/lib/python3.12/site-packages/airflow/example_dags/example_bash_operator.py for tasks to queue
[2025-02-23T20:40:20.530+0000] {logging_mixin.py:190} INFO - [2025-02-23T20:40:20.529+0000] {dagbag.py:588} INFO - Filling up the DagBag from /home/airflow/.local/lib/python3.12/site-packages/airflow/example_dags/example_bash_operator.py
[2025-02-23T20:40:20.547+0000] {processor.py:925} INFO - DAG(s) 'example_bash_operator' retrieved from /home/airflow/.local/lib/python3.12/site-packages/airflow/example_dags/example_bash_operator.py
[2025-02-23T20:40:20.584+0000] {logging_mixin.py:190} INFO - [2025-02-23T20:40:20.584+0000] {dag.py:3239} INFO - Sync 1 DAGs
[2025-02-23T20:40:20.622+0000] {logging_mixin.py:190} INFO - [2025-02-23T20:40:20.621+0000] {dag.py:4180} INFO - Setting next_dagrun for example_bash_operator to 2025-02-22 00:00:00+00:00, run_after=2025-02-23 00:00:00+00:00
[2025-02-23T20:40:20.649+0000] {processor.py:208} INFO - Processing /home/airflow/.local/lib/python3.12/site-packages/airflow/example_dags/example_bash_operator.py took 0.132 seconds
[2025-02-23T20:40:51.496+0000] {processor.py:186} INFO - Started process (PID=2024) to work on /home/airflow/.local/lib/python3.12/site-packages/airflow/example_dags/example_bash_operator.py
[2025-02-23T20:40:51.497+0000] {processor.py:914} INFO - Processing file /home/airflow/.local/lib/python3.12/site-packages/airflow/example_dags/example_bash_operator.py for tasks to queue
[2025-02-23T20:40:51.500+0000] {logging_mixin.py:190} INFO - [2025-02-23T20:40:51.500+0000] {dagbag.py:588} INFO - Filling up the DagBag from /home/airflow/.local/lib/python3.12/site-packages/airflow/example_dags/example_bash_operator.py
[2025-02-23T20:40:51.518+0000] {processor.py:925} INFO - DAG(s) 'example_bash_operator' retrieved from /home/airflow/.local/lib/python3.12/site-packages/airflow/example_dags/example_bash_operator.py
[2025-02-23T20:40:51.555+0000] {logging_mixin.py:190} INFO - [2025-02-23T20:40:51.555+0000] {dag.py:3239} INFO - Sync 1 DAGs
[2025-02-23T20:40:51.590+0000] {logging_mixin.py:190} INFO - [2025-02-23T20:40:51.590+0000] {dag.py:4180} INFO - Setting next_dagrun for example_bash_operator to 2025-02-22 00:00:00+00:00, run_after=2025-02-23 00:00:00+00:00
[2025-02-23T20:40:51.617+0000] {processor.py:208} INFO - Processing /home/airflow/.local/lib/python3.12/site-packages/airflow/example_dags/example_bash_operator.py took 0.128 seconds
[2025-02-23T20:41:22.436+0000] {processor.py:186} INFO - Started process (PID=2087) to work on /home/airflow/.local/lib/python3.12/site-packages/airflow/example_dags/example_bash_operator.py
[2025-02-23T20:41:22.437+0000] {processor.py:914} INFO - Processing file /home/airflow/.local/lib/python3.12/site-packages/airflow/example_dags/example_bash_operator.py for tasks to queue
[2025-02-23T20:41:22.440+0000] {logging_mixin.py:190} INFO - [2025-02-23T20:41:22.439+0000] {dagbag.py:588} INFO - Filling up the DagBag from /home/airflow/.local/lib/python3.12/site-packages/airflow/example_dags/example_bash_operator.py
[2025-02-23T20:41:22.459+0000] {processor.py:925} INFO - DAG(s) 'example_bash_operator' retrieved from /home/airflow/.local/lib/python3.12/site-packages/airflow/example_dags/example_bash_operator.py
[2025-02-23T20:41:22.495+0000] {logging_mixin.py:190} INFO - [2025-02-23T20:41:22.495+0000] {dag.py:3239} INFO - Sync 1 DAGs
[2025-02-23T20:41:22.532+0000] {logging_mixin.py:190} INFO - [2025-02-23T20:41:22.532+0000] {dag.py:4180} INFO - Setting next_dagrun for example_bash_operator to 2025-02-22 00:00:00+00:00, run_after=2025-02-23 00:00:00+00:00
[2025-02-23T20:41:22.557+0000] {processor.py:208} INFO - Processing /home/airflow/.local/lib/python3.12/site-packages/airflow/example_dags/example_bash_operator.py took 0.130 seconds
[2025-02-23T20:41:52.804+0000] {processor.py:186} INFO - Started process (PID=2150) to work on /home/airflow/.local/lib/python3.12/site-packages/airflow/example_dags/example_bash_operator.py
[2025-02-23T20:41:52.806+0000] {processor.py:914} INFO - Processing file /home/airflow/.local/lib/python3.12/site-packages/airflow/example_dags/example_bash_operator.py for tasks to queue
[2025-02-23T20:41:52.808+0000] {logging_mixin.py:190} INFO - [2025-02-23T20:41:52.808+0000] {dagbag.py:588} INFO - Filling up the DagBag from /home/airflow/.local/lib/python3.12/site-packages/airflow/example_dags/example_bash_operator.py
[2025-02-23T20:41:52.825+0000] {processor.py:925} INFO - DAG(s) 'example_bash_operator' retrieved from /home/airflow/.local/lib/python3.12/site-packages/airflow/example_dags/example_bash_operator.py
[2025-02-23T20:41:52.863+0000] {logging_mixin.py:190} INFO - [2025-02-23T20:41:52.863+0000] {dag.py:3239} INFO - Sync 1 DAGs
[2025-02-23T20:41:52.899+0000] {logging_mixin.py:190} INFO - [2025-02-23T20:41:52.899+0000] {dag.py:4180} INFO - Setting next_dagrun for example_bash_operator to 2025-02-22 00:00:00+00:00, run_after=2025-02-23 00:00:00+00:00
[2025-02-23T20:41:52.924+0000] {processor.py:208} INFO - Processing /home/airflow/.local/lib/python3.12/site-packages/airflow/example_dags/example_bash_operator.py took 0.127 seconds
[2025-02-23T20:42:23.653+0000] {processor.py:186} INFO - Started process (PID=2213) to work on /home/airflow/.local/lib/python3.12/site-packages/airflow/example_dags/example_bash_operator.py
[2025-02-23T20:42:23.654+0000] {processor.py:914} INFO - Processing file /home/airflow/.local/lib/python3.12/site-packages/airflow/example_dags/example_bash_operator.py for tasks to queue
[2025-02-23T20:42:23.658+0000] {logging_mixin.py:190} INFO - [2025-02-23T20:42:23.657+0000] {dagbag.py:588} INFO - Filling up the DagBag from /home/airflow/.local/lib/python3.12/site-packages/airflow/example_dags/example_bash_operator.py
[2025-02-23T20:42:23.677+0000] {processor.py:925} INFO - DAG(s) 'example_bash_operator' retrieved from /home/airflow/.local/lib/python3.12/site-packages/airflow/example_dags/example_bash_operator.py
[2025-02-23T20:42:23.715+0000] {logging_mixin.py:190} INFO - [2025-02-23T20:42:23.715+0000] {dag.py:3239} INFO - Sync 1 DAGs
[2025-02-23T20:42:23.750+0000] {logging_mixin.py:190} INFO - [2025-02-23T20:42:23.750+0000] {dag.py:4180} INFO - Setting next_dagrun for example_bash_operator to 2025-02-22 00:00:00+00:00, run_after=2025-02-23 00:00:00+00:00
[2025-02-23T20:42:23.777+0000] {processor.py:208} INFO - Processing /home/airflow/.local/lib/python3.12/site-packages/airflow/example_dags/example_bash_operator.py took 0.131 seconds
[2025-02-23T20:42:54.332+0000] {processor.py:186} INFO - Started process (PID=2276) to work on /home/airflow/.local/lib/python3.12/site-packages/airflow/example_dags/example_bash_operator.py
[2025-02-23T20:42:54.333+0000] {processor.py:914} INFO - Processing file /home/airflow/.local/lib/python3.12/site-packages/airflow/example_dags/example_bash_operator.py for tasks to queue
[2025-02-23T20:42:54.336+0000] {logging_mixin.py:190} INFO - [2025-02-23T20:42:54.336+0000] {dagbag.py:588} INFO - Filling up the DagBag from /home/airflow/.local/lib/python3.12/site-packages/airflow/example_dags/example_bash_operator.py
[2025-02-23T20:42:54.355+0000] {processor.py:925} INFO - DAG(s) 'example_bash_operator' retrieved from /home/airflow/.local/lib/python3.12/site-packages/airflow/example_dags/example_bash_operator.py
[2025-02-23T20:42:54.393+0000] {logging_mixin.py:190} INFO - [2025-02-23T20:42:54.392+0000] {dag.py:3239} INFO - Sync 1 DAGs
[2025-02-23T20:42:54.428+0000] {logging_mixin.py:190} INFO - [2025-02-23T20:42:54.428+0000] {dag.py:4180} INFO - Setting next_dagrun for example_bash_operator to 2025-02-22 00:00:00+00:00, run_after=2025-02-23 00:00:00+00:00
[2025-02-23T20:42:54.456+0000] {processor.py:208} INFO - Processing /home/airflow/.local/lib/python3.12/site-packages/airflow/example_dags/example_bash_operator.py took 0.133 seconds
[2025-02-23T20:43:25.401+0000] {processor.py:186} INFO - Started process (PID=2339) to work on /home/airflow/.local/lib/python3.12/site-packages/airflow/example_dags/example_bash_operator.py
[2025-02-23T20:43:25.402+0000] {processor.py:914} INFO - Processing file /home/airflow/.local/lib/python3.12/site-packages/airflow/example_dags/example_bash_operator.py for tasks to queue
[2025-02-23T20:43:25.405+0000] {logging_mixin.py:190} INFO - [2025-02-23T20:43:25.404+0000] {dagbag.py:588} INFO - Filling up the DagBag from /home/airflow/.local/lib/python3.12/site-packages/airflow/example_dags/example_bash_operator.py
[2025-02-23T20:43:25.425+0000] {processor.py:925} INFO - DAG(s) 'example_bash_operator' retrieved from /home/airflow/.local/lib/python3.12/site-packages/airflow/example_dags/example_bash_operator.py
[2025-02-23T20:43:25.467+0000] {logging_mixin.py:190} INFO - [2025-02-23T20:43:25.467+0000] {dag.py:3239} INFO - Sync 1 DAGs
[2025-02-23T20:43:25.507+0000] {logging_mixin.py:190} INFO - [2025-02-23T20:43:25.506+0000] {dag.py:4180} INFO - Setting next_dagrun for example_bash_operator to 2025-02-22 00:00:00+00:00, run_after=2025-02-23 00:00:00+00:00
[2025-02-23T20:43:25.536+0000] {processor.py:208} INFO - Processing /home/airflow/.local/lib/python3.12/site-packages/airflow/example_dags/example_bash_operator.py took 0.144 seconds
[2025-02-23T20:43:55.727+0000] {processor.py:186} INFO - Started process (PID=2403) to work on /home/airflow/.local/lib/python3.12/site-packages/airflow/example_dags/example_bash_operator.py
[2025-02-23T20:43:55.728+0000] {processor.py:914} INFO - Processing file /home/airflow/.local/lib/python3.12/site-packages/airflow/example_dags/example_bash_operator.py for tasks to queue
[2025-02-23T20:43:55.731+0000] {logging_mixin.py:190} INFO - [2025-02-23T20:43:55.730+0000] {dagbag.py:588} INFO - Filling up the DagBag from /home/airflow/.local/lib/python3.12/site-packages/airflow/example_dags/example_bash_operator.py
[2025-02-23T20:43:55.747+0000] {processor.py:925} INFO - DAG(s) 'example_bash_operator' retrieved from /home/airflow/.local/lib/python3.12/site-packages/airflow/example_dags/example_bash_operator.py
[2025-02-23T20:43:55.787+0000] {logging_mixin.py:190} INFO - [2025-02-23T20:43:55.787+0000] {dag.py:3239} INFO - Sync 1 DAGs
[2025-02-23T20:43:55.821+0000] {logging_mixin.py:190} INFO - [2025-02-23T20:43:55.821+0000] {dag.py:4180} INFO - Setting next_dagrun for example_bash_operator to 2025-02-22 00:00:00+00:00, run_after=2025-02-23 00:00:00+00:00
[2025-02-23T20:43:55.847+0000] {processor.py:208} INFO - Processing /home/airflow/.local/lib/python3.12/site-packages/airflow/example_dags/example_bash_operator.py took 0.129 seconds
[2025-02-23T20:44:26.076+0000] {processor.py:186} INFO - Started process (PID=2466) to work on /home/airflow/.local/lib/python3.12/site-packages/airflow/example_dags/example_bash_operator.py
[2025-02-23T20:44:26.077+0000] {processor.py:914} INFO - Processing file /home/airflow/.local/lib/python3.12/site-packages/airflow/example_dags/example_bash_operator.py for tasks to queue
[2025-02-23T20:44:26.081+0000] {logging_mixin.py:190} INFO - [2025-02-23T20:44:26.080+0000] {dagbag.py:588} INFO - Filling up the DagBag from /home/airflow/.local/lib/python3.12/site-packages/airflow/example_dags/example_bash_operator.py
[2025-02-23T20:44:26.100+0000] {processor.py:925} INFO - DAG(s) 'example_bash_operator' retrieved from /home/airflow/.local/lib/python3.12/site-packages/airflow/example_dags/example_bash_operator.py
[2025-02-23T20:44:26.137+0000] {logging_mixin.py:190} INFO - [2025-02-23T20:44:26.137+0000] {dag.py:3239} INFO - Sync 1 DAGs
[2025-02-23T20:44:26.171+0000] {logging_mixin.py:190} INFO - [2025-02-23T20:44:26.170+0000] {dag.py:4180} INFO - Setting next_dagrun for example_bash_operator to 2025-02-22 00:00:00+00:00, run_after=2025-02-23 00:00:00+00:00
[2025-02-23T20:44:26.195+0000] {processor.py:208} INFO - Processing /home/airflow/.local/lib/python3.12/site-packages/airflow/example_dags/example_bash_operator.py took 0.128 seconds
[2025-02-23T20:44:56.615+0000] {processor.py:186} INFO - Started process (PID=2530) to work on /home/airflow/.local/lib/python3.12/site-packages/airflow/example_dags/example_bash_operator.py
[2025-02-23T20:44:56.616+0000] {processor.py:914} INFO - Processing file /home/airflow/.local/lib/python3.12/site-packages/airflow/example_dags/example_bash_operator.py for tasks to queue
[2025-02-23T20:44:56.618+0000] {logging_mixin.py:190} INFO - [2025-02-23T20:44:56.618+0000] {dagbag.py:588} INFO - Filling up the DagBag from /home/airflow/.local/lib/python3.12/site-packages/airflow/example_dags/example_bash_operator.py
[2025-02-23T20:44:56.638+0000] {processor.py:925} INFO - DAG(s) 'example_bash_operator' retrieved from /home/airflow/.local/lib/python3.12/site-packages/airflow/example_dags/example_bash_operator.py
[2025-02-23T20:44:56.679+0000] {logging_mixin.py:190} INFO - [2025-02-23T20:44:56.679+0000] {dag.py:3239} INFO - Sync 1 DAGs
[2025-02-23T20:44:56.717+0000] {logging_mixin.py:190} INFO - [2025-02-23T20:44:56.717+0000] {dag.py:4180} INFO - Setting next_dagrun for example_bash_operator to 2025-02-22 00:00:00+00:00, run_after=2025-02-23 00:00:00+00:00
[2025-02-23T20:44:56.744+0000] {processor.py:208} INFO - Processing /home/airflow/.local/lib/python3.12/site-packages/airflow/example_dags/example_bash_operator.py took 0.138 seconds
[2025-02-23T20:45:27.359+0000] {processor.py:186} INFO - Started process (PID=2583) to work on /home/airflow/.local/lib/python3.12/site-packages/airflow/example_dags/example_bash_operator.py
[2025-02-23T20:45:27.360+0000] {processor.py:914} INFO - Processing file /home/airflow/.local/lib/python3.12/site-packages/airflow/example_dags/example_bash_operator.py for tasks to queue
[2025-02-23T20:45:27.362+0000] {logging_mixin.py:190} INFO - [2025-02-23T20:45:27.362+0000] {dagbag.py:588} INFO - Filling up the DagBag from /home/airflow/.local/lib/python3.12/site-packages/airflow/example_dags/example_bash_operator.py
[2025-02-23T20:45:27.381+0000] {processor.py:925} INFO - DAG(s) 'example_bash_operator' retrieved from /home/airflow/.local/lib/python3.12/site-packages/airflow/example_dags/example_bash_operator.py
[2025-02-23T20:45:27.427+0000] {logging_mixin.py:190} INFO - [2025-02-23T20:45:27.426+0000] {dag.py:3239} INFO - Sync 1 DAGs
[2025-02-23T20:45:27.465+0000] {logging_mixin.py:190} INFO - [2025-02-23T20:45:27.464+0000] {dag.py:4180} INFO - Setting next_dagrun for example_bash_operator to 2025-02-22 00:00:00+00:00, run_after=2025-02-23 00:00:00+00:00
[2025-02-23T20:45:27.493+0000] {processor.py:208} INFO - Processing /home/airflow/.local/lib/python3.12/site-packages/airflow/example_dags/example_bash_operator.py took 0.142 seconds
