[2025-02-23T20:25:22.983+0000] {processor.py:186} INFO - Started process (PID=128) to work on /home/airflow/.local/lib/python3.12/site-packages/airflow/example_dags/example_xcomargs.py
[2025-02-23T20:25:22.984+0000] {processor.py:914} INFO - Processing file /home/airflow/.local/lib/python3.12/site-packages/airflow/example_dags/example_xcomargs.py for tasks to queue
[2025-02-23T20:25:22.987+0000] {logging_mixin.py:190} INFO - [2025-02-23T20:25:22.987+0000] {dagbag.py:588} INFO - Filling up the DagBag from /home/airflow/.local/lib/python3.12/site-packages/airflow/example_dags/example_xcomargs.py
[2025-02-23T20:25:23.004+0000] {processor.py:925} INFO - DAG(s) 'example_xcom_args_with_operators', 'example_xcom_args' retrieved from /home/airflow/.local/lib/python3.12/site-packages/airflow/example_dags/example_xcomargs.py
[2025-02-23T20:25:23.161+0000] {logging_mixin.py:190} INFO - [2025-02-23T20:25:23.160+0000] {override.py:1912} INFO - Created Permission View: can read on DAG:example_xcom_args_with_operators
[2025-02-23T20:25:23.175+0000] {logging_mixin.py:190} INFO - [2025-02-23T20:25:23.174+0000] {override.py:1912} INFO - Created Permission View: can delete on DAG:example_xcom_args_with_operators
[2025-02-23T20:25:23.186+0000] {logging_mixin.py:190} INFO - [2025-02-23T20:25:23.186+0000] {override.py:1912} INFO - Created Permission View: can edit on DAG:example_xcom_args_with_operators
[2025-02-23T20:25:23.197+0000] {logging_mixin.py:190} INFO - [2025-02-23T20:25:23.197+0000] {override.py:1912} INFO - Created Permission View: can create on DAG Run:example_xcom_args_with_operators
[2025-02-23T20:25:23.207+0000] {logging_mixin.py:190} INFO - [2025-02-23T20:25:23.206+0000] {override.py:1912} INFO - Created Permission View: can read on DAG Run:example_xcom_args_with_operators
[2025-02-23T20:25:23.217+0000] {logging_mixin.py:190} INFO - [2025-02-23T20:25:23.216+0000] {override.py:1912} INFO - Created Permission View: can delete on DAG Run:example_xcom_args_with_operators
[2025-02-23T20:25:23.227+0000] {logging_mixin.py:190} INFO - [2025-02-23T20:25:23.227+0000] {override.py:1912} INFO - Created Permission View: menu access on DAG Run:example_xcom_args_with_operators
[2025-02-23T20:25:23.248+0000] {logging_mixin.py:190} INFO - [2025-02-23T20:25:23.247+0000] {override.py:1912} INFO - Created Permission View: can read on DAG:example_xcom_args
[2025-02-23T20:25:23.257+0000] {logging_mixin.py:190} INFO - [2025-02-23T20:25:23.256+0000] {override.py:1912} INFO - Created Permission View: can delete on DAG:example_xcom_args
[2025-02-23T20:25:23.267+0000] {logging_mixin.py:190} INFO - [2025-02-23T20:25:23.266+0000] {override.py:1912} INFO - Created Permission View: can edit on DAG:example_xcom_args
[2025-02-23T20:25:23.277+0000] {logging_mixin.py:190} INFO - [2025-02-23T20:25:23.277+0000] {override.py:1912} INFO - Created Permission View: can create on DAG Run:example_xcom_args
[2025-02-23T20:25:23.287+0000] {logging_mixin.py:190} INFO - [2025-02-23T20:25:23.286+0000] {override.py:1912} INFO - Created Permission View: can read on DAG Run:example_xcom_args
[2025-02-23T20:25:23.297+0000] {logging_mixin.py:190} INFO - [2025-02-23T20:25:23.296+0000] {override.py:1912} INFO - Created Permission View: can delete on DAG Run:example_xcom_args
[2025-02-23T20:25:23.306+0000] {logging_mixin.py:190} INFO - [2025-02-23T20:25:23.306+0000] {override.py:1912} INFO - Created Permission View: menu access on DAG Run:example_xcom_args
[2025-02-23T20:25:23.307+0000] {logging_mixin.py:190} INFO - [2025-02-23T20:25:23.306+0000] {dag.py:3239} INFO - Sync 2 DAGs
[2025-02-23T20:25:23.327+0000] {logging_mixin.py:190} INFO - [2025-02-23T20:25:23.327+0000] {dag.py:3262} INFO - Creating ORM DAG for example_xcom_args
[2025-02-23T20:25:23.328+0000] {logging_mixin.py:190} INFO - [2025-02-23T20:25:23.328+0000] {dag.py:3262} INFO - Creating ORM DAG for example_xcom_args_with_operators
[2025-02-23T20:25:23.329+0000] {logging_mixin.py:190} INFO - [2025-02-23T20:25:23.329+0000] {dag.py:4180} INFO - Setting next_dagrun for example_xcom_args to None, run_after=None
[2025-02-23T20:25:23.330+0000] {logging_mixin.py:190} INFO - [2025-02-23T20:25:23.330+0000] {dag.py:4180} INFO - Setting next_dagrun for example_xcom_args_with_operators to None, run_after=None
[2025-02-23T20:25:23.357+0000] {processor.py:208} INFO - Processing /home/airflow/.local/lib/python3.12/site-packages/airflow/example_dags/example_xcomargs.py took 0.382 seconds
[2025-02-23T20:25:53.857+0000] {processor.py:186} INFO - Started process (PID=191) to work on /home/airflow/.local/lib/python3.12/site-packages/airflow/example_dags/example_xcomargs.py
[2025-02-23T20:25:53.859+0000] {processor.py:914} INFO - Processing file /home/airflow/.local/lib/python3.12/site-packages/airflow/example_dags/example_xcomargs.py for tasks to queue
[2025-02-23T20:25:53.862+0000] {logging_mixin.py:190} INFO - [2025-02-23T20:25:53.862+0000] {dagbag.py:588} INFO - Filling up the DagBag from /home/airflow/.local/lib/python3.12/site-packages/airflow/example_dags/example_xcomargs.py
[2025-02-23T20:25:53.879+0000] {processor.py:925} INFO - DAG(s) 'example_xcom_args_with_operators', 'example_xcom_args' retrieved from /home/airflow/.local/lib/python3.12/site-packages/airflow/example_dags/example_xcomargs.py
[2025-02-23T20:25:53.910+0000] {logging_mixin.py:190} INFO - [2025-02-23T20:25:53.909+0000] {dag.py:3239} INFO - Sync 2 DAGs
[2025-02-23T20:25:53.930+0000] {logging_mixin.py:190} INFO - [2025-02-23T20:25:53.930+0000] {dag.py:4180} INFO - Setting next_dagrun for example_xcom_args to None, run_after=None
[2025-02-23T20:25:53.935+0000] {logging_mixin.py:190} INFO - [2025-02-23T20:25:53.935+0000] {dag.py:4180} INFO - Setting next_dagrun for example_xcom_args_with_operators to None, run_after=None
[2025-02-23T20:25:53.957+0000] {processor.py:208} INFO - Processing /home/airflow/.local/lib/python3.12/site-packages/airflow/example_dags/example_xcomargs.py took 0.110 seconds
[2025-02-23T20:26:24.214+0000] {processor.py:186} INFO - Started process (PID=254) to work on /home/airflow/.local/lib/python3.12/site-packages/airflow/example_dags/example_xcomargs.py
[2025-02-23T20:26:24.215+0000] {processor.py:914} INFO - Processing file /home/airflow/.local/lib/python3.12/site-packages/airflow/example_dags/example_xcomargs.py for tasks to queue
[2025-02-23T20:26:24.218+0000] {logging_mixin.py:190} INFO - [2025-02-23T20:26:24.218+0000] {dagbag.py:588} INFO - Filling up the DagBag from /home/airflow/.local/lib/python3.12/site-packages/airflow/example_dags/example_xcomargs.py
[2025-02-23T20:26:24.234+0000] {processor.py:925} INFO - DAG(s) 'example_xcom_args_with_operators', 'example_xcom_args' retrieved from /home/airflow/.local/lib/python3.12/site-packages/airflow/example_dags/example_xcomargs.py
[2025-02-23T20:26:24.266+0000] {logging_mixin.py:190} INFO - [2025-02-23T20:26:24.266+0000] {dag.py:3239} INFO - Sync 2 DAGs
[2025-02-23T20:26:24.291+0000] {logging_mixin.py:190} INFO - [2025-02-23T20:26:24.291+0000] {dag.py:4180} INFO - Setting next_dagrun for example_xcom_args to None, run_after=None
[2025-02-23T20:26:24.296+0000] {logging_mixin.py:190} INFO - [2025-02-23T20:26:24.296+0000] {dag.py:4180} INFO - Setting next_dagrun for example_xcom_args_with_operators to None, run_after=None
[2025-02-23T20:26:24.318+0000] {processor.py:208} INFO - Processing /home/airflow/.local/lib/python3.12/site-packages/airflow/example_dags/example_xcomargs.py took 0.112 seconds
[2025-02-23T20:26:55.355+0000] {processor.py:186} INFO - Started process (PID=317) to work on /home/airflow/.local/lib/python3.12/site-packages/airflow/example_dags/example_xcomargs.py
[2025-02-23T20:26:55.356+0000] {processor.py:914} INFO - Processing file /home/airflow/.local/lib/python3.12/site-packages/airflow/example_dags/example_xcomargs.py for tasks to queue
[2025-02-23T20:26:55.359+0000] {logging_mixin.py:190} INFO - [2025-02-23T20:26:55.358+0000] {dagbag.py:588} INFO - Filling up the DagBag from /home/airflow/.local/lib/python3.12/site-packages/airflow/example_dags/example_xcomargs.py
[2025-02-23T20:26:55.373+0000] {processor.py:925} INFO - DAG(s) 'example_xcom_args_with_operators', 'example_xcom_args' retrieved from /home/airflow/.local/lib/python3.12/site-packages/airflow/example_dags/example_xcomargs.py
[2025-02-23T20:26:55.410+0000] {logging_mixin.py:190} INFO - [2025-02-23T20:26:55.410+0000] {dag.py:3239} INFO - Sync 2 DAGs
[2025-02-23T20:26:55.438+0000] {logging_mixin.py:190} INFO - [2025-02-23T20:26:55.437+0000] {dag.py:4180} INFO - Setting next_dagrun for example_xcom_args to None, run_after=None
[2025-02-23T20:26:55.443+0000] {logging_mixin.py:190} INFO - [2025-02-23T20:26:55.443+0000] {dag.py:4180} INFO - Setting next_dagrun for example_xcom_args_with_operators to None, run_after=None
[2025-02-23T20:26:55.467+0000] {processor.py:208} INFO - Processing /home/airflow/.local/lib/python3.12/site-packages/airflow/example_dags/example_xcomargs.py took 0.119 seconds
[2025-02-23T20:27:26.515+0000] {processor.py:186} INFO - Started process (PID=380) to work on /home/airflow/.local/lib/python3.12/site-packages/airflow/example_dags/example_xcomargs.py
[2025-02-23T20:27:26.517+0000] {processor.py:914} INFO - Processing file /home/airflow/.local/lib/python3.12/site-packages/airflow/example_dags/example_xcomargs.py for tasks to queue
[2025-02-23T20:27:26.520+0000] {logging_mixin.py:190} INFO - [2025-02-23T20:27:26.520+0000] {dagbag.py:588} INFO - Filling up the DagBag from /home/airflow/.local/lib/python3.12/site-packages/airflow/example_dags/example_xcomargs.py
[2025-02-23T20:27:26.534+0000] {processor.py:925} INFO - DAG(s) 'example_xcom_args_with_operators', 'example_xcom_args' retrieved from /home/airflow/.local/lib/python3.12/site-packages/airflow/example_dags/example_xcomargs.py
[2025-02-23T20:27:26.567+0000] {logging_mixin.py:190} INFO - [2025-02-23T20:27:26.566+0000] {dag.py:3239} INFO - Sync 2 DAGs
[2025-02-23T20:27:26.588+0000] {logging_mixin.py:190} INFO - [2025-02-23T20:27:26.587+0000] {dag.py:4180} INFO - Setting next_dagrun for example_xcom_args to None, run_after=None
[2025-02-23T20:27:26.595+0000] {logging_mixin.py:190} INFO - [2025-02-23T20:27:26.594+0000] {dag.py:4180} INFO - Setting next_dagrun for example_xcom_args_with_operators to None, run_after=None
[2025-02-23T20:27:26.621+0000] {processor.py:208} INFO - Processing /home/airflow/.local/lib/python3.12/site-packages/airflow/example_dags/example_xcomargs.py took 0.114 seconds
[2025-02-23T20:27:56.942+0000] {processor.py:186} INFO - Started process (PID=442) to work on /home/airflow/.local/lib/python3.12/site-packages/airflow/example_dags/example_xcomargs.py
[2025-02-23T20:27:56.943+0000] {processor.py:914} INFO - Processing file /home/airflow/.local/lib/python3.12/site-packages/airflow/example_dags/example_xcomargs.py for tasks to queue
[2025-02-23T20:27:56.946+0000] {logging_mixin.py:190} INFO - [2025-02-23T20:27:56.946+0000] {dagbag.py:588} INFO - Filling up the DagBag from /home/airflow/.local/lib/python3.12/site-packages/airflow/example_dags/example_xcomargs.py
[2025-02-23T20:27:56.960+0000] {processor.py:925} INFO - DAG(s) 'example_xcom_args_with_operators', 'example_xcom_args' retrieved from /home/airflow/.local/lib/python3.12/site-packages/airflow/example_dags/example_xcomargs.py
[2025-02-23T20:27:56.994+0000] {logging_mixin.py:190} INFO - [2025-02-23T20:27:56.993+0000] {dag.py:3239} INFO - Sync 2 DAGs
[2025-02-23T20:27:57.017+0000] {logging_mixin.py:190} INFO - [2025-02-23T20:27:57.016+0000] {dag.py:4180} INFO - Setting next_dagrun for example_xcom_args to None, run_after=None
[2025-02-23T20:27:57.022+0000] {logging_mixin.py:190} INFO - [2025-02-23T20:27:57.021+0000] {dag.py:4180} INFO - Setting next_dagrun for example_xcom_args_with_operators to None, run_after=None
[2025-02-23T20:27:57.044+0000] {processor.py:208} INFO - Processing /home/airflow/.local/lib/python3.12/site-packages/airflow/example_dags/example_xcomargs.py took 0.112 seconds
[2025-02-23T20:28:27.357+0000] {processor.py:186} INFO - Started process (PID=505) to work on /home/airflow/.local/lib/python3.12/site-packages/airflow/example_dags/example_xcomargs.py
[2025-02-23T20:28:27.359+0000] {processor.py:914} INFO - Processing file /home/airflow/.local/lib/python3.12/site-packages/airflow/example_dags/example_xcomargs.py for tasks to queue
[2025-02-23T20:28:27.362+0000] {logging_mixin.py:190} INFO - [2025-02-23T20:28:27.361+0000] {dagbag.py:588} INFO - Filling up the DagBag from /home/airflow/.local/lib/python3.12/site-packages/airflow/example_dags/example_xcomargs.py
[2025-02-23T20:28:27.375+0000] {processor.py:925} INFO - DAG(s) 'example_xcom_args', 'example_xcom_args_with_operators' retrieved from /home/airflow/.local/lib/python3.12/site-packages/airflow/example_dags/example_xcomargs.py
[2025-02-23T20:28:27.406+0000] {logging_mixin.py:190} INFO - [2025-02-23T20:28:27.406+0000] {dag.py:3239} INFO - Sync 2 DAGs
[2025-02-23T20:28:27.428+0000] {logging_mixin.py:190} INFO - [2025-02-23T20:28:27.427+0000] {dag.py:4180} INFO - Setting next_dagrun for example_xcom_args to None, run_after=None
[2025-02-23T20:28:27.432+0000] {logging_mixin.py:190} INFO - [2025-02-23T20:28:27.432+0000] {dag.py:4180} INFO - Setting next_dagrun for example_xcom_args_with_operators to None, run_after=None
[2025-02-23T20:28:27.456+0000] {processor.py:208} INFO - Processing /home/airflow/.local/lib/python3.12/site-packages/airflow/example_dags/example_xcomargs.py took 0.106 seconds
[2025-02-23T20:28:57.619+0000] {processor.py:186} INFO - Started process (PID=568) to work on /home/airflow/.local/lib/python3.12/site-packages/airflow/example_dags/example_xcomargs.py
[2025-02-23T20:28:57.620+0000] {processor.py:914} INFO - Processing file /home/airflow/.local/lib/python3.12/site-packages/airflow/example_dags/example_xcomargs.py for tasks to queue
[2025-02-23T20:28:57.624+0000] {logging_mixin.py:190} INFO - [2025-02-23T20:28:57.623+0000] {dagbag.py:588} INFO - Filling up the DagBag from /home/airflow/.local/lib/python3.12/site-packages/airflow/example_dags/example_xcomargs.py
[2025-02-23T20:28:57.639+0000] {processor.py:925} INFO - DAG(s) 'example_xcom_args', 'example_xcom_args_with_operators' retrieved from /home/airflow/.local/lib/python3.12/site-packages/airflow/example_dags/example_xcomargs.py
[2025-02-23T20:28:57.672+0000] {logging_mixin.py:190} INFO - [2025-02-23T20:28:57.672+0000] {dag.py:3239} INFO - Sync 2 DAGs
[2025-02-23T20:28:57.696+0000] {logging_mixin.py:190} INFO - [2025-02-23T20:28:57.696+0000] {dag.py:4180} INFO - Setting next_dagrun for example_xcom_args to None, run_after=None
[2025-02-23T20:28:57.702+0000] {logging_mixin.py:190} INFO - [2025-02-23T20:28:57.702+0000] {dag.py:4180} INFO - Setting next_dagrun for example_xcom_args_with_operators to None, run_after=None
[2025-02-23T20:28:57.728+0000] {processor.py:208} INFO - Processing /home/airflow/.local/lib/python3.12/site-packages/airflow/example_dags/example_xcomargs.py took 0.116 seconds
[2025-02-23T20:29:28.169+0000] {processor.py:186} INFO - Started process (PID=631) to work on /home/airflow/.local/lib/python3.12/site-packages/airflow/example_dags/example_xcomargs.py
[2025-02-23T20:29:28.170+0000] {processor.py:914} INFO - Processing file /home/airflow/.local/lib/python3.12/site-packages/airflow/example_dags/example_xcomargs.py for tasks to queue
[2025-02-23T20:29:28.173+0000] {logging_mixin.py:190} INFO - [2025-02-23T20:29:28.173+0000] {dagbag.py:588} INFO - Filling up the DagBag from /home/airflow/.local/lib/python3.12/site-packages/airflow/example_dags/example_xcomargs.py
[2025-02-23T20:29:28.185+0000] {processor.py:925} INFO - DAG(s) 'example_xcom_args_with_operators', 'example_xcom_args' retrieved from /home/airflow/.local/lib/python3.12/site-packages/airflow/example_dags/example_xcomargs.py
[2025-02-23T20:29:28.222+0000] {logging_mixin.py:190} INFO - [2025-02-23T20:29:28.222+0000] {dag.py:3239} INFO - Sync 2 DAGs
[2025-02-23T20:29:28.246+0000] {logging_mixin.py:190} INFO - [2025-02-23T20:29:28.246+0000] {dag.py:4180} INFO - Setting next_dagrun for example_xcom_args to None, run_after=None
[2025-02-23T20:29:28.252+0000] {logging_mixin.py:190} INFO - [2025-02-23T20:29:28.252+0000] {dag.py:4180} INFO - Setting next_dagrun for example_xcom_args_with_operators to None, run_after=None
[2025-02-23T20:29:28.278+0000] {processor.py:208} INFO - Processing /home/airflow/.local/lib/python3.12/site-packages/airflow/example_dags/example_xcomargs.py took 0.116 seconds
[2025-02-23T20:29:59.032+0000] {processor.py:186} INFO - Started process (PID=694) to work on /home/airflow/.local/lib/python3.12/site-packages/airflow/example_dags/example_xcomargs.py
[2025-02-23T20:29:59.034+0000] {processor.py:914} INFO - Processing file /home/airflow/.local/lib/python3.12/site-packages/airflow/example_dags/example_xcomargs.py for tasks to queue
[2025-02-23T20:29:59.037+0000] {logging_mixin.py:190} INFO - [2025-02-23T20:29:59.036+0000] {dagbag.py:588} INFO - Filling up the DagBag from /home/airflow/.local/lib/python3.12/site-packages/airflow/example_dags/example_xcomargs.py
[2025-02-23T20:29:59.052+0000] {processor.py:925} INFO - DAG(s) 'example_xcom_args', 'example_xcom_args_with_operators' retrieved from /home/airflow/.local/lib/python3.12/site-packages/airflow/example_dags/example_xcomargs.py
[2025-02-23T20:29:59.085+0000] {logging_mixin.py:190} INFO - [2025-02-23T20:29:59.085+0000] {dag.py:3239} INFO - Sync 2 DAGs
[2025-02-23T20:29:59.110+0000] {logging_mixin.py:190} INFO - [2025-02-23T20:29:59.110+0000] {dag.py:4180} INFO - Setting next_dagrun for example_xcom_args to None, run_after=None
[2025-02-23T20:29:59.116+0000] {logging_mixin.py:190} INFO - [2025-02-23T20:29:59.116+0000] {dag.py:4180} INFO - Setting next_dagrun for example_xcom_args_with_operators to None, run_after=None
[2025-02-23T20:29:59.142+0000] {processor.py:208} INFO - Processing /home/airflow/.local/lib/python3.12/site-packages/airflow/example_dags/example_xcomargs.py took 0.119 seconds
[2025-02-23T20:30:29.409+0000] {processor.py:186} INFO - Started process (PID=757) to work on /home/airflow/.local/lib/python3.12/site-packages/airflow/example_dags/example_xcomargs.py
[2025-02-23T20:30:29.411+0000] {processor.py:914} INFO - Processing file /home/airflow/.local/lib/python3.12/site-packages/airflow/example_dags/example_xcomargs.py for tasks to queue
[2025-02-23T20:30:29.414+0000] {logging_mixin.py:190} INFO - [2025-02-23T20:30:29.414+0000] {dagbag.py:588} INFO - Filling up the DagBag from /home/airflow/.local/lib/python3.12/site-packages/airflow/example_dags/example_xcomargs.py
[2025-02-23T20:30:29.427+0000] {processor.py:925} INFO - DAG(s) 'example_xcom_args_with_operators', 'example_xcom_args' retrieved from /home/airflow/.local/lib/python3.12/site-packages/airflow/example_dags/example_xcomargs.py
[2025-02-23T20:30:29.459+0000] {logging_mixin.py:190} INFO - [2025-02-23T20:30:29.459+0000] {dag.py:3239} INFO - Sync 2 DAGs
[2025-02-23T20:30:29.480+0000] {logging_mixin.py:190} INFO - [2025-02-23T20:30:29.480+0000] {dag.py:4180} INFO - Setting next_dagrun for example_xcom_args to None, run_after=None
[2025-02-23T20:30:29.485+0000] {logging_mixin.py:190} INFO - [2025-02-23T20:30:29.485+0000] {dag.py:4180} INFO - Setting next_dagrun for example_xcom_args_with_operators to None, run_after=None
[2025-02-23T20:30:29.507+0000] {processor.py:208} INFO - Processing /home/airflow/.local/lib/python3.12/site-packages/airflow/example_dags/example_xcomargs.py took 0.106 seconds
[2025-02-23T20:31:00.254+0000] {processor.py:186} INFO - Started process (PID=820) to work on /home/airflow/.local/lib/python3.12/site-packages/airflow/example_dags/example_xcomargs.py
[2025-02-23T20:31:00.255+0000] {processor.py:914} INFO - Processing file /home/airflow/.local/lib/python3.12/site-packages/airflow/example_dags/example_xcomargs.py for tasks to queue
[2025-02-23T20:31:00.258+0000] {logging_mixin.py:190} INFO - [2025-02-23T20:31:00.257+0000] {dagbag.py:588} INFO - Filling up the DagBag from /home/airflow/.local/lib/python3.12/site-packages/airflow/example_dags/example_xcomargs.py
[2025-02-23T20:31:00.270+0000] {processor.py:925} INFO - DAG(s) 'example_xcom_args_with_operators', 'example_xcom_args' retrieved from /home/airflow/.local/lib/python3.12/site-packages/airflow/example_dags/example_xcomargs.py
[2025-02-23T20:31:00.304+0000] {logging_mixin.py:190} INFO - [2025-02-23T20:31:00.303+0000] {dag.py:3239} INFO - Sync 2 DAGs
[2025-02-23T20:31:00.329+0000] {logging_mixin.py:190} INFO - [2025-02-23T20:31:00.328+0000] {dag.py:4180} INFO - Setting next_dagrun for example_xcom_args to None, run_after=None
[2025-02-23T20:31:00.335+0000] {logging_mixin.py:190} INFO - [2025-02-23T20:31:00.335+0000] {dag.py:4180} INFO - Setting next_dagrun for example_xcom_args_with_operators to None, run_after=None
[2025-02-23T20:31:00.361+0000] {processor.py:208} INFO - Processing /home/airflow/.local/lib/python3.12/site-packages/airflow/example_dags/example_xcomargs.py took 0.114 seconds
[2025-02-23T20:31:31.733+0000] {processor.py:186} INFO - Started process (PID=883) to work on /home/airflow/.local/lib/python3.12/site-packages/airflow/example_dags/example_xcomargs.py
[2025-02-23T20:31:31.735+0000] {processor.py:914} INFO - Processing file /home/airflow/.local/lib/python3.12/site-packages/airflow/example_dags/example_xcomargs.py for tasks to queue
[2025-02-23T20:31:31.738+0000] {logging_mixin.py:190} INFO - [2025-02-23T20:31:31.738+0000] {dagbag.py:588} INFO - Filling up the DagBag from /home/airflow/.local/lib/python3.12/site-packages/airflow/example_dags/example_xcomargs.py
[2025-02-23T20:31:31.755+0000] {processor.py:925} INFO - DAG(s) 'example_xcom_args', 'example_xcom_args_with_operators' retrieved from /home/airflow/.local/lib/python3.12/site-packages/airflow/example_dags/example_xcomargs.py
[2025-02-23T20:31:31.795+0000] {logging_mixin.py:190} INFO - [2025-02-23T20:31:31.794+0000] {dag.py:3239} INFO - Sync 2 DAGs
[2025-02-23T20:31:31.817+0000] {logging_mixin.py:190} INFO - [2025-02-23T20:31:31.817+0000] {dag.py:4180} INFO - Setting next_dagrun for example_xcom_args to None, run_after=None
[2025-02-23T20:31:31.823+0000] {logging_mixin.py:190} INFO - [2025-02-23T20:31:31.822+0000] {dag.py:4180} INFO - Setting next_dagrun for example_xcom_args_with_operators to None, run_after=None
[2025-02-23T20:31:31.849+0000] {processor.py:208} INFO - Processing /home/airflow/.local/lib/python3.12/site-packages/airflow/example_dags/example_xcomargs.py took 0.127 seconds
[2025-02-23T20:32:02.173+0000] {processor.py:186} INFO - Started process (PID=945) to work on /home/airflow/.local/lib/python3.12/site-packages/airflow/example_dags/example_xcomargs.py
[2025-02-23T20:32:02.174+0000] {processor.py:914} INFO - Processing file /home/airflow/.local/lib/python3.12/site-packages/airflow/example_dags/example_xcomargs.py for tasks to queue
[2025-02-23T20:32:02.177+0000] {logging_mixin.py:190} INFO - [2025-02-23T20:32:02.177+0000] {dagbag.py:588} INFO - Filling up the DagBag from /home/airflow/.local/lib/python3.12/site-packages/airflow/example_dags/example_xcomargs.py
[2025-02-23T20:32:02.192+0000] {processor.py:925} INFO - DAG(s) 'example_xcom_args', 'example_xcom_args_with_operators' retrieved from /home/airflow/.local/lib/python3.12/site-packages/airflow/example_dags/example_xcomargs.py
[2025-02-23T20:32:02.226+0000] {logging_mixin.py:190} INFO - [2025-02-23T20:32:02.226+0000] {dag.py:3239} INFO - Sync 2 DAGs
[2025-02-23T20:32:02.247+0000] {logging_mixin.py:190} INFO - [2025-02-23T20:32:02.246+0000] {dag.py:4180} INFO - Setting next_dagrun for example_xcom_args to None, run_after=None
[2025-02-23T20:32:02.252+0000] {logging_mixin.py:190} INFO - [2025-02-23T20:32:02.252+0000] {dag.py:4180} INFO - Setting next_dagrun for example_xcom_args_with_operators to None, run_after=None
[2025-02-23T20:32:02.274+0000] {processor.py:208} INFO - Processing /home/airflow/.local/lib/python3.12/site-packages/airflow/example_dags/example_xcomargs.py took 0.109 seconds
[2025-02-23T20:32:33.288+0000] {processor.py:186} INFO - Started process (PID=1008) to work on /home/airflow/.local/lib/python3.12/site-packages/airflow/example_dags/example_xcomargs.py
[2025-02-23T20:32:33.290+0000] {processor.py:914} INFO - Processing file /home/airflow/.local/lib/python3.12/site-packages/airflow/example_dags/example_xcomargs.py for tasks to queue
[2025-02-23T20:32:33.292+0000] {logging_mixin.py:190} INFO - [2025-02-23T20:32:33.292+0000] {dagbag.py:588} INFO - Filling up the DagBag from /home/airflow/.local/lib/python3.12/site-packages/airflow/example_dags/example_xcomargs.py
[2025-02-23T20:32:33.305+0000] {processor.py:925} INFO - DAG(s) 'example_xcom_args', 'example_xcom_args_with_operators' retrieved from /home/airflow/.local/lib/python3.12/site-packages/airflow/example_dags/example_xcomargs.py
[2025-02-23T20:32:33.335+0000] {logging_mixin.py:190} INFO - [2025-02-23T20:32:33.335+0000] {dag.py:3239} INFO - Sync 2 DAGs
[2025-02-23T20:32:33.357+0000] {logging_mixin.py:190} INFO - [2025-02-23T20:32:33.357+0000] {dag.py:4180} INFO - Setting next_dagrun for example_xcom_args to None, run_after=None
[2025-02-23T20:32:33.362+0000] {logging_mixin.py:190} INFO - [2025-02-23T20:32:33.362+0000] {dag.py:4180} INFO - Setting next_dagrun for example_xcom_args_with_operators to None, run_after=None
[2025-02-23T20:32:33.383+0000] {processor.py:208} INFO - Processing /home/airflow/.local/lib/python3.12/site-packages/airflow/example_dags/example_xcomargs.py took 0.102 seconds
[2025-02-23T20:33:03.969+0000] {processor.py:186} INFO - Started process (PID=1071) to work on /home/airflow/.local/lib/python3.12/site-packages/airflow/example_dags/example_xcomargs.py
[2025-02-23T20:33:03.971+0000] {processor.py:914} INFO - Processing file /home/airflow/.local/lib/python3.12/site-packages/airflow/example_dags/example_xcomargs.py for tasks to queue
[2025-02-23T20:33:03.974+0000] {logging_mixin.py:190} INFO - [2025-02-23T20:33:03.973+0000] {dagbag.py:588} INFO - Filling up the DagBag from /home/airflow/.local/lib/python3.12/site-packages/airflow/example_dags/example_xcomargs.py
[2025-02-23T20:33:03.987+0000] {processor.py:925} INFO - DAG(s) 'example_xcom_args_with_operators', 'example_xcom_args' retrieved from /home/airflow/.local/lib/python3.12/site-packages/airflow/example_dags/example_xcomargs.py
[2025-02-23T20:33:04.020+0000] {logging_mixin.py:190} INFO - [2025-02-23T20:33:04.019+0000] {dag.py:3239} INFO - Sync 2 DAGs
[2025-02-23T20:33:04.044+0000] {logging_mixin.py:190} INFO - [2025-02-23T20:33:04.043+0000] {dag.py:4180} INFO - Setting next_dagrun for example_xcom_args to None, run_after=None
[2025-02-23T20:33:04.051+0000] {logging_mixin.py:190} INFO - [2025-02-23T20:33:04.050+0000] {dag.py:4180} INFO - Setting next_dagrun for example_xcom_args_with_operators to None, run_after=None
[2025-02-23T20:33:04.074+0000] {processor.py:208} INFO - Processing /home/airflow/.local/lib/python3.12/site-packages/airflow/example_dags/example_xcomargs.py took 0.112 seconds
[2025-02-23T20:33:35.004+0000] {processor.py:186} INFO - Started process (PID=1134) to work on /home/airflow/.local/lib/python3.12/site-packages/airflow/example_dags/example_xcomargs.py
[2025-02-23T20:33:35.006+0000] {processor.py:914} INFO - Processing file /home/airflow/.local/lib/python3.12/site-packages/airflow/example_dags/example_xcomargs.py for tasks to queue
[2025-02-23T20:33:35.009+0000] {logging_mixin.py:190} INFO - [2025-02-23T20:33:35.008+0000] {dagbag.py:588} INFO - Filling up the DagBag from /home/airflow/.local/lib/python3.12/site-packages/airflow/example_dags/example_xcomargs.py
[2025-02-23T20:33:35.025+0000] {processor.py:925} INFO - DAG(s) 'example_xcom_args_with_operators', 'example_xcom_args' retrieved from /home/airflow/.local/lib/python3.12/site-packages/airflow/example_dags/example_xcomargs.py
[2025-02-23T20:33:35.061+0000] {logging_mixin.py:190} INFO - [2025-02-23T20:33:35.060+0000] {dag.py:3239} INFO - Sync 2 DAGs
[2025-02-23T20:33:35.082+0000] {logging_mixin.py:190} INFO - [2025-02-23T20:33:35.081+0000] {dag.py:4180} INFO - Setting next_dagrun for example_xcom_args to None, run_after=None
[2025-02-23T20:33:35.087+0000] {logging_mixin.py:190} INFO - [2025-02-23T20:33:35.087+0000] {dag.py:4180} INFO - Setting next_dagrun for example_xcom_args_with_operators to None, run_after=None
[2025-02-23T20:33:35.112+0000] {processor.py:208} INFO - Processing /home/airflow/.local/lib/python3.12/site-packages/airflow/example_dags/example_xcomargs.py took 0.117 seconds
[2025-02-23T20:34:05.221+0000] {processor.py:186} INFO - Started process (PID=1196) to work on /home/airflow/.local/lib/python3.12/site-packages/airflow/example_dags/example_xcomargs.py
[2025-02-23T20:34:05.222+0000] {processor.py:914} INFO - Processing file /home/airflow/.local/lib/python3.12/site-packages/airflow/example_dags/example_xcomargs.py for tasks to queue
[2025-02-23T20:34:05.224+0000] {logging_mixin.py:190} INFO - [2025-02-23T20:34:05.224+0000] {dagbag.py:588} INFO - Filling up the DagBag from /home/airflow/.local/lib/python3.12/site-packages/airflow/example_dags/example_xcomargs.py
[2025-02-23T20:34:05.238+0000] {processor.py:925} INFO - DAG(s) 'example_xcom_args_with_operators', 'example_xcom_args' retrieved from /home/airflow/.local/lib/python3.12/site-packages/airflow/example_dags/example_xcomargs.py
[2025-02-23T20:34:05.268+0000] {logging_mixin.py:190} INFO - [2025-02-23T20:34:05.268+0000] {dag.py:3239} INFO - Sync 2 DAGs
[2025-02-23T20:34:05.289+0000] {logging_mixin.py:190} INFO - [2025-02-23T20:34:05.289+0000] {dag.py:4180} INFO - Setting next_dagrun for example_xcom_args to None, run_after=None
[2025-02-23T20:34:05.296+0000] {logging_mixin.py:190} INFO - [2025-02-23T20:34:05.295+0000] {dag.py:4180} INFO - Setting next_dagrun for example_xcom_args_with_operators to None, run_after=None
[2025-02-23T20:34:05.316+0000] {processor.py:208} INFO - Processing /home/airflow/.local/lib/python3.12/site-packages/airflow/example_dags/example_xcomargs.py took 0.103 seconds
[2025-02-23T20:34:35.914+0000] {processor.py:186} INFO - Started process (PID=1258) to work on /home/airflow/.local/lib/python3.12/site-packages/airflow/example_dags/example_xcomargs.py
[2025-02-23T20:34:35.915+0000] {processor.py:914} INFO - Processing file /home/airflow/.local/lib/python3.12/site-packages/airflow/example_dags/example_xcomargs.py for tasks to queue
[2025-02-23T20:34:35.919+0000] {logging_mixin.py:190} INFO - [2025-02-23T20:34:35.918+0000] {dagbag.py:588} INFO - Filling up the DagBag from /home/airflow/.local/lib/python3.12/site-packages/airflow/example_dags/example_xcomargs.py
[2025-02-23T20:34:35.934+0000] {processor.py:925} INFO - DAG(s) 'example_xcom_args', 'example_xcom_args_with_operators' retrieved from /home/airflow/.local/lib/python3.12/site-packages/airflow/example_dags/example_xcomargs.py
[2025-02-23T20:34:35.969+0000] {logging_mixin.py:190} INFO - [2025-02-23T20:34:35.969+0000] {dag.py:3239} INFO - Sync 2 DAGs
[2025-02-23T20:34:35.994+0000] {logging_mixin.py:190} INFO - [2025-02-23T20:34:35.994+0000] {dag.py:4180} INFO - Setting next_dagrun for example_xcom_args to None, run_after=None
[2025-02-23T20:34:36.000+0000] {logging_mixin.py:190} INFO - [2025-02-23T20:34:35.999+0000] {dag.py:4180} INFO - Setting next_dagrun for example_xcom_args_with_operators to None, run_after=None
[2025-02-23T20:34:36.023+0000] {processor.py:208} INFO - Processing /home/airflow/.local/lib/python3.12/site-packages/airflow/example_dags/example_xcomargs.py took 0.119 seconds
[2025-02-23T20:35:06.984+0000] {processor.py:186} INFO - Started process (PID=1320) to work on /home/airflow/.local/lib/python3.12/site-packages/airflow/example_dags/example_xcomargs.py
[2025-02-23T20:35:06.985+0000] {processor.py:914} INFO - Processing file /home/airflow/.local/lib/python3.12/site-packages/airflow/example_dags/example_xcomargs.py for tasks to queue
[2025-02-23T20:35:06.989+0000] {logging_mixin.py:190} INFO - [2025-02-23T20:35:06.988+0000] {dagbag.py:588} INFO - Filling up the DagBag from /home/airflow/.local/lib/python3.12/site-packages/airflow/example_dags/example_xcomargs.py
[2025-02-23T20:35:07.006+0000] {processor.py:925} INFO - DAG(s) 'example_xcom_args', 'example_xcom_args_with_operators' retrieved from /home/airflow/.local/lib/python3.12/site-packages/airflow/example_dags/example_xcomargs.py
[2025-02-23T20:35:07.040+0000] {logging_mixin.py:190} INFO - [2025-02-23T20:35:07.039+0000] {dag.py:3239} INFO - Sync 2 DAGs
[2025-02-23T20:35:07.064+0000] {logging_mixin.py:190} INFO - [2025-02-23T20:35:07.064+0000] {dag.py:4180} INFO - Setting next_dagrun for example_xcom_args to None, run_after=None
[2025-02-23T20:35:07.070+0000] {logging_mixin.py:190} INFO - [2025-02-23T20:35:07.070+0000] {dag.py:4180} INFO - Setting next_dagrun for example_xcom_args_with_operators to None, run_after=None
[2025-02-23T20:35:07.095+0000] {processor.py:208} INFO - Processing /home/airflow/.local/lib/python3.12/site-packages/airflow/example_dags/example_xcomargs.py took 0.121 seconds
[2025-02-23T20:35:37.324+0000] {processor.py:186} INFO - Started process (PID=1383) to work on /home/airflow/.local/lib/python3.12/site-packages/airflow/example_dags/example_xcomargs.py
[2025-02-23T20:35:37.325+0000] {processor.py:914} INFO - Processing file /home/airflow/.local/lib/python3.12/site-packages/airflow/example_dags/example_xcomargs.py for tasks to queue
[2025-02-23T20:35:37.328+0000] {logging_mixin.py:190} INFO - [2025-02-23T20:35:37.327+0000] {dagbag.py:588} INFO - Filling up the DagBag from /home/airflow/.local/lib/python3.12/site-packages/airflow/example_dags/example_xcomargs.py
[2025-02-23T20:35:37.341+0000] {processor.py:925} INFO - DAG(s) 'example_xcom_args', 'example_xcom_args_with_operators' retrieved from /home/airflow/.local/lib/python3.12/site-packages/airflow/example_dags/example_xcomargs.py
[2025-02-23T20:35:37.376+0000] {logging_mixin.py:190} INFO - [2025-02-23T20:35:37.375+0000] {dag.py:3239} INFO - Sync 2 DAGs
[2025-02-23T20:35:37.395+0000] {logging_mixin.py:190} INFO - [2025-02-23T20:35:37.395+0000] {dag.py:4180} INFO - Setting next_dagrun for example_xcom_args to None, run_after=None
[2025-02-23T20:35:37.399+0000] {logging_mixin.py:190} INFO - [2025-02-23T20:35:37.399+0000] {dag.py:4180} INFO - Setting next_dagrun for example_xcom_args_with_operators to None, run_after=None
[2025-02-23T20:35:37.419+0000] {processor.py:208} INFO - Processing /home/airflow/.local/lib/python3.12/site-packages/airflow/example_dags/example_xcomargs.py took 0.103 seconds
[2025-02-23T20:36:08.496+0000] {processor.py:186} INFO - Started process (PID=1446) to work on /home/airflow/.local/lib/python3.12/site-packages/airflow/example_dags/example_xcomargs.py
[2025-02-23T20:36:08.497+0000] {processor.py:914} INFO - Processing file /home/airflow/.local/lib/python3.12/site-packages/airflow/example_dags/example_xcomargs.py for tasks to queue
[2025-02-23T20:36:08.500+0000] {logging_mixin.py:190} INFO - [2025-02-23T20:36:08.499+0000] {dagbag.py:588} INFO - Filling up the DagBag from /home/airflow/.local/lib/python3.12/site-packages/airflow/example_dags/example_xcomargs.py
[2025-02-23T20:36:08.512+0000] {processor.py:925} INFO - DAG(s) 'example_xcom_args_with_operators', 'example_xcom_args' retrieved from /home/airflow/.local/lib/python3.12/site-packages/airflow/example_dags/example_xcomargs.py
[2025-02-23T20:36:08.544+0000] {logging_mixin.py:190} INFO - [2025-02-23T20:36:08.544+0000] {dag.py:3239} INFO - Sync 2 DAGs
[2025-02-23T20:36:08.565+0000] {logging_mixin.py:190} INFO - [2025-02-23T20:36:08.565+0000] {dag.py:4180} INFO - Setting next_dagrun for example_xcom_args to None, run_after=None
[2025-02-23T20:36:08.571+0000] {logging_mixin.py:190} INFO - [2025-02-23T20:36:08.570+0000] {dag.py:4180} INFO - Setting next_dagrun for example_xcom_args_with_operators to None, run_after=None
[2025-02-23T20:36:08.593+0000] {processor.py:208} INFO - Processing /home/airflow/.local/lib/python3.12/site-packages/airflow/example_dags/example_xcomargs.py took 0.105 seconds
[2025-02-23T20:36:39.845+0000] {processor.py:186} INFO - Started process (PID=1510) to work on /home/airflow/.local/lib/python3.12/site-packages/airflow/example_dags/example_xcomargs.py
[2025-02-23T20:36:39.846+0000] {processor.py:914} INFO - Processing file /home/airflow/.local/lib/python3.12/site-packages/airflow/example_dags/example_xcomargs.py for tasks to queue
[2025-02-23T20:36:39.849+0000] {logging_mixin.py:190} INFO - [2025-02-23T20:36:39.848+0000] {dagbag.py:588} INFO - Filling up the DagBag from /home/airflow/.local/lib/python3.12/site-packages/airflow/example_dags/example_xcomargs.py
[2025-02-23T20:36:39.861+0000] {processor.py:925} INFO - DAG(s) 'example_xcom_args', 'example_xcom_args_with_operators' retrieved from /home/airflow/.local/lib/python3.12/site-packages/airflow/example_dags/example_xcomargs.py
[2025-02-23T20:36:39.892+0000] {logging_mixin.py:190} INFO - [2025-02-23T20:36:39.892+0000] {dag.py:3239} INFO - Sync 2 DAGs
[2025-02-23T20:36:39.915+0000] {logging_mixin.py:190} INFO - [2025-02-23T20:36:39.915+0000] {dag.py:4180} INFO - Setting next_dagrun for example_xcom_args to None, run_after=None
[2025-02-23T20:36:39.921+0000] {logging_mixin.py:190} INFO - [2025-02-23T20:36:39.921+0000] {dag.py:4180} INFO - Setting next_dagrun for example_xcom_args_with_operators to None, run_after=None
[2025-02-23T20:36:39.942+0000] {processor.py:208} INFO - Processing /home/airflow/.local/lib/python3.12/site-packages/airflow/example_dags/example_xcomargs.py took 0.107 seconds
[2025-02-23T20:37:10.562+0000] {processor.py:186} INFO - Started process (PID=1573) to work on /home/airflow/.local/lib/python3.12/site-packages/airflow/example_dags/example_xcomargs.py
[2025-02-23T20:37:10.563+0000] {processor.py:914} INFO - Processing file /home/airflow/.local/lib/python3.12/site-packages/airflow/example_dags/example_xcomargs.py for tasks to queue
[2025-02-23T20:37:10.566+0000] {logging_mixin.py:190} INFO - [2025-02-23T20:37:10.566+0000] {dagbag.py:588} INFO - Filling up the DagBag from /home/airflow/.local/lib/python3.12/site-packages/airflow/example_dags/example_xcomargs.py
[2025-02-23T20:37:10.578+0000] {processor.py:925} INFO - DAG(s) 'example_xcom_args_with_operators', 'example_xcom_args' retrieved from /home/airflow/.local/lib/python3.12/site-packages/airflow/example_dags/example_xcomargs.py
[2025-02-23T20:37:10.614+0000] {logging_mixin.py:190} INFO - [2025-02-23T20:37:10.614+0000] {dag.py:3239} INFO - Sync 2 DAGs
[2025-02-23T20:37:10.642+0000] {logging_mixin.py:190} INFO - [2025-02-23T20:37:10.641+0000] {dag.py:4180} INFO - Setting next_dagrun for example_xcom_args to None, run_after=None
[2025-02-23T20:37:10.648+0000] {logging_mixin.py:190} INFO - [2025-02-23T20:37:10.648+0000] {dag.py:4180} INFO - Setting next_dagrun for example_xcom_args_with_operators to None, run_after=None
[2025-02-23T20:37:10.675+0000] {processor.py:208} INFO - Processing /home/airflow/.local/lib/python3.12/site-packages/airflow/example_dags/example_xcomargs.py took 0.120 seconds
[2025-02-23T20:37:41.504+0000] {processor.py:186} INFO - Started process (PID=1636) to work on /home/airflow/.local/lib/python3.12/site-packages/airflow/example_dags/example_xcomargs.py
[2025-02-23T20:37:41.506+0000] {processor.py:914} INFO - Processing file /home/airflow/.local/lib/python3.12/site-packages/airflow/example_dags/example_xcomargs.py for tasks to queue
[2025-02-23T20:37:41.508+0000] {logging_mixin.py:190} INFO - [2025-02-23T20:37:41.508+0000] {dagbag.py:588} INFO - Filling up the DagBag from /home/airflow/.local/lib/python3.12/site-packages/airflow/example_dags/example_xcomargs.py
[2025-02-23T20:37:41.524+0000] {processor.py:925} INFO - DAG(s) 'example_xcom_args_with_operators', 'example_xcom_args' retrieved from /home/airflow/.local/lib/python3.12/site-packages/airflow/example_dags/example_xcomargs.py
[2025-02-23T20:37:41.558+0000] {logging_mixin.py:190} INFO - [2025-02-23T20:37:41.557+0000] {dag.py:3239} INFO - Sync 2 DAGs
[2025-02-23T20:37:41.579+0000] {logging_mixin.py:190} INFO - [2025-02-23T20:37:41.579+0000] {dag.py:4180} INFO - Setting next_dagrun for example_xcom_args to None, run_after=None
[2025-02-23T20:37:41.585+0000] {logging_mixin.py:190} INFO - [2025-02-23T20:37:41.585+0000] {dag.py:4180} INFO - Setting next_dagrun for example_xcom_args_with_operators to None, run_after=None
[2025-02-23T20:37:41.607+0000] {processor.py:208} INFO - Processing /home/airflow/.local/lib/python3.12/site-packages/airflow/example_dags/example_xcomargs.py took 0.110 seconds
[2025-02-23T20:38:12.683+0000] {processor.py:186} INFO - Started process (PID=1699) to work on /home/airflow/.local/lib/python3.12/site-packages/airflow/example_dags/example_xcomargs.py
[2025-02-23T20:38:12.685+0000] {processor.py:914} INFO - Processing file /home/airflow/.local/lib/python3.12/site-packages/airflow/example_dags/example_xcomargs.py for tasks to queue
[2025-02-23T20:38:12.688+0000] {logging_mixin.py:190} INFO - [2025-02-23T20:38:12.687+0000] {dagbag.py:588} INFO - Filling up the DagBag from /home/airflow/.local/lib/python3.12/site-packages/airflow/example_dags/example_xcomargs.py
[2025-02-23T20:38:12.702+0000] {processor.py:925} INFO - DAG(s) 'example_xcom_args', 'example_xcom_args_with_operators' retrieved from /home/airflow/.local/lib/python3.12/site-packages/airflow/example_dags/example_xcomargs.py
[2025-02-23T20:38:12.737+0000] {logging_mixin.py:190} INFO - [2025-02-23T20:38:12.736+0000] {dag.py:3239} INFO - Sync 2 DAGs
[2025-02-23T20:38:12.762+0000] {logging_mixin.py:190} INFO - [2025-02-23T20:38:12.761+0000] {dag.py:4180} INFO - Setting next_dagrun for example_xcom_args to None, run_after=None
[2025-02-23T20:38:12.768+0000] {logging_mixin.py:190} INFO - [2025-02-23T20:38:12.767+0000] {dag.py:4180} INFO - Setting next_dagrun for example_xcom_args_with_operators to None, run_after=None
[2025-02-23T20:38:12.792+0000] {processor.py:208} INFO - Processing /home/airflow/.local/lib/python3.12/site-packages/airflow/example_dags/example_xcomargs.py took 0.118 seconds
[2025-02-23T20:38:44.307+0000] {processor.py:186} INFO - Started process (PID=1762) to work on /home/airflow/.local/lib/python3.12/site-packages/airflow/example_dags/example_xcomargs.py
[2025-02-23T20:38:44.308+0000] {processor.py:914} INFO - Processing file /home/airflow/.local/lib/python3.12/site-packages/airflow/example_dags/example_xcomargs.py for tasks to queue
[2025-02-23T20:38:44.311+0000] {logging_mixin.py:190} INFO - [2025-02-23T20:38:44.311+0000] {dagbag.py:588} INFO - Filling up the DagBag from /home/airflow/.local/lib/python3.12/site-packages/airflow/example_dags/example_xcomargs.py
[2025-02-23T20:38:44.324+0000] {processor.py:925} INFO - DAG(s) 'example_xcom_args_with_operators', 'example_xcom_args' retrieved from /home/airflow/.local/lib/python3.12/site-packages/airflow/example_dags/example_xcomargs.py
[2025-02-23T20:38:44.356+0000] {logging_mixin.py:190} INFO - [2025-02-23T20:38:44.356+0000] {dag.py:3239} INFO - Sync 2 DAGs
[2025-02-23T20:38:44.379+0000] {logging_mixin.py:190} INFO - [2025-02-23T20:38:44.379+0000] {dag.py:4180} INFO - Setting next_dagrun for example_xcom_args to None, run_after=None
[2025-02-23T20:38:44.385+0000] {logging_mixin.py:190} INFO - [2025-02-23T20:38:44.385+0000] {dag.py:4180} INFO - Setting next_dagrun for example_xcom_args_with_operators to None, run_after=None
[2025-02-23T20:38:44.414+0000] {processor.py:208} INFO - Processing /home/airflow/.local/lib/python3.12/site-packages/airflow/example_dags/example_xcomargs.py took 0.117 seconds
[2025-02-23T20:39:15.225+0000] {processor.py:186} INFO - Started process (PID=1825) to work on /home/airflow/.local/lib/python3.12/site-packages/airflow/example_dags/example_xcomargs.py
[2025-02-23T20:39:15.226+0000] {processor.py:914} INFO - Processing file /home/airflow/.local/lib/python3.12/site-packages/airflow/example_dags/example_xcomargs.py for tasks to queue
[2025-02-23T20:39:15.229+0000] {logging_mixin.py:190} INFO - [2025-02-23T20:39:15.229+0000] {dagbag.py:588} INFO - Filling up the DagBag from /home/airflow/.local/lib/python3.12/site-packages/airflow/example_dags/example_xcomargs.py
[2025-02-23T20:39:15.246+0000] {processor.py:925} INFO - DAG(s) 'example_xcom_args', 'example_xcom_args_with_operators' retrieved from /home/airflow/.local/lib/python3.12/site-packages/airflow/example_dags/example_xcomargs.py
[2025-02-23T20:39:15.285+0000] {logging_mixin.py:190} INFO - [2025-02-23T20:39:15.284+0000] {dag.py:3239} INFO - Sync 2 DAGs
[2025-02-23T20:39:15.311+0000] {logging_mixin.py:190} INFO - [2025-02-23T20:39:15.311+0000] {dag.py:4180} INFO - Setting next_dagrun for example_xcom_args to None, run_after=None
[2025-02-23T20:39:15.317+0000] {logging_mixin.py:190} INFO - [2025-02-23T20:39:15.317+0000] {dag.py:4180} INFO - Setting next_dagrun for example_xcom_args_with_operators to None, run_after=None
[2025-02-23T20:39:15.346+0000] {processor.py:208} INFO - Processing /home/airflow/.local/lib/python3.12/site-packages/airflow/example_dags/example_xcomargs.py took 0.129 seconds
[2025-02-23T20:39:45.556+0000] {processor.py:186} INFO - Started process (PID=1888) to work on /home/airflow/.local/lib/python3.12/site-packages/airflow/example_dags/example_xcomargs.py
[2025-02-23T20:39:45.558+0000] {processor.py:914} INFO - Processing file /home/airflow/.local/lib/python3.12/site-packages/airflow/example_dags/example_xcomargs.py for tasks to queue
[2025-02-23T20:39:45.561+0000] {logging_mixin.py:190} INFO - [2025-02-23T20:39:45.560+0000] {dagbag.py:588} INFO - Filling up the DagBag from /home/airflow/.local/lib/python3.12/site-packages/airflow/example_dags/example_xcomargs.py
[2025-02-23T20:39:45.574+0000] {processor.py:925} INFO - DAG(s) 'example_xcom_args', 'example_xcom_args_with_operators' retrieved from /home/airflow/.local/lib/python3.12/site-packages/airflow/example_dags/example_xcomargs.py
[2025-02-23T20:39:45.608+0000] {logging_mixin.py:190} INFO - [2025-02-23T20:39:45.608+0000] {dag.py:3239} INFO - Sync 2 DAGs
[2025-02-23T20:39:45.630+0000] {logging_mixin.py:190} INFO - [2025-02-23T20:39:45.629+0000] {dag.py:4180} INFO - Setting next_dagrun for example_xcom_args to None, run_after=None
[2025-02-23T20:39:45.635+0000] {logging_mixin.py:190} INFO - [2025-02-23T20:39:45.635+0000] {dag.py:4180} INFO - Setting next_dagrun for example_xcom_args_with_operators to None, run_after=None
[2025-02-23T20:39:45.656+0000] {processor.py:208} INFO - Processing /home/airflow/.local/lib/python3.12/site-packages/airflow/example_dags/example_xcomargs.py took 0.108 seconds
[2025-02-23T20:40:16.861+0000] {processor.py:186} INFO - Started process (PID=1951) to work on /home/airflow/.local/lib/python3.12/site-packages/airflow/example_dags/example_xcomargs.py
[2025-02-23T20:40:16.863+0000] {processor.py:914} INFO - Processing file /home/airflow/.local/lib/python3.12/site-packages/airflow/example_dags/example_xcomargs.py for tasks to queue
[2025-02-23T20:40:16.865+0000] {logging_mixin.py:190} INFO - [2025-02-23T20:40:16.865+0000] {dagbag.py:588} INFO - Filling up the DagBag from /home/airflow/.local/lib/python3.12/site-packages/airflow/example_dags/example_xcomargs.py
[2025-02-23T20:40:16.879+0000] {processor.py:925} INFO - DAG(s) 'example_xcom_args_with_operators', 'example_xcom_args' retrieved from /home/airflow/.local/lib/python3.12/site-packages/airflow/example_dags/example_xcomargs.py
[2025-02-23T20:40:16.913+0000] {logging_mixin.py:190} INFO - [2025-02-23T20:40:16.912+0000] {dag.py:3239} INFO - Sync 2 DAGs
[2025-02-23T20:40:16.936+0000] {logging_mixin.py:190} INFO - [2025-02-23T20:40:16.936+0000] {dag.py:4180} INFO - Setting next_dagrun for example_xcom_args to None, run_after=None
[2025-02-23T20:40:16.942+0000] {logging_mixin.py:190} INFO - [2025-02-23T20:40:16.942+0000] {dag.py:4180} INFO - Setting next_dagrun for example_xcom_args_with_operators to None, run_after=None
[2025-02-23T20:40:16.965+0000] {processor.py:208} INFO - Processing /home/airflow/.local/lib/python3.12/site-packages/airflow/example_dags/example_xcomargs.py took 0.111 seconds
[2025-02-23T20:40:47.837+0000] {processor.py:186} INFO - Started process (PID=2014) to work on /home/airflow/.local/lib/python3.12/site-packages/airflow/example_dags/example_xcomargs.py
[2025-02-23T20:40:47.838+0000] {processor.py:914} INFO - Processing file /home/airflow/.local/lib/python3.12/site-packages/airflow/example_dags/example_xcomargs.py for tasks to queue
[2025-02-23T20:40:47.841+0000] {logging_mixin.py:190} INFO - [2025-02-23T20:40:47.841+0000] {dagbag.py:588} INFO - Filling up the DagBag from /home/airflow/.local/lib/python3.12/site-packages/airflow/example_dags/example_xcomargs.py
[2025-02-23T20:40:47.858+0000] {processor.py:925} INFO - DAG(s) 'example_xcom_args', 'example_xcom_args_with_operators' retrieved from /home/airflow/.local/lib/python3.12/site-packages/airflow/example_dags/example_xcomargs.py
[2025-02-23T20:40:47.894+0000] {logging_mixin.py:190} INFO - [2025-02-23T20:40:47.894+0000] {dag.py:3239} INFO - Sync 2 DAGs
[2025-02-23T20:40:47.922+0000] {logging_mixin.py:190} INFO - [2025-02-23T20:40:47.922+0000] {dag.py:4180} INFO - Setting next_dagrun for example_xcom_args to None, run_after=None
[2025-02-23T20:40:47.929+0000] {logging_mixin.py:190} INFO - [2025-02-23T20:40:47.929+0000] {dag.py:4180} INFO - Setting next_dagrun for example_xcom_args_with_operators to None, run_after=None
[2025-02-23T20:40:47.955+0000] {processor.py:208} INFO - Processing /home/airflow/.local/lib/python3.12/site-packages/airflow/example_dags/example_xcomargs.py took 0.127 seconds
[2025-02-23T20:41:18.734+0000] {processor.py:186} INFO - Started process (PID=2077) to work on /home/airflow/.local/lib/python3.12/site-packages/airflow/example_dags/example_xcomargs.py
[2025-02-23T20:41:18.735+0000] {processor.py:914} INFO - Processing file /home/airflow/.local/lib/python3.12/site-packages/airflow/example_dags/example_xcomargs.py for tasks to queue
[2025-02-23T20:41:18.737+0000] {logging_mixin.py:190} INFO - [2025-02-23T20:41:18.737+0000] {dagbag.py:588} INFO - Filling up the DagBag from /home/airflow/.local/lib/python3.12/site-packages/airflow/example_dags/example_xcomargs.py
[2025-02-23T20:41:18.753+0000] {processor.py:925} INFO - DAG(s) 'example_xcom_args_with_operators', 'example_xcom_args' retrieved from /home/airflow/.local/lib/python3.12/site-packages/airflow/example_dags/example_xcomargs.py
[2025-02-23T20:41:18.789+0000] {logging_mixin.py:190} INFO - [2025-02-23T20:41:18.789+0000] {dag.py:3239} INFO - Sync 2 DAGs
[2025-02-23T20:41:18.813+0000] {logging_mixin.py:190} INFO - [2025-02-23T20:41:18.812+0000] {dag.py:4180} INFO - Setting next_dagrun for example_xcom_args to None, run_after=None
[2025-02-23T20:41:18.820+0000] {logging_mixin.py:190} INFO - [2025-02-23T20:41:18.819+0000] {dag.py:4180} INFO - Setting next_dagrun for example_xcom_args_with_operators to None, run_after=None
[2025-02-23T20:41:18.848+0000] {processor.py:208} INFO - Processing /home/airflow/.local/lib/python3.12/site-packages/airflow/example_dags/example_xcomargs.py took 0.122 seconds
[2025-02-23T20:41:49.107+0000] {processor.py:186} INFO - Started process (PID=2140) to work on /home/airflow/.local/lib/python3.12/site-packages/airflow/example_dags/example_xcomargs.py
[2025-02-23T20:41:49.109+0000] {processor.py:914} INFO - Processing file /home/airflow/.local/lib/python3.12/site-packages/airflow/example_dags/example_xcomargs.py for tasks to queue
[2025-02-23T20:41:49.112+0000] {logging_mixin.py:190} INFO - [2025-02-23T20:41:49.111+0000] {dagbag.py:588} INFO - Filling up the DagBag from /home/airflow/.local/lib/python3.12/site-packages/airflow/example_dags/example_xcomargs.py
[2025-02-23T20:41:49.126+0000] {processor.py:925} INFO - DAG(s) 'example_xcom_args', 'example_xcom_args_with_operators' retrieved from /home/airflow/.local/lib/python3.12/site-packages/airflow/example_dags/example_xcomargs.py
[2025-02-23T20:41:49.161+0000] {logging_mixin.py:190} INFO - [2025-02-23T20:41:49.160+0000] {dag.py:3239} INFO - Sync 2 DAGs
[2025-02-23T20:41:49.183+0000] {logging_mixin.py:190} INFO - [2025-02-23T20:41:49.183+0000] {dag.py:4180} INFO - Setting next_dagrun for example_xcom_args to None, run_after=None
[2025-02-23T20:41:49.189+0000] {logging_mixin.py:190} INFO - [2025-02-23T20:41:49.189+0000] {dag.py:4180} INFO - Setting next_dagrun for example_xcom_args_with_operators to None, run_after=None
[2025-02-23T20:41:49.212+0000] {processor.py:208} INFO - Processing /home/airflow/.local/lib/python3.12/site-packages/airflow/example_dags/example_xcomargs.py took 0.114 seconds
[2025-02-23T20:42:21.061+0000] {processor.py:186} INFO - Started process (PID=2203) to work on /home/airflow/.local/lib/python3.12/site-packages/airflow/example_dags/example_xcomargs.py
[2025-02-23T20:42:21.063+0000] {processor.py:914} INFO - Processing file /home/airflow/.local/lib/python3.12/site-packages/airflow/example_dags/example_xcomargs.py for tasks to queue
[2025-02-23T20:42:21.066+0000] {logging_mixin.py:190} INFO - [2025-02-23T20:42:21.065+0000] {dagbag.py:588} INFO - Filling up the DagBag from /home/airflow/.local/lib/python3.12/site-packages/airflow/example_dags/example_xcomargs.py
[2025-02-23T20:42:21.082+0000] {processor.py:925} INFO - DAG(s) 'example_xcom_args_with_operators', 'example_xcom_args' retrieved from /home/airflow/.local/lib/python3.12/site-packages/airflow/example_dags/example_xcomargs.py
[2025-02-23T20:42:21.116+0000] {logging_mixin.py:190} INFO - [2025-02-23T20:42:21.116+0000] {dag.py:3239} INFO - Sync 2 DAGs
[2025-02-23T20:42:21.138+0000] {logging_mixin.py:190} INFO - [2025-02-23T20:42:21.138+0000] {dag.py:4180} INFO - Setting next_dagrun for example_xcom_args to None, run_after=None
[2025-02-23T20:42:21.144+0000] {logging_mixin.py:190} INFO - [2025-02-23T20:42:21.144+0000] {dag.py:4180} INFO - Setting next_dagrun for example_xcom_args_with_operators to None, run_after=None
[2025-02-23T20:42:21.169+0000] {processor.py:208} INFO - Processing /home/airflow/.local/lib/python3.12/site-packages/airflow/example_dags/example_xcomargs.py took 0.118 seconds
[2025-02-23T20:42:51.607+0000] {processor.py:186} INFO - Started process (PID=2266) to work on /home/airflow/.local/lib/python3.12/site-packages/airflow/example_dags/example_xcomargs.py
[2025-02-23T20:42:51.608+0000] {processor.py:914} INFO - Processing file /home/airflow/.local/lib/python3.12/site-packages/airflow/example_dags/example_xcomargs.py for tasks to queue
[2025-02-23T20:42:51.611+0000] {logging_mixin.py:190} INFO - [2025-02-23T20:42:51.610+0000] {dagbag.py:588} INFO - Filling up the DagBag from /home/airflow/.local/lib/python3.12/site-packages/airflow/example_dags/example_xcomargs.py
[2025-02-23T20:42:51.627+0000] {processor.py:925} INFO - DAG(s) 'example_xcom_args', 'example_xcom_args_with_operators' retrieved from /home/airflow/.local/lib/python3.12/site-packages/airflow/example_dags/example_xcomargs.py
[2025-02-23T20:42:51.664+0000] {logging_mixin.py:190} INFO - [2025-02-23T20:42:51.663+0000] {dag.py:3239} INFO - Sync 2 DAGs
[2025-02-23T20:42:51.687+0000] {logging_mixin.py:190} INFO - [2025-02-23T20:42:51.686+0000] {dag.py:4180} INFO - Setting next_dagrun for example_xcom_args to None, run_after=None
[2025-02-23T20:42:51.694+0000] {logging_mixin.py:190} INFO - [2025-02-23T20:42:51.694+0000] {dag.py:4180} INFO - Setting next_dagrun for example_xcom_args_with_operators to None, run_after=None
[2025-02-23T20:42:51.720+0000] {processor.py:208} INFO - Processing /home/airflow/.local/lib/python3.12/site-packages/airflow/example_dags/example_xcomargs.py took 0.120 seconds
[2025-02-23T20:43:22.701+0000] {processor.py:186} INFO - Started process (PID=2329) to work on /home/airflow/.local/lib/python3.12/site-packages/airflow/example_dags/example_xcomargs.py
[2025-02-23T20:43:22.702+0000] {processor.py:914} INFO - Processing file /home/airflow/.local/lib/python3.12/site-packages/airflow/example_dags/example_xcomargs.py for tasks to queue
[2025-02-23T20:43:22.705+0000] {logging_mixin.py:190} INFO - [2025-02-23T20:43:22.705+0000] {dagbag.py:588} INFO - Filling up the DagBag from /home/airflow/.local/lib/python3.12/site-packages/airflow/example_dags/example_xcomargs.py
[2025-02-23T20:43:22.718+0000] {processor.py:925} INFO - DAG(s) 'example_xcom_args_with_operators', 'example_xcom_args' retrieved from /home/airflow/.local/lib/python3.12/site-packages/airflow/example_dags/example_xcomargs.py
[2025-02-23T20:43:22.756+0000] {logging_mixin.py:190} INFO - [2025-02-23T20:43:22.755+0000] {dag.py:3239} INFO - Sync 2 DAGs
[2025-02-23T20:43:22.778+0000] {logging_mixin.py:190} INFO - [2025-02-23T20:43:22.778+0000] {dag.py:4180} INFO - Setting next_dagrun for example_xcom_args to None, run_after=None
[2025-02-23T20:43:22.785+0000] {logging_mixin.py:190} INFO - [2025-02-23T20:43:22.784+0000] {dag.py:4180} INFO - Setting next_dagrun for example_xcom_args_with_operators to None, run_after=None
[2025-02-23T20:43:22.808+0000] {processor.py:208} INFO - Processing /home/airflow/.local/lib/python3.12/site-packages/airflow/example_dags/example_xcomargs.py took 0.118 seconds
[2025-02-23T20:43:53.963+0000] {processor.py:186} INFO - Started process (PID=2393) to work on /home/airflow/.local/lib/python3.12/site-packages/airflow/example_dags/example_xcomargs.py
[2025-02-23T20:43:53.965+0000] {processor.py:914} INFO - Processing file /home/airflow/.local/lib/python3.12/site-packages/airflow/example_dags/example_xcomargs.py for tasks to queue
[2025-02-23T20:43:53.967+0000] {logging_mixin.py:190} INFO - [2025-02-23T20:43:53.967+0000] {dagbag.py:588} INFO - Filling up the DagBag from /home/airflow/.local/lib/python3.12/site-packages/airflow/example_dags/example_xcomargs.py
[2025-02-23T20:43:53.980+0000] {processor.py:925} INFO - DAG(s) 'example_xcom_args', 'example_xcom_args_with_operators' retrieved from /home/airflow/.local/lib/python3.12/site-packages/airflow/example_dags/example_xcomargs.py
[2025-02-23T20:43:54.017+0000] {logging_mixin.py:190} INFO - [2025-02-23T20:43:54.016+0000] {dag.py:3239} INFO - Sync 2 DAGs
[2025-02-23T20:43:54.043+0000] {logging_mixin.py:190} INFO - [2025-02-23T20:43:54.043+0000] {dag.py:4180} INFO - Setting next_dagrun for example_xcom_args to None, run_after=None
[2025-02-23T20:43:54.050+0000] {logging_mixin.py:190} INFO - [2025-02-23T20:43:54.049+0000] {dag.py:4180} INFO - Setting next_dagrun for example_xcom_args_with_operators to None, run_after=None
[2025-02-23T20:43:54.075+0000] {processor.py:208} INFO - Processing /home/airflow/.local/lib/python3.12/site-packages/airflow/example_dags/example_xcomargs.py took 0.119 seconds
[2025-02-23T20:44:24.489+0000] {processor.py:186} INFO - Started process (PID=2456) to work on /home/airflow/.local/lib/python3.12/site-packages/airflow/example_dags/example_xcomargs.py
[2025-02-23T20:44:24.490+0000] {processor.py:914} INFO - Processing file /home/airflow/.local/lib/python3.12/site-packages/airflow/example_dags/example_xcomargs.py for tasks to queue
[2025-02-23T20:44:24.493+0000] {logging_mixin.py:190} INFO - [2025-02-23T20:44:24.493+0000] {dagbag.py:588} INFO - Filling up the DagBag from /home/airflow/.local/lib/python3.12/site-packages/airflow/example_dags/example_xcomargs.py
[2025-02-23T20:44:24.511+0000] {processor.py:925} INFO - DAG(s) 'example_xcom_args', 'example_xcom_args_with_operators' retrieved from /home/airflow/.local/lib/python3.12/site-packages/airflow/example_dags/example_xcomargs.py
[2025-02-23T20:44:24.551+0000] {logging_mixin.py:190} INFO - [2025-02-23T20:44:24.550+0000] {dag.py:3239} INFO - Sync 2 DAGs
[2025-02-23T20:44:24.575+0000] {logging_mixin.py:190} INFO - [2025-02-23T20:44:24.575+0000] {dag.py:4180} INFO - Setting next_dagrun for example_xcom_args to None, run_after=None
[2025-02-23T20:44:24.581+0000] {logging_mixin.py:190} INFO - [2025-02-23T20:44:24.581+0000] {dag.py:4180} INFO - Setting next_dagrun for example_xcom_args_with_operators to None, run_after=None
[2025-02-23T20:44:24.604+0000] {processor.py:208} INFO - Processing /home/airflow/.local/lib/python3.12/site-packages/airflow/example_dags/example_xcomargs.py took 0.123 seconds
[2025-02-23T20:44:55.950+0000] {processor.py:186} INFO - Started process (PID=2520) to work on /home/airflow/.local/lib/python3.12/site-packages/airflow/example_dags/example_xcomargs.py
[2025-02-23T20:44:55.952+0000] {processor.py:914} INFO - Processing file /home/airflow/.local/lib/python3.12/site-packages/airflow/example_dags/example_xcomargs.py for tasks to queue
[2025-02-23T20:44:55.954+0000] {logging_mixin.py:190} INFO - [2025-02-23T20:44:55.954+0000] {dagbag.py:588} INFO - Filling up the DagBag from /home/airflow/.local/lib/python3.12/site-packages/airflow/example_dags/example_xcomargs.py
[2025-02-23T20:44:55.968+0000] {processor.py:925} INFO - DAG(s) 'example_xcom_args_with_operators', 'example_xcom_args' retrieved from /home/airflow/.local/lib/python3.12/site-packages/airflow/example_dags/example_xcomargs.py
[2025-02-23T20:44:56.002+0000] {logging_mixin.py:190} INFO - [2025-02-23T20:44:56.002+0000] {dag.py:3239} INFO - Sync 2 DAGs
[2025-02-23T20:44:56.027+0000] {logging_mixin.py:190} INFO - [2025-02-23T20:44:56.027+0000] {dag.py:4180} INFO - Setting next_dagrun for example_xcom_args to None, run_after=None
[2025-02-23T20:44:56.035+0000] {logging_mixin.py:190} INFO - [2025-02-23T20:44:56.034+0000] {dag.py:4180} INFO - Setting next_dagrun for example_xcom_args_with_operators to None, run_after=None
[2025-02-23T20:44:56.064+0000] {processor.py:208} INFO - Processing /home/airflow/.local/lib/python3.12/site-packages/airflow/example_dags/example_xcomargs.py took 0.121 seconds
[2025-02-23T20:45:27.790+0000] {processor.py:186} INFO - Started process (PID=2586) to work on /home/airflow/.local/lib/python3.12/site-packages/airflow/example_dags/example_xcomargs.py
[2025-02-23T20:45:27.791+0000] {processor.py:914} INFO - Processing file /home/airflow/.local/lib/python3.12/site-packages/airflow/example_dags/example_xcomargs.py for tasks to queue
[2025-02-23T20:45:27.794+0000] {logging_mixin.py:190} INFO - [2025-02-23T20:45:27.794+0000] {dagbag.py:588} INFO - Filling up the DagBag from /home/airflow/.local/lib/python3.12/site-packages/airflow/example_dags/example_xcomargs.py
[2025-02-23T20:45:27.807+0000] {processor.py:925} INFO - DAG(s) 'example_xcom_args', 'example_xcom_args_with_operators' retrieved from /home/airflow/.local/lib/python3.12/site-packages/airflow/example_dags/example_xcomargs.py
[2025-02-23T20:45:27.839+0000] {logging_mixin.py:190} INFO - [2025-02-23T20:45:27.838+0000] {dag.py:3239} INFO - Sync 2 DAGs
[2025-02-23T20:45:27.859+0000] {logging_mixin.py:190} INFO - [2025-02-23T20:45:27.859+0000] {dag.py:4180} INFO - Setting next_dagrun for example_xcom_args to None, run_after=None
[2025-02-23T20:45:27.863+0000] {logging_mixin.py:190} INFO - [2025-02-23T20:45:27.863+0000] {dag.py:4180} INFO - Setting next_dagrun for example_xcom_args_with_operators to None, run_after=None
[2025-02-23T20:45:27.887+0000] {processor.py:208} INFO - Processing /home/airflow/.local/lib/python3.12/site-packages/airflow/example_dags/example_xcomargs.py took 0.105 seconds
