[2025-02-23T20:25:18.811+0000] {processor.py:186} INFO - Started process (PID=111) to work on /home/airflow/.local/lib/python3.12/site-packages/airflow/example_dags/example_sensors.py
[2025-02-23T20:25:18.811+0000] {processor.py:914} INFO - Processing file /home/airflow/.local/lib/python3.12/site-packages/airflow/example_dags/example_sensors.py for tasks to queue
[2025-02-23T20:25:18.814+0000] {logging_mixin.py:190} INFO - [2025-02-23T20:25:18.814+0000] {dagbag.py:588} INFO - Filling up the DagBag from /home/airflow/.local/lib/python3.12/site-packages/airflow/example_dags/example_sensors.py
[2025-02-23T20:25:18.830+0000] {processor.py:925} INFO - DAG(s) 'example_sensors' retrieved from /home/airflow/.local/lib/python3.12/site-packages/airflow/example_dags/example_sensors.py
[2025-02-23T20:25:18.997+0000] {logging_mixin.py:190} INFO - [2025-02-23T20:25:18.996+0000] {override.py:1912} INFO - Created Permission View: can read on DAG:example_sensors
[2025-02-23T20:25:19.012+0000] {logging_mixin.py:190} INFO - [2025-02-23T20:25:19.011+0000] {override.py:1912} INFO - Created Permission View: can delete on DAG:example_sensors
[2025-02-23T20:25:19.023+0000] {logging_mixin.py:190} INFO - [2025-02-23T20:25:19.022+0000] {override.py:1912} INFO - Created Permission View: can edit on DAG:example_sensors
[2025-02-23T20:25:19.034+0000] {logging_mixin.py:190} INFO - [2025-02-23T20:25:19.034+0000] {override.py:1912} INFO - Created Permission View: can create on DAG Run:example_sensors
[2025-02-23T20:25:19.044+0000] {logging_mixin.py:190} INFO - [2025-02-23T20:25:19.044+0000] {override.py:1912} INFO - Created Permission View: can read on DAG Run:example_sensors
[2025-02-23T20:25:19.055+0000] {logging_mixin.py:190} INFO - [2025-02-23T20:25:19.054+0000] {override.py:1912} INFO - Created Permission View: can delete on DAG Run:example_sensors
[2025-02-23T20:25:19.064+0000] {logging_mixin.py:190} INFO - [2025-02-23T20:25:19.064+0000] {override.py:1912} INFO - Created Permission View: menu access on DAG Run:example_sensors
[2025-02-23T20:25:19.065+0000] {logging_mixin.py:190} INFO - [2025-02-23T20:25:19.065+0000] {dag.py:3239} INFO - Sync 1 DAGs
[2025-02-23T20:25:19.083+0000] {logging_mixin.py:190} INFO - [2025-02-23T20:25:19.083+0000] {dag.py:3262} INFO - Creating ORM DAG for example_sensors
[2025-02-23T20:25:19.084+0000] {logging_mixin.py:190} INFO - [2025-02-23T20:25:19.084+0000] {dag.py:4180} INFO - Setting next_dagrun for example_sensors to None, run_after=None
[2025-02-23T20:25:19.106+0000] {processor.py:208} INFO - Processing /home/airflow/.local/lib/python3.12/site-packages/airflow/example_dags/example_sensors.py took 0.303 seconds
[2025-02-23T20:25:49.997+0000] {processor.py:186} INFO - Started process (PID=174) to work on /home/airflow/.local/lib/python3.12/site-packages/airflow/example_dags/example_sensors.py
[2025-02-23T20:25:49.999+0000] {processor.py:914} INFO - Processing file /home/airflow/.local/lib/python3.12/site-packages/airflow/example_dags/example_sensors.py for tasks to queue
[2025-02-23T20:25:50.002+0000] {logging_mixin.py:190} INFO - [2025-02-23T20:25:50.002+0000] {dagbag.py:588} INFO - Filling up the DagBag from /home/airflow/.local/lib/python3.12/site-packages/airflow/example_dags/example_sensors.py
[2025-02-23T20:25:50.018+0000] {processor.py:925} INFO - DAG(s) 'example_sensors' retrieved from /home/airflow/.local/lib/python3.12/site-packages/airflow/example_dags/example_sensors.py
[2025-02-23T20:25:50.055+0000] {logging_mixin.py:190} INFO - [2025-02-23T20:25:50.055+0000] {dag.py:3239} INFO - Sync 1 DAGs
[2025-02-23T20:25:50.076+0000] {logging_mixin.py:190} INFO - [2025-02-23T20:25:50.076+0000] {dag.py:4180} INFO - Setting next_dagrun for example_sensors to None, run_after=None
[2025-02-23T20:25:50.105+0000] {processor.py:208} INFO - Processing /home/airflow/.local/lib/python3.12/site-packages/airflow/example_dags/example_sensors.py took 0.115 seconds
[2025-02-23T20:26:20.569+0000] {processor.py:186} INFO - Started process (PID=237) to work on /home/airflow/.local/lib/python3.12/site-packages/airflow/example_dags/example_sensors.py
[2025-02-23T20:26:20.571+0000] {processor.py:914} INFO - Processing file /home/airflow/.local/lib/python3.12/site-packages/airflow/example_dags/example_sensors.py for tasks to queue
[2025-02-23T20:26:20.574+0000] {logging_mixin.py:190} INFO - [2025-02-23T20:26:20.573+0000] {dagbag.py:588} INFO - Filling up the DagBag from /home/airflow/.local/lib/python3.12/site-packages/airflow/example_dags/example_sensors.py
[2025-02-23T20:26:20.593+0000] {processor.py:925} INFO - DAG(s) 'example_sensors' retrieved from /home/airflow/.local/lib/python3.12/site-packages/airflow/example_dags/example_sensors.py
[2025-02-23T20:26:20.642+0000] {logging_mixin.py:190} INFO - [2025-02-23T20:26:20.641+0000] {dag.py:3239} INFO - Sync 1 DAGs
[2025-02-23T20:26:20.668+0000] {logging_mixin.py:190} INFO - [2025-02-23T20:26:20.667+0000] {dag.py:4180} INFO - Setting next_dagrun for example_sensors to None, run_after=None
[2025-02-23T20:26:20.698+0000] {processor.py:208} INFO - Processing /home/airflow/.local/lib/python3.12/site-packages/airflow/example_dags/example_sensors.py took 0.138 seconds
[2025-02-23T20:26:50.815+0000] {processor.py:186} INFO - Started process (PID=300) to work on /home/airflow/.local/lib/python3.12/site-packages/airflow/example_dags/example_sensors.py
[2025-02-23T20:26:50.816+0000] {processor.py:914} INFO - Processing file /home/airflow/.local/lib/python3.12/site-packages/airflow/example_dags/example_sensors.py for tasks to queue
[2025-02-23T20:26:50.818+0000] {logging_mixin.py:190} INFO - [2025-02-23T20:26:50.818+0000] {dagbag.py:588} INFO - Filling up the DagBag from /home/airflow/.local/lib/python3.12/site-packages/airflow/example_dags/example_sensors.py
[2025-02-23T20:26:50.833+0000] {processor.py:925} INFO - DAG(s) 'example_sensors' retrieved from /home/airflow/.local/lib/python3.12/site-packages/airflow/example_dags/example_sensors.py
[2025-02-23T20:26:50.874+0000] {logging_mixin.py:190} INFO - [2025-02-23T20:26:50.873+0000] {dag.py:3239} INFO - Sync 1 DAGs
[2025-02-23T20:26:50.896+0000] {logging_mixin.py:190} INFO - [2025-02-23T20:26:50.896+0000] {dag.py:4180} INFO - Setting next_dagrun for example_sensors to None, run_after=None
[2025-02-23T20:26:50.924+0000] {processor.py:208} INFO - Processing /home/airflow/.local/lib/python3.12/site-packages/airflow/example_dags/example_sensors.py took 0.118 seconds
[2025-02-23T20:27:21.238+0000] {processor.py:186} INFO - Started process (PID=363) to work on /home/airflow/.local/lib/python3.12/site-packages/airflow/example_dags/example_sensors.py
[2025-02-23T20:27:21.240+0000] {processor.py:914} INFO - Processing file /home/airflow/.local/lib/python3.12/site-packages/airflow/example_dags/example_sensors.py for tasks to queue
[2025-02-23T20:27:21.243+0000] {logging_mixin.py:190} INFO - [2025-02-23T20:27:21.243+0000] {dagbag.py:588} INFO - Filling up the DagBag from /home/airflow/.local/lib/python3.12/site-packages/airflow/example_dags/example_sensors.py
[2025-02-23T20:27:21.258+0000] {processor.py:925} INFO - DAG(s) 'example_sensors' retrieved from /home/airflow/.local/lib/python3.12/site-packages/airflow/example_dags/example_sensors.py
[2025-02-23T20:27:21.295+0000] {logging_mixin.py:190} INFO - [2025-02-23T20:27:21.295+0000] {dag.py:3239} INFO - Sync 1 DAGs
[2025-02-23T20:27:21.321+0000] {logging_mixin.py:190} INFO - [2025-02-23T20:27:21.320+0000] {dag.py:4180} INFO - Setting next_dagrun for example_sensors to None, run_after=None
[2025-02-23T20:27:21.349+0000] {processor.py:208} INFO - Processing /home/airflow/.local/lib/python3.12/site-packages/airflow/example_dags/example_sensors.py took 0.121 seconds
[2025-02-23T20:27:52.140+0000] {processor.py:186} INFO - Started process (PID=425) to work on /home/airflow/.local/lib/python3.12/site-packages/airflow/example_dags/example_sensors.py
[2025-02-23T20:27:52.141+0000] {processor.py:914} INFO - Processing file /home/airflow/.local/lib/python3.12/site-packages/airflow/example_dags/example_sensors.py for tasks to queue
[2025-02-23T20:27:52.145+0000] {logging_mixin.py:190} INFO - [2025-02-23T20:27:52.144+0000] {dagbag.py:588} INFO - Filling up the DagBag from /home/airflow/.local/lib/python3.12/site-packages/airflow/example_dags/example_sensors.py
[2025-02-23T20:27:52.161+0000] {processor.py:925} INFO - DAG(s) 'example_sensors' retrieved from /home/airflow/.local/lib/python3.12/site-packages/airflow/example_dags/example_sensors.py
[2025-02-23T20:27:52.198+0000] {logging_mixin.py:190} INFO - [2025-02-23T20:27:52.198+0000] {dag.py:3239} INFO - Sync 1 DAGs
[2025-02-23T20:27:52.219+0000] {logging_mixin.py:190} INFO - [2025-02-23T20:27:52.218+0000] {dag.py:4180} INFO - Setting next_dagrun for example_sensors to None, run_after=None
[2025-02-23T20:27:52.247+0000] {processor.py:208} INFO - Processing /home/airflow/.local/lib/python3.12/site-packages/airflow/example_dags/example_sensors.py took 0.114 seconds
[2025-02-23T20:28:23.560+0000] {processor.py:186} INFO - Started process (PID=488) to work on /home/airflow/.local/lib/python3.12/site-packages/airflow/example_dags/example_sensors.py
[2025-02-23T20:28:23.562+0000] {processor.py:914} INFO - Processing file /home/airflow/.local/lib/python3.12/site-packages/airflow/example_dags/example_sensors.py for tasks to queue
[2025-02-23T20:28:23.565+0000] {logging_mixin.py:190} INFO - [2025-02-23T20:28:23.564+0000] {dagbag.py:588} INFO - Filling up the DagBag from /home/airflow/.local/lib/python3.12/site-packages/airflow/example_dags/example_sensors.py
[2025-02-23T20:28:23.578+0000] {processor.py:925} INFO - DAG(s) 'example_sensors' retrieved from /home/airflow/.local/lib/python3.12/site-packages/airflow/example_dags/example_sensors.py
[2025-02-23T20:28:23.612+0000] {logging_mixin.py:190} INFO - [2025-02-23T20:28:23.612+0000] {dag.py:3239} INFO - Sync 1 DAGs
[2025-02-23T20:28:23.632+0000] {logging_mixin.py:190} INFO - [2025-02-23T20:28:23.632+0000] {dag.py:4180} INFO - Setting next_dagrun for example_sensors to None, run_after=None
[2025-02-23T20:28:23.656+0000] {processor.py:208} INFO - Processing /home/airflow/.local/lib/python3.12/site-packages/airflow/example_dags/example_sensors.py took 0.104 seconds
[2025-02-23T20:28:54.679+0000] {processor.py:186} INFO - Started process (PID=551) to work on /home/airflow/.local/lib/python3.12/site-packages/airflow/example_dags/example_sensors.py
[2025-02-23T20:28:54.680+0000] {processor.py:914} INFO - Processing file /home/airflow/.local/lib/python3.12/site-packages/airflow/example_dags/example_sensors.py for tasks to queue
[2025-02-23T20:28:54.683+0000] {logging_mixin.py:190} INFO - [2025-02-23T20:28:54.683+0000] {dagbag.py:588} INFO - Filling up the DagBag from /home/airflow/.local/lib/python3.12/site-packages/airflow/example_dags/example_sensors.py
[2025-02-23T20:28:54.698+0000] {processor.py:925} INFO - DAG(s) 'example_sensors' retrieved from /home/airflow/.local/lib/python3.12/site-packages/airflow/example_dags/example_sensors.py
[2025-02-23T20:28:54.737+0000] {logging_mixin.py:190} INFO - [2025-02-23T20:28:54.736+0000] {dag.py:3239} INFO - Sync 1 DAGs
[2025-02-23T20:28:54.758+0000] {logging_mixin.py:190} INFO - [2025-02-23T20:28:54.757+0000] {dag.py:4180} INFO - Setting next_dagrun for example_sensors to None, run_after=None
[2025-02-23T20:28:54.785+0000] {processor.py:208} INFO - Processing /home/airflow/.local/lib/python3.12/site-packages/airflow/example_dags/example_sensors.py took 0.114 seconds
[2025-02-23T20:29:25.417+0000] {processor.py:186} INFO - Started process (PID=614) to work on /home/airflow/.local/lib/python3.12/site-packages/airflow/example_dags/example_sensors.py
[2025-02-23T20:29:25.419+0000] {processor.py:914} INFO - Processing file /home/airflow/.local/lib/python3.12/site-packages/airflow/example_dags/example_sensors.py for tasks to queue
[2025-02-23T20:29:25.422+0000] {logging_mixin.py:190} INFO - [2025-02-23T20:29:25.421+0000] {dagbag.py:588} INFO - Filling up the DagBag from /home/airflow/.local/lib/python3.12/site-packages/airflow/example_dags/example_sensors.py
[2025-02-23T20:29:25.435+0000] {processor.py:925} INFO - DAG(s) 'example_sensors' retrieved from /home/airflow/.local/lib/python3.12/site-packages/airflow/example_dags/example_sensors.py
[2025-02-23T20:29:25.477+0000] {logging_mixin.py:190} INFO - [2025-02-23T20:29:25.477+0000] {dag.py:3239} INFO - Sync 1 DAGs
[2025-02-23T20:29:25.497+0000] {logging_mixin.py:190} INFO - [2025-02-23T20:29:25.497+0000] {dag.py:4180} INFO - Setting next_dagrun for example_sensors to None, run_after=None
[2025-02-23T20:29:25.522+0000] {processor.py:208} INFO - Processing /home/airflow/.local/lib/python3.12/site-packages/airflow/example_dags/example_sensors.py took 0.114 seconds
[2025-02-23T20:29:56.411+0000] {processor.py:186} INFO - Started process (PID=677) to work on /home/airflow/.local/lib/python3.12/site-packages/airflow/example_dags/example_sensors.py
[2025-02-23T20:29:56.412+0000] {processor.py:914} INFO - Processing file /home/airflow/.local/lib/python3.12/site-packages/airflow/example_dags/example_sensors.py for tasks to queue
[2025-02-23T20:29:56.415+0000] {logging_mixin.py:190} INFO - [2025-02-23T20:29:56.415+0000] {dagbag.py:588} INFO - Filling up the DagBag from /home/airflow/.local/lib/python3.12/site-packages/airflow/example_dags/example_sensors.py
[2025-02-23T20:29:56.428+0000] {processor.py:925} INFO - DAG(s) 'example_sensors' retrieved from /home/airflow/.local/lib/python3.12/site-packages/airflow/example_dags/example_sensors.py
[2025-02-23T20:29:56.464+0000] {logging_mixin.py:190} INFO - [2025-02-23T20:29:56.463+0000] {dag.py:3239} INFO - Sync 1 DAGs
[2025-02-23T20:29:56.483+0000] {logging_mixin.py:190} INFO - [2025-02-23T20:29:56.483+0000] {dag.py:4180} INFO - Setting next_dagrun for example_sensors to None, run_after=None
[2025-02-23T20:29:56.511+0000] {processor.py:208} INFO - Processing /home/airflow/.local/lib/python3.12/site-packages/airflow/example_dags/example_sensors.py took 0.108 seconds
[2025-02-23T20:30:27.476+0000] {processor.py:186} INFO - Started process (PID=740) to work on /home/airflow/.local/lib/python3.12/site-packages/airflow/example_dags/example_sensors.py
[2025-02-23T20:30:27.478+0000] {processor.py:914} INFO - Processing file /home/airflow/.local/lib/python3.12/site-packages/airflow/example_dags/example_sensors.py for tasks to queue
[2025-02-23T20:30:27.482+0000] {logging_mixin.py:190} INFO - [2025-02-23T20:30:27.481+0000] {dagbag.py:588} INFO - Filling up the DagBag from /home/airflow/.local/lib/python3.12/site-packages/airflow/example_dags/example_sensors.py
[2025-02-23T20:30:27.500+0000] {processor.py:925} INFO - DAG(s) 'example_sensors' retrieved from /home/airflow/.local/lib/python3.12/site-packages/airflow/example_dags/example_sensors.py
[2025-02-23T20:30:27.536+0000] {logging_mixin.py:190} INFO - [2025-02-23T20:30:27.536+0000] {dag.py:3239} INFO - Sync 1 DAGs
[2025-02-23T20:30:27.556+0000] {logging_mixin.py:190} INFO - [2025-02-23T20:30:27.556+0000] {dag.py:4180} INFO - Setting next_dagrun for example_sensors to None, run_after=None
[2025-02-23T20:30:27.580+0000] {processor.py:208} INFO - Processing /home/airflow/.local/lib/python3.12/site-packages/airflow/example_dags/example_sensors.py took 0.113 seconds
[2025-02-23T20:30:57.864+0000] {processor.py:186} INFO - Started process (PID=802) to work on /home/airflow/.local/lib/python3.12/site-packages/airflow/example_dags/example_sensors.py
[2025-02-23T20:30:57.865+0000] {processor.py:914} INFO - Processing file /home/airflow/.local/lib/python3.12/site-packages/airflow/example_dags/example_sensors.py for tasks to queue
[2025-02-23T20:30:57.868+0000] {logging_mixin.py:190} INFO - [2025-02-23T20:30:57.868+0000] {dagbag.py:588} INFO - Filling up the DagBag from /home/airflow/.local/lib/python3.12/site-packages/airflow/example_dags/example_sensors.py
[2025-02-23T20:30:57.882+0000] {processor.py:925} INFO - DAG(s) 'example_sensors' retrieved from /home/airflow/.local/lib/python3.12/site-packages/airflow/example_dags/example_sensors.py
[2025-02-23T20:30:57.921+0000] {logging_mixin.py:190} INFO - [2025-02-23T20:30:57.920+0000] {dag.py:3239} INFO - Sync 1 DAGs
[2025-02-23T20:30:57.943+0000] {logging_mixin.py:190} INFO - [2025-02-23T20:30:57.943+0000] {dag.py:4180} INFO - Setting next_dagrun for example_sensors to None, run_after=None
[2025-02-23T20:30:57.968+0000] {processor.py:208} INFO - Processing /home/airflow/.local/lib/python3.12/site-packages/airflow/example_dags/example_sensors.py took 0.113 seconds
[2025-02-23T20:31:29.013+0000] {processor.py:186} INFO - Started process (PID=865) to work on /home/airflow/.local/lib/python3.12/site-packages/airflow/example_dags/example_sensors.py
[2025-02-23T20:31:29.014+0000] {processor.py:914} INFO - Processing file /home/airflow/.local/lib/python3.12/site-packages/airflow/example_dags/example_sensors.py for tasks to queue
[2025-02-23T20:31:29.017+0000] {logging_mixin.py:190} INFO - [2025-02-23T20:31:29.017+0000] {dagbag.py:588} INFO - Filling up the DagBag from /home/airflow/.local/lib/python3.12/site-packages/airflow/example_dags/example_sensors.py
[2025-02-23T20:31:29.035+0000] {processor.py:925} INFO - DAG(s) 'example_sensors' retrieved from /home/airflow/.local/lib/python3.12/site-packages/airflow/example_dags/example_sensors.py
[2025-02-23T20:31:29.080+0000] {logging_mixin.py:190} INFO - [2025-02-23T20:31:29.080+0000] {dag.py:3239} INFO - Sync 1 DAGs
[2025-02-23T20:31:29.106+0000] {logging_mixin.py:190} INFO - [2025-02-23T20:31:29.106+0000] {dag.py:4180} INFO - Setting next_dagrun for example_sensors to None, run_after=None
[2025-02-23T20:31:29.137+0000] {processor.py:208} INFO - Processing /home/airflow/.local/lib/python3.12/site-packages/airflow/example_dags/example_sensors.py took 0.132 seconds
[2025-02-23T20:31:59.940+0000] {processor.py:186} INFO - Started process (PID=927) to work on /home/airflow/.local/lib/python3.12/site-packages/airflow/example_dags/example_sensors.py
[2025-02-23T20:31:59.942+0000] {processor.py:914} INFO - Processing file /home/airflow/.local/lib/python3.12/site-packages/airflow/example_dags/example_sensors.py for tasks to queue
[2025-02-23T20:31:59.945+0000] {logging_mixin.py:190} INFO - [2025-02-23T20:31:59.944+0000] {dagbag.py:588} INFO - Filling up the DagBag from /home/airflow/.local/lib/python3.12/site-packages/airflow/example_dags/example_sensors.py
[2025-02-23T20:31:59.962+0000] {processor.py:925} INFO - DAG(s) 'example_sensors' retrieved from /home/airflow/.local/lib/python3.12/site-packages/airflow/example_dags/example_sensors.py
[2025-02-23T20:32:00.002+0000] {logging_mixin.py:190} INFO - [2025-02-23T20:32:00.002+0000] {dag.py:3239} INFO - Sync 1 DAGs
[2025-02-23T20:32:00.022+0000] {logging_mixin.py:190} INFO - [2025-02-23T20:32:00.022+0000] {dag.py:4180} INFO - Setting next_dagrun for example_sensors to None, run_after=None
[2025-02-23T20:32:00.050+0000] {processor.py:208} INFO - Processing /home/airflow/.local/lib/python3.12/site-packages/airflow/example_dags/example_sensors.py took 0.119 seconds
[2025-02-23T20:32:30.224+0000] {processor.py:186} INFO - Started process (PID=990) to work on /home/airflow/.local/lib/python3.12/site-packages/airflow/example_dags/example_sensors.py
[2025-02-23T20:32:30.225+0000] {processor.py:914} INFO - Processing file /home/airflow/.local/lib/python3.12/site-packages/airflow/example_dags/example_sensors.py for tasks to queue
[2025-02-23T20:32:30.228+0000] {logging_mixin.py:190} INFO - [2025-02-23T20:32:30.227+0000] {dagbag.py:588} INFO - Filling up the DagBag from /home/airflow/.local/lib/python3.12/site-packages/airflow/example_dags/example_sensors.py
[2025-02-23T20:32:30.241+0000] {processor.py:925} INFO - DAG(s) 'example_sensors' retrieved from /home/airflow/.local/lib/python3.12/site-packages/airflow/example_dags/example_sensors.py
[2025-02-23T20:32:30.275+0000] {logging_mixin.py:190} INFO - [2025-02-23T20:32:30.275+0000] {dag.py:3239} INFO - Sync 1 DAGs
[2025-02-23T20:32:30.294+0000] {logging_mixin.py:190} INFO - [2025-02-23T20:32:30.294+0000] {dag.py:4180} INFO - Setting next_dagrun for example_sensors to None, run_after=None
[2025-02-23T20:32:30.319+0000] {processor.py:208} INFO - Processing /home/airflow/.local/lib/python3.12/site-packages/airflow/example_dags/example_sensors.py took 0.102 seconds
[2025-02-23T20:33:00.548+0000] {processor.py:186} INFO - Started process (PID=1052) to work on /home/airflow/.local/lib/python3.12/site-packages/airflow/example_dags/example_sensors.py
[2025-02-23T20:33:00.549+0000] {processor.py:914} INFO - Processing file /home/airflow/.local/lib/python3.12/site-packages/airflow/example_dags/example_sensors.py for tasks to queue
[2025-02-23T20:33:00.552+0000] {logging_mixin.py:190} INFO - [2025-02-23T20:33:00.552+0000] {dagbag.py:588} INFO - Filling up the DagBag from /home/airflow/.local/lib/python3.12/site-packages/airflow/example_dags/example_sensors.py
[2025-02-23T20:33:00.566+0000] {processor.py:925} INFO - DAG(s) 'example_sensors' retrieved from /home/airflow/.local/lib/python3.12/site-packages/airflow/example_dags/example_sensors.py
[2025-02-23T20:33:00.601+0000] {logging_mixin.py:190} INFO - [2025-02-23T20:33:00.601+0000] {dag.py:3239} INFO - Sync 1 DAGs
[2025-02-23T20:33:00.620+0000] {logging_mixin.py:190} INFO - [2025-02-23T20:33:00.620+0000] {dag.py:4180} INFO - Setting next_dagrun for example_sensors to None, run_after=None
[2025-02-23T20:33:00.642+0000] {processor.py:208} INFO - Processing /home/airflow/.local/lib/python3.12/site-packages/airflow/example_dags/example_sensors.py took 0.102 seconds
[2025-02-23T20:33:31.713+0000] {processor.py:186} INFO - Started process (PID=1115) to work on /home/airflow/.local/lib/python3.12/site-packages/airflow/example_dags/example_sensors.py
[2025-02-23T20:33:31.714+0000] {processor.py:914} INFO - Processing file /home/airflow/.local/lib/python3.12/site-packages/airflow/example_dags/example_sensors.py for tasks to queue
[2025-02-23T20:33:31.717+0000] {logging_mixin.py:190} INFO - [2025-02-23T20:33:31.717+0000] {dagbag.py:588} INFO - Filling up the DagBag from /home/airflow/.local/lib/python3.12/site-packages/airflow/example_dags/example_sensors.py
[2025-02-23T20:33:31.735+0000] {processor.py:925} INFO - DAG(s) 'example_sensors' retrieved from /home/airflow/.local/lib/python3.12/site-packages/airflow/example_dags/example_sensors.py
[2025-02-23T20:33:31.772+0000] {logging_mixin.py:190} INFO - [2025-02-23T20:33:31.772+0000] {dag.py:3239} INFO - Sync 1 DAGs
[2025-02-23T20:33:31.792+0000] {logging_mixin.py:190} INFO - [2025-02-23T20:33:31.792+0000] {dag.py:4180} INFO - Setting next_dagrun for example_sensors to None, run_after=None
[2025-02-23T20:33:31.818+0000] {processor.py:208} INFO - Processing /home/airflow/.local/lib/python3.12/site-packages/airflow/example_dags/example_sensors.py took 0.114 seconds
[2025-02-23T20:34:03.277+0000] {processor.py:186} INFO - Started process (PID=1178) to work on /home/airflow/.local/lib/python3.12/site-packages/airflow/example_dags/example_sensors.py
[2025-02-23T20:34:03.278+0000] {processor.py:914} INFO - Processing file /home/airflow/.local/lib/python3.12/site-packages/airflow/example_dags/example_sensors.py for tasks to queue
[2025-02-23T20:34:03.281+0000] {logging_mixin.py:190} INFO - [2025-02-23T20:34:03.281+0000] {dagbag.py:588} INFO - Filling up the DagBag from /home/airflow/.local/lib/python3.12/site-packages/airflow/example_dags/example_sensors.py
[2025-02-23T20:34:03.295+0000] {processor.py:925} INFO - DAG(s) 'example_sensors' retrieved from /home/airflow/.local/lib/python3.12/site-packages/airflow/example_dags/example_sensors.py
[2025-02-23T20:34:03.329+0000] {logging_mixin.py:190} INFO - [2025-02-23T20:34:03.328+0000] {dag.py:3239} INFO - Sync 1 DAGs
[2025-02-23T20:34:03.352+0000] {logging_mixin.py:190} INFO - [2025-02-23T20:34:03.352+0000] {dag.py:4180} INFO - Setting next_dagrun for example_sensors to None, run_after=None
[2025-02-23T20:34:03.383+0000] {processor.py:208} INFO - Processing /home/airflow/.local/lib/python3.12/site-packages/airflow/example_dags/example_sensors.py took 0.114 seconds
[2025-02-23T20:34:34.376+0000] {processor.py:186} INFO - Started process (PID=1241) to work on /home/airflow/.local/lib/python3.12/site-packages/airflow/example_dags/example_sensors.py
[2025-02-23T20:34:34.377+0000] {processor.py:914} INFO - Processing file /home/airflow/.local/lib/python3.12/site-packages/airflow/example_dags/example_sensors.py for tasks to queue
[2025-02-23T20:34:34.379+0000] {logging_mixin.py:190} INFO - [2025-02-23T20:34:34.379+0000] {dagbag.py:588} INFO - Filling up the DagBag from /home/airflow/.local/lib/python3.12/site-packages/airflow/example_dags/example_sensors.py
[2025-02-23T20:34:34.393+0000] {processor.py:925} INFO - DAG(s) 'example_sensors' retrieved from /home/airflow/.local/lib/python3.12/site-packages/airflow/example_dags/example_sensors.py
[2025-02-23T20:34:34.427+0000] {logging_mixin.py:190} INFO - [2025-02-23T20:34:34.426+0000] {dag.py:3239} INFO - Sync 1 DAGs
[2025-02-23T20:34:34.445+0000] {logging_mixin.py:190} INFO - [2025-02-23T20:34:34.445+0000] {dag.py:4180} INFO - Setting next_dagrun for example_sensors to None, run_after=None
[2025-02-23T20:34:34.469+0000] {processor.py:208} INFO - Processing /home/airflow/.local/lib/python3.12/site-packages/airflow/example_dags/example_sensors.py took 0.103 seconds
[2025-02-23T20:35:05.732+0000] {processor.py:186} INFO - Started process (PID=1304) to work on /home/airflow/.local/lib/python3.12/site-packages/airflow/example_dags/example_sensors.py
[2025-02-23T20:35:05.733+0000] {processor.py:914} INFO - Processing file /home/airflow/.local/lib/python3.12/site-packages/airflow/example_dags/example_sensors.py for tasks to queue
[2025-02-23T20:35:05.736+0000] {logging_mixin.py:190} INFO - [2025-02-23T20:35:05.736+0000] {dagbag.py:588} INFO - Filling up the DagBag from /home/airflow/.local/lib/python3.12/site-packages/airflow/example_dags/example_sensors.py
[2025-02-23T20:35:05.752+0000] {processor.py:925} INFO - DAG(s) 'example_sensors' retrieved from /home/airflow/.local/lib/python3.12/site-packages/airflow/example_dags/example_sensors.py
[2025-02-23T20:35:05.790+0000] {logging_mixin.py:190} INFO - [2025-02-23T20:35:05.789+0000] {dag.py:3239} INFO - Sync 1 DAGs
[2025-02-23T20:35:05.813+0000] {logging_mixin.py:190} INFO - [2025-02-23T20:35:05.812+0000] {dag.py:4180} INFO - Setting next_dagrun for example_sensors to None, run_after=None
[2025-02-23T20:35:05.843+0000] {processor.py:208} INFO - Processing /home/airflow/.local/lib/python3.12/site-packages/airflow/example_dags/example_sensors.py took 0.121 seconds
[2025-02-23T20:35:36.033+0000] {processor.py:186} INFO - Started process (PID=1367) to work on /home/airflow/.local/lib/python3.12/site-packages/airflow/example_dags/example_sensors.py
[2025-02-23T20:35:36.035+0000] {processor.py:914} INFO - Processing file /home/airflow/.local/lib/python3.12/site-packages/airflow/example_dags/example_sensors.py for tasks to queue
[2025-02-23T20:35:36.038+0000] {logging_mixin.py:190} INFO - [2025-02-23T20:35:36.037+0000] {dagbag.py:588} INFO - Filling up the DagBag from /home/airflow/.local/lib/python3.12/site-packages/airflow/example_dags/example_sensors.py
[2025-02-23T20:35:36.051+0000] {processor.py:925} INFO - DAG(s) 'example_sensors' retrieved from /home/airflow/.local/lib/python3.12/site-packages/airflow/example_dags/example_sensors.py
[2025-02-23T20:35:36.084+0000] {logging_mixin.py:190} INFO - [2025-02-23T20:35:36.084+0000] {dag.py:3239} INFO - Sync 1 DAGs
[2025-02-23T20:35:36.104+0000] {logging_mixin.py:190} INFO - [2025-02-23T20:35:36.104+0000] {dag.py:4180} INFO - Setting next_dagrun for example_sensors to None, run_after=None
[2025-02-23T20:35:36.129+0000] {processor.py:208} INFO - Processing /home/airflow/.local/lib/python3.12/site-packages/airflow/example_dags/example_sensors.py took 0.102 seconds
[2025-02-23T20:36:07.232+0000] {processor.py:186} INFO - Started process (PID=1430) to work on /home/airflow/.local/lib/python3.12/site-packages/airflow/example_dags/example_sensors.py
[2025-02-23T20:36:07.233+0000] {processor.py:914} INFO - Processing file /home/airflow/.local/lib/python3.12/site-packages/airflow/example_dags/example_sensors.py for tasks to queue
[2025-02-23T20:36:07.236+0000] {logging_mixin.py:190} INFO - [2025-02-23T20:36:07.236+0000] {dagbag.py:588} INFO - Filling up the DagBag from /home/airflow/.local/lib/python3.12/site-packages/airflow/example_dags/example_sensors.py
[2025-02-23T20:36:07.251+0000] {processor.py:925} INFO - DAG(s) 'example_sensors' retrieved from /home/airflow/.local/lib/python3.12/site-packages/airflow/example_dags/example_sensors.py
[2025-02-23T20:36:07.286+0000] {logging_mixin.py:190} INFO - [2025-02-23T20:36:07.285+0000] {dag.py:3239} INFO - Sync 1 DAGs
[2025-02-23T20:36:07.307+0000] {logging_mixin.py:190} INFO - [2025-02-23T20:36:07.307+0000] {dag.py:4180} INFO - Setting next_dagrun for example_sensors to None, run_after=None
[2025-02-23T20:36:07.332+0000] {processor.py:208} INFO - Processing /home/airflow/.local/lib/python3.12/site-packages/airflow/example_dags/example_sensors.py took 0.109 seconds
[2025-02-23T20:36:38.442+0000] {processor.py:186} INFO - Started process (PID=1494) to work on /home/airflow/.local/lib/python3.12/site-packages/airflow/example_dags/example_sensors.py
[2025-02-23T20:36:38.444+0000] {processor.py:914} INFO - Processing file /home/airflow/.local/lib/python3.12/site-packages/airflow/example_dags/example_sensors.py for tasks to queue
[2025-02-23T20:36:38.447+0000] {logging_mixin.py:190} INFO - [2025-02-23T20:36:38.446+0000] {dagbag.py:588} INFO - Filling up the DagBag from /home/airflow/.local/lib/python3.12/site-packages/airflow/example_dags/example_sensors.py
[2025-02-23T20:36:38.461+0000] {processor.py:925} INFO - DAG(s) 'example_sensors' retrieved from /home/airflow/.local/lib/python3.12/site-packages/airflow/example_dags/example_sensors.py
[2025-02-23T20:36:38.505+0000] {logging_mixin.py:190} INFO - [2025-02-23T20:36:38.503+0000] {dag.py:3239} INFO - Sync 1 DAGs
[2025-02-23T20:36:38.529+0000] {logging_mixin.py:190} INFO - [2025-02-23T20:36:38.529+0000] {dag.py:4180} INFO - Setting next_dagrun for example_sensors to None, run_after=None
[2025-02-23T20:36:38.559+0000] {processor.py:208} INFO - Processing /home/airflow/.local/lib/python3.12/site-packages/airflow/example_dags/example_sensors.py took 0.125 seconds
[2025-02-23T20:37:09.441+0000] {processor.py:186} INFO - Started process (PID=1557) to work on /home/airflow/.local/lib/python3.12/site-packages/airflow/example_dags/example_sensors.py
[2025-02-23T20:37:09.442+0000] {processor.py:914} INFO - Processing file /home/airflow/.local/lib/python3.12/site-packages/airflow/example_dags/example_sensors.py for tasks to queue
[2025-02-23T20:37:09.445+0000] {logging_mixin.py:190} INFO - [2025-02-23T20:37:09.445+0000] {dagbag.py:588} INFO - Filling up the DagBag from /home/airflow/.local/lib/python3.12/site-packages/airflow/example_dags/example_sensors.py
[2025-02-23T20:37:09.459+0000] {processor.py:925} INFO - DAG(s) 'example_sensors' retrieved from /home/airflow/.local/lib/python3.12/site-packages/airflow/example_dags/example_sensors.py
[2025-02-23T20:37:09.493+0000] {logging_mixin.py:190} INFO - [2025-02-23T20:37:09.493+0000] {dag.py:3239} INFO - Sync 1 DAGs
[2025-02-23T20:37:09.513+0000] {logging_mixin.py:190} INFO - [2025-02-23T20:37:09.512+0000] {dag.py:4180} INFO - Setting next_dagrun for example_sensors to None, run_after=None
[2025-02-23T20:37:09.538+0000] {processor.py:208} INFO - Processing /home/airflow/.local/lib/python3.12/site-packages/airflow/example_dags/example_sensors.py took 0.105 seconds
[2025-02-23T20:37:40.153+0000] {processor.py:186} INFO - Started process (PID=1620) to work on /home/airflow/.local/lib/python3.12/site-packages/airflow/example_dags/example_sensors.py
[2025-02-23T20:37:40.154+0000] {processor.py:914} INFO - Processing file /home/airflow/.local/lib/python3.12/site-packages/airflow/example_dags/example_sensors.py for tasks to queue
[2025-02-23T20:37:40.156+0000] {logging_mixin.py:190} INFO - [2025-02-23T20:37:40.156+0000] {dagbag.py:588} INFO - Filling up the DagBag from /home/airflow/.local/lib/python3.12/site-packages/airflow/example_dags/example_sensors.py
[2025-02-23T20:37:40.169+0000] {processor.py:925} INFO - DAG(s) 'example_sensors' retrieved from /home/airflow/.local/lib/python3.12/site-packages/airflow/example_dags/example_sensors.py
[2025-02-23T20:37:40.204+0000] {logging_mixin.py:190} INFO - [2025-02-23T20:37:40.204+0000] {dag.py:3239} INFO - Sync 1 DAGs
[2025-02-23T20:37:40.222+0000] {logging_mixin.py:190} INFO - [2025-02-23T20:37:40.222+0000] {dag.py:4180} INFO - Setting next_dagrun for example_sensors to None, run_after=None
[2025-02-23T20:37:40.248+0000] {processor.py:208} INFO - Processing /home/airflow/.local/lib/python3.12/site-packages/airflow/example_dags/example_sensors.py took 0.103 seconds
[2025-02-23T20:38:11.306+0000] {processor.py:186} INFO - Started process (PID=1683) to work on /home/airflow/.local/lib/python3.12/site-packages/airflow/example_dags/example_sensors.py
[2025-02-23T20:38:11.307+0000] {processor.py:914} INFO - Processing file /home/airflow/.local/lib/python3.12/site-packages/airflow/example_dags/example_sensors.py for tasks to queue
[2025-02-23T20:38:11.310+0000] {logging_mixin.py:190} INFO - [2025-02-23T20:38:11.310+0000] {dagbag.py:588} INFO - Filling up the DagBag from /home/airflow/.local/lib/python3.12/site-packages/airflow/example_dags/example_sensors.py
[2025-02-23T20:38:11.324+0000] {processor.py:925} INFO - DAG(s) 'example_sensors' retrieved from /home/airflow/.local/lib/python3.12/site-packages/airflow/example_dags/example_sensors.py
[2025-02-23T20:38:11.359+0000] {logging_mixin.py:190} INFO - [2025-02-23T20:38:11.359+0000] {dag.py:3239} INFO - Sync 1 DAGs
[2025-02-23T20:38:11.379+0000] {logging_mixin.py:190} INFO - [2025-02-23T20:38:11.378+0000] {dag.py:4180} INFO - Setting next_dagrun for example_sensors to None, run_after=None
[2025-02-23T20:38:11.406+0000] {processor.py:208} INFO - Processing /home/airflow/.local/lib/python3.12/site-packages/airflow/example_dags/example_sensors.py took 0.107 seconds
[2025-02-23T20:38:42.881+0000] {processor.py:186} INFO - Started process (PID=1746) to work on /home/airflow/.local/lib/python3.12/site-packages/airflow/example_dags/example_sensors.py
[2025-02-23T20:38:42.882+0000] {processor.py:914} INFO - Processing file /home/airflow/.local/lib/python3.12/site-packages/airflow/example_dags/example_sensors.py for tasks to queue
[2025-02-23T20:38:42.885+0000] {logging_mixin.py:190} INFO - [2025-02-23T20:38:42.885+0000] {dagbag.py:588} INFO - Filling up the DagBag from /home/airflow/.local/lib/python3.12/site-packages/airflow/example_dags/example_sensors.py
[2025-02-23T20:38:42.901+0000] {processor.py:925} INFO - DAG(s) 'example_sensors' retrieved from /home/airflow/.local/lib/python3.12/site-packages/airflow/example_dags/example_sensors.py
[2025-02-23T20:38:42.941+0000] {logging_mixin.py:190} INFO - [2025-02-23T20:38:42.941+0000] {dag.py:3239} INFO - Sync 1 DAGs
[2025-02-23T20:38:42.966+0000] {logging_mixin.py:190} INFO - [2025-02-23T20:38:42.965+0000] {dag.py:4180} INFO - Setting next_dagrun for example_sensors to None, run_after=None
[2025-02-23T20:38:42.995+0000] {processor.py:208} INFO - Processing /home/airflow/.local/lib/python3.12/site-packages/airflow/example_dags/example_sensors.py took 0.123 seconds
[2025-02-23T20:39:13.906+0000] {processor.py:186} INFO - Started process (PID=1809) to work on /home/airflow/.local/lib/python3.12/site-packages/airflow/example_dags/example_sensors.py
[2025-02-23T20:39:13.907+0000] {processor.py:914} INFO - Processing file /home/airflow/.local/lib/python3.12/site-packages/airflow/example_dags/example_sensors.py for tasks to queue
[2025-02-23T20:39:13.910+0000] {logging_mixin.py:190} INFO - [2025-02-23T20:39:13.910+0000] {dagbag.py:588} INFO - Filling up the DagBag from /home/airflow/.local/lib/python3.12/site-packages/airflow/example_dags/example_sensors.py
[2025-02-23T20:39:13.926+0000] {processor.py:925} INFO - DAG(s) 'example_sensors' retrieved from /home/airflow/.local/lib/python3.12/site-packages/airflow/example_dags/example_sensors.py
[2025-02-23T20:39:13.974+0000] {logging_mixin.py:190} INFO - [2025-02-23T20:39:13.974+0000] {dag.py:3239} INFO - Sync 1 DAGs
[2025-02-23T20:39:14.002+0000] {logging_mixin.py:190} INFO - [2025-02-23T20:39:14.001+0000] {dag.py:4180} INFO - Setting next_dagrun for example_sensors to None, run_after=None
[2025-02-23T20:39:14.030+0000] {processor.py:208} INFO - Processing /home/airflow/.local/lib/python3.12/site-packages/airflow/example_dags/example_sensors.py took 0.131 seconds
[2025-02-23T20:39:44.092+0000] {processor.py:186} INFO - Started process (PID=1872) to work on /home/airflow/.local/lib/python3.12/site-packages/airflow/example_dags/example_sensors.py
[2025-02-23T20:39:44.094+0000] {processor.py:914} INFO - Processing file /home/airflow/.local/lib/python3.12/site-packages/airflow/example_dags/example_sensors.py for tasks to queue
[2025-02-23T20:39:44.097+0000] {logging_mixin.py:190} INFO - [2025-02-23T20:39:44.096+0000] {dagbag.py:588} INFO - Filling up the DagBag from /home/airflow/.local/lib/python3.12/site-packages/airflow/example_dags/example_sensors.py
[2025-02-23T20:39:44.113+0000] {processor.py:925} INFO - DAG(s) 'example_sensors' retrieved from /home/airflow/.local/lib/python3.12/site-packages/airflow/example_dags/example_sensors.py
[2025-02-23T20:39:44.148+0000] {logging_mixin.py:190} INFO - [2025-02-23T20:39:44.148+0000] {dag.py:3239} INFO - Sync 1 DAGs
[2025-02-23T20:39:44.168+0000] {logging_mixin.py:190} INFO - [2025-02-23T20:39:44.168+0000] {dag.py:4180} INFO - Setting next_dagrun for example_sensors to None, run_after=None
[2025-02-23T20:39:44.194+0000] {processor.py:208} INFO - Processing /home/airflow/.local/lib/python3.12/site-packages/airflow/example_dags/example_sensors.py took 0.111 seconds
[2025-02-23T20:40:15.646+0000] {processor.py:186} INFO - Started process (PID=1935) to work on /home/airflow/.local/lib/python3.12/site-packages/airflow/example_dags/example_sensors.py
[2025-02-23T20:40:15.647+0000] {processor.py:914} INFO - Processing file /home/airflow/.local/lib/python3.12/site-packages/airflow/example_dags/example_sensors.py for tasks to queue
[2025-02-23T20:40:15.651+0000] {logging_mixin.py:190} INFO - [2025-02-23T20:40:15.650+0000] {dagbag.py:588} INFO - Filling up the DagBag from /home/airflow/.local/lib/python3.12/site-packages/airflow/example_dags/example_sensors.py
[2025-02-23T20:40:15.667+0000] {processor.py:925} INFO - DAG(s) 'example_sensors' retrieved from /home/airflow/.local/lib/python3.12/site-packages/airflow/example_dags/example_sensors.py
[2025-02-23T20:40:15.710+0000] {logging_mixin.py:190} INFO - [2025-02-23T20:40:15.710+0000] {dag.py:3239} INFO - Sync 1 DAGs
[2025-02-23T20:40:15.733+0000] {logging_mixin.py:190} INFO - [2025-02-23T20:40:15.732+0000] {dag.py:4180} INFO - Setting next_dagrun for example_sensors to None, run_after=None
[2025-02-23T20:40:15.761+0000] {processor.py:208} INFO - Processing /home/airflow/.local/lib/python3.12/site-packages/airflow/example_dags/example_sensors.py took 0.123 seconds
[2025-02-23T20:40:46.469+0000] {processor.py:186} INFO - Started process (PID=1998) to work on /home/airflow/.local/lib/python3.12/site-packages/airflow/example_dags/example_sensors.py
[2025-02-23T20:40:46.471+0000] {processor.py:914} INFO - Processing file /home/airflow/.local/lib/python3.12/site-packages/airflow/example_dags/example_sensors.py for tasks to queue
[2025-02-23T20:40:46.473+0000] {logging_mixin.py:190} INFO - [2025-02-23T20:40:46.473+0000] {dagbag.py:588} INFO - Filling up the DagBag from /home/airflow/.local/lib/python3.12/site-packages/airflow/example_dags/example_sensors.py
[2025-02-23T20:40:46.487+0000] {processor.py:925} INFO - DAG(s) 'example_sensors' retrieved from /home/airflow/.local/lib/python3.12/site-packages/airflow/example_dags/example_sensors.py
[2025-02-23T20:40:46.524+0000] {logging_mixin.py:190} INFO - [2025-02-23T20:40:46.524+0000] {dag.py:3239} INFO - Sync 1 DAGs
[2025-02-23T20:40:46.544+0000] {logging_mixin.py:190} INFO - [2025-02-23T20:40:46.544+0000] {dag.py:4180} INFO - Setting next_dagrun for example_sensors to None, run_after=None
[2025-02-23T20:40:46.570+0000] {processor.py:208} INFO - Processing /home/airflow/.local/lib/python3.12/site-packages/airflow/example_dags/example_sensors.py took 0.111 seconds
[2025-02-23T20:41:17.527+0000] {processor.py:186} INFO - Started process (PID=2061) to work on /home/airflow/.local/lib/python3.12/site-packages/airflow/example_dags/example_sensors.py
[2025-02-23T20:41:17.528+0000] {processor.py:914} INFO - Processing file /home/airflow/.local/lib/python3.12/site-packages/airflow/example_dags/example_sensors.py for tasks to queue
[2025-02-23T20:41:17.531+0000] {logging_mixin.py:190} INFO - [2025-02-23T20:41:17.530+0000] {dagbag.py:588} INFO - Filling up the DagBag from /home/airflow/.local/lib/python3.12/site-packages/airflow/example_dags/example_sensors.py
[2025-02-23T20:41:17.545+0000] {processor.py:925} INFO - DAG(s) 'example_sensors' retrieved from /home/airflow/.local/lib/python3.12/site-packages/airflow/example_dags/example_sensors.py
[2025-02-23T20:41:17.586+0000] {logging_mixin.py:190} INFO - [2025-02-23T20:41:17.586+0000] {dag.py:3239} INFO - Sync 1 DAGs
[2025-02-23T20:41:17.607+0000] {logging_mixin.py:190} INFO - [2025-02-23T20:41:17.607+0000] {dag.py:4180} INFO - Setting next_dagrun for example_sensors to None, run_after=None
[2025-02-23T20:41:17.635+0000] {processor.py:208} INFO - Processing /home/airflow/.local/lib/python3.12/site-packages/airflow/example_dags/example_sensors.py took 0.117 seconds
[2025-02-23T20:41:47.898+0000] {processor.py:186} INFO - Started process (PID=2124) to work on /home/airflow/.local/lib/python3.12/site-packages/airflow/example_dags/example_sensors.py
[2025-02-23T20:41:47.900+0000] {processor.py:914} INFO - Processing file /home/airflow/.local/lib/python3.12/site-packages/airflow/example_dags/example_sensors.py for tasks to queue
[2025-02-23T20:41:47.902+0000] {logging_mixin.py:190} INFO - [2025-02-23T20:41:47.902+0000] {dagbag.py:588} INFO - Filling up the DagBag from /home/airflow/.local/lib/python3.12/site-packages/airflow/example_dags/example_sensors.py
[2025-02-23T20:41:47.921+0000] {processor.py:925} INFO - DAG(s) 'example_sensors' retrieved from /home/airflow/.local/lib/python3.12/site-packages/airflow/example_dags/example_sensors.py
[2025-02-23T20:41:47.958+0000] {logging_mixin.py:190} INFO - [2025-02-23T20:41:47.957+0000] {dag.py:3239} INFO - Sync 1 DAGs
[2025-02-23T20:41:47.979+0000] {logging_mixin.py:190} INFO - [2025-02-23T20:41:47.978+0000] {dag.py:4180} INFO - Setting next_dagrun for example_sensors to None, run_after=None
[2025-02-23T20:41:48.006+0000] {processor.py:208} INFO - Processing /home/airflow/.local/lib/python3.12/site-packages/airflow/example_dags/example_sensors.py took 0.115 seconds
[2025-02-23T20:42:19.812+0000] {processor.py:186} INFO - Started process (PID=2187) to work on /home/airflow/.local/lib/python3.12/site-packages/airflow/example_dags/example_sensors.py
[2025-02-23T20:42:19.813+0000] {processor.py:914} INFO - Processing file /home/airflow/.local/lib/python3.12/site-packages/airflow/example_dags/example_sensors.py for tasks to queue
[2025-02-23T20:42:19.816+0000] {logging_mixin.py:190} INFO - [2025-02-23T20:42:19.815+0000] {dagbag.py:588} INFO - Filling up the DagBag from /home/airflow/.local/lib/python3.12/site-packages/airflow/example_dags/example_sensors.py
[2025-02-23T20:42:19.830+0000] {processor.py:925} INFO - DAG(s) 'example_sensors' retrieved from /home/airflow/.local/lib/python3.12/site-packages/airflow/example_dags/example_sensors.py
[2025-02-23T20:42:19.868+0000] {logging_mixin.py:190} INFO - [2025-02-23T20:42:19.867+0000] {dag.py:3239} INFO - Sync 1 DAGs
[2025-02-23T20:42:19.887+0000] {logging_mixin.py:190} INFO - [2025-02-23T20:42:19.887+0000] {dag.py:4180} INFO - Setting next_dagrun for example_sensors to None, run_after=None
[2025-02-23T20:42:19.911+0000] {processor.py:208} INFO - Processing /home/airflow/.local/lib/python3.12/site-packages/airflow/example_dags/example_sensors.py took 0.108 seconds
[2025-02-23T20:42:50.339+0000] {processor.py:186} INFO - Started process (PID=2250) to work on /home/airflow/.local/lib/python3.12/site-packages/airflow/example_dags/example_sensors.py
[2025-02-23T20:42:50.341+0000] {processor.py:914} INFO - Processing file /home/airflow/.local/lib/python3.12/site-packages/airflow/example_dags/example_sensors.py for tasks to queue
[2025-02-23T20:42:50.344+0000] {logging_mixin.py:190} INFO - [2025-02-23T20:42:50.343+0000] {dagbag.py:588} INFO - Filling up the DagBag from /home/airflow/.local/lib/python3.12/site-packages/airflow/example_dags/example_sensors.py
[2025-02-23T20:42:50.358+0000] {processor.py:925} INFO - DAG(s) 'example_sensors' retrieved from /home/airflow/.local/lib/python3.12/site-packages/airflow/example_dags/example_sensors.py
[2025-02-23T20:42:50.397+0000] {logging_mixin.py:190} INFO - [2025-02-23T20:42:50.397+0000] {dag.py:3239} INFO - Sync 1 DAGs
[2025-02-23T20:42:50.419+0000] {logging_mixin.py:190} INFO - [2025-02-23T20:42:50.418+0000] {dag.py:4180} INFO - Setting next_dagrun for example_sensors to None, run_after=None
[2025-02-23T20:42:50.446+0000] {processor.py:208} INFO - Processing /home/airflow/.local/lib/python3.12/site-packages/airflow/example_dags/example_sensors.py took 0.117 seconds
[2025-02-23T20:43:21.472+0000] {processor.py:186} INFO - Started process (PID=2313) to work on /home/airflow/.local/lib/python3.12/site-packages/airflow/example_dags/example_sensors.py
[2025-02-23T20:43:21.474+0000] {processor.py:914} INFO - Processing file /home/airflow/.local/lib/python3.12/site-packages/airflow/example_dags/example_sensors.py for tasks to queue
[2025-02-23T20:43:21.476+0000] {logging_mixin.py:190} INFO - [2025-02-23T20:43:21.476+0000] {dagbag.py:588} INFO - Filling up the DagBag from /home/airflow/.local/lib/python3.12/site-packages/airflow/example_dags/example_sensors.py
[2025-02-23T20:43:21.492+0000] {processor.py:925} INFO - DAG(s) 'example_sensors' retrieved from /home/airflow/.local/lib/python3.12/site-packages/airflow/example_dags/example_sensors.py
[2025-02-23T20:43:21.530+0000] {logging_mixin.py:190} INFO - [2025-02-23T20:43:21.530+0000] {dag.py:3239} INFO - Sync 1 DAGs
[2025-02-23T20:43:21.551+0000] {logging_mixin.py:190} INFO - [2025-02-23T20:43:21.551+0000] {dag.py:4180} INFO - Setting next_dagrun for example_sensors to None, run_after=None
[2025-02-23T20:43:21.577+0000] {processor.py:208} INFO - Processing /home/airflow/.local/lib/python3.12/site-packages/airflow/example_dags/example_sensors.py took 0.112 seconds
[2025-02-23T20:43:52.743+0000] {processor.py:186} INFO - Started process (PID=2377) to work on /home/airflow/.local/lib/python3.12/site-packages/airflow/example_dags/example_sensors.py
[2025-02-23T20:43:52.745+0000] {processor.py:914} INFO - Processing file /home/airflow/.local/lib/python3.12/site-packages/airflow/example_dags/example_sensors.py for tasks to queue
[2025-02-23T20:43:52.747+0000] {logging_mixin.py:190} INFO - [2025-02-23T20:43:52.747+0000] {dagbag.py:588} INFO - Filling up the DagBag from /home/airflow/.local/lib/python3.12/site-packages/airflow/example_dags/example_sensors.py
[2025-02-23T20:43:52.761+0000] {processor.py:925} INFO - DAG(s) 'example_sensors' retrieved from /home/airflow/.local/lib/python3.12/site-packages/airflow/example_dags/example_sensors.py
[2025-02-23T20:43:52.796+0000] {logging_mixin.py:190} INFO - [2025-02-23T20:43:52.795+0000] {dag.py:3239} INFO - Sync 1 DAGs
[2025-02-23T20:43:52.817+0000] {logging_mixin.py:190} INFO - [2025-02-23T20:43:52.816+0000] {dag.py:4180} INFO - Setting next_dagrun for example_sensors to None, run_after=None
[2025-02-23T20:43:52.842+0000] {processor.py:208} INFO - Processing /home/airflow/.local/lib/python3.12/site-packages/airflow/example_dags/example_sensors.py took 0.106 seconds
[2025-02-23T20:44:23.255+0000] {processor.py:186} INFO - Started process (PID=2440) to work on /home/airflow/.local/lib/python3.12/site-packages/airflow/example_dags/example_sensors.py
[2025-02-23T20:44:23.257+0000] {processor.py:914} INFO - Processing file /home/airflow/.local/lib/python3.12/site-packages/airflow/example_dags/example_sensors.py for tasks to queue
[2025-02-23T20:44:23.260+0000] {logging_mixin.py:190} INFO - [2025-02-23T20:44:23.259+0000] {dagbag.py:588} INFO - Filling up the DagBag from /home/airflow/.local/lib/python3.12/site-packages/airflow/example_dags/example_sensors.py
[2025-02-23T20:44:23.274+0000] {processor.py:925} INFO - DAG(s) 'example_sensors' retrieved from /home/airflow/.local/lib/python3.12/site-packages/airflow/example_dags/example_sensors.py
[2025-02-23T20:44:23.310+0000] {logging_mixin.py:190} INFO - [2025-02-23T20:44:23.310+0000] {dag.py:3239} INFO - Sync 1 DAGs
[2025-02-23T20:44:23.329+0000] {logging_mixin.py:190} INFO - [2025-02-23T20:44:23.329+0000] {dag.py:4180} INFO - Setting next_dagrun for example_sensors to None, run_after=None
[2025-02-23T20:44:23.357+0000] {processor.py:208} INFO - Processing /home/airflow/.local/lib/python3.12/site-packages/airflow/example_dags/example_sensors.py took 0.109 seconds
[2025-02-23T20:44:54.468+0000] {processor.py:186} INFO - Started process (PID=2504) to work on /home/airflow/.local/lib/python3.12/site-packages/airflow/example_dags/example_sensors.py
[2025-02-23T20:44:54.470+0000] {processor.py:914} INFO - Processing file /home/airflow/.local/lib/python3.12/site-packages/airflow/example_dags/example_sensors.py for tasks to queue
[2025-02-23T20:44:54.473+0000] {logging_mixin.py:190} INFO - [2025-02-23T20:44:54.472+0000] {dagbag.py:588} INFO - Filling up the DagBag from /home/airflow/.local/lib/python3.12/site-packages/airflow/example_dags/example_sensors.py
[2025-02-23T20:44:54.488+0000] {processor.py:925} INFO - DAG(s) 'example_sensors' retrieved from /home/airflow/.local/lib/python3.12/site-packages/airflow/example_dags/example_sensors.py
[2025-02-23T20:44:54.524+0000] {logging_mixin.py:190} INFO - [2025-02-23T20:44:54.524+0000] {dag.py:3239} INFO - Sync 1 DAGs
[2025-02-23T20:44:54.545+0000] {logging_mixin.py:190} INFO - [2025-02-23T20:44:54.545+0000] {dag.py:4180} INFO - Setting next_dagrun for example_sensors to None, run_after=None
[2025-02-23T20:44:54.571+0000] {processor.py:208} INFO - Processing /home/airflow/.local/lib/python3.12/site-packages/airflow/example_dags/example_sensors.py took 0.111 seconds
[2025-02-23T20:45:26.053+0000] {processor.py:186} INFO - Started process (PID=2567) to work on /home/airflow/.local/lib/python3.12/site-packages/airflow/example_dags/example_sensors.py
[2025-02-23T20:45:26.054+0000] {processor.py:914} INFO - Processing file /home/airflow/.local/lib/python3.12/site-packages/airflow/example_dags/example_sensors.py for tasks to queue
[2025-02-23T20:45:26.057+0000] {logging_mixin.py:190} INFO - [2025-02-23T20:45:26.056+0000] {dagbag.py:588} INFO - Filling up the DagBag from /home/airflow/.local/lib/python3.12/site-packages/airflow/example_dags/example_sensors.py
[2025-02-23T20:45:26.071+0000] {processor.py:925} INFO - DAG(s) 'example_sensors' retrieved from /home/airflow/.local/lib/python3.12/site-packages/airflow/example_dags/example_sensors.py
[2025-02-23T20:45:26.109+0000] {logging_mixin.py:190} INFO - [2025-02-23T20:45:26.109+0000] {dag.py:3239} INFO - Sync 1 DAGs
[2025-02-23T20:45:26.130+0000] {logging_mixin.py:190} INFO - [2025-02-23T20:45:26.130+0000] {dag.py:4180} INFO - Setting next_dagrun for example_sensors to None, run_after=None
[2025-02-23T20:45:26.161+0000] {processor.py:208} INFO - Processing /home/airflow/.local/lib/python3.12/site-packages/airflow/example_dags/example_sensors.py took 0.115 seconds
