[2025-02-23T20:25:08.873+0000] {processor.py:186} INFO - Started process (PID=84) to work on /home/airflow/.local/lib/python3.12/site-packages/airflow/example_dags/example_inlet_event_extra.py
[2025-02-23T20:25:08.875+0000] {processor.py:914} INFO - Processing file /home/airflow/.local/lib/python3.12/site-packages/airflow/example_dags/example_inlet_event_extra.py for tasks to queue
[2025-02-23T20:25:08.878+0000] {logging_mixin.py:190} INFO - [2025-02-23T20:25:08.878+0000] {dagbag.py:588} INFO - Filling up the DagBag from /home/airflow/.local/lib/python3.12/site-packages/airflow/example_dags/example_inlet_event_extra.py
[2025-02-23T20:25:11.012+0000] {processor.py:925} INFO - DAG(s) 'read_dataset_event_from_classic', 'read_dataset_event' retrieved from /home/airflow/.local/lib/python3.12/site-packages/airflow/example_dags/example_inlet_event_extra.py
[2025-02-23T20:25:11.184+0000] {logging_mixin.py:190} INFO - [2025-02-23T20:25:11.182+0000] {override.py:1912} INFO - Created Permission View: can read on DAG:read_dataset_event_from_classic
[2025-02-23T20:25:11.201+0000] {logging_mixin.py:190} INFO - [2025-02-23T20:25:11.200+0000] {override.py:1912} INFO - Created Permission View: can delete on DAG:read_dataset_event_from_classic
[2025-02-23T20:25:11.216+0000] {logging_mixin.py:190} INFO - [2025-02-23T20:25:11.215+0000] {override.py:1912} INFO - Created Permission View: can edit on DAG:read_dataset_event_from_classic
[2025-02-23T20:25:11.230+0000] {logging_mixin.py:190} INFO - [2025-02-23T20:25:11.229+0000] {override.py:1912} INFO - Created Permission View: can create on DAG Run:read_dataset_event_from_classic
[2025-02-23T20:25:11.243+0000] {logging_mixin.py:190} INFO - [2025-02-23T20:25:11.242+0000] {override.py:1912} INFO - Created Permission View: can read on DAG Run:read_dataset_event_from_classic
[2025-02-23T20:25:11.256+0000] {logging_mixin.py:190} INFO - [2025-02-23T20:25:11.255+0000] {override.py:1912} INFO - Created Permission View: can delete on DAG Run:read_dataset_event_from_classic
[2025-02-23T20:25:11.268+0000] {logging_mixin.py:190} INFO - [2025-02-23T20:25:11.268+0000] {override.py:1912} INFO - Created Permission View: menu access on DAG Run:read_dataset_event_from_classic
[2025-02-23T20:25:11.290+0000] {logging_mixin.py:190} INFO - [2025-02-23T20:25:11.289+0000] {override.py:1912} INFO - Created Permission View: can read on DAG:read_dataset_event
[2025-02-23T20:25:11.302+0000] {logging_mixin.py:190} INFO - [2025-02-23T20:25:11.302+0000] {override.py:1912} INFO - Created Permission View: can delete on DAG:read_dataset_event
[2025-02-23T20:25:11.313+0000] {logging_mixin.py:190} INFO - [2025-02-23T20:25:11.312+0000] {override.py:1912} INFO - Created Permission View: can edit on DAG:read_dataset_event
[2025-02-23T20:25:11.327+0000] {logging_mixin.py:190} INFO - [2025-02-23T20:25:11.326+0000] {override.py:1912} INFO - Created Permission View: can create on DAG Run:read_dataset_event
[2025-02-23T20:25:11.339+0000] {logging_mixin.py:190} INFO - [2025-02-23T20:25:11.338+0000] {override.py:1912} INFO - Created Permission View: can read on DAG Run:read_dataset_event
[2025-02-23T20:25:11.350+0000] {logging_mixin.py:190} INFO - [2025-02-23T20:25:11.350+0000] {override.py:1912} INFO - Created Permission View: can delete on DAG Run:read_dataset_event
[2025-02-23T20:25:11.363+0000] {logging_mixin.py:190} INFO - [2025-02-23T20:25:11.363+0000] {override.py:1912} INFO - Created Permission View: menu access on DAG Run:read_dataset_event
[2025-02-23T20:25:11.364+0000] {logging_mixin.py:190} INFO - [2025-02-23T20:25:11.364+0000] {dag.py:3239} INFO - Sync 2 DAGs
[2025-02-23T20:25:11.383+0000] {logging_mixin.py:190} INFO - [2025-02-23T20:25:11.382+0000] {dag.py:3262} INFO - Creating ORM DAG for read_dataset_event_from_classic
[2025-02-23T20:25:11.384+0000] {logging_mixin.py:190} INFO - [2025-02-23T20:25:11.384+0000] {dag.py:3262} INFO - Creating ORM DAG for read_dataset_event
[2025-02-23T20:25:11.399+0000] {logging_mixin.py:190} INFO - [2025-02-23T20:25:11.399+0000] {dag.py:4180} INFO - Setting next_dagrun for read_dataset_event to 2025-02-22 00:00:00+00:00, run_after=2025-02-23 00:00:00+00:00
[2025-02-23T20:25:11.402+0000] {logging_mixin.py:190} INFO - [2025-02-23T20:25:11.402+0000] {dag.py:4180} INFO - Setting next_dagrun for read_dataset_event_from_classic to 2025-02-22 00:00:00+00:00, run_after=2025-02-23 00:00:00+00:00
[2025-02-23T20:25:11.426+0000] {processor.py:208} INFO - Processing /home/airflow/.local/lib/python3.12/site-packages/airflow/example_dags/example_inlet_event_extra.py took 2.562 seconds
[2025-02-23T20:25:41.527+0000] {processor.py:186} INFO - Started process (PID=146) to work on /home/airflow/.local/lib/python3.12/site-packages/airflow/example_dags/example_inlet_event_extra.py
[2025-02-23T20:25:41.529+0000] {processor.py:914} INFO - Processing file /home/airflow/.local/lib/python3.12/site-packages/airflow/example_dags/example_inlet_event_extra.py for tasks to queue
[2025-02-23T20:25:41.532+0000] {logging_mixin.py:190} INFO - [2025-02-23T20:25:41.532+0000] {dagbag.py:588} INFO - Filling up the DagBag from /home/airflow/.local/lib/python3.12/site-packages/airflow/example_dags/example_inlet_event_extra.py
[2025-02-23T20:25:42.367+0000] {processor.py:925} INFO - DAG(s) 'read_dataset_event', 'read_dataset_event_from_classic' retrieved from /home/airflow/.local/lib/python3.12/site-packages/airflow/example_dags/example_inlet_event_extra.py
[2025-02-23T20:25:42.394+0000] {logging_mixin.py:190} INFO - [2025-02-23T20:25:42.394+0000] {dag.py:3239} INFO - Sync 2 DAGs
[2025-02-23T20:25:42.443+0000] {logging_mixin.py:190} INFO - [2025-02-23T20:25:42.442+0000] {dag.py:4180} INFO - Setting next_dagrun for read_dataset_event to 2025-02-22 00:00:00+00:00, run_after=2025-02-23 00:00:00+00:00
[2025-02-23T20:25:42.454+0000] {logging_mixin.py:190} INFO - [2025-02-23T20:25:42.453+0000] {dag.py:4180} INFO - Setting next_dagrun for read_dataset_event_from_classic to 2025-02-22 00:00:00+00:00, run_after=2025-02-23 00:00:00+00:00
[2025-02-23T20:25:42.483+0000] {processor.py:208} INFO - Processing /home/airflow/.local/lib/python3.12/site-packages/airflow/example_dags/example_inlet_event_extra.py took 0.964 seconds
[2025-02-23T20:26:12.709+0000] {processor.py:186} INFO - Started process (PID=209) to work on /home/airflow/.local/lib/python3.12/site-packages/airflow/example_dags/example_inlet_event_extra.py
[2025-02-23T20:26:12.711+0000] {processor.py:914} INFO - Processing file /home/airflow/.local/lib/python3.12/site-packages/airflow/example_dags/example_inlet_event_extra.py for tasks to queue
[2025-02-23T20:26:12.714+0000] {logging_mixin.py:190} INFO - [2025-02-23T20:26:12.714+0000] {dagbag.py:588} INFO - Filling up the DagBag from /home/airflow/.local/lib/python3.12/site-packages/airflow/example_dags/example_inlet_event_extra.py
[2025-02-23T20:26:13.643+0000] {processor.py:925} INFO - DAG(s) 'read_dataset_event_from_classic', 'read_dataset_event' retrieved from /home/airflow/.local/lib/python3.12/site-packages/airflow/example_dags/example_inlet_event_extra.py
[2025-02-23T20:26:13.675+0000] {logging_mixin.py:190} INFO - [2025-02-23T20:26:13.674+0000] {dag.py:3239} INFO - Sync 2 DAGs
[2025-02-23T20:26:13.711+0000] {logging_mixin.py:190} INFO - [2025-02-23T20:26:13.711+0000] {dag.py:4180} INFO - Setting next_dagrun for read_dataset_event to 2025-02-22 00:00:00+00:00, run_after=2025-02-23 00:00:00+00:00
[2025-02-23T20:26:13.719+0000] {logging_mixin.py:190} INFO - [2025-02-23T20:26:13.719+0000] {dag.py:4180} INFO - Setting next_dagrun for read_dataset_event_from_classic to 2025-02-22 00:00:00+00:00, run_after=2025-02-23 00:00:00+00:00
[2025-02-23T20:26:13.744+0000] {processor.py:208} INFO - Processing /home/airflow/.local/lib/python3.12/site-packages/airflow/example_dags/example_inlet_event_extra.py took 1.046 seconds
[2025-02-23T20:26:44.191+0000] {processor.py:186} INFO - Started process (PID=274) to work on /home/airflow/.local/lib/python3.12/site-packages/airflow/example_dags/example_inlet_event_extra.py
[2025-02-23T20:26:44.194+0000] {processor.py:914} INFO - Processing file /home/airflow/.local/lib/python3.12/site-packages/airflow/example_dags/example_inlet_event_extra.py for tasks to queue
[2025-02-23T20:26:44.197+0000] {logging_mixin.py:190} INFO - [2025-02-23T20:26:44.196+0000] {dagbag.py:588} INFO - Filling up the DagBag from /home/airflow/.local/lib/python3.12/site-packages/airflow/example_dags/example_inlet_event_extra.py
[2025-02-23T20:26:45.119+0000] {processor.py:925} INFO - DAG(s) 'read_dataset_event_from_classic', 'read_dataset_event' retrieved from /home/airflow/.local/lib/python3.12/site-packages/airflow/example_dags/example_inlet_event_extra.py
[2025-02-23T20:26:45.148+0000] {logging_mixin.py:190} INFO - [2025-02-23T20:26:45.148+0000] {dag.py:3239} INFO - Sync 2 DAGs
[2025-02-23T20:26:45.186+0000] {logging_mixin.py:190} INFO - [2025-02-23T20:26:45.185+0000] {dag.py:4180} INFO - Setting next_dagrun for read_dataset_event to 2025-02-22 00:00:00+00:00, run_after=2025-02-23 00:00:00+00:00
[2025-02-23T20:26:45.193+0000] {logging_mixin.py:190} INFO - [2025-02-23T20:26:45.193+0000] {dag.py:4180} INFO - Setting next_dagrun for read_dataset_event_from_classic to 2025-02-22 00:00:00+00:00, run_after=2025-02-23 00:00:00+00:00
[2025-02-23T20:26:45.218+0000] {processor.py:208} INFO - Processing /home/airflow/.local/lib/python3.12/site-packages/airflow/example_dags/example_inlet_event_extra.py took 1.035 seconds
[2025-02-23T20:27:15.445+0000] {processor.py:186} INFO - Started process (PID=337) to work on /home/airflow/.local/lib/python3.12/site-packages/airflow/example_dags/example_inlet_event_extra.py
[2025-02-23T20:27:15.446+0000] {processor.py:914} INFO - Processing file /home/airflow/.local/lib/python3.12/site-packages/airflow/example_dags/example_inlet_event_extra.py for tasks to queue
[2025-02-23T20:27:15.449+0000] {logging_mixin.py:190} INFO - [2025-02-23T20:27:15.449+0000] {dagbag.py:588} INFO - Filling up the DagBag from /home/airflow/.local/lib/python3.12/site-packages/airflow/example_dags/example_inlet_event_extra.py
[2025-02-23T20:27:16.835+0000] {processor.py:925} INFO - DAG(s) 'read_dataset_event_from_classic', 'read_dataset_event' retrieved from /home/airflow/.local/lib/python3.12/site-packages/airflow/example_dags/example_inlet_event_extra.py
[2025-02-23T20:27:16.870+0000] {logging_mixin.py:190} INFO - [2025-02-23T20:27:16.870+0000] {dag.py:3239} INFO - Sync 2 DAGs
[2025-02-23T20:27:17.455+0000] {logging_mixin.py:190} INFO - [2025-02-23T20:27:17.455+0000] {dag.py:4180} INFO - Setting next_dagrun for read_dataset_event to 2025-02-22 00:00:00+00:00, run_after=2025-02-23 00:00:00+00:00
[2025-02-23T20:27:17.464+0000] {logging_mixin.py:190} INFO - [2025-02-23T20:27:17.463+0000] {dag.py:4180} INFO - Setting next_dagrun for read_dataset_event_from_classic to 2025-02-22 00:00:00+00:00, run_after=2025-02-23 00:00:00+00:00
[2025-02-23T20:27:17.489+0000] {processor.py:208} INFO - Processing /home/airflow/.local/lib/python3.12/site-packages/airflow/example_dags/example_inlet_event_extra.py took 1.025 seconds
[2025-02-23T20:27:48.836+0000] {processor.py:186} INFO - Started process (PID=400) to work on /home/airflow/.local/lib/python3.12/site-packages/airflow/example_dags/example_inlet_event_extra.py
[2025-02-23T20:27:48.839+0000] {processor.py:914} INFO - Processing file /home/airflow/.local/lib/python3.12/site-packages/airflow/example_dags/example_inlet_event_extra.py for tasks to queue
[2025-02-23T20:27:48.843+0000] {logging_mixin.py:190} INFO - [2025-02-23T20:27:48.843+0000] {dagbag.py:588} INFO - Filling up the DagBag from /home/airflow/.local/lib/python3.12/site-packages/airflow/example_dags/example_inlet_event_extra.py
[2025-02-23T20:27:49.814+0000] {processor.py:925} INFO - DAG(s) 'read_dataset_event_from_classic', 'read_dataset_event' retrieved from /home/airflow/.local/lib/python3.12/site-packages/airflow/example_dags/example_inlet_event_extra.py
[2025-02-23T20:27:49.841+0000] {logging_mixin.py:190} INFO - [2025-02-23T20:27:49.840+0000] {dag.py:3239} INFO - Sync 2 DAGs
[2025-02-23T20:27:49.876+0000] {logging_mixin.py:190} INFO - [2025-02-23T20:27:49.876+0000] {dag.py:4180} INFO - Setting next_dagrun for read_dataset_event to 2025-02-22 00:00:00+00:00, run_after=2025-02-23 00:00:00+00:00
[2025-02-23T20:27:49.886+0000] {logging_mixin.py:190} INFO - [2025-02-23T20:27:49.886+0000] {dag.py:4180} INFO - Setting next_dagrun for read_dataset_event_from_classic to 2025-02-22 00:00:00+00:00, run_after=2025-02-23 00:00:00+00:00
[2025-02-23T20:27:49.907+0000] {processor.py:208} INFO - Processing /home/airflow/.local/lib/python3.12/site-packages/airflow/example_dags/example_inlet_event_extra.py took 1.080 seconds
[2025-02-23T20:28:20.265+0000] {processor.py:186} INFO - Started process (PID=463) to work on /home/airflow/.local/lib/python3.12/site-packages/airflow/example_dags/example_inlet_event_extra.py
[2025-02-23T20:28:20.267+0000] {processor.py:914} INFO - Processing file /home/airflow/.local/lib/python3.12/site-packages/airflow/example_dags/example_inlet_event_extra.py for tasks to queue
[2025-02-23T20:28:20.270+0000] {logging_mixin.py:190} INFO - [2025-02-23T20:28:20.270+0000] {dagbag.py:588} INFO - Filling up the DagBag from /home/airflow/.local/lib/python3.12/site-packages/airflow/example_dags/example_inlet_event_extra.py
[2025-02-23T20:28:21.190+0000] {processor.py:925} INFO - DAG(s) 'read_dataset_event', 'read_dataset_event_from_classic' retrieved from /home/airflow/.local/lib/python3.12/site-packages/airflow/example_dags/example_inlet_event_extra.py
[2025-02-23T20:28:21.218+0000] {logging_mixin.py:190} INFO - [2025-02-23T20:28:21.217+0000] {dag.py:3239} INFO - Sync 2 DAGs
[2025-02-23T20:28:21.253+0000] {logging_mixin.py:190} INFO - [2025-02-23T20:28:21.253+0000] {dag.py:4180} INFO - Setting next_dagrun for read_dataset_event to 2025-02-22 00:00:00+00:00, run_after=2025-02-23 00:00:00+00:00
[2025-02-23T20:28:21.261+0000] {logging_mixin.py:190} INFO - [2025-02-23T20:28:21.261+0000] {dag.py:4180} INFO - Setting next_dagrun for read_dataset_event_from_classic to 2025-02-22 00:00:00+00:00, run_after=2025-02-23 00:00:00+00:00
[2025-02-23T20:28:21.283+0000] {processor.py:208} INFO - Processing /home/airflow/.local/lib/python3.12/site-packages/airflow/example_dags/example_inlet_event_extra.py took 1.029 seconds
[2025-02-23T20:28:51.336+0000] {processor.py:186} INFO - Started process (PID=531) to work on /home/airflow/.local/lib/python3.12/site-packages/airflow/example_dags/example_inlet_event_extra.py
[2025-02-23T20:28:51.338+0000] {processor.py:914} INFO - Processing file /home/airflow/.local/lib/python3.12/site-packages/airflow/example_dags/example_inlet_event_extra.py for tasks to queue
[2025-02-23T20:28:51.342+0000] {logging_mixin.py:190} INFO - [2025-02-23T20:28:51.341+0000] {dagbag.py:588} INFO - Filling up the DagBag from /home/airflow/.local/lib/python3.12/site-packages/airflow/example_dags/example_inlet_event_extra.py
[2025-02-23T20:28:52.277+0000] {processor.py:925} INFO - DAG(s) 'read_dataset_event_from_classic', 'read_dataset_event' retrieved from /home/airflow/.local/lib/python3.12/site-packages/airflow/example_dags/example_inlet_event_extra.py
[2025-02-23T20:28:52.305+0000] {logging_mixin.py:190} INFO - [2025-02-23T20:28:52.304+0000] {dag.py:3239} INFO - Sync 2 DAGs
[2025-02-23T20:28:52.338+0000] {logging_mixin.py:190} INFO - [2025-02-23T20:28:52.338+0000] {dag.py:4180} INFO - Setting next_dagrun for read_dataset_event to 2025-02-22 00:00:00+00:00, run_after=2025-02-23 00:00:00+00:00
[2025-02-23T20:28:52.344+0000] {logging_mixin.py:190} INFO - [2025-02-23T20:28:52.344+0000] {dag.py:4180} INFO - Setting next_dagrun for read_dataset_event_from_classic to 2025-02-22 00:00:00+00:00, run_after=2025-02-23 00:00:00+00:00
[2025-02-23T20:28:52.365+0000] {processor.py:208} INFO - Processing /home/airflow/.local/lib/python3.12/site-packages/airflow/example_dags/example_inlet_event_extra.py took 1.039 seconds
[2025-02-23T20:29:22.458+0000] {processor.py:186} INFO - Started process (PID=599) to work on /home/airflow/.local/lib/python3.12/site-packages/airflow/example_dags/example_inlet_event_extra.py
[2025-02-23T20:29:22.460+0000] {processor.py:914} INFO - Processing file /home/airflow/.local/lib/python3.12/site-packages/airflow/example_dags/example_inlet_event_extra.py for tasks to queue
[2025-02-23T20:29:22.463+0000] {logging_mixin.py:190} INFO - [2025-02-23T20:29:22.462+0000] {dagbag.py:588} INFO - Filling up the DagBag from /home/airflow/.local/lib/python3.12/site-packages/airflow/example_dags/example_inlet_event_extra.py
[2025-02-23T20:29:23.288+0000] {processor.py:925} INFO - DAG(s) 'read_dataset_event_from_classic', 'read_dataset_event' retrieved from /home/airflow/.local/lib/python3.12/site-packages/airflow/example_dags/example_inlet_event_extra.py
[2025-02-23T20:29:23.314+0000] {logging_mixin.py:190} INFO - [2025-02-23T20:29:23.314+0000] {dag.py:3239} INFO - Sync 2 DAGs
[2025-02-23T20:29:23.347+0000] {logging_mixin.py:190} INFO - [2025-02-23T20:29:23.347+0000] {dag.py:4180} INFO - Setting next_dagrun for read_dataset_event to 2025-02-22 00:00:00+00:00, run_after=2025-02-23 00:00:00+00:00
[2025-02-23T20:29:23.354+0000] {logging_mixin.py:190} INFO - [2025-02-23T20:29:23.353+0000] {dag.py:4180} INFO - Setting next_dagrun for read_dataset_event_from_classic to 2025-02-22 00:00:00+00:00, run_after=2025-02-23 00:00:00+00:00
[2025-02-23T20:29:23.375+0000] {processor.py:208} INFO - Processing /home/airflow/.local/lib/python3.12/site-packages/airflow/example_dags/example_inlet_event_extra.py took 0.924 seconds
[2025-02-23T20:29:54.271+0000] {processor.py:186} INFO - Started process (PID=666) to work on /home/airflow/.local/lib/python3.12/site-packages/airflow/example_dags/example_inlet_event_extra.py
[2025-02-23T20:29:54.273+0000] {processor.py:914} INFO - Processing file /home/airflow/.local/lib/python3.12/site-packages/airflow/example_dags/example_inlet_event_extra.py for tasks to queue
[2025-02-23T20:29:54.275+0000] {logging_mixin.py:190} INFO - [2025-02-23T20:29:54.275+0000] {dagbag.py:588} INFO - Filling up the DagBag from /home/airflow/.local/lib/python3.12/site-packages/airflow/example_dags/example_inlet_event_extra.py
[2025-02-23T20:29:55.135+0000] {processor.py:925} INFO - DAG(s) 'read_dataset_event_from_classic', 'read_dataset_event' retrieved from /home/airflow/.local/lib/python3.12/site-packages/airflow/example_dags/example_inlet_event_extra.py
[2025-02-23T20:29:55.169+0000] {logging_mixin.py:190} INFO - [2025-02-23T20:29:55.169+0000] {dag.py:3239} INFO - Sync 2 DAGs
[2025-02-23T20:29:55.209+0000] {logging_mixin.py:190} INFO - [2025-02-23T20:29:55.209+0000] {dag.py:4180} INFO - Setting next_dagrun for read_dataset_event to 2025-02-22 00:00:00+00:00, run_after=2025-02-23 00:00:00+00:00
[2025-02-23T20:29:55.219+0000] {logging_mixin.py:190} INFO - [2025-02-23T20:29:55.218+0000] {dag.py:4180} INFO - Setting next_dagrun for read_dataset_event_from_classic to 2025-02-22 00:00:00+00:00, run_after=2025-02-23 00:00:00+00:00
[2025-02-23T20:29:55.244+0000] {processor.py:208} INFO - Processing /home/airflow/.local/lib/python3.12/site-packages/airflow/example_dags/example_inlet_event_extra.py took 0.981 seconds
[2025-02-23T20:30:25.378+0000] {processor.py:186} INFO - Started process (PID=729) to work on /home/airflow/.local/lib/python3.12/site-packages/airflow/example_dags/example_inlet_event_extra.py
[2025-02-23T20:30:25.380+0000] {processor.py:914} INFO - Processing file /home/airflow/.local/lib/python3.12/site-packages/airflow/example_dags/example_inlet_event_extra.py for tasks to queue
[2025-02-23T20:30:25.383+0000] {logging_mixin.py:190} INFO - [2025-02-23T20:30:25.383+0000] {dagbag.py:588} INFO - Filling up the DagBag from /home/airflow/.local/lib/python3.12/site-packages/airflow/example_dags/example_inlet_event_extra.py
[2025-02-23T20:30:26.228+0000] {processor.py:925} INFO - DAG(s) 'read_dataset_event_from_classic', 'read_dataset_event' retrieved from /home/airflow/.local/lib/python3.12/site-packages/airflow/example_dags/example_inlet_event_extra.py
[2025-02-23T20:30:26.260+0000] {logging_mixin.py:190} INFO - [2025-02-23T20:30:26.260+0000] {dag.py:3239} INFO - Sync 2 DAGs
[2025-02-23T20:30:26.299+0000] {logging_mixin.py:190} INFO - [2025-02-23T20:30:26.299+0000] {dag.py:4180} INFO - Setting next_dagrun for read_dataset_event to 2025-02-22 00:00:00+00:00, run_after=2025-02-23 00:00:00+00:00
[2025-02-23T20:30:26.311+0000] {logging_mixin.py:190} INFO - [2025-02-23T20:30:26.310+0000] {dag.py:4180} INFO - Setting next_dagrun for read_dataset_event_from_classic to 2025-02-22 00:00:00+00:00, run_after=2025-02-23 00:00:00+00:00
[2025-02-23T20:30:26.335+0000] {processor.py:208} INFO - Processing /home/airflow/.local/lib/python3.12/site-packages/airflow/example_dags/example_inlet_event_extra.py took 0.966 seconds
[2025-02-23T20:30:56.588+0000] {processor.py:186} INFO - Started process (PID=792) to work on /home/airflow/.local/lib/python3.12/site-packages/airflow/example_dags/example_inlet_event_extra.py
[2025-02-23T20:30:56.590+0000] {processor.py:914} INFO - Processing file /home/airflow/.local/lib/python3.12/site-packages/airflow/example_dags/example_inlet_event_extra.py for tasks to queue
[2025-02-23T20:30:56.592+0000] {logging_mixin.py:190} INFO - [2025-02-23T20:30:56.592+0000] {dagbag.py:588} INFO - Filling up the DagBag from /home/airflow/.local/lib/python3.12/site-packages/airflow/example_dags/example_inlet_event_extra.py
[2025-02-23T20:30:57.404+0000] {processor.py:925} INFO - DAG(s) 'read_dataset_event_from_classic', 'read_dataset_event' retrieved from /home/airflow/.local/lib/python3.12/site-packages/airflow/example_dags/example_inlet_event_extra.py
[2025-02-23T20:30:57.432+0000] {logging_mixin.py:190} INFO - [2025-02-23T20:30:57.432+0000] {dag.py:3239} INFO - Sync 2 DAGs
[2025-02-23T20:30:57.473+0000] {logging_mixin.py:190} INFO - [2025-02-23T20:30:57.472+0000] {dag.py:4180} INFO - Setting next_dagrun for read_dataset_event to 2025-02-22 00:00:00+00:00, run_after=2025-02-23 00:00:00+00:00
[2025-02-23T20:30:57.480+0000] {logging_mixin.py:190} INFO - [2025-02-23T20:30:57.480+0000] {dag.py:4180} INFO - Setting next_dagrun for read_dataset_event_from_classic to 2025-02-22 00:00:00+00:00, run_after=2025-02-23 00:00:00+00:00
[2025-02-23T20:30:57.505+0000] {processor.py:208} INFO - Processing /home/airflow/.local/lib/python3.12/site-packages/airflow/example_dags/example_inlet_event_extra.py took 0.924 seconds
[2025-02-23T20:31:27.956+0000] {processor.py:186} INFO - Started process (PID=857) to work on /home/airflow/.local/lib/python3.12/site-packages/airflow/example_dags/example_inlet_event_extra.py
[2025-02-23T20:31:27.959+0000] {processor.py:914} INFO - Processing file /home/airflow/.local/lib/python3.12/site-packages/airflow/example_dags/example_inlet_event_extra.py for tasks to queue
[2025-02-23T20:31:27.962+0000] {logging_mixin.py:190} INFO - [2025-02-23T20:31:27.961+0000] {dagbag.py:588} INFO - Filling up the DagBag from /home/airflow/.local/lib/python3.12/site-packages/airflow/example_dags/example_inlet_event_extra.py
[2025-02-23T20:31:28.847+0000] {processor.py:925} INFO - DAG(s) 'read_dataset_event', 'read_dataset_event_from_classic' retrieved from /home/airflow/.local/lib/python3.12/site-packages/airflow/example_dags/example_inlet_event_extra.py
[2025-02-23T20:31:28.877+0000] {logging_mixin.py:190} INFO - [2025-02-23T20:31:28.876+0000] {dag.py:3239} INFO - Sync 2 DAGs
[2025-02-23T20:31:28.919+0000] {logging_mixin.py:190} INFO - [2025-02-23T20:31:28.918+0000] {dag.py:4180} INFO - Setting next_dagrun for read_dataset_event to 2025-02-22 00:00:00+00:00, run_after=2025-02-23 00:00:00+00:00
[2025-02-23T20:31:28.928+0000] {logging_mixin.py:190} INFO - [2025-02-23T20:31:28.928+0000] {dag.py:4180} INFO - Setting next_dagrun for read_dataset_event_from_classic to 2025-02-22 00:00:00+00:00, run_after=2025-02-23 00:00:00+00:00
[2025-02-23T20:31:28.955+0000] {processor.py:208} INFO - Processing /home/airflow/.local/lib/python3.12/site-packages/airflow/example_dags/example_inlet_event_extra.py took 1.007 seconds
[2025-02-23T20:31:59.068+0000] {processor.py:186} INFO - Started process (PID=926) to work on /home/airflow/.local/lib/python3.12/site-packages/airflow/example_dags/example_inlet_event_extra.py
[2025-02-23T20:31:59.069+0000] {processor.py:914} INFO - Processing file /home/airflow/.local/lib/python3.12/site-packages/airflow/example_dags/example_inlet_event_extra.py for tasks to queue
[2025-02-23T20:31:59.072+0000] {logging_mixin.py:190} INFO - [2025-02-23T20:31:59.071+0000] {dagbag.py:588} INFO - Filling up the DagBag from /home/airflow/.local/lib/python3.12/site-packages/airflow/example_dags/example_inlet_event_extra.py
[2025-02-23T20:31:59.887+0000] {processor.py:925} INFO - DAG(s) 'read_dataset_event', 'read_dataset_event_from_classic' retrieved from /home/airflow/.local/lib/python3.12/site-packages/airflow/example_dags/example_inlet_event_extra.py
[2025-02-23T20:31:59.917+0000] {logging_mixin.py:190} INFO - [2025-02-23T20:31:59.916+0000] {dag.py:3239} INFO - Sync 2 DAGs
[2025-02-23T20:31:59.956+0000] {logging_mixin.py:190} INFO - [2025-02-23T20:31:59.956+0000] {dag.py:4180} INFO - Setting next_dagrun for read_dataset_event to 2025-02-22 00:00:00+00:00, run_after=2025-02-23 00:00:00+00:00
[2025-02-23T20:31:59.964+0000] {logging_mixin.py:190} INFO - [2025-02-23T20:31:59.963+0000] {dag.py:4180} INFO - Setting next_dagrun for read_dataset_event_from_classic to 2025-02-22 00:00:00+00:00, run_after=2025-02-23 00:00:00+00:00
[2025-02-23T20:31:59.989+0000] {processor.py:208} INFO - Processing /home/airflow/.local/lib/python3.12/site-packages/airflow/example_dags/example_inlet_event_extra.py took 0.929 seconds
[2025-02-23T20:32:30.119+0000] {processor.py:186} INFO - Started process (PID=989) to work on /home/airflow/.local/lib/python3.12/site-packages/airflow/example_dags/example_inlet_event_extra.py
[2025-02-23T20:32:30.120+0000] {processor.py:914} INFO - Processing file /home/airflow/.local/lib/python3.12/site-packages/airflow/example_dags/example_inlet_event_extra.py for tasks to queue
[2025-02-23T20:32:30.122+0000] {logging_mixin.py:190} INFO - [2025-02-23T20:32:30.122+0000] {dagbag.py:588} INFO - Filling up the DagBag from /home/airflow/.local/lib/python3.12/site-packages/airflow/example_dags/example_inlet_event_extra.py
[2025-02-23T20:32:30.909+0000] {processor.py:925} INFO - DAG(s) 'read_dataset_event_from_classic', 'read_dataset_event' retrieved from /home/airflow/.local/lib/python3.12/site-packages/airflow/example_dags/example_inlet_event_extra.py
[2025-02-23T20:32:30.937+0000] {logging_mixin.py:190} INFO - [2025-02-23T20:32:30.937+0000] {dag.py:3239} INFO - Sync 2 DAGs
[2025-02-23T20:32:30.986+0000] {logging_mixin.py:190} INFO - [2025-02-23T20:32:30.985+0000] {dag.py:4180} INFO - Setting next_dagrun for read_dataset_event to 2025-02-22 00:00:00+00:00, run_after=2025-02-23 00:00:00+00:00
[2025-02-23T20:32:30.995+0000] {logging_mixin.py:190} INFO - [2025-02-23T20:32:30.995+0000] {dag.py:4180} INFO - Setting next_dagrun for read_dataset_event_from_classic to 2025-02-22 00:00:00+00:00, run_after=2025-02-23 00:00:00+00:00
[2025-02-23T20:32:31.017+0000] {processor.py:208} INFO - Processing /home/airflow/.local/lib/python3.12/site-packages/airflow/example_dags/example_inlet_event_extra.py took 0.907 seconds
[2025-02-23T20:33:01.181+0000] {processor.py:186} INFO - Started process (PID=1058) to work on /home/airflow/.local/lib/python3.12/site-packages/airflow/example_dags/example_inlet_event_extra.py
[2025-02-23T20:33:01.183+0000] {processor.py:914} INFO - Processing file /home/airflow/.local/lib/python3.12/site-packages/airflow/example_dags/example_inlet_event_extra.py for tasks to queue
[2025-02-23T20:33:01.185+0000] {logging_mixin.py:190} INFO - [2025-02-23T20:33:01.185+0000] {dagbag.py:588} INFO - Filling up the DagBag from /home/airflow/.local/lib/python3.12/site-packages/airflow/example_dags/example_inlet_event_extra.py
[2025-02-23T20:33:02.020+0000] {processor.py:925} INFO - DAG(s) 'read_dataset_event_from_classic', 'read_dataset_event' retrieved from /home/airflow/.local/lib/python3.12/site-packages/airflow/example_dags/example_inlet_event_extra.py
[2025-02-23T20:33:02.045+0000] {logging_mixin.py:190} INFO - [2025-02-23T20:33:02.045+0000] {dag.py:3239} INFO - Sync 2 DAGs
[2025-02-23T20:33:02.083+0000] {logging_mixin.py:190} INFO - [2025-02-23T20:33:02.082+0000] {dag.py:4180} INFO - Setting next_dagrun for read_dataset_event to 2025-02-22 00:00:00+00:00, run_after=2025-02-23 00:00:00+00:00
[2025-02-23T20:33:02.092+0000] {logging_mixin.py:190} INFO - [2025-02-23T20:33:02.091+0000] {dag.py:4180} INFO - Setting next_dagrun for read_dataset_event_from_classic to 2025-02-22 00:00:00+00:00, run_after=2025-02-23 00:00:00+00:00
[2025-02-23T20:33:02.112+0000] {processor.py:208} INFO - Processing /home/airflow/.local/lib/python3.12/site-packages/airflow/example_dags/example_inlet_event_extra.py took 0.939 seconds
[2025-02-23T20:33:32.398+0000] {processor.py:186} INFO - Started process (PID=1125) to work on /home/airflow/.local/lib/python3.12/site-packages/airflow/example_dags/example_inlet_event_extra.py
[2025-02-23T20:33:32.399+0000] {processor.py:914} INFO - Processing file /home/airflow/.local/lib/python3.12/site-packages/airflow/example_dags/example_inlet_event_extra.py for tasks to queue
[2025-02-23T20:33:32.402+0000] {logging_mixin.py:190} INFO - [2025-02-23T20:33:32.402+0000] {dagbag.py:588} INFO - Filling up the DagBag from /home/airflow/.local/lib/python3.12/site-packages/airflow/example_dags/example_inlet_event_extra.py
[2025-02-23T20:33:33.216+0000] {processor.py:925} INFO - DAG(s) 'read_dataset_event', 'read_dataset_event_from_classic' retrieved from /home/airflow/.local/lib/python3.12/site-packages/airflow/example_dags/example_inlet_event_extra.py
[2025-02-23T20:33:33.247+0000] {logging_mixin.py:190} INFO - [2025-02-23T20:33:33.247+0000] {dag.py:3239} INFO - Sync 2 DAGs
[2025-02-23T20:33:33.283+0000] {logging_mixin.py:190} INFO - [2025-02-23T20:33:33.283+0000] {dag.py:4180} INFO - Setting next_dagrun for read_dataset_event to 2025-02-22 00:00:00+00:00, run_after=2025-02-23 00:00:00+00:00
[2025-02-23T20:33:33.290+0000] {logging_mixin.py:190} INFO - [2025-02-23T20:33:33.290+0000] {dag.py:4180} INFO - Setting next_dagrun for read_dataset_event_from_classic to 2025-02-22 00:00:00+00:00, run_after=2025-02-23 00:00:00+00:00
[2025-02-23T20:33:33.316+0000] {processor.py:208} INFO - Processing /home/airflow/.local/lib/python3.12/site-packages/airflow/example_dags/example_inlet_event_extra.py took 0.926 seconds
[2025-02-23T20:34:04.057+0000] {processor.py:186} INFO - Started process (PID=1188) to work on /home/airflow/.local/lib/python3.12/site-packages/airflow/example_dags/example_inlet_event_extra.py
[2025-02-23T20:34:04.059+0000] {processor.py:914} INFO - Processing file /home/airflow/.local/lib/python3.12/site-packages/airflow/example_dags/example_inlet_event_extra.py for tasks to queue
[2025-02-23T20:34:04.062+0000] {logging_mixin.py:190} INFO - [2025-02-23T20:34:04.061+0000] {dagbag.py:588} INFO - Filling up the DagBag from /home/airflow/.local/lib/python3.12/site-packages/airflow/example_dags/example_inlet_event_extra.py
[2025-02-23T20:34:04.922+0000] {processor.py:925} INFO - DAG(s) 'read_dataset_event_from_classic', 'read_dataset_event' retrieved from /home/airflow/.local/lib/python3.12/site-packages/airflow/example_dags/example_inlet_event_extra.py
[2025-02-23T20:34:04.953+0000] {logging_mixin.py:190} INFO - [2025-02-23T20:34:04.952+0000] {dag.py:3239} INFO - Sync 2 DAGs
[2025-02-23T20:34:04.990+0000] {logging_mixin.py:190} INFO - [2025-02-23T20:34:04.989+0000] {dag.py:4180} INFO - Setting next_dagrun for read_dataset_event to 2025-02-22 00:00:00+00:00, run_after=2025-02-23 00:00:00+00:00
[2025-02-23T20:34:04.999+0000] {logging_mixin.py:190} INFO - [2025-02-23T20:34:04.998+0000] {dag.py:4180} INFO - Setting next_dagrun for read_dataset_event_from_classic to 2025-02-22 00:00:00+00:00, run_after=2025-02-23 00:00:00+00:00
[2025-02-23T20:34:05.022+0000] {processor.py:208} INFO - Processing /home/airflow/.local/lib/python3.12/site-packages/airflow/example_dags/example_inlet_event_extra.py took 0.976 seconds
[2025-02-23T20:34:35.590+0000] {processor.py:186} INFO - Started process (PID=1256) to work on /home/airflow/.local/lib/python3.12/site-packages/airflow/example_dags/example_inlet_event_extra.py
[2025-02-23T20:34:35.591+0000] {processor.py:914} INFO - Processing file /home/airflow/.local/lib/python3.12/site-packages/airflow/example_dags/example_inlet_event_extra.py for tasks to queue
[2025-02-23T20:34:35.594+0000] {logging_mixin.py:190} INFO - [2025-02-23T20:34:35.593+0000] {dagbag.py:588} INFO - Filling up the DagBag from /home/airflow/.local/lib/python3.12/site-packages/airflow/example_dags/example_inlet_event_extra.py
[2025-02-23T20:34:36.476+0000] {processor.py:925} INFO - DAG(s) 'read_dataset_event_from_classic', 'read_dataset_event' retrieved from /home/airflow/.local/lib/python3.12/site-packages/airflow/example_dags/example_inlet_event_extra.py
[2025-02-23T20:34:36.533+0000] {logging_mixin.py:190} INFO - [2025-02-23T20:34:36.533+0000] {dag.py:3239} INFO - Sync 2 DAGs
[2025-02-23T20:34:36.584+0000] {logging_mixin.py:190} INFO - [2025-02-23T20:34:36.584+0000] {dag.py:4180} INFO - Setting next_dagrun for read_dataset_event to 2025-02-22 00:00:00+00:00, run_after=2025-02-23 00:00:00+00:00
[2025-02-23T20:34:36.593+0000] {logging_mixin.py:190} INFO - [2025-02-23T20:34:36.593+0000] {dag.py:4180} INFO - Setting next_dagrun for read_dataset_event_from_classic to 2025-02-22 00:00:00+00:00, run_after=2025-02-23 00:00:00+00:00
[2025-02-23T20:34:36.618+0000] {processor.py:208} INFO - Processing /home/airflow/.local/lib/python3.12/site-packages/airflow/example_dags/example_inlet_event_extra.py took 1.036 seconds
[2025-02-23T20:35:07.135+0000] {processor.py:186} INFO - Started process (PID=1322) to work on /home/airflow/.local/lib/python3.12/site-packages/airflow/example_dags/example_inlet_event_extra.py
[2025-02-23T20:35:07.137+0000] {processor.py:914} INFO - Processing file /home/airflow/.local/lib/python3.12/site-packages/airflow/example_dags/example_inlet_event_extra.py for tasks to queue
[2025-02-23T20:35:07.139+0000] {logging_mixin.py:190} INFO - [2025-02-23T20:35:07.139+0000] {dagbag.py:588} INFO - Filling up the DagBag from /home/airflow/.local/lib/python3.12/site-packages/airflow/example_dags/example_inlet_event_extra.py
[2025-02-23T20:35:08.067+0000] {processor.py:925} INFO - DAG(s) 'read_dataset_event', 'read_dataset_event_from_classic' retrieved from /home/airflow/.local/lib/python3.12/site-packages/airflow/example_dags/example_inlet_event_extra.py
[2025-02-23T20:35:08.108+0000] {logging_mixin.py:190} INFO - [2025-02-23T20:35:08.108+0000] {dag.py:3239} INFO - Sync 2 DAGs
[2025-02-23T20:35:08.151+0000] {logging_mixin.py:190} INFO - [2025-02-23T20:35:08.150+0000] {dag.py:4180} INFO - Setting next_dagrun for read_dataset_event to 2025-02-22 00:00:00+00:00, run_after=2025-02-23 00:00:00+00:00
[2025-02-23T20:35:08.158+0000] {logging_mixin.py:190} INFO - [2025-02-23T20:35:08.158+0000] {dag.py:4180} INFO - Setting next_dagrun for read_dataset_event_from_classic to 2025-02-22 00:00:00+00:00, run_after=2025-02-23 00:00:00+00:00
[2025-02-23T20:35:08.180+0000] {processor.py:208} INFO - Processing /home/airflow/.local/lib/python3.12/site-packages/airflow/example_dags/example_inlet_event_extra.py took 1.055 seconds
[2025-02-23T20:35:38.472+0000] {processor.py:186} INFO - Started process (PID=1385) to work on /home/airflow/.local/lib/python3.12/site-packages/airflow/example_dags/example_inlet_event_extra.py
[2025-02-23T20:35:38.474+0000] {processor.py:914} INFO - Processing file /home/airflow/.local/lib/python3.12/site-packages/airflow/example_dags/example_inlet_event_extra.py for tasks to queue
[2025-02-23T20:35:38.478+0000] {logging_mixin.py:190} INFO - [2025-02-23T20:35:38.477+0000] {dagbag.py:588} INFO - Filling up the DagBag from /home/airflow/.local/lib/python3.12/site-packages/airflow/example_dags/example_inlet_event_extra.py
[2025-02-23T20:35:39.315+0000] {processor.py:925} INFO - DAG(s) 'read_dataset_event_from_classic', 'read_dataset_event' retrieved from /home/airflow/.local/lib/python3.12/site-packages/airflow/example_dags/example_inlet_event_extra.py
[2025-02-23T20:35:39.341+0000] {logging_mixin.py:190} INFO - [2025-02-23T20:35:39.341+0000] {dag.py:3239} INFO - Sync 2 DAGs
[2025-02-23T20:35:39.376+0000] {logging_mixin.py:190} INFO - [2025-02-23T20:35:39.375+0000] {dag.py:4180} INFO - Setting next_dagrun for read_dataset_event to 2025-02-22 00:00:00+00:00, run_after=2025-02-23 00:00:00+00:00
[2025-02-23T20:35:39.383+0000] {logging_mixin.py:190} INFO - [2025-02-23T20:35:39.383+0000] {dag.py:4180} INFO - Setting next_dagrun for read_dataset_event_from_classic to 2025-02-22 00:00:00+00:00, run_after=2025-02-23 00:00:00+00:00
[2025-02-23T20:35:39.406+0000] {processor.py:208} INFO - Processing /home/airflow/.local/lib/python3.12/site-packages/airflow/example_dags/example_inlet_event_extra.py took 0.942 seconds
[2025-02-23T20:36:09.949+0000] {processor.py:186} INFO - Started process (PID=1453) to work on /home/airflow/.local/lib/python3.12/site-packages/airflow/example_dags/example_inlet_event_extra.py
[2025-02-23T20:36:09.951+0000] {processor.py:914} INFO - Processing file /home/airflow/.local/lib/python3.12/site-packages/airflow/example_dags/example_inlet_event_extra.py for tasks to queue
[2025-02-23T20:36:09.953+0000] {logging_mixin.py:190} INFO - [2025-02-23T20:36:09.953+0000] {dagbag.py:588} INFO - Filling up the DagBag from /home/airflow/.local/lib/python3.12/site-packages/airflow/example_dags/example_inlet_event_extra.py
[2025-02-23T20:36:10.747+0000] {processor.py:925} INFO - DAG(s) 'read_dataset_event_from_classic', 'read_dataset_event' retrieved from /home/airflow/.local/lib/python3.12/site-packages/airflow/example_dags/example_inlet_event_extra.py
[2025-02-23T20:36:10.772+0000] {logging_mixin.py:190} INFO - [2025-02-23T20:36:10.772+0000] {dag.py:3239} INFO - Sync 2 DAGs
[2025-02-23T20:36:10.807+0000] {logging_mixin.py:190} INFO - [2025-02-23T20:36:10.807+0000] {dag.py:4180} INFO - Setting next_dagrun for read_dataset_event to 2025-02-22 00:00:00+00:00, run_after=2025-02-23 00:00:00+00:00
[2025-02-23T20:36:10.814+0000] {logging_mixin.py:190} INFO - [2025-02-23T20:36:10.813+0000] {dag.py:4180} INFO - Setting next_dagrun for read_dataset_event_from_classic to 2025-02-22 00:00:00+00:00, run_after=2025-02-23 00:00:00+00:00
[2025-02-23T20:36:10.837+0000] {processor.py:208} INFO - Processing /home/airflow/.local/lib/python3.12/site-packages/airflow/example_dags/example_inlet_event_extra.py took 0.894 seconds
[2025-02-23T20:36:41.292+0000] {processor.py:186} INFO - Started process (PID=1517) to work on /home/airflow/.local/lib/python3.12/site-packages/airflow/example_dags/example_inlet_event_extra.py
[2025-02-23T20:36:41.294+0000] {processor.py:914} INFO - Processing file /home/airflow/.local/lib/python3.12/site-packages/airflow/example_dags/example_inlet_event_extra.py for tasks to queue
[2025-02-23T20:36:41.297+0000] {logging_mixin.py:190} INFO - [2025-02-23T20:36:41.296+0000] {dagbag.py:588} INFO - Filling up the DagBag from /home/airflow/.local/lib/python3.12/site-packages/airflow/example_dags/example_inlet_event_extra.py
[2025-02-23T20:36:42.100+0000] {processor.py:925} INFO - DAG(s) 'read_dataset_event_from_classic', 'read_dataset_event' retrieved from /home/airflow/.local/lib/python3.12/site-packages/airflow/example_dags/example_inlet_event_extra.py
[2025-02-23T20:36:42.127+0000] {logging_mixin.py:190} INFO - [2025-02-23T20:36:42.127+0000] {dag.py:3239} INFO - Sync 2 DAGs
[2025-02-23T20:36:42.161+0000] {logging_mixin.py:190} INFO - [2025-02-23T20:36:42.161+0000] {dag.py:4180} INFO - Setting next_dagrun for read_dataset_event to 2025-02-22 00:00:00+00:00, run_after=2025-02-23 00:00:00+00:00
[2025-02-23T20:36:42.168+0000] {logging_mixin.py:190} INFO - [2025-02-23T20:36:42.168+0000] {dag.py:4180} INFO - Setting next_dagrun for read_dataset_event_from_classic to 2025-02-22 00:00:00+00:00, run_after=2025-02-23 00:00:00+00:00
[2025-02-23T20:36:42.190+0000] {processor.py:208} INFO - Processing /home/airflow/.local/lib/python3.12/site-packages/airflow/example_dags/example_inlet_event_extra.py took 0.907 seconds
[2025-02-23T20:37:13.083+0000] {processor.py:186} INFO - Started process (PID=1581) to work on /home/airflow/.local/lib/python3.12/site-packages/airflow/example_dags/example_inlet_event_extra.py
[2025-02-23T20:37:13.086+0000] {processor.py:914} INFO - Processing file /home/airflow/.local/lib/python3.12/site-packages/airflow/example_dags/example_inlet_event_extra.py for tasks to queue
[2025-02-23T20:37:13.089+0000] {logging_mixin.py:190} INFO - [2025-02-23T20:37:13.088+0000] {dagbag.py:588} INFO - Filling up the DagBag from /home/airflow/.local/lib/python3.12/site-packages/airflow/example_dags/example_inlet_event_extra.py
[2025-02-23T20:37:13.835+0000] {processor.py:925} INFO - DAG(s) 'read_dataset_event', 'read_dataset_event_from_classic' retrieved from /home/airflow/.local/lib/python3.12/site-packages/airflow/example_dags/example_inlet_event_extra.py
[2025-02-23T20:37:13.863+0000] {logging_mixin.py:190} INFO - [2025-02-23T20:37:13.863+0000] {dag.py:3239} INFO - Sync 2 DAGs
[2025-02-23T20:37:13.896+0000] {logging_mixin.py:190} INFO - [2025-02-23T20:37:13.896+0000] {dag.py:4180} INFO - Setting next_dagrun for read_dataset_event to 2025-02-22 00:00:00+00:00, run_after=2025-02-23 00:00:00+00:00
[2025-02-23T20:37:13.903+0000] {logging_mixin.py:190} INFO - [2025-02-23T20:37:13.902+0000] {dag.py:4180} INFO - Setting next_dagrun for read_dataset_event_from_classic to 2025-02-22 00:00:00+00:00, run_after=2025-02-23 00:00:00+00:00
[2025-02-23T20:37:13.926+0000] {processor.py:208} INFO - Processing /home/airflow/.local/lib/python3.12/site-packages/airflow/example_dags/example_inlet_event_extra.py took 0.852 seconds
[2025-02-23T20:37:44.018+0000] {processor.py:186} INFO - Started process (PID=1644) to work on /home/airflow/.local/lib/python3.12/site-packages/airflow/example_dags/example_inlet_event_extra.py
[2025-02-23T20:37:44.019+0000] {processor.py:914} INFO - Processing file /home/airflow/.local/lib/python3.12/site-packages/airflow/example_dags/example_inlet_event_extra.py for tasks to queue
[2025-02-23T20:37:44.022+0000] {logging_mixin.py:190} INFO - [2025-02-23T20:37:44.022+0000] {dagbag.py:588} INFO - Filling up the DagBag from /home/airflow/.local/lib/python3.12/site-packages/airflow/example_dags/example_inlet_event_extra.py
[2025-02-23T20:37:44.851+0000] {processor.py:925} INFO - DAG(s) 'read_dataset_event', 'read_dataset_event_from_classic' retrieved from /home/airflow/.local/lib/python3.12/site-packages/airflow/example_dags/example_inlet_event_extra.py
[2025-02-23T20:37:44.883+0000] {logging_mixin.py:190} INFO - [2025-02-23T20:37:44.882+0000] {dag.py:3239} INFO - Sync 2 DAGs
[2025-02-23T20:37:44.918+0000] {logging_mixin.py:190} INFO - [2025-02-23T20:37:44.917+0000] {dag.py:4180} INFO - Setting next_dagrun for read_dataset_event to 2025-02-22 00:00:00+00:00, run_after=2025-02-23 00:00:00+00:00
[2025-02-23T20:37:44.926+0000] {logging_mixin.py:190} INFO - [2025-02-23T20:37:44.926+0000] {dag.py:4180} INFO - Setting next_dagrun for read_dataset_event_from_classic to 2025-02-22 00:00:00+00:00, run_after=2025-02-23 00:00:00+00:00
[2025-02-23T20:37:44.951+0000] {processor.py:208} INFO - Processing /home/airflow/.local/lib/python3.12/site-packages/airflow/example_dags/example_inlet_event_extra.py took 0.941 seconds
[2025-02-23T20:38:15.183+0000] {processor.py:186} INFO - Started process (PID=1707) to work on /home/airflow/.local/lib/python3.12/site-packages/airflow/example_dags/example_inlet_event_extra.py
[2025-02-23T20:38:15.185+0000] {processor.py:914} INFO - Processing file /home/airflow/.local/lib/python3.12/site-packages/airflow/example_dags/example_inlet_event_extra.py for tasks to queue
[2025-02-23T20:38:15.189+0000] {logging_mixin.py:190} INFO - [2025-02-23T20:38:15.188+0000] {dagbag.py:588} INFO - Filling up the DagBag from /home/airflow/.local/lib/python3.12/site-packages/airflow/example_dags/example_inlet_event_extra.py
[2025-02-23T20:38:16.071+0000] {processor.py:925} INFO - DAG(s) 'read_dataset_event', 'read_dataset_event_from_classic' retrieved from /home/airflow/.local/lib/python3.12/site-packages/airflow/example_dags/example_inlet_event_extra.py
[2025-02-23T20:38:16.105+0000] {logging_mixin.py:190} INFO - [2025-02-23T20:38:16.105+0000] {dag.py:3239} INFO - Sync 2 DAGs
[2025-02-23T20:38:16.154+0000] {logging_mixin.py:190} INFO - [2025-02-23T20:38:16.153+0000] {dag.py:4180} INFO - Setting next_dagrun for read_dataset_event to 2025-02-22 00:00:00+00:00, run_after=2025-02-23 00:00:00+00:00
[2025-02-23T20:38:16.161+0000] {logging_mixin.py:190} INFO - [2025-02-23T20:38:16.161+0000] {dag.py:4180} INFO - Setting next_dagrun for read_dataset_event_from_classic to 2025-02-22 00:00:00+00:00, run_after=2025-02-23 00:00:00+00:00
[2025-02-23T20:38:16.185+0000] {processor.py:208} INFO - Processing /home/airflow/.local/lib/python3.12/site-packages/airflow/example_dags/example_inlet_event_extra.py took 1.011 seconds
[2025-02-23T20:38:46.845+0000] {processor.py:186} INFO - Started process (PID=1770) to work on /home/airflow/.local/lib/python3.12/site-packages/airflow/example_dags/example_inlet_event_extra.py
[2025-02-23T20:38:46.847+0000] {processor.py:914} INFO - Processing file /home/airflow/.local/lib/python3.12/site-packages/airflow/example_dags/example_inlet_event_extra.py for tasks to queue
[2025-02-23T20:38:46.850+0000] {logging_mixin.py:190} INFO - [2025-02-23T20:38:46.850+0000] {dagbag.py:588} INFO - Filling up the DagBag from /home/airflow/.local/lib/python3.12/site-packages/airflow/example_dags/example_inlet_event_extra.py
[2025-02-23T20:38:47.670+0000] {processor.py:925} INFO - DAG(s) 'read_dataset_event_from_classic', 'read_dataset_event' retrieved from /home/airflow/.local/lib/python3.12/site-packages/airflow/example_dags/example_inlet_event_extra.py
[2025-02-23T20:38:47.701+0000] {logging_mixin.py:190} INFO - [2025-02-23T20:38:47.700+0000] {dag.py:3239} INFO - Sync 2 DAGs
[2025-02-23T20:38:47.740+0000] {logging_mixin.py:190} INFO - [2025-02-23T20:38:47.739+0000] {dag.py:4180} INFO - Setting next_dagrun for read_dataset_event to 2025-02-22 00:00:00+00:00, run_after=2025-02-23 00:00:00+00:00
[2025-02-23T20:38:47.748+0000] {logging_mixin.py:190} INFO - [2025-02-23T20:38:47.748+0000] {dag.py:4180} INFO - Setting next_dagrun for read_dataset_event_from_classic to 2025-02-22 00:00:00+00:00, run_after=2025-02-23 00:00:00+00:00
[2025-02-23T20:38:47.773+0000] {processor.py:208} INFO - Processing /home/airflow/.local/lib/python3.12/site-packages/airflow/example_dags/example_inlet_event_extra.py took 0.937 seconds
[2025-02-23T20:39:18.658+0000] {processor.py:186} INFO - Started process (PID=1833) to work on /home/airflow/.local/lib/python3.12/site-packages/airflow/example_dags/example_inlet_event_extra.py
[2025-02-23T20:39:18.659+0000] {processor.py:914} INFO - Processing file /home/airflow/.local/lib/python3.12/site-packages/airflow/example_dags/example_inlet_event_extra.py for tasks to queue
[2025-02-23T20:39:18.662+0000] {logging_mixin.py:190} INFO - [2025-02-23T20:39:18.662+0000] {dagbag.py:588} INFO - Filling up the DagBag from /home/airflow/.local/lib/python3.12/site-packages/airflow/example_dags/example_inlet_event_extra.py
[2025-02-23T20:39:19.561+0000] {processor.py:925} INFO - DAG(s) 'read_dataset_event_from_classic', 'read_dataset_event' retrieved from /home/airflow/.local/lib/python3.12/site-packages/airflow/example_dags/example_inlet_event_extra.py
[2025-02-23T20:39:19.591+0000] {logging_mixin.py:190} INFO - [2025-02-23T20:39:19.591+0000] {dag.py:3239} INFO - Sync 2 DAGs
[2025-02-23T20:39:19.630+0000] {logging_mixin.py:190} INFO - [2025-02-23T20:39:19.629+0000] {dag.py:4180} INFO - Setting next_dagrun for read_dataset_event to 2025-02-22 00:00:00+00:00, run_after=2025-02-23 00:00:00+00:00
[2025-02-23T20:39:19.638+0000] {logging_mixin.py:190} INFO - [2025-02-23T20:39:19.637+0000] {dag.py:4180} INFO - Setting next_dagrun for read_dataset_event_from_classic to 2025-02-22 00:00:00+00:00, run_after=2025-02-23 00:00:00+00:00
[2025-02-23T20:39:19.664+0000] {processor.py:208} INFO - Processing /home/airflow/.local/lib/python3.12/site-packages/airflow/example_dags/example_inlet_event_extra.py took 1.013 seconds
[2025-02-23T20:39:50.197+0000] {processor.py:186} INFO - Started process (PID=1898) to work on /home/airflow/.local/lib/python3.12/site-packages/airflow/example_dags/example_inlet_event_extra.py
[2025-02-23T20:39:50.198+0000] {processor.py:914} INFO - Processing file /home/airflow/.local/lib/python3.12/site-packages/airflow/example_dags/example_inlet_event_extra.py for tasks to queue
[2025-02-23T20:39:50.201+0000] {logging_mixin.py:190} INFO - [2025-02-23T20:39:50.200+0000] {dagbag.py:588} INFO - Filling up the DagBag from /home/airflow/.local/lib/python3.12/site-packages/airflow/example_dags/example_inlet_event_extra.py
[2025-02-23T20:39:51.105+0000] {processor.py:925} INFO - DAG(s) 'read_dataset_event_from_classic', 'read_dataset_event' retrieved from /home/airflow/.local/lib/python3.12/site-packages/airflow/example_dags/example_inlet_event_extra.py
[2025-02-23T20:39:51.134+0000] {logging_mixin.py:190} INFO - [2025-02-23T20:39:51.134+0000] {dag.py:3239} INFO - Sync 2 DAGs
[2025-02-23T20:39:51.172+0000] {logging_mixin.py:190} INFO - [2025-02-23T20:39:51.171+0000] {dag.py:4180} INFO - Setting next_dagrun for read_dataset_event to 2025-02-22 00:00:00+00:00, run_after=2025-02-23 00:00:00+00:00
[2025-02-23T20:39:51.181+0000] {logging_mixin.py:190} INFO - [2025-02-23T20:39:51.181+0000] {dag.py:4180} INFO - Setting next_dagrun for read_dataset_event_from_classic to 2025-02-22 00:00:00+00:00, run_after=2025-02-23 00:00:00+00:00
[2025-02-23T20:39:51.208+0000] {processor.py:208} INFO - Processing /home/airflow/.local/lib/python3.12/site-packages/airflow/example_dags/example_inlet_event_extra.py took 1.018 seconds
[2025-02-23T20:40:21.567+0000] {processor.py:186} INFO - Started process (PID=1962) to work on /home/airflow/.local/lib/python3.12/site-packages/airflow/example_dags/example_inlet_event_extra.py
[2025-02-23T20:40:21.569+0000] {processor.py:914} INFO - Processing file /home/airflow/.local/lib/python3.12/site-packages/airflow/example_dags/example_inlet_event_extra.py for tasks to queue
[2025-02-23T20:40:21.572+0000] {logging_mixin.py:190} INFO - [2025-02-23T20:40:21.572+0000] {dagbag.py:588} INFO - Filling up the DagBag from /home/airflow/.local/lib/python3.12/site-packages/airflow/example_dags/example_inlet_event_extra.py
[2025-02-23T20:40:22.501+0000] {processor.py:925} INFO - DAG(s) 'read_dataset_event_from_classic', 'read_dataset_event' retrieved from /home/airflow/.local/lib/python3.12/site-packages/airflow/example_dags/example_inlet_event_extra.py
[2025-02-23T20:40:22.533+0000] {logging_mixin.py:190} INFO - [2025-02-23T20:40:22.532+0000] {dag.py:3239} INFO - Sync 2 DAGs
[2025-02-23T20:40:22.568+0000] {logging_mixin.py:190} INFO - [2025-02-23T20:40:22.568+0000] {dag.py:4180} INFO - Setting next_dagrun for read_dataset_event to 2025-02-22 00:00:00+00:00, run_after=2025-02-23 00:00:00+00:00
[2025-02-23T20:40:22.578+0000] {logging_mixin.py:190} INFO - [2025-02-23T20:40:22.577+0000] {dag.py:4180} INFO - Setting next_dagrun for read_dataset_event_from_classic to 2025-02-22 00:00:00+00:00, run_after=2025-02-23 00:00:00+00:00
[2025-02-23T20:40:22.608+0000] {processor.py:208} INFO - Processing /home/airflow/.local/lib/python3.12/site-packages/airflow/example_dags/example_inlet_event_extra.py took 1.050 seconds
[2025-02-23T20:40:52.662+0000] {processor.py:186} INFO - Started process (PID=2025) to work on /home/airflow/.local/lib/python3.12/site-packages/airflow/example_dags/example_inlet_event_extra.py
[2025-02-23T20:40:52.663+0000] {processor.py:914} INFO - Processing file /home/airflow/.local/lib/python3.12/site-packages/airflow/example_dags/example_inlet_event_extra.py for tasks to queue
[2025-02-23T20:40:52.666+0000] {logging_mixin.py:190} INFO - [2025-02-23T20:40:52.665+0000] {dagbag.py:588} INFO - Filling up the DagBag from /home/airflow/.local/lib/python3.12/site-packages/airflow/example_dags/example_inlet_event_extra.py
[2025-02-23T20:40:53.442+0000] {processor.py:925} INFO - DAG(s) 'read_dataset_event_from_classic', 'read_dataset_event' retrieved from /home/airflow/.local/lib/python3.12/site-packages/airflow/example_dags/example_inlet_event_extra.py
[2025-02-23T20:40:53.470+0000] {logging_mixin.py:190} INFO - [2025-02-23T20:40:53.470+0000] {dag.py:3239} INFO - Sync 2 DAGs
[2025-02-23T20:40:53.507+0000] {logging_mixin.py:190} INFO - [2025-02-23T20:40:53.507+0000] {dag.py:4180} INFO - Setting next_dagrun for read_dataset_event to 2025-02-22 00:00:00+00:00, run_after=2025-02-23 00:00:00+00:00
[2025-02-23T20:40:53.515+0000] {logging_mixin.py:190} INFO - [2025-02-23T20:40:53.514+0000] {dag.py:4180} INFO - Setting next_dagrun for read_dataset_event_from_classic to 2025-02-22 00:00:00+00:00, run_after=2025-02-23 00:00:00+00:00
[2025-02-23T20:40:53.541+0000] {processor.py:208} INFO - Processing /home/airflow/.local/lib/python3.12/site-packages/airflow/example_dags/example_inlet_event_extra.py took 0.887 seconds
[2025-02-23T20:41:23.601+0000] {processor.py:186} INFO - Started process (PID=2088) to work on /home/airflow/.local/lib/python3.12/site-packages/airflow/example_dags/example_inlet_event_extra.py
[2025-02-23T20:41:23.602+0000] {processor.py:914} INFO - Processing file /home/airflow/.local/lib/python3.12/site-packages/airflow/example_dags/example_inlet_event_extra.py for tasks to queue
[2025-02-23T20:41:23.605+0000] {logging_mixin.py:190} INFO - [2025-02-23T20:41:23.604+0000] {dagbag.py:588} INFO - Filling up the DagBag from /home/airflow/.local/lib/python3.12/site-packages/airflow/example_dags/example_inlet_event_extra.py
[2025-02-23T20:41:24.443+0000] {processor.py:925} INFO - DAG(s) 'read_dataset_event_from_classic', 'read_dataset_event' retrieved from /home/airflow/.local/lib/python3.12/site-packages/airflow/example_dags/example_inlet_event_extra.py
[2025-02-23T20:41:24.480+0000] {logging_mixin.py:190} INFO - [2025-02-23T20:41:24.479+0000] {dag.py:3239} INFO - Sync 2 DAGs
[2025-02-23T20:41:24.523+0000] {logging_mixin.py:190} INFO - [2025-02-23T20:41:24.523+0000] {dag.py:4180} INFO - Setting next_dagrun for read_dataset_event to 2025-02-22 00:00:00+00:00, run_after=2025-02-23 00:00:00+00:00
[2025-02-23T20:41:24.532+0000] {logging_mixin.py:190} INFO - [2025-02-23T20:41:24.531+0000] {dag.py:4180} INFO - Setting next_dagrun for read_dataset_event_from_classic to 2025-02-22 00:00:00+00:00, run_after=2025-02-23 00:00:00+00:00
[2025-02-23T20:41:24.556+0000] {processor.py:208} INFO - Processing /home/airflow/.local/lib/python3.12/site-packages/airflow/example_dags/example_inlet_event_extra.py took 0.962 seconds
[2025-02-23T20:41:54.871+0000] {processor.py:186} INFO - Started process (PID=2151) to work on /home/airflow/.local/lib/python3.12/site-packages/airflow/example_dags/example_inlet_event_extra.py
[2025-02-23T20:41:54.873+0000] {processor.py:914} INFO - Processing file /home/airflow/.local/lib/python3.12/site-packages/airflow/example_dags/example_inlet_event_extra.py for tasks to queue
[2025-02-23T20:41:54.877+0000] {logging_mixin.py:190} INFO - [2025-02-23T20:41:54.876+0000] {dagbag.py:588} INFO - Filling up the DagBag from /home/airflow/.local/lib/python3.12/site-packages/airflow/example_dags/example_inlet_event_extra.py
[2025-02-23T20:41:55.740+0000] {processor.py:925} INFO - DAG(s) 'read_dataset_event_from_classic', 'read_dataset_event' retrieved from /home/airflow/.local/lib/python3.12/site-packages/airflow/example_dags/example_inlet_event_extra.py
[2025-02-23T20:41:55.769+0000] {logging_mixin.py:190} INFO - [2025-02-23T20:41:55.769+0000] {dag.py:3239} INFO - Sync 2 DAGs
[2025-02-23T20:41:55.805+0000] {logging_mixin.py:190} INFO - [2025-02-23T20:41:55.805+0000] {dag.py:4180} INFO - Setting next_dagrun for read_dataset_event to 2025-02-22 00:00:00+00:00, run_after=2025-02-23 00:00:00+00:00
[2025-02-23T20:41:55.813+0000] {logging_mixin.py:190} INFO - [2025-02-23T20:41:55.812+0000] {dag.py:4180} INFO - Setting next_dagrun for read_dataset_event_from_classic to 2025-02-22 00:00:00+00:00, run_after=2025-02-23 00:00:00+00:00
[2025-02-23T20:41:55.835+0000] {processor.py:208} INFO - Processing /home/airflow/.local/lib/python3.12/site-packages/airflow/example_dags/example_inlet_event_extra.py took 0.973 seconds
[2025-02-23T20:42:26.249+0000] {processor.py:186} INFO - Started process (PID=2217) to work on /home/airflow/.local/lib/python3.12/site-packages/airflow/example_dags/example_inlet_event_extra.py
[2025-02-23T20:42:26.251+0000] {processor.py:914} INFO - Processing file /home/airflow/.local/lib/python3.12/site-packages/airflow/example_dags/example_inlet_event_extra.py for tasks to queue
[2025-02-23T20:42:26.255+0000] {logging_mixin.py:190} INFO - [2025-02-23T20:42:26.255+0000] {dagbag.py:588} INFO - Filling up the DagBag from /home/airflow/.local/lib/python3.12/site-packages/airflow/example_dags/example_inlet_event_extra.py
[2025-02-23T20:42:27.032+0000] {processor.py:925} INFO - DAG(s) 'read_dataset_event_from_classic', 'read_dataset_event' retrieved from /home/airflow/.local/lib/python3.12/site-packages/airflow/example_dags/example_inlet_event_extra.py
[2025-02-23T20:42:27.064+0000] {logging_mixin.py:190} INFO - [2025-02-23T20:42:27.063+0000] {dag.py:3239} INFO - Sync 2 DAGs
[2025-02-23T20:42:27.101+0000] {logging_mixin.py:190} INFO - [2025-02-23T20:42:27.100+0000] {dag.py:4180} INFO - Setting next_dagrun for read_dataset_event to 2025-02-22 00:00:00+00:00, run_after=2025-02-23 00:00:00+00:00
[2025-02-23T20:42:27.109+0000] {logging_mixin.py:190} INFO - [2025-02-23T20:42:27.109+0000] {dag.py:4180} INFO - Setting next_dagrun for read_dataset_event_from_classic to 2025-02-22 00:00:00+00:00, run_after=2025-02-23 00:00:00+00:00
[2025-02-23T20:42:27.135+0000] {processor.py:208} INFO - Processing /home/airflow/.local/lib/python3.12/site-packages/airflow/example_dags/example_inlet_event_extra.py took 0.895 seconds
[2025-02-23T20:42:57.565+0000] {processor.py:186} INFO - Started process (PID=2280) to work on /home/airflow/.local/lib/python3.12/site-packages/airflow/example_dags/example_inlet_event_extra.py
[2025-02-23T20:42:57.567+0000] {processor.py:914} INFO - Processing file /home/airflow/.local/lib/python3.12/site-packages/airflow/example_dags/example_inlet_event_extra.py for tasks to queue
[2025-02-23T20:42:57.571+0000] {logging_mixin.py:190} INFO - [2025-02-23T20:42:57.570+0000] {dagbag.py:588} INFO - Filling up the DagBag from /home/airflow/.local/lib/python3.12/site-packages/airflow/example_dags/example_inlet_event_extra.py
[2025-02-23T20:42:58.355+0000] {processor.py:925} INFO - DAG(s) 'read_dataset_event', 'read_dataset_event_from_classic' retrieved from /home/airflow/.local/lib/python3.12/site-packages/airflow/example_dags/example_inlet_event_extra.py
[2025-02-23T20:42:58.385+0000] {logging_mixin.py:190} INFO - [2025-02-23T20:42:58.384+0000] {dag.py:3239} INFO - Sync 2 DAGs
[2025-02-23T20:42:58.422+0000] {logging_mixin.py:190} INFO - [2025-02-23T20:42:58.421+0000] {dag.py:4180} INFO - Setting next_dagrun for read_dataset_event to 2025-02-22 00:00:00+00:00, run_after=2025-02-23 00:00:00+00:00
[2025-02-23T20:42:58.430+0000] {logging_mixin.py:190} INFO - [2025-02-23T20:42:58.429+0000] {dag.py:4180} INFO - Setting next_dagrun for read_dataset_event_from_classic to 2025-02-22 00:00:00+00:00, run_after=2025-02-23 00:00:00+00:00
[2025-02-23T20:42:58.455+0000] {processor.py:208} INFO - Processing /home/airflow/.local/lib/python3.12/site-packages/airflow/example_dags/example_inlet_event_extra.py took 0.897 seconds
[2025-02-23T20:43:28.785+0000] {processor.py:186} INFO - Started process (PID=2343) to work on /home/airflow/.local/lib/python3.12/site-packages/airflow/example_dags/example_inlet_event_extra.py
[2025-02-23T20:43:28.786+0000] {processor.py:914} INFO - Processing file /home/airflow/.local/lib/python3.12/site-packages/airflow/example_dags/example_inlet_event_extra.py for tasks to queue
[2025-02-23T20:43:28.791+0000] {logging_mixin.py:190} INFO - [2025-02-23T20:43:28.790+0000] {dagbag.py:588} INFO - Filling up the DagBag from /home/airflow/.local/lib/python3.12/site-packages/airflow/example_dags/example_inlet_event_extra.py
[2025-02-23T20:43:29.624+0000] {processor.py:925} INFO - DAG(s) 'read_dataset_event_from_classic', 'read_dataset_event' retrieved from /home/airflow/.local/lib/python3.12/site-packages/airflow/example_dags/example_inlet_event_extra.py
[2025-02-23T20:43:29.662+0000] {logging_mixin.py:190} INFO - [2025-02-23T20:43:29.661+0000] {dag.py:3239} INFO - Sync 2 DAGs
[2025-02-23T20:43:29.700+0000] {logging_mixin.py:190} INFO - [2025-02-23T20:43:29.699+0000] {dag.py:4180} INFO - Setting next_dagrun for read_dataset_event to 2025-02-22 00:00:00+00:00, run_after=2025-02-23 00:00:00+00:00
[2025-02-23T20:43:29.708+0000] {logging_mixin.py:190} INFO - [2025-02-23T20:43:29.707+0000] {dag.py:4180} INFO - Setting next_dagrun for read_dataset_event_from_classic to 2025-02-22 00:00:00+00:00, run_after=2025-02-23 00:00:00+00:00
[2025-02-23T20:43:29.729+0000] {processor.py:208} INFO - Processing /home/airflow/.local/lib/python3.12/site-packages/airflow/example_dags/example_inlet_event_extra.py took 0.955 seconds
[2025-02-23T20:44:00.052+0000] {processor.py:186} INFO - Started process (PID=2407) to work on /home/airflow/.local/lib/python3.12/site-packages/airflow/example_dags/example_inlet_event_extra.py
[2025-02-23T20:44:00.053+0000] {processor.py:914} INFO - Processing file /home/airflow/.local/lib/python3.12/site-packages/airflow/example_dags/example_inlet_event_extra.py for tasks to queue
[2025-02-23T20:44:00.057+0000] {logging_mixin.py:190} INFO - [2025-02-23T20:44:00.057+0000] {dagbag.py:588} INFO - Filling up the DagBag from /home/airflow/.local/lib/python3.12/site-packages/airflow/example_dags/example_inlet_event_extra.py
[2025-02-23T20:44:01.007+0000] {processor.py:925} INFO - DAG(s) 'read_dataset_event_from_classic', 'read_dataset_event' retrieved from /home/airflow/.local/lib/python3.12/site-packages/airflow/example_dags/example_inlet_event_extra.py
[2025-02-23T20:44:01.047+0000] {logging_mixin.py:190} INFO - [2025-02-23T20:44:01.047+0000] {dag.py:3239} INFO - Sync 2 DAGs
[2025-02-23T20:44:01.095+0000] {logging_mixin.py:190} INFO - [2025-02-23T20:44:01.095+0000] {dag.py:4180} INFO - Setting next_dagrun for read_dataset_event to 2025-02-22 00:00:00+00:00, run_after=2025-02-23 00:00:00+00:00
[2025-02-23T20:44:01.105+0000] {logging_mixin.py:190} INFO - [2025-02-23T20:44:01.105+0000] {dag.py:4180} INFO - Setting next_dagrun for read_dataset_event_from_classic to 2025-02-22 00:00:00+00:00, run_after=2025-02-23 00:00:00+00:00
[2025-02-23T20:44:01.134+0000] {processor.py:208} INFO - Processing /home/airflow/.local/lib/python3.12/site-packages/airflow/example_dags/example_inlet_event_extra.py took 1.089 seconds
[2025-02-23T20:44:31.320+0000] {processor.py:186} INFO - Started process (PID=2470) to work on /home/airflow/.local/lib/python3.12/site-packages/airflow/example_dags/example_inlet_event_extra.py
[2025-02-23T20:44:31.321+0000] {processor.py:914} INFO - Processing file /home/airflow/.local/lib/python3.12/site-packages/airflow/example_dags/example_inlet_event_extra.py for tasks to queue
[2025-02-23T20:44:31.324+0000] {logging_mixin.py:190} INFO - [2025-02-23T20:44:31.324+0000] {dagbag.py:588} INFO - Filling up the DagBag from /home/airflow/.local/lib/python3.12/site-packages/airflow/example_dags/example_inlet_event_extra.py
[2025-02-23T20:44:32.213+0000] {processor.py:925} INFO - DAG(s) 'read_dataset_event_from_classic', 'read_dataset_event' retrieved from /home/airflow/.local/lib/python3.12/site-packages/airflow/example_dags/example_inlet_event_extra.py
[2025-02-23T20:44:32.246+0000] {logging_mixin.py:190} INFO - [2025-02-23T20:44:32.246+0000] {dag.py:3239} INFO - Sync 2 DAGs
[2025-02-23T20:44:32.287+0000] {logging_mixin.py:190} INFO - [2025-02-23T20:44:32.287+0000] {dag.py:4180} INFO - Setting next_dagrun for read_dataset_event to 2025-02-22 00:00:00+00:00, run_after=2025-02-23 00:00:00+00:00
[2025-02-23T20:44:32.296+0000] {logging_mixin.py:190} INFO - [2025-02-23T20:44:32.295+0000] {dag.py:4180} INFO - Setting next_dagrun for read_dataset_event_from_classic to 2025-02-22 00:00:00+00:00, run_after=2025-02-23 00:00:00+00:00
[2025-02-23T20:44:32.322+0000] {processor.py:208} INFO - Processing /home/airflow/.local/lib/python3.12/site-packages/airflow/example_dags/example_inlet_event_extra.py took 1.010 seconds
[2025-02-23T20:45:02.434+0000] {processor.py:186} INFO - Started process (PID=2534) to work on /home/airflow/.local/lib/python3.12/site-packages/airflow/example_dags/example_inlet_event_extra.py
[2025-02-23T20:45:02.436+0000] {processor.py:914} INFO - Processing file /home/airflow/.local/lib/python3.12/site-packages/airflow/example_dags/example_inlet_event_extra.py for tasks to queue
[2025-02-23T20:45:02.439+0000] {logging_mixin.py:190} INFO - [2025-02-23T20:45:02.439+0000] {dagbag.py:588} INFO - Filling up the DagBag from /home/airflow/.local/lib/python3.12/site-packages/airflow/example_dags/example_inlet_event_extra.py
[2025-02-23T20:45:03.241+0000] {processor.py:925} INFO - DAG(s) 'read_dataset_event', 'read_dataset_event_from_classic' retrieved from /home/airflow/.local/lib/python3.12/site-packages/airflow/example_dags/example_inlet_event_extra.py
[2025-02-23T20:45:03.274+0000] {logging_mixin.py:190} INFO - [2025-02-23T20:45:03.274+0000] {dag.py:3239} INFO - Sync 2 DAGs
[2025-02-23T20:45:03.317+0000] {logging_mixin.py:190} INFO - [2025-02-23T20:45:03.316+0000] {dag.py:4180} INFO - Setting next_dagrun for read_dataset_event to 2025-02-22 00:00:00+00:00, run_after=2025-02-23 00:00:00+00:00
[2025-02-23T20:45:03.327+0000] {logging_mixin.py:190} INFO - [2025-02-23T20:45:03.327+0000] {dag.py:4180} INFO - Setting next_dagrun for read_dataset_event_from_classic to 2025-02-22 00:00:00+00:00, run_after=2025-02-23 00:00:00+00:00
[2025-02-23T20:45:03.353+0000] {processor.py:208} INFO - Processing /home/airflow/.local/lib/python3.12/site-packages/airflow/example_dags/example_inlet_event_extra.py took 0.926 seconds
[2025-02-23T20:45:33.542+0000] {processor.py:186} INFO - Started process (PID=2597) to work on /home/airflow/.local/lib/python3.12/site-packages/airflow/example_dags/example_inlet_event_extra.py
[2025-02-23T20:45:33.544+0000] {processor.py:914} INFO - Processing file /home/airflow/.local/lib/python3.12/site-packages/airflow/example_dags/example_inlet_event_extra.py for tasks to queue
[2025-02-23T20:45:33.549+0000] {logging_mixin.py:190} INFO - [2025-02-23T20:45:33.548+0000] {dagbag.py:588} INFO - Filling up the DagBag from /home/airflow/.local/lib/python3.12/site-packages/airflow/example_dags/example_inlet_event_extra.py
[2025-02-23T20:45:34.320+0000] {processor.py:925} INFO - DAG(s) 'read_dataset_event_from_classic', 'read_dataset_event' retrieved from /home/airflow/.local/lib/python3.12/site-packages/airflow/example_dags/example_inlet_event_extra.py
[2025-02-23T20:45:34.346+0000] {logging_mixin.py:190} INFO - [2025-02-23T20:45:34.346+0000] {dag.py:3239} INFO - Sync 2 DAGs
[2025-02-23T20:45:34.381+0000] {logging_mixin.py:190} INFO - [2025-02-23T20:45:34.381+0000] {dag.py:4180} INFO - Setting next_dagrun for read_dataset_event to 2025-02-22 00:00:00+00:00, run_after=2025-02-23 00:00:00+00:00
[2025-02-23T20:45:34.389+0000] {logging_mixin.py:190} INFO - [2025-02-23T20:45:34.388+0000] {dag.py:4180} INFO - Setting next_dagrun for read_dataset_event_from_classic to 2025-02-22 00:00:00+00:00, run_after=2025-02-23 00:00:00+00:00
[2025-02-23T20:45:34.412+0000] {processor.py:208} INFO - Processing /home/airflow/.local/lib/python3.12/site-packages/airflow/example_dags/example_inlet_event_extra.py took 0.878 seconds
