[2025-02-23T20:25:12.168+0000] {processor.py:186} INFO - Started process (PID=87) to work on /home/airflow/.local/lib/python3.12/site-packages/airflow/example_dags/example_branch_operator_decorator.py
[2025-02-23T20:25:12.169+0000] {processor.py:914} INFO - Processing file /home/airflow/.local/lib/python3.12/site-packages/airflow/example_dags/example_branch_operator_decorator.py for tasks to queue
[2025-02-23T20:25:12.173+0000] {logging_mixin.py:190} INFO - [2025-02-23T20:25:12.172+0000] {dagbag.py:588} INFO - Filling up the DagBag from /home/airflow/.local/lib/python3.12/site-packages/airflow/example_dags/example_branch_operator_decorator.py
[2025-02-23T20:25:12.205+0000] {processor.py:925} INFO - DAG(s) 'example_branch_python_operator_decorator' retrieved from /home/airflow/.local/lib/python3.12/site-packages/airflow/example_dags/example_branch_operator_decorator.py
[2025-02-23T20:25:13.415+0000] {logging_mixin.py:190} INFO - [2025-02-23T20:25:13.414+0000] {override.py:1912} INFO - Created Permission View: can read on DAG:example_branch_python_operator_decorator
[2025-02-23T20:25:13.429+0000] {logging_mixin.py:190} INFO - [2025-02-23T20:25:13.429+0000] {override.py:1912} INFO - Created Permission View: can delete on DAG:example_branch_python_operator_decorator
[2025-02-23T20:25:13.440+0000] {logging_mixin.py:190} INFO - [2025-02-23T20:25:13.439+0000] {override.py:1912} INFO - Created Permission View: can edit on DAG:example_branch_python_operator_decorator
[2025-02-23T20:25:13.453+0000] {logging_mixin.py:190} INFO - [2025-02-23T20:25:13.452+0000] {override.py:1912} INFO - Created Permission View: can create on DAG Run:example_branch_python_operator_decorator
[2025-02-23T20:25:13.463+0000] {logging_mixin.py:190} INFO - [2025-02-23T20:25:13.463+0000] {override.py:1912} INFO - Created Permission View: can read on DAG Run:example_branch_python_operator_decorator
[2025-02-23T20:25:13.474+0000] {logging_mixin.py:190} INFO - [2025-02-23T20:25:13.473+0000] {override.py:1912} INFO - Created Permission View: can delete on DAG Run:example_branch_python_operator_decorator
[2025-02-23T20:25:13.484+0000] {logging_mixin.py:190} INFO - [2025-02-23T20:25:13.483+0000] {override.py:1912} INFO - Created Permission View: menu access on DAG Run:example_branch_python_operator_decorator
[2025-02-23T20:25:13.484+0000] {logging_mixin.py:190} INFO - [2025-02-23T20:25:13.484+0000] {dag.py:3239} INFO - Sync 1 DAGs
[2025-02-23T20:25:13.506+0000] {logging_mixin.py:190} INFO - [2025-02-23T20:25:13.505+0000] {dag.py:3262} INFO - Creating ORM DAG for example_branch_python_operator_decorator
[2025-02-23T20:25:13.520+0000] {logging_mixin.py:190} INFO - [2025-02-23T20:25:13.520+0000] {dag.py:4180} INFO - Setting next_dagrun for example_branch_python_operator_decorator to 2025-02-22 00:00:00+00:00, run_after=2025-02-23 00:00:00+00:00
[2025-02-23T20:25:13.543+0000] {processor.py:208} INFO - Processing /home/airflow/.local/lib/python3.12/site-packages/airflow/example_dags/example_branch_operator_decorator.py took 0.357 seconds
[2025-02-23T20:25:44.594+0000] {processor.py:186} INFO - Started process (PID=150) to work on /home/airflow/.local/lib/python3.12/site-packages/airflow/example_dags/example_branch_operator_decorator.py
[2025-02-23T20:25:44.596+0000] {processor.py:914} INFO - Processing file /home/airflow/.local/lib/python3.12/site-packages/airflow/example_dags/example_branch_operator_decorator.py for tasks to queue
[2025-02-23T20:25:44.599+0000] {logging_mixin.py:190} INFO - [2025-02-23T20:25:44.598+0000] {dagbag.py:588} INFO - Filling up the DagBag from /home/airflow/.local/lib/python3.12/site-packages/airflow/example_dags/example_branch_operator_decorator.py
[2025-02-23T20:25:44.628+0000] {processor.py:925} INFO - DAG(s) 'example_branch_python_operator_decorator' retrieved from /home/airflow/.local/lib/python3.12/site-packages/airflow/example_dags/example_branch_operator_decorator.py
[2025-02-23T20:25:44.667+0000] {logging_mixin.py:190} INFO - [2025-02-23T20:25:44.667+0000] {dag.py:3239} INFO - Sync 1 DAGs
[2025-02-23T20:25:44.706+0000] {logging_mixin.py:190} INFO - [2025-02-23T20:25:44.705+0000] {dag.py:4180} INFO - Setting next_dagrun for example_branch_python_operator_decorator to 2025-02-22 00:00:00+00:00, run_after=2025-02-23 00:00:00+00:00
[2025-02-23T20:25:44.733+0000] {processor.py:208} INFO - Processing /home/airflow/.local/lib/python3.12/site-packages/airflow/example_dags/example_branch_operator_decorator.py took 0.150 seconds
[2025-02-23T20:26:15.837+0000] {processor.py:186} INFO - Started process (PID=213) to work on /home/airflow/.local/lib/python3.12/site-packages/airflow/example_dags/example_branch_operator_decorator.py
[2025-02-23T20:26:15.839+0000] {processor.py:914} INFO - Processing file /home/airflow/.local/lib/python3.12/site-packages/airflow/example_dags/example_branch_operator_decorator.py for tasks to queue
[2025-02-23T20:26:15.842+0000] {logging_mixin.py:190} INFO - [2025-02-23T20:26:15.841+0000] {dagbag.py:588} INFO - Filling up the DagBag from /home/airflow/.local/lib/python3.12/site-packages/airflow/example_dags/example_branch_operator_decorator.py
[2025-02-23T20:26:15.870+0000] {processor.py:925} INFO - DAG(s) 'example_branch_python_operator_decorator' retrieved from /home/airflow/.local/lib/python3.12/site-packages/airflow/example_dags/example_branch_operator_decorator.py
[2025-02-23T20:26:15.914+0000] {logging_mixin.py:190} INFO - [2025-02-23T20:26:15.913+0000] {dag.py:3239} INFO - Sync 1 DAGs
[2025-02-23T20:26:15.947+0000] {logging_mixin.py:190} INFO - [2025-02-23T20:26:15.946+0000] {dag.py:4180} INFO - Setting next_dagrun for example_branch_python_operator_decorator to 2025-02-22 00:00:00+00:00, run_after=2025-02-23 00:00:00+00:00
[2025-02-23T20:26:15.976+0000] {processor.py:208} INFO - Processing /home/airflow/.local/lib/python3.12/site-packages/airflow/example_dags/example_branch_operator_decorator.py took 0.148 seconds
[2025-02-23T20:26:47.248+0000] {processor.py:186} INFO - Started process (PID=276) to work on /home/airflow/.local/lib/python3.12/site-packages/airflow/example_dags/example_branch_operator_decorator.py
[2025-02-23T20:26:47.249+0000] {processor.py:914} INFO - Processing file /home/airflow/.local/lib/python3.12/site-packages/airflow/example_dags/example_branch_operator_decorator.py for tasks to queue
[2025-02-23T20:26:47.252+0000] {logging_mixin.py:190} INFO - [2025-02-23T20:26:47.252+0000] {dagbag.py:588} INFO - Filling up the DagBag from /home/airflow/.local/lib/python3.12/site-packages/airflow/example_dags/example_branch_operator_decorator.py
[2025-02-23T20:26:47.286+0000] {processor.py:925} INFO - DAG(s) 'example_branch_python_operator_decorator' retrieved from /home/airflow/.local/lib/python3.12/site-packages/airflow/example_dags/example_branch_operator_decorator.py
[2025-02-23T20:26:47.332+0000] {logging_mixin.py:190} INFO - [2025-02-23T20:26:47.331+0000] {dag.py:3239} INFO - Sync 1 DAGs
[2025-02-23T20:26:47.368+0000] {logging_mixin.py:190} INFO - [2025-02-23T20:26:47.367+0000] {dag.py:4180} INFO - Setting next_dagrun for example_branch_python_operator_decorator to 2025-02-22 00:00:00+00:00, run_after=2025-02-23 00:00:00+00:00
[2025-02-23T20:26:47.396+0000] {processor.py:208} INFO - Processing /home/airflow/.local/lib/python3.12/site-packages/airflow/example_dags/example_branch_operator_decorator.py took 0.157 seconds
[2025-02-23T20:27:17.491+0000] {processor.py:186} INFO - Started process (PID=338) to work on /home/airflow/.local/lib/python3.12/site-packages/airflow/example_dags/example_branch_operator_decorator.py
[2025-02-23T20:27:17.493+0000] {processor.py:914} INFO - Processing file /home/airflow/.local/lib/python3.12/site-packages/airflow/example_dags/example_branch_operator_decorator.py for tasks to queue
[2025-02-23T20:27:17.496+0000] {logging_mixin.py:190} INFO - [2025-02-23T20:27:17.495+0000] {dagbag.py:588} INFO - Filling up the DagBag from /home/airflow/.local/lib/python3.12/site-packages/airflow/example_dags/example_branch_operator_decorator.py
[2025-02-23T20:27:17.530+0000] {processor.py:925} INFO - DAG(s) 'example_branch_python_operator_decorator' retrieved from /home/airflow/.local/lib/python3.12/site-packages/airflow/example_dags/example_branch_operator_decorator.py
[2025-02-23T20:27:17.578+0000] {logging_mixin.py:190} INFO - [2025-02-23T20:27:17.578+0000] {dag.py:3239} INFO - Sync 1 DAGs
[2025-02-23T20:27:17.615+0000] {logging_mixin.py:190} INFO - [2025-02-23T20:27:17.614+0000] {dag.py:4180} INFO - Setting next_dagrun for example_branch_python_operator_decorator to 2025-02-22 00:00:00+00:00, run_after=2025-02-23 00:00:00+00:00
[2025-02-23T20:27:17.639+0000] {processor.py:208} INFO - Processing /home/airflow/.local/lib/python3.12/site-packages/airflow/example_dags/example_branch_operator_decorator.py took 0.158 seconds
[2025-02-23T20:27:48.848+0000] {processor.py:186} INFO - Started process (PID=401) to work on /home/airflow/.local/lib/python3.12/site-packages/airflow/example_dags/example_branch_operator_decorator.py
[2025-02-23T20:27:48.849+0000] {processor.py:914} INFO - Processing file /home/airflow/.local/lib/python3.12/site-packages/airflow/example_dags/example_branch_operator_decorator.py for tasks to queue
[2025-02-23T20:27:48.852+0000] {logging_mixin.py:190} INFO - [2025-02-23T20:27:48.852+0000] {dagbag.py:588} INFO - Filling up the DagBag from /home/airflow/.local/lib/python3.12/site-packages/airflow/example_dags/example_branch_operator_decorator.py
[2025-02-23T20:27:48.883+0000] {processor.py:925} INFO - DAG(s) 'example_branch_python_operator_decorator' retrieved from /home/airflow/.local/lib/python3.12/site-packages/airflow/example_dags/example_branch_operator_decorator.py
[2025-02-23T20:27:48.931+0000] {logging_mixin.py:190} INFO - [2025-02-23T20:27:48.930+0000] {dag.py:3239} INFO - Sync 1 DAGs
[2025-02-23T20:27:48.982+0000] {logging_mixin.py:190} INFO - [2025-02-23T20:27:48.981+0000] {dag.py:4180} INFO - Setting next_dagrun for example_branch_python_operator_decorator to 2025-02-22 00:00:00+00:00, run_after=2025-02-23 00:00:00+00:00
[2025-02-23T20:27:49.011+0000] {processor.py:208} INFO - Processing /home/airflow/.local/lib/python3.12/site-packages/airflow/example_dags/example_branch_operator_decorator.py took 0.171 seconds
[2025-02-23T20:28:20.278+0000] {processor.py:186} INFO - Started process (PID=464) to work on /home/airflow/.local/lib/python3.12/site-packages/airflow/example_dags/example_branch_operator_decorator.py
[2025-02-23T20:28:20.280+0000] {processor.py:914} INFO - Processing file /home/airflow/.local/lib/python3.12/site-packages/airflow/example_dags/example_branch_operator_decorator.py for tasks to queue
[2025-02-23T20:28:20.282+0000] {logging_mixin.py:190} INFO - [2025-02-23T20:28:20.282+0000] {dagbag.py:588} INFO - Filling up the DagBag from /home/airflow/.local/lib/python3.12/site-packages/airflow/example_dags/example_branch_operator_decorator.py
[2025-02-23T20:28:20.314+0000] {processor.py:925} INFO - DAG(s) 'example_branch_python_operator_decorator' retrieved from /home/airflow/.local/lib/python3.12/site-packages/airflow/example_dags/example_branch_operator_decorator.py
[2025-02-23T20:28:20.364+0000] {logging_mixin.py:190} INFO - [2025-02-23T20:28:20.363+0000] {dag.py:3239} INFO - Sync 1 DAGs
[2025-02-23T20:28:20.404+0000] {logging_mixin.py:190} INFO - [2025-02-23T20:28:20.404+0000] {dag.py:4180} INFO - Setting next_dagrun for example_branch_python_operator_decorator to 2025-02-22 00:00:00+00:00, run_after=2025-02-23 00:00:00+00:00
[2025-02-23T20:28:20.432+0000] {processor.py:208} INFO - Processing /home/airflow/.local/lib/python3.12/site-packages/airflow/example_dags/example_branch_operator_decorator.py took 0.164 seconds
[2025-02-23T20:28:50.716+0000] {processor.py:186} INFO - Started process (PID=526) to work on /home/airflow/.local/lib/python3.12/site-packages/airflow/example_dags/example_branch_operator_decorator.py
[2025-02-23T20:28:50.717+0000] {processor.py:914} INFO - Processing file /home/airflow/.local/lib/python3.12/site-packages/airflow/example_dags/example_branch_operator_decorator.py for tasks to queue
[2025-02-23T20:28:50.721+0000] {logging_mixin.py:190} INFO - [2025-02-23T20:28:50.720+0000] {dagbag.py:588} INFO - Filling up the DagBag from /home/airflow/.local/lib/python3.12/site-packages/airflow/example_dags/example_branch_operator_decorator.py
[2025-02-23T20:28:50.749+0000] {processor.py:925} INFO - DAG(s) 'example_branch_python_operator_decorator' retrieved from /home/airflow/.local/lib/python3.12/site-packages/airflow/example_dags/example_branch_operator_decorator.py
[2025-02-23T20:28:50.787+0000] {logging_mixin.py:190} INFO - [2025-02-23T20:28:50.787+0000] {dag.py:3239} INFO - Sync 1 DAGs
[2025-02-23T20:28:50.824+0000] {logging_mixin.py:190} INFO - [2025-02-23T20:28:50.824+0000] {dag.py:4180} INFO - Setting next_dagrun for example_branch_python_operator_decorator to 2025-02-22 00:00:00+00:00, run_after=2025-02-23 00:00:00+00:00
[2025-02-23T20:28:50.854+0000] {processor.py:208} INFO - Processing /home/airflow/.local/lib/python3.12/site-packages/airflow/example_dags/example_branch_operator_decorator.py took 0.148 seconds
[2025-02-23T20:29:21.574+0000] {processor.py:186} INFO - Started process (PID=589) to work on /home/airflow/.local/lib/python3.12/site-packages/airflow/example_dags/example_branch_operator_decorator.py
[2025-02-23T20:29:21.576+0000] {processor.py:914} INFO - Processing file /home/airflow/.local/lib/python3.12/site-packages/airflow/example_dags/example_branch_operator_decorator.py for tasks to queue
[2025-02-23T20:29:21.579+0000] {logging_mixin.py:190} INFO - [2025-02-23T20:29:21.579+0000] {dagbag.py:588} INFO - Filling up the DagBag from /home/airflow/.local/lib/python3.12/site-packages/airflow/example_dags/example_branch_operator_decorator.py
[2025-02-23T20:29:21.607+0000] {processor.py:925} INFO - DAG(s) 'example_branch_python_operator_decorator' retrieved from /home/airflow/.local/lib/python3.12/site-packages/airflow/example_dags/example_branch_operator_decorator.py
[2025-02-23T20:29:21.643+0000] {logging_mixin.py:190} INFO - [2025-02-23T20:29:21.642+0000] {dag.py:3239} INFO - Sync 1 DAGs
[2025-02-23T20:29:21.674+0000] {logging_mixin.py:190} INFO - [2025-02-23T20:29:21.674+0000] {dag.py:4180} INFO - Setting next_dagrun for example_branch_python_operator_decorator to 2025-02-22 00:00:00+00:00, run_after=2025-02-23 00:00:00+00:00
[2025-02-23T20:29:21.698+0000] {processor.py:208} INFO - Processing /home/airflow/.local/lib/python3.12/site-packages/airflow/example_dags/example_branch_operator_decorator.py took 0.136 seconds
[2025-02-23T20:29:53.072+0000] {processor.py:186} INFO - Started process (PID=652) to work on /home/airflow/.local/lib/python3.12/site-packages/airflow/example_dags/example_branch_operator_decorator.py
[2025-02-23T20:29:53.074+0000] {processor.py:914} INFO - Processing file /home/airflow/.local/lib/python3.12/site-packages/airflow/example_dags/example_branch_operator_decorator.py for tasks to queue
[2025-02-23T20:29:53.078+0000] {logging_mixin.py:190} INFO - [2025-02-23T20:29:53.077+0000] {dagbag.py:588} INFO - Filling up the DagBag from /home/airflow/.local/lib/python3.12/site-packages/airflow/example_dags/example_branch_operator_decorator.py
[2025-02-23T20:29:53.119+0000] {processor.py:925} INFO - DAG(s) 'example_branch_python_operator_decorator' retrieved from /home/airflow/.local/lib/python3.12/site-packages/airflow/example_dags/example_branch_operator_decorator.py
[2025-02-23T20:29:53.163+0000] {logging_mixin.py:190} INFO - [2025-02-23T20:29:53.163+0000] {dag.py:3239} INFO - Sync 1 DAGs
[2025-02-23T20:29:53.199+0000] {logging_mixin.py:190} INFO - [2025-02-23T20:29:53.199+0000] {dag.py:4180} INFO - Setting next_dagrun for example_branch_python_operator_decorator to 2025-02-22 00:00:00+00:00, run_after=2025-02-23 00:00:00+00:00
[2025-02-23T20:29:53.227+0000] {processor.py:208} INFO - Processing /home/airflow/.local/lib/python3.12/site-packages/airflow/example_dags/example_branch_operator_decorator.py took 0.166 seconds
[2025-02-23T20:30:24.352+0000] {processor.py:186} INFO - Started process (PID=715) to work on /home/airflow/.local/lib/python3.12/site-packages/airflow/example_dags/example_branch_operator_decorator.py
[2025-02-23T20:30:24.355+0000] {processor.py:914} INFO - Processing file /home/airflow/.local/lib/python3.12/site-packages/airflow/example_dags/example_branch_operator_decorator.py for tasks to queue
[2025-02-23T20:30:24.358+0000] {logging_mixin.py:190} INFO - [2025-02-23T20:30:24.357+0000] {dagbag.py:588} INFO - Filling up the DagBag from /home/airflow/.local/lib/python3.12/site-packages/airflow/example_dags/example_branch_operator_decorator.py
[2025-02-23T20:30:24.394+0000] {processor.py:925} INFO - DAG(s) 'example_branch_python_operator_decorator' retrieved from /home/airflow/.local/lib/python3.12/site-packages/airflow/example_dags/example_branch_operator_decorator.py
[2025-02-23T20:30:24.431+0000] {logging_mixin.py:190} INFO - [2025-02-23T20:30:24.431+0000] {dag.py:3239} INFO - Sync 1 DAGs
[2025-02-23T20:30:24.469+0000] {logging_mixin.py:190} INFO - [2025-02-23T20:30:24.468+0000] {dag.py:4180} INFO - Setting next_dagrun for example_branch_python_operator_decorator to 2025-02-22 00:00:00+00:00, run_after=2025-02-23 00:00:00+00:00
[2025-02-23T20:30:24.495+0000] {processor.py:208} INFO - Processing /home/airflow/.local/lib/python3.12/site-packages/airflow/example_dags/example_branch_operator_decorator.py took 0.153 seconds
[2025-02-23T20:30:55.553+0000] {processor.py:186} INFO - Started process (PID=778) to work on /home/airflow/.local/lib/python3.12/site-packages/airflow/example_dags/example_branch_operator_decorator.py
[2025-02-23T20:30:55.556+0000] {processor.py:914} INFO - Processing file /home/airflow/.local/lib/python3.12/site-packages/airflow/example_dags/example_branch_operator_decorator.py for tasks to queue
[2025-02-23T20:30:55.562+0000] {logging_mixin.py:190} INFO - [2025-02-23T20:30:55.561+0000] {dagbag.py:588} INFO - Filling up the DagBag from /home/airflow/.local/lib/python3.12/site-packages/airflow/example_dags/example_branch_operator_decorator.py
[2025-02-23T20:30:55.608+0000] {processor.py:925} INFO - DAG(s) 'example_branch_python_operator_decorator' retrieved from /home/airflow/.local/lib/python3.12/site-packages/airflow/example_dags/example_branch_operator_decorator.py
[2025-02-23T20:30:55.660+0000] {logging_mixin.py:190} INFO - [2025-02-23T20:30:55.660+0000] {dag.py:3239} INFO - Sync 1 DAGs
[2025-02-23T20:30:55.704+0000] {logging_mixin.py:190} INFO - [2025-02-23T20:30:55.703+0000] {dag.py:4180} INFO - Setting next_dagrun for example_branch_python_operator_decorator to 2025-02-22 00:00:00+00:00, run_after=2025-02-23 00:00:00+00:00
[2025-02-23T20:30:55.735+0000] {processor.py:208} INFO - Processing /home/airflow/.local/lib/python3.12/site-packages/airflow/example_dags/example_branch_operator_decorator.py took 0.196 seconds
[2025-02-23T20:31:25.820+0000] {processor.py:186} INFO - Started process (PID=841) to work on /home/airflow/.local/lib/python3.12/site-packages/airflow/example_dags/example_branch_operator_decorator.py
[2025-02-23T20:31:25.822+0000] {processor.py:914} INFO - Processing file /home/airflow/.local/lib/python3.12/site-packages/airflow/example_dags/example_branch_operator_decorator.py for tasks to queue
[2025-02-23T20:31:25.824+0000] {logging_mixin.py:190} INFO - [2025-02-23T20:31:25.824+0000] {dagbag.py:588} INFO - Filling up the DagBag from /home/airflow/.local/lib/python3.12/site-packages/airflow/example_dags/example_branch_operator_decorator.py
[2025-02-23T20:31:25.853+0000] {processor.py:925} INFO - DAG(s) 'example_branch_python_operator_decorator' retrieved from /home/airflow/.local/lib/python3.12/site-packages/airflow/example_dags/example_branch_operator_decorator.py
[2025-02-23T20:31:25.890+0000] {logging_mixin.py:190} INFO - [2025-02-23T20:31:25.890+0000] {dag.py:3239} INFO - Sync 1 DAGs
[2025-02-23T20:31:25.926+0000] {logging_mixin.py:190} INFO - [2025-02-23T20:31:25.926+0000] {dag.py:4180} INFO - Setting next_dagrun for example_branch_python_operator_decorator to 2025-02-22 00:00:00+00:00, run_after=2025-02-23 00:00:00+00:00
[2025-02-23T20:31:25.951+0000] {processor.py:208} INFO - Processing /home/airflow/.local/lib/python3.12/site-packages/airflow/example_dags/example_branch_operator_decorator.py took 0.139 seconds
[2025-02-23T20:31:57.216+0000] {processor.py:186} INFO - Started process (PID=904) to work on /home/airflow/.local/lib/python3.12/site-packages/airflow/example_dags/example_branch_operator_decorator.py
[2025-02-23T20:31:57.217+0000] {processor.py:914} INFO - Processing file /home/airflow/.local/lib/python3.12/site-packages/airflow/example_dags/example_branch_operator_decorator.py for tasks to queue
[2025-02-23T20:31:57.221+0000] {logging_mixin.py:190} INFO - [2025-02-23T20:31:57.220+0000] {dagbag.py:588} INFO - Filling up the DagBag from /home/airflow/.local/lib/python3.12/site-packages/airflow/example_dags/example_branch_operator_decorator.py
[2025-02-23T20:31:57.249+0000] {processor.py:925} INFO - DAG(s) 'example_branch_python_operator_decorator' retrieved from /home/airflow/.local/lib/python3.12/site-packages/airflow/example_dags/example_branch_operator_decorator.py
[2025-02-23T20:31:57.284+0000] {logging_mixin.py:190} INFO - [2025-02-23T20:31:57.284+0000] {dag.py:3239} INFO - Sync 1 DAGs
[2025-02-23T20:31:57.317+0000] {logging_mixin.py:190} INFO - [2025-02-23T20:31:57.316+0000] {dag.py:4180} INFO - Setting next_dagrun for example_branch_python_operator_decorator to 2025-02-22 00:00:00+00:00, run_after=2025-02-23 00:00:00+00:00
[2025-02-23T20:31:57.342+0000] {processor.py:208} INFO - Processing /home/airflow/.local/lib/python3.12/site-packages/airflow/example_dags/example_branch_operator_decorator.py took 0.133 seconds
[2025-02-23T20:32:28.361+0000] {processor.py:186} INFO - Started process (PID=967) to work on /home/airflow/.local/lib/python3.12/site-packages/airflow/example_dags/example_branch_operator_decorator.py
[2025-02-23T20:32:28.364+0000] {processor.py:914} INFO - Processing file /home/airflow/.local/lib/python3.12/site-packages/airflow/example_dags/example_branch_operator_decorator.py for tasks to queue
[2025-02-23T20:32:28.367+0000] {logging_mixin.py:190} INFO - [2025-02-23T20:32:28.367+0000] {dagbag.py:588} INFO - Filling up the DagBag from /home/airflow/.local/lib/python3.12/site-packages/airflow/example_dags/example_branch_operator_decorator.py
[2025-02-23T20:32:28.400+0000] {processor.py:925} INFO - DAG(s) 'example_branch_python_operator_decorator' retrieved from /home/airflow/.local/lib/python3.12/site-packages/airflow/example_dags/example_branch_operator_decorator.py
[2025-02-23T20:32:28.441+0000] {logging_mixin.py:190} INFO - [2025-02-23T20:32:28.441+0000] {dag.py:3239} INFO - Sync 1 DAGs
[2025-02-23T20:32:28.476+0000] {logging_mixin.py:190} INFO - [2025-02-23T20:32:28.476+0000] {dag.py:4180} INFO - Setting next_dagrun for example_branch_python_operator_decorator to 2025-02-22 00:00:00+00:00, run_after=2025-02-23 00:00:00+00:00
[2025-02-23T20:32:28.502+0000] {processor.py:208} INFO - Processing /home/airflow/.local/lib/python3.12/site-packages/airflow/example_dags/example_branch_operator_decorator.py took 0.148 seconds
[2025-02-23T20:32:58.903+0000] {processor.py:186} INFO - Started process (PID=1030) to work on /home/airflow/.local/lib/python3.12/site-packages/airflow/example_dags/example_branch_operator_decorator.py
[2025-02-23T20:32:58.905+0000] {processor.py:914} INFO - Processing file /home/airflow/.local/lib/python3.12/site-packages/airflow/example_dags/example_branch_operator_decorator.py for tasks to queue
[2025-02-23T20:32:58.908+0000] {logging_mixin.py:190} INFO - [2025-02-23T20:32:58.908+0000] {dagbag.py:588} INFO - Filling up the DagBag from /home/airflow/.local/lib/python3.12/site-packages/airflow/example_dags/example_branch_operator_decorator.py
[2025-02-23T20:32:58.943+0000] {processor.py:925} INFO - DAG(s) 'example_branch_python_operator_decorator' retrieved from /home/airflow/.local/lib/python3.12/site-packages/airflow/example_dags/example_branch_operator_decorator.py
[2025-02-23T20:32:58.983+0000] {logging_mixin.py:190} INFO - [2025-02-23T20:32:58.982+0000] {dag.py:3239} INFO - Sync 1 DAGs
[2025-02-23T20:32:59.016+0000] {logging_mixin.py:190} INFO - [2025-02-23T20:32:59.016+0000] {dag.py:4180} INFO - Setting next_dagrun for example_branch_python_operator_decorator to 2025-02-22 00:00:00+00:00, run_after=2025-02-23 00:00:00+00:00
[2025-02-23T20:32:59.042+0000] {processor.py:208} INFO - Processing /home/airflow/.local/lib/python3.12/site-packages/airflow/example_dags/example_branch_operator_decorator.py took 0.148 seconds
[2025-02-23T20:33:30.118+0000] {processor.py:186} INFO - Started process (PID=1093) to work on /home/airflow/.local/lib/python3.12/site-packages/airflow/example_dags/example_branch_operator_decorator.py
[2025-02-23T20:33:30.121+0000] {processor.py:914} INFO - Processing file /home/airflow/.local/lib/python3.12/site-packages/airflow/example_dags/example_branch_operator_decorator.py for tasks to queue
[2025-02-23T20:33:30.125+0000] {logging_mixin.py:190} INFO - [2025-02-23T20:33:30.124+0000] {dagbag.py:588} INFO - Filling up the DagBag from /home/airflow/.local/lib/python3.12/site-packages/airflow/example_dags/example_branch_operator_decorator.py
[2025-02-23T20:33:30.161+0000] {processor.py:925} INFO - DAG(s) 'example_branch_python_operator_decorator' retrieved from /home/airflow/.local/lib/python3.12/site-packages/airflow/example_dags/example_branch_operator_decorator.py
[2025-02-23T20:33:30.200+0000] {logging_mixin.py:190} INFO - [2025-02-23T20:33:30.200+0000] {dag.py:3239} INFO - Sync 1 DAGs
[2025-02-23T20:33:30.233+0000] {logging_mixin.py:190} INFO - [2025-02-23T20:33:30.233+0000] {dag.py:4180} INFO - Setting next_dagrun for example_branch_python_operator_decorator to 2025-02-22 00:00:00+00:00, run_after=2025-02-23 00:00:00+00:00
[2025-02-23T20:33:30.261+0000] {processor.py:208} INFO - Processing /home/airflow/.local/lib/python3.12/site-packages/airflow/example_dags/example_branch_operator_decorator.py took 0.152 seconds
[2025-02-23T20:34:01.434+0000] {processor.py:186} INFO - Started process (PID=1156) to work on /home/airflow/.local/lib/python3.12/site-packages/airflow/example_dags/example_branch_operator_decorator.py
[2025-02-23T20:34:01.437+0000] {processor.py:914} INFO - Processing file /home/airflow/.local/lib/python3.12/site-packages/airflow/example_dags/example_branch_operator_decorator.py for tasks to queue
[2025-02-23T20:34:01.440+0000] {logging_mixin.py:190} INFO - [2025-02-23T20:34:01.440+0000] {dagbag.py:588} INFO - Filling up the DagBag from /home/airflow/.local/lib/python3.12/site-packages/airflow/example_dags/example_branch_operator_decorator.py
[2025-02-23T20:34:01.475+0000] {processor.py:925} INFO - DAG(s) 'example_branch_python_operator_decorator' retrieved from /home/airflow/.local/lib/python3.12/site-packages/airflow/example_dags/example_branch_operator_decorator.py
[2025-02-23T20:34:01.521+0000] {logging_mixin.py:190} INFO - [2025-02-23T20:34:01.521+0000] {dag.py:3239} INFO - Sync 1 DAGs
[2025-02-23T20:34:01.559+0000] {logging_mixin.py:190} INFO - [2025-02-23T20:34:01.558+0000] {dag.py:4180} INFO - Setting next_dagrun for example_branch_python_operator_decorator to 2025-02-22 00:00:00+00:00, run_after=2025-02-23 00:00:00+00:00
[2025-02-23T20:34:01.583+0000] {processor.py:208} INFO - Processing /home/airflow/.local/lib/python3.12/site-packages/airflow/example_dags/example_branch_operator_decorator.py took 0.158 seconds
[2025-02-23T20:34:32.660+0000] {processor.py:186} INFO - Started process (PID=1219) to work on /home/airflow/.local/lib/python3.12/site-packages/airflow/example_dags/example_branch_operator_decorator.py
[2025-02-23T20:34:32.663+0000] {processor.py:914} INFO - Processing file /home/airflow/.local/lib/python3.12/site-packages/airflow/example_dags/example_branch_operator_decorator.py for tasks to queue
[2025-02-23T20:34:32.665+0000] {logging_mixin.py:190} INFO - [2025-02-23T20:34:32.665+0000] {dagbag.py:588} INFO - Filling up the DagBag from /home/airflow/.local/lib/python3.12/site-packages/airflow/example_dags/example_branch_operator_decorator.py
[2025-02-23T20:34:32.692+0000] {processor.py:925} INFO - DAG(s) 'example_branch_python_operator_decorator' retrieved from /home/airflow/.local/lib/python3.12/site-packages/airflow/example_dags/example_branch_operator_decorator.py
[2025-02-23T20:34:32.730+0000] {logging_mixin.py:190} INFO - [2025-02-23T20:34:32.729+0000] {dag.py:3239} INFO - Sync 1 DAGs
[2025-02-23T20:34:32.764+0000] {logging_mixin.py:190} INFO - [2025-02-23T20:34:32.763+0000] {dag.py:4180} INFO - Setting next_dagrun for example_branch_python_operator_decorator to 2025-02-22 00:00:00+00:00, run_after=2025-02-23 00:00:00+00:00
[2025-02-23T20:34:32.788+0000] {processor.py:208} INFO - Processing /home/airflow/.local/lib/python3.12/site-packages/airflow/example_dags/example_branch_operator_decorator.py took 0.135 seconds
[2025-02-23T20:35:03.845+0000] {processor.py:186} INFO - Started process (PID=1282) to work on /home/airflow/.local/lib/python3.12/site-packages/airflow/example_dags/example_branch_operator_decorator.py
[2025-02-23T20:35:03.847+0000] {processor.py:914} INFO - Processing file /home/airflow/.local/lib/python3.12/site-packages/airflow/example_dags/example_branch_operator_decorator.py for tasks to queue
[2025-02-23T20:35:03.851+0000] {logging_mixin.py:190} INFO - [2025-02-23T20:35:03.850+0000] {dagbag.py:588} INFO - Filling up the DagBag from /home/airflow/.local/lib/python3.12/site-packages/airflow/example_dags/example_branch_operator_decorator.py
[2025-02-23T20:35:03.890+0000] {processor.py:925} INFO - DAG(s) 'example_branch_python_operator_decorator' retrieved from /home/airflow/.local/lib/python3.12/site-packages/airflow/example_dags/example_branch_operator_decorator.py
[2025-02-23T20:35:03.944+0000] {logging_mixin.py:190} INFO - [2025-02-23T20:35:03.943+0000] {dag.py:3239} INFO - Sync 1 DAGs
[2025-02-23T20:35:03.990+0000] {logging_mixin.py:190} INFO - [2025-02-23T20:35:03.989+0000] {dag.py:4180} INFO - Setting next_dagrun for example_branch_python_operator_decorator to 2025-02-22 00:00:00+00:00, run_after=2025-02-23 00:00:00+00:00
[2025-02-23T20:35:04.018+0000] {processor.py:208} INFO - Processing /home/airflow/.local/lib/python3.12/site-packages/airflow/example_dags/example_branch_operator_decorator.py took 0.182 seconds
[2025-02-23T20:35:34.262+0000] {processor.py:186} INFO - Started process (PID=1345) to work on /home/airflow/.local/lib/python3.12/site-packages/airflow/example_dags/example_branch_operator_decorator.py
[2025-02-23T20:35:34.264+0000] {processor.py:914} INFO - Processing file /home/airflow/.local/lib/python3.12/site-packages/airflow/example_dags/example_branch_operator_decorator.py for tasks to queue
[2025-02-23T20:35:34.267+0000] {logging_mixin.py:190} INFO - [2025-02-23T20:35:34.267+0000] {dagbag.py:588} INFO - Filling up the DagBag from /home/airflow/.local/lib/python3.12/site-packages/airflow/example_dags/example_branch_operator_decorator.py
[2025-02-23T20:35:34.305+0000] {processor.py:925} INFO - DAG(s) 'example_branch_python_operator_decorator' retrieved from /home/airflow/.local/lib/python3.12/site-packages/airflow/example_dags/example_branch_operator_decorator.py
[2025-02-23T20:35:34.359+0000] {logging_mixin.py:190} INFO - [2025-02-23T20:35:34.359+0000] {dag.py:3239} INFO - Sync 1 DAGs
[2025-02-23T20:35:34.403+0000] {logging_mixin.py:190} INFO - [2025-02-23T20:35:34.402+0000] {dag.py:4180} INFO - Setting next_dagrun for example_branch_python_operator_decorator to 2025-02-22 00:00:00+00:00, run_after=2025-02-23 00:00:00+00:00
[2025-02-23T20:35:34.430+0000] {processor.py:208} INFO - Processing /home/airflow/.local/lib/python3.12/site-packages/airflow/example_dags/example_branch_operator_decorator.py took 0.176 seconds
[2025-02-23T20:36:05.514+0000] {processor.py:186} INFO - Started process (PID=1408) to work on /home/airflow/.local/lib/python3.12/site-packages/airflow/example_dags/example_branch_operator_decorator.py
[2025-02-23T20:36:05.516+0000] {processor.py:914} INFO - Processing file /home/airflow/.local/lib/python3.12/site-packages/airflow/example_dags/example_branch_operator_decorator.py for tasks to queue
[2025-02-23T20:36:05.519+0000] {logging_mixin.py:190} INFO - [2025-02-23T20:36:05.518+0000] {dagbag.py:588} INFO - Filling up the DagBag from /home/airflow/.local/lib/python3.12/site-packages/airflow/example_dags/example_branch_operator_decorator.py
[2025-02-23T20:36:05.550+0000] {processor.py:925} INFO - DAG(s) 'example_branch_python_operator_decorator' retrieved from /home/airflow/.local/lib/python3.12/site-packages/airflow/example_dags/example_branch_operator_decorator.py
[2025-02-23T20:36:05.586+0000] {logging_mixin.py:190} INFO - [2025-02-23T20:36:05.585+0000] {dag.py:3239} INFO - Sync 1 DAGs
[2025-02-23T20:36:05.621+0000] {logging_mixin.py:190} INFO - [2025-02-23T20:36:05.621+0000] {dag.py:4180} INFO - Setting next_dagrun for example_branch_python_operator_decorator to 2025-02-22 00:00:00+00:00, run_after=2025-02-23 00:00:00+00:00
[2025-02-23T20:36:05.646+0000] {processor.py:208} INFO - Processing /home/airflow/.local/lib/python3.12/site-packages/airflow/example_dags/example_branch_operator_decorator.py took 0.139 seconds
[2025-02-23T20:36:36.727+0000] {processor.py:186} INFO - Started process (PID=1472) to work on /home/airflow/.local/lib/python3.12/site-packages/airflow/example_dags/example_branch_operator_decorator.py
[2025-02-23T20:36:36.728+0000] {processor.py:914} INFO - Processing file /home/airflow/.local/lib/python3.12/site-packages/airflow/example_dags/example_branch_operator_decorator.py for tasks to queue
[2025-02-23T20:36:36.731+0000] {logging_mixin.py:190} INFO - [2025-02-23T20:36:36.731+0000] {dagbag.py:588} INFO - Filling up the DagBag from /home/airflow/.local/lib/python3.12/site-packages/airflow/example_dags/example_branch_operator_decorator.py
[2025-02-23T20:36:36.764+0000] {processor.py:925} INFO - DAG(s) 'example_branch_python_operator_decorator' retrieved from /home/airflow/.local/lib/python3.12/site-packages/airflow/example_dags/example_branch_operator_decorator.py
[2025-02-23T20:36:36.802+0000] {logging_mixin.py:190} INFO - [2025-02-23T20:36:36.801+0000] {dag.py:3239} INFO - Sync 1 DAGs
[2025-02-23T20:36:36.836+0000] {logging_mixin.py:190} INFO - [2025-02-23T20:36:36.836+0000] {dag.py:4180} INFO - Setting next_dagrun for example_branch_python_operator_decorator to 2025-02-22 00:00:00+00:00, run_after=2025-02-23 00:00:00+00:00
[2025-02-23T20:36:36.863+0000] {processor.py:208} INFO - Processing /home/airflow/.local/lib/python3.12/site-packages/airflow/example_dags/example_branch_operator_decorator.py took 0.144 seconds
[2025-02-23T20:37:07.878+0000] {processor.py:186} INFO - Started process (PID=1535) to work on /home/airflow/.local/lib/python3.12/site-packages/airflow/example_dags/example_branch_operator_decorator.py
[2025-02-23T20:37:07.882+0000] {processor.py:914} INFO - Processing file /home/airflow/.local/lib/python3.12/site-packages/airflow/example_dags/example_branch_operator_decorator.py for tasks to queue
[2025-02-23T20:37:07.886+0000] {logging_mixin.py:190} INFO - [2025-02-23T20:37:07.885+0000] {dagbag.py:588} INFO - Filling up the DagBag from /home/airflow/.local/lib/python3.12/site-packages/airflow/example_dags/example_branch_operator_decorator.py
[2025-02-23T20:37:07.917+0000] {processor.py:925} INFO - DAG(s) 'example_branch_python_operator_decorator' retrieved from /home/airflow/.local/lib/python3.12/site-packages/airflow/example_dags/example_branch_operator_decorator.py
[2025-02-23T20:37:07.957+0000] {logging_mixin.py:190} INFO - [2025-02-23T20:37:07.957+0000] {dag.py:3239} INFO - Sync 1 DAGs
[2025-02-23T20:37:07.996+0000] {logging_mixin.py:190} INFO - [2025-02-23T20:37:07.995+0000] {dag.py:4180} INFO - Setting next_dagrun for example_branch_python_operator_decorator to 2025-02-22 00:00:00+00:00, run_after=2025-02-23 00:00:00+00:00
[2025-02-23T20:37:08.024+0000] {processor.py:208} INFO - Processing /home/airflow/.local/lib/python3.12/site-packages/airflow/example_dags/example_branch_operator_decorator.py took 0.154 seconds
[2025-02-23T20:37:38.419+0000] {processor.py:186} INFO - Started process (PID=1598) to work on /home/airflow/.local/lib/python3.12/site-packages/airflow/example_dags/example_branch_operator_decorator.py
[2025-02-23T20:37:38.421+0000] {processor.py:914} INFO - Processing file /home/airflow/.local/lib/python3.12/site-packages/airflow/example_dags/example_branch_operator_decorator.py for tasks to queue
[2025-02-23T20:37:38.424+0000] {logging_mixin.py:190} INFO - [2025-02-23T20:37:38.424+0000] {dagbag.py:588} INFO - Filling up the DagBag from /home/airflow/.local/lib/python3.12/site-packages/airflow/example_dags/example_branch_operator_decorator.py
[2025-02-23T20:37:38.458+0000] {processor.py:925} INFO - DAG(s) 'example_branch_python_operator_decorator' retrieved from /home/airflow/.local/lib/python3.12/site-packages/airflow/example_dags/example_branch_operator_decorator.py
[2025-02-23T20:37:38.500+0000] {logging_mixin.py:190} INFO - [2025-02-23T20:37:38.500+0000] {dag.py:3239} INFO - Sync 1 DAGs
[2025-02-23T20:37:38.537+0000] {logging_mixin.py:190} INFO - [2025-02-23T20:37:38.536+0000] {dag.py:4180} INFO - Setting next_dagrun for example_branch_python_operator_decorator to 2025-02-22 00:00:00+00:00, run_after=2025-02-23 00:00:00+00:00
[2025-02-23T20:37:38.562+0000] {processor.py:208} INFO - Processing /home/airflow/.local/lib/python3.12/site-packages/airflow/example_dags/example_branch_operator_decorator.py took 0.151 seconds
[2025-02-23T20:38:09.258+0000] {processor.py:186} INFO - Started process (PID=1661) to work on /home/airflow/.local/lib/python3.12/site-packages/airflow/example_dags/example_branch_operator_decorator.py
[2025-02-23T20:38:09.259+0000] {processor.py:914} INFO - Processing file /home/airflow/.local/lib/python3.12/site-packages/airflow/example_dags/example_branch_operator_decorator.py for tasks to queue
[2025-02-23T20:38:09.263+0000] {logging_mixin.py:190} INFO - [2025-02-23T20:38:09.262+0000] {dagbag.py:588} INFO - Filling up the DagBag from /home/airflow/.local/lib/python3.12/site-packages/airflow/example_dags/example_branch_operator_decorator.py
[2025-02-23T20:38:09.296+0000] {processor.py:925} INFO - DAG(s) 'example_branch_python_operator_decorator' retrieved from /home/airflow/.local/lib/python3.12/site-packages/airflow/example_dags/example_branch_operator_decorator.py
[2025-02-23T20:38:09.345+0000] {logging_mixin.py:190} INFO - [2025-02-23T20:38:09.345+0000] {dag.py:3239} INFO - Sync 1 DAGs
[2025-02-23T20:38:09.382+0000] {logging_mixin.py:190} INFO - [2025-02-23T20:38:09.381+0000] {dag.py:4180} INFO - Setting next_dagrun for example_branch_python_operator_decorator to 2025-02-22 00:00:00+00:00, run_after=2025-02-23 00:00:00+00:00
[2025-02-23T20:38:09.409+0000] {processor.py:208} INFO - Processing /home/airflow/.local/lib/python3.12/site-packages/airflow/example_dags/example_branch_operator_decorator.py took 0.162 seconds
[2025-02-23T20:38:40.798+0000] {processor.py:186} INFO - Started process (PID=1724) to work on /home/airflow/.local/lib/python3.12/site-packages/airflow/example_dags/example_branch_operator_decorator.py
[2025-02-23T20:38:40.801+0000] {processor.py:914} INFO - Processing file /home/airflow/.local/lib/python3.12/site-packages/airflow/example_dags/example_branch_operator_decorator.py for tasks to queue
[2025-02-23T20:38:40.804+0000] {logging_mixin.py:190} INFO - [2025-02-23T20:38:40.804+0000] {dagbag.py:588} INFO - Filling up the DagBag from /home/airflow/.local/lib/python3.12/site-packages/airflow/example_dags/example_branch_operator_decorator.py
[2025-02-23T20:38:40.834+0000] {processor.py:925} INFO - DAG(s) 'example_branch_python_operator_decorator' retrieved from /home/airflow/.local/lib/python3.12/site-packages/airflow/example_dags/example_branch_operator_decorator.py
[2025-02-23T20:38:40.885+0000] {logging_mixin.py:190} INFO - [2025-02-23T20:38:40.884+0000] {dag.py:3239} INFO - Sync 1 DAGs
[2025-02-23T20:38:40.930+0000] {logging_mixin.py:190} INFO - [2025-02-23T20:38:40.930+0000] {dag.py:4180} INFO - Setting next_dagrun for example_branch_python_operator_decorator to 2025-02-22 00:00:00+00:00, run_after=2025-02-23 00:00:00+00:00
[2025-02-23T20:38:40.960+0000] {processor.py:208} INFO - Processing /home/airflow/.local/lib/python3.12/site-packages/airflow/example_dags/example_branch_operator_decorator.py took 0.171 seconds
[2025-02-23T20:39:11.946+0000] {processor.py:186} INFO - Started process (PID=1787) to work on /home/airflow/.local/lib/python3.12/site-packages/airflow/example_dags/example_branch_operator_decorator.py
[2025-02-23T20:39:11.948+0000] {processor.py:914} INFO - Processing file /home/airflow/.local/lib/python3.12/site-packages/airflow/example_dags/example_branch_operator_decorator.py for tasks to queue
[2025-02-23T20:39:11.952+0000] {logging_mixin.py:190} INFO - [2025-02-23T20:39:11.952+0000] {dagbag.py:588} INFO - Filling up the DagBag from /home/airflow/.local/lib/python3.12/site-packages/airflow/example_dags/example_branch_operator_decorator.py
[2025-02-23T20:39:11.990+0000] {processor.py:925} INFO - DAG(s) 'example_branch_python_operator_decorator' retrieved from /home/airflow/.local/lib/python3.12/site-packages/airflow/example_dags/example_branch_operator_decorator.py
[2025-02-23T20:39:12.038+0000] {logging_mixin.py:190} INFO - [2025-02-23T20:39:12.037+0000] {dag.py:3239} INFO - Sync 1 DAGs
[2025-02-23T20:39:12.080+0000] {logging_mixin.py:190} INFO - [2025-02-23T20:39:12.080+0000] {dag.py:4180} INFO - Setting next_dagrun for example_branch_python_operator_decorator to 2025-02-22 00:00:00+00:00, run_after=2025-02-23 00:00:00+00:00
[2025-02-23T20:39:12.108+0000] {processor.py:208} INFO - Processing /home/airflow/.local/lib/python3.12/site-packages/airflow/example_dags/example_branch_operator_decorator.py took 0.171 seconds
[2025-02-23T20:39:42.413+0000] {processor.py:186} INFO - Started process (PID=1850) to work on /home/airflow/.local/lib/python3.12/site-packages/airflow/example_dags/example_branch_operator_decorator.py
[2025-02-23T20:39:42.414+0000] {processor.py:914} INFO - Processing file /home/airflow/.local/lib/python3.12/site-packages/airflow/example_dags/example_branch_operator_decorator.py for tasks to queue
[2025-02-23T20:39:42.418+0000] {logging_mixin.py:190} INFO - [2025-02-23T20:39:42.417+0000] {dagbag.py:588} INFO - Filling up the DagBag from /home/airflow/.local/lib/python3.12/site-packages/airflow/example_dags/example_branch_operator_decorator.py
[2025-02-23T20:39:42.450+0000] {processor.py:925} INFO - DAG(s) 'example_branch_python_operator_decorator' retrieved from /home/airflow/.local/lib/python3.12/site-packages/airflow/example_dags/example_branch_operator_decorator.py
[2025-02-23T20:39:42.492+0000] {logging_mixin.py:190} INFO - [2025-02-23T20:39:42.492+0000] {dag.py:3239} INFO - Sync 1 DAGs
[2025-02-23T20:39:42.534+0000] {logging_mixin.py:190} INFO - [2025-02-23T20:39:42.533+0000] {dag.py:4180} INFO - Setting next_dagrun for example_branch_python_operator_decorator to 2025-02-22 00:00:00+00:00, run_after=2025-02-23 00:00:00+00:00
[2025-02-23T20:39:42.561+0000] {processor.py:208} INFO - Processing /home/airflow/.local/lib/python3.12/site-packages/airflow/example_dags/example_branch_operator_decorator.py took 0.158 seconds
[2025-02-23T20:40:13.983+0000] {processor.py:186} INFO - Started process (PID=1913) to work on /home/airflow/.local/lib/python3.12/site-packages/airflow/example_dags/example_branch_operator_decorator.py
[2025-02-23T20:40:13.985+0000] {processor.py:914} INFO - Processing file /home/airflow/.local/lib/python3.12/site-packages/airflow/example_dags/example_branch_operator_decorator.py for tasks to queue
[2025-02-23T20:40:13.989+0000] {logging_mixin.py:190} INFO - [2025-02-23T20:40:13.988+0000] {dagbag.py:588} INFO - Filling up the DagBag from /home/airflow/.local/lib/python3.12/site-packages/airflow/example_dags/example_branch_operator_decorator.py
[2025-02-23T20:40:14.028+0000] {processor.py:925} INFO - DAG(s) 'example_branch_python_operator_decorator' retrieved from /home/airflow/.local/lib/python3.12/site-packages/airflow/example_dags/example_branch_operator_decorator.py
[2025-02-23T20:40:14.074+0000] {logging_mixin.py:190} INFO - [2025-02-23T20:40:14.074+0000] {dag.py:3239} INFO - Sync 1 DAGs
[2025-02-23T20:40:14.107+0000] {logging_mixin.py:190} INFO - [2025-02-23T20:40:14.107+0000] {dag.py:4180} INFO - Setting next_dagrun for example_branch_python_operator_decorator to 2025-02-22 00:00:00+00:00, run_after=2025-02-23 00:00:00+00:00
[2025-02-23T20:40:14.135+0000] {processor.py:208} INFO - Processing /home/airflow/.local/lib/python3.12/site-packages/airflow/example_dags/example_branch_operator_decorator.py took 0.160 seconds
[2025-02-23T20:40:44.519+0000] {processor.py:186} INFO - Started process (PID=1976) to work on /home/airflow/.local/lib/python3.12/site-packages/airflow/example_dags/example_branch_operator_decorator.py
[2025-02-23T20:40:44.523+0000] {processor.py:914} INFO - Processing file /home/airflow/.local/lib/python3.12/site-packages/airflow/example_dags/example_branch_operator_decorator.py for tasks to queue
[2025-02-23T20:40:44.527+0000] {logging_mixin.py:190} INFO - [2025-02-23T20:40:44.526+0000] {dagbag.py:588} INFO - Filling up the DagBag from /home/airflow/.local/lib/python3.12/site-packages/airflow/example_dags/example_branch_operator_decorator.py
[2025-02-23T20:40:44.555+0000] {processor.py:925} INFO - DAG(s) 'example_branch_python_operator_decorator' retrieved from /home/airflow/.local/lib/python3.12/site-packages/airflow/example_dags/example_branch_operator_decorator.py
[2025-02-23T20:40:44.593+0000] {logging_mixin.py:190} INFO - [2025-02-23T20:40:44.592+0000] {dag.py:3239} INFO - Sync 1 DAGs
[2025-02-23T20:40:44.633+0000] {logging_mixin.py:190} INFO - [2025-02-23T20:40:44.632+0000] {dag.py:4180} INFO - Setting next_dagrun for example_branch_python_operator_decorator to 2025-02-22 00:00:00+00:00, run_after=2025-02-23 00:00:00+00:00
[2025-02-23T20:40:44.661+0000] {processor.py:208} INFO - Processing /home/airflow/.local/lib/python3.12/site-packages/airflow/example_dags/example_branch_operator_decorator.py took 0.149 seconds
[2025-02-23T20:41:15.832+0000] {processor.py:186} INFO - Started process (PID=2039) to work on /home/airflow/.local/lib/python3.12/site-packages/airflow/example_dags/example_branch_operator_decorator.py
[2025-02-23T20:41:15.835+0000] {processor.py:914} INFO - Processing file /home/airflow/.local/lib/python3.12/site-packages/airflow/example_dags/example_branch_operator_decorator.py for tasks to queue
[2025-02-23T20:41:15.839+0000] {logging_mixin.py:190} INFO - [2025-02-23T20:41:15.838+0000] {dagbag.py:588} INFO - Filling up the DagBag from /home/airflow/.local/lib/python3.12/site-packages/airflow/example_dags/example_branch_operator_decorator.py
[2025-02-23T20:41:15.875+0000] {processor.py:925} INFO - DAG(s) 'example_branch_python_operator_decorator' retrieved from /home/airflow/.local/lib/python3.12/site-packages/airflow/example_dags/example_branch_operator_decorator.py
[2025-02-23T20:41:15.917+0000] {logging_mixin.py:190} INFO - [2025-02-23T20:41:15.917+0000] {dag.py:3239} INFO - Sync 1 DAGs
[2025-02-23T20:41:15.958+0000] {logging_mixin.py:190} INFO - [2025-02-23T20:41:15.958+0000] {dag.py:4180} INFO - Setting next_dagrun for example_branch_python_operator_decorator to 2025-02-22 00:00:00+00:00, run_after=2025-02-23 00:00:00+00:00
[2025-02-23T20:41:15.991+0000] {processor.py:208} INFO - Processing /home/airflow/.local/lib/python3.12/site-packages/airflow/example_dags/example_branch_operator_decorator.py took 0.168 seconds
[2025-02-23T20:41:46.228+0000] {processor.py:186} INFO - Started process (PID=2102) to work on /home/airflow/.local/lib/python3.12/site-packages/airflow/example_dags/example_branch_operator_decorator.py
[2025-02-23T20:41:46.229+0000] {processor.py:914} INFO - Processing file /home/airflow/.local/lib/python3.12/site-packages/airflow/example_dags/example_branch_operator_decorator.py for tasks to queue
[2025-02-23T20:41:46.233+0000] {logging_mixin.py:190} INFO - [2025-02-23T20:41:46.232+0000] {dagbag.py:588} INFO - Filling up the DagBag from /home/airflow/.local/lib/python3.12/site-packages/airflow/example_dags/example_branch_operator_decorator.py
[2025-02-23T20:41:46.270+0000] {processor.py:925} INFO - DAG(s) 'example_branch_python_operator_decorator' retrieved from /home/airflow/.local/lib/python3.12/site-packages/airflow/example_dags/example_branch_operator_decorator.py
[2025-02-23T20:41:46.318+0000] {logging_mixin.py:190} INFO - [2025-02-23T20:41:46.318+0000] {dag.py:3239} INFO - Sync 1 DAGs
[2025-02-23T20:41:46.353+0000] {logging_mixin.py:190} INFO - [2025-02-23T20:41:46.353+0000] {dag.py:4180} INFO - Setting next_dagrun for example_branch_python_operator_decorator to 2025-02-22 00:00:00+00:00, run_after=2025-02-23 00:00:00+00:00
[2025-02-23T20:41:46.380+0000] {processor.py:208} INFO - Processing /home/airflow/.local/lib/python3.12/site-packages/airflow/example_dags/example_branch_operator_decorator.py took 0.161 seconds
[2025-02-23T20:42:17.906+0000] {processor.py:186} INFO - Started process (PID=2165) to work on /home/airflow/.local/lib/python3.12/site-packages/airflow/example_dags/example_branch_operator_decorator.py
[2025-02-23T20:42:17.908+0000] {processor.py:914} INFO - Processing file /home/airflow/.local/lib/python3.12/site-packages/airflow/example_dags/example_branch_operator_decorator.py for tasks to queue
[2025-02-23T20:42:17.911+0000] {logging_mixin.py:190} INFO - [2025-02-23T20:42:17.910+0000] {dagbag.py:588} INFO - Filling up the DagBag from /home/airflow/.local/lib/python3.12/site-packages/airflow/example_dags/example_branch_operator_decorator.py
[2025-02-23T20:42:17.952+0000] {processor.py:925} INFO - DAG(s) 'example_branch_python_operator_decorator' retrieved from /home/airflow/.local/lib/python3.12/site-packages/airflow/example_dags/example_branch_operator_decorator.py
[2025-02-23T20:42:18.003+0000] {logging_mixin.py:190} INFO - [2025-02-23T20:42:18.002+0000] {dag.py:3239} INFO - Sync 1 DAGs
[2025-02-23T20:42:18.039+0000] {logging_mixin.py:190} INFO - [2025-02-23T20:42:18.039+0000] {dag.py:4180} INFO - Setting next_dagrun for example_branch_python_operator_decorator to 2025-02-22 00:00:00+00:00, run_after=2025-02-23 00:00:00+00:00
[2025-02-23T20:42:18.066+0000] {processor.py:208} INFO - Processing /home/airflow/.local/lib/python3.12/site-packages/airflow/example_dags/example_branch_operator_decorator.py took 0.169 seconds
[2025-02-23T20:42:48.439+0000] {processor.py:186} INFO - Started process (PID=2228) to work on /home/airflow/.local/lib/python3.12/site-packages/airflow/example_dags/example_branch_operator_decorator.py
[2025-02-23T20:42:48.441+0000] {processor.py:914} INFO - Processing file /home/airflow/.local/lib/python3.12/site-packages/airflow/example_dags/example_branch_operator_decorator.py for tasks to queue
[2025-02-23T20:42:48.445+0000] {logging_mixin.py:190} INFO - [2025-02-23T20:42:48.444+0000] {dagbag.py:588} INFO - Filling up the DagBag from /home/airflow/.local/lib/python3.12/site-packages/airflow/example_dags/example_branch_operator_decorator.py
[2025-02-23T20:42:48.476+0000] {processor.py:925} INFO - DAG(s) 'example_branch_python_operator_decorator' retrieved from /home/airflow/.local/lib/python3.12/site-packages/airflow/example_dags/example_branch_operator_decorator.py
[2025-02-23T20:42:48.526+0000] {logging_mixin.py:190} INFO - [2025-02-23T20:42:48.526+0000] {dag.py:3239} INFO - Sync 1 DAGs
[2025-02-23T20:42:48.562+0000] {logging_mixin.py:190} INFO - [2025-02-23T20:42:48.562+0000] {dag.py:4180} INFO - Setting next_dagrun for example_branch_python_operator_decorator to 2025-02-22 00:00:00+00:00, run_after=2025-02-23 00:00:00+00:00
[2025-02-23T20:42:48.589+0000] {processor.py:208} INFO - Processing /home/airflow/.local/lib/python3.12/site-packages/airflow/example_dags/example_branch_operator_decorator.py took 0.159 seconds
[2025-02-23T20:43:19.655+0000] {processor.py:186} INFO - Started process (PID=2291) to work on /home/airflow/.local/lib/python3.12/site-packages/airflow/example_dags/example_branch_operator_decorator.py
[2025-02-23T20:43:19.656+0000] {processor.py:914} INFO - Processing file /home/airflow/.local/lib/python3.12/site-packages/airflow/example_dags/example_branch_operator_decorator.py for tasks to queue
[2025-02-23T20:43:19.660+0000] {logging_mixin.py:190} INFO - [2025-02-23T20:43:19.659+0000] {dagbag.py:588} INFO - Filling up the DagBag from /home/airflow/.local/lib/python3.12/site-packages/airflow/example_dags/example_branch_operator_decorator.py
[2025-02-23T20:43:19.693+0000] {processor.py:925} INFO - DAG(s) 'example_branch_python_operator_decorator' retrieved from /home/airflow/.local/lib/python3.12/site-packages/airflow/example_dags/example_branch_operator_decorator.py
[2025-02-23T20:43:19.736+0000] {logging_mixin.py:190} INFO - [2025-02-23T20:43:19.735+0000] {dag.py:3239} INFO - Sync 1 DAGs
[2025-02-23T20:43:19.776+0000] {logging_mixin.py:190} INFO - [2025-02-23T20:43:19.775+0000] {dag.py:4180} INFO - Setting next_dagrun for example_branch_python_operator_decorator to 2025-02-22 00:00:00+00:00, run_after=2025-02-23 00:00:00+00:00
[2025-02-23T20:43:19.803+0000] {processor.py:208} INFO - Processing /home/airflow/.local/lib/python3.12/site-packages/airflow/example_dags/example_branch_operator_decorator.py took 0.156 seconds
[2025-02-23T20:43:51.079+0000] {processor.py:186} INFO - Started process (PID=2355) to work on /home/airflow/.local/lib/python3.12/site-packages/airflow/example_dags/example_branch_operator_decorator.py
[2025-02-23T20:43:51.081+0000] {processor.py:914} INFO - Processing file /home/airflow/.local/lib/python3.12/site-packages/airflow/example_dags/example_branch_operator_decorator.py for tasks to queue
[2025-02-23T20:43:51.084+0000] {logging_mixin.py:190} INFO - [2025-02-23T20:43:51.084+0000] {dagbag.py:588} INFO - Filling up the DagBag from /home/airflow/.local/lib/python3.12/site-packages/airflow/example_dags/example_branch_operator_decorator.py
[2025-02-23T20:43:51.118+0000] {processor.py:925} INFO - DAG(s) 'example_branch_python_operator_decorator' retrieved from /home/airflow/.local/lib/python3.12/site-packages/airflow/example_dags/example_branch_operator_decorator.py
[2025-02-23T20:43:51.159+0000] {logging_mixin.py:190} INFO - [2025-02-23T20:43:51.159+0000] {dag.py:3239} INFO - Sync 1 DAGs
[2025-02-23T20:43:51.196+0000] {logging_mixin.py:190} INFO - [2025-02-23T20:43:51.195+0000] {dag.py:4180} INFO - Setting next_dagrun for example_branch_python_operator_decorator to 2025-02-22 00:00:00+00:00, run_after=2025-02-23 00:00:00+00:00
[2025-02-23T20:43:51.224+0000] {processor.py:208} INFO - Processing /home/airflow/.local/lib/python3.12/site-packages/airflow/example_dags/example_branch_operator_decorator.py took 0.155 seconds
[2025-02-23T20:44:21.398+0000] {processor.py:186} INFO - Started process (PID=2418) to work on /home/airflow/.local/lib/python3.12/site-packages/airflow/example_dags/example_branch_operator_decorator.py
[2025-02-23T20:44:21.400+0000] {processor.py:914} INFO - Processing file /home/airflow/.local/lib/python3.12/site-packages/airflow/example_dags/example_branch_operator_decorator.py for tasks to queue
[2025-02-23T20:44:21.404+0000] {logging_mixin.py:190} INFO - [2025-02-23T20:44:21.403+0000] {dagbag.py:588} INFO - Filling up the DagBag from /home/airflow/.local/lib/python3.12/site-packages/airflow/example_dags/example_branch_operator_decorator.py
[2025-02-23T20:44:21.446+0000] {processor.py:925} INFO - DAG(s) 'example_branch_python_operator_decorator' retrieved from /home/airflow/.local/lib/python3.12/site-packages/airflow/example_dags/example_branch_operator_decorator.py
[2025-02-23T20:44:21.496+0000] {logging_mixin.py:190} INFO - [2025-02-23T20:44:21.496+0000] {dag.py:3239} INFO - Sync 1 DAGs
[2025-02-23T20:44:21.539+0000] {logging_mixin.py:190} INFO - [2025-02-23T20:44:21.538+0000] {dag.py:4180} INFO - Setting next_dagrun for example_branch_python_operator_decorator to 2025-02-22 00:00:00+00:00, run_after=2025-02-23 00:00:00+00:00
[2025-02-23T20:44:21.566+0000] {processor.py:208} INFO - Processing /home/airflow/.local/lib/python3.12/site-packages/airflow/example_dags/example_branch_operator_decorator.py took 0.178 seconds
[2025-02-23T20:44:52.603+0000] {processor.py:186} INFO - Started process (PID=2482) to work on /home/airflow/.local/lib/python3.12/site-packages/airflow/example_dags/example_branch_operator_decorator.py
[2025-02-23T20:44:52.605+0000] {processor.py:914} INFO - Processing file /home/airflow/.local/lib/python3.12/site-packages/airflow/example_dags/example_branch_operator_decorator.py for tasks to queue
[2025-02-23T20:44:52.608+0000] {logging_mixin.py:190} INFO - [2025-02-23T20:44:52.608+0000] {dagbag.py:588} INFO - Filling up the DagBag from /home/airflow/.local/lib/python3.12/site-packages/airflow/example_dags/example_branch_operator_decorator.py
[2025-02-23T20:44:52.646+0000] {processor.py:925} INFO - DAG(s) 'example_branch_python_operator_decorator' retrieved from /home/airflow/.local/lib/python3.12/site-packages/airflow/example_dags/example_branch_operator_decorator.py
[2025-02-23T20:44:52.685+0000] {logging_mixin.py:190} INFO - [2025-02-23T20:44:52.685+0000] {dag.py:3239} INFO - Sync 1 DAGs
[2025-02-23T20:44:52.722+0000] {logging_mixin.py:190} INFO - [2025-02-23T20:44:52.722+0000] {dag.py:4180} INFO - Setting next_dagrun for example_branch_python_operator_decorator to 2025-02-22 00:00:00+00:00, run_after=2025-02-23 00:00:00+00:00
[2025-02-23T20:44:52.750+0000] {processor.py:208} INFO - Processing /home/airflow/.local/lib/python3.12/site-packages/airflow/example_dags/example_branch_operator_decorator.py took 0.155 seconds
[2025-02-23T20:45:24.200+0000] {processor.py:186} INFO - Started process (PID=2545) to work on /home/airflow/.local/lib/python3.12/site-packages/airflow/example_dags/example_branch_operator_decorator.py
[2025-02-23T20:45:24.202+0000] {processor.py:914} INFO - Processing file /home/airflow/.local/lib/python3.12/site-packages/airflow/example_dags/example_branch_operator_decorator.py for tasks to queue
[2025-02-23T20:45:24.205+0000] {logging_mixin.py:190} INFO - [2025-02-23T20:45:24.205+0000] {dagbag.py:588} INFO - Filling up the DagBag from /home/airflow/.local/lib/python3.12/site-packages/airflow/example_dags/example_branch_operator_decorator.py
[2025-02-23T20:45:24.233+0000] {processor.py:925} INFO - DAG(s) 'example_branch_python_operator_decorator' retrieved from /home/airflow/.local/lib/python3.12/site-packages/airflow/example_dags/example_branch_operator_decorator.py
[2025-02-23T20:45:24.276+0000] {logging_mixin.py:190} INFO - [2025-02-23T20:45:24.276+0000] {dag.py:3239} INFO - Sync 1 DAGs
[2025-02-23T20:45:24.314+0000] {logging_mixin.py:190} INFO - [2025-02-23T20:45:24.313+0000] {dag.py:4180} INFO - Setting next_dagrun for example_branch_python_operator_decorator to 2025-02-22 00:00:00+00:00, run_after=2025-02-23 00:00:00+00:00
[2025-02-23T20:45:24.341+0000] {processor.py:208} INFO - Processing /home/airflow/.local/lib/python3.12/site-packages/airflow/example_dags/example_branch_operator_decorator.py took 0.151 seconds
