[2025-02-23T20:25:13.977+0000] {processor.py:186} INFO - Started process (PID=91) to work on /home/airflow/.local/lib/python3.12/site-packages/airflow/example_dags/example_latest_only.py
[2025-02-23T20:25:13.978+0000] {processor.py:914} INFO - Processing file /home/airflow/.local/lib/python3.12/site-packages/airflow/example_dags/example_latest_only.py for tasks to queue
[2025-02-23T20:25:13.981+0000] {logging_mixin.py:190} INFO - [2025-02-23T20:25:13.981+0000] {dagbag.py:588} INFO - Filling up the DagBag from /home/airflow/.local/lib/python3.12/site-packages/airflow/example_dags/example_latest_only.py
[2025-02-23T20:25:13.993+0000] {processor.py:925} INFO - DAG(s) 'latest_only' retrieved from /home/airflow/.local/lib/python3.12/site-packages/airflow/example_dags/example_latest_only.py
[2025-02-23T20:25:14.161+0000] {logging_mixin.py:190} INFO - [2025-02-23T20:25:14.160+0000] {override.py:1912} INFO - Created Permission View: can read on DAG:latest_only
[2025-02-23T20:25:14.177+0000] {logging_mixin.py:190} INFO - [2025-02-23T20:25:14.176+0000] {override.py:1912} INFO - Created Permission View: can delete on DAG:latest_only
[2025-02-23T20:25:14.185+0000] {logging_mixin.py:190} INFO - [2025-02-23T20:25:14.185+0000] {override.py:1912} INFO - Created Permission View: can edit on DAG:latest_only
[2025-02-23T20:25:14.197+0000] {logging_mixin.py:190} INFO - [2025-02-23T20:25:14.196+0000] {override.py:1912} INFO - Created Permission View: can create on DAG Run:latest_only
[2025-02-23T20:25:14.207+0000] {logging_mixin.py:190} INFO - [2025-02-23T20:25:14.206+0000] {override.py:1912} INFO - Created Permission View: can read on DAG Run:latest_only
[2025-02-23T20:25:14.216+0000] {logging_mixin.py:190} INFO - [2025-02-23T20:25:14.215+0000] {override.py:1912} INFO - Created Permission View: can delete on DAG Run:latest_only
[2025-02-23T20:25:14.225+0000] {logging_mixin.py:190} INFO - [2025-02-23T20:25:14.225+0000] {override.py:1912} INFO - Created Permission View: menu access on DAG Run:latest_only
[2025-02-23T20:25:14.226+0000] {logging_mixin.py:190} INFO - [2025-02-23T20:25:14.226+0000] {dag.py:3239} INFO - Sync 1 DAGs
[2025-02-23T20:25:14.246+0000] {logging_mixin.py:190} INFO - [2025-02-23T20:25:14.246+0000] {dag.py:3262} INFO - Creating ORM DAG for latest_only
[2025-02-23T20:25:14.259+0000] {logging_mixin.py:190} INFO - [2025-02-23T20:25:14.259+0000] {dag.py:4180} INFO - Setting next_dagrun for latest_only to 2025-02-23 16:00:00+00:00, run_after=2025-02-23 20:00:00+00:00
[2025-02-23T20:25:14.286+0000] {processor.py:208} INFO - Processing /home/airflow/.local/lib/python3.12/site-packages/airflow/example_dags/example_latest_only.py took 0.319 seconds
[2025-02-23T20:25:44.773+0000] {processor.py:186} INFO - Started process (PID=153) to work on /home/airflow/.local/lib/python3.12/site-packages/airflow/example_dags/example_latest_only.py
[2025-02-23T20:25:44.774+0000] {processor.py:914} INFO - Processing file /home/airflow/.local/lib/python3.12/site-packages/airflow/example_dags/example_latest_only.py for tasks to queue
[2025-02-23T20:25:44.777+0000] {logging_mixin.py:190} INFO - [2025-02-23T20:25:44.777+0000] {dagbag.py:588} INFO - Filling up the DagBag from /home/airflow/.local/lib/python3.12/site-packages/airflow/example_dags/example_latest_only.py
[2025-02-23T20:25:44.786+0000] {processor.py:925} INFO - DAG(s) 'latest_only' retrieved from /home/airflow/.local/lib/python3.12/site-packages/airflow/example_dags/example_latest_only.py
[2025-02-23T20:25:44.815+0000] {logging_mixin.py:190} INFO - [2025-02-23T20:25:44.815+0000] {dag.py:3239} INFO - Sync 1 DAGs
[2025-02-23T20:25:44.858+0000] {logging_mixin.py:190} INFO - [2025-02-23T20:25:44.858+0000] {dag.py:4180} INFO - Setting next_dagrun for latest_only to 2025-02-23 16:00:00+00:00, run_after=2025-02-23 20:00:00+00:00
[2025-02-23T20:25:44.889+0000] {processor.py:208} INFO - Processing /home/airflow/.local/lib/python3.12/site-packages/airflow/example_dags/example_latest_only.py took 0.124 seconds
[2025-02-23T20:26:16.328+0000] {processor.py:186} INFO - Started process (PID=216) to work on /home/airflow/.local/lib/python3.12/site-packages/airflow/example_dags/example_latest_only.py
[2025-02-23T20:26:16.330+0000] {processor.py:914} INFO - Processing file /home/airflow/.local/lib/python3.12/site-packages/airflow/example_dags/example_latest_only.py for tasks to queue
[2025-02-23T20:26:16.333+0000] {logging_mixin.py:190} INFO - [2025-02-23T20:26:16.332+0000] {dagbag.py:588} INFO - Filling up the DagBag from /home/airflow/.local/lib/python3.12/site-packages/airflow/example_dags/example_latest_only.py
[2025-02-23T20:26:16.341+0000] {processor.py:925} INFO - DAG(s) 'latest_only' retrieved from /home/airflow/.local/lib/python3.12/site-packages/airflow/example_dags/example_latest_only.py
[2025-02-23T20:26:16.369+0000] {logging_mixin.py:190} INFO - [2025-02-23T20:26:16.369+0000] {dag.py:3239} INFO - Sync 1 DAGs
[2025-02-23T20:26:16.407+0000] {logging_mixin.py:190} INFO - [2025-02-23T20:26:16.407+0000] {dag.py:4180} INFO - Setting next_dagrun for latest_only to 2025-02-23 16:00:00+00:00, run_after=2025-02-23 20:00:00+00:00
[2025-02-23T20:26:16.437+0000] {processor.py:208} INFO - Processing /home/airflow/.local/lib/python3.12/site-packages/airflow/example_dags/example_latest_only.py took 0.118 seconds
[2025-02-23T20:26:47.734+0000] {processor.py:186} INFO - Started process (PID=279) to work on /home/airflow/.local/lib/python3.12/site-packages/airflow/example_dags/example_latest_only.py
[2025-02-23T20:26:47.736+0000] {processor.py:914} INFO - Processing file /home/airflow/.local/lib/python3.12/site-packages/airflow/example_dags/example_latest_only.py for tasks to queue
[2025-02-23T20:26:47.739+0000] {logging_mixin.py:190} INFO - [2025-02-23T20:26:47.738+0000] {dagbag.py:588} INFO - Filling up the DagBag from /home/airflow/.local/lib/python3.12/site-packages/airflow/example_dags/example_latest_only.py
[2025-02-23T20:26:47.747+0000] {processor.py:925} INFO - DAG(s) 'latest_only' retrieved from /home/airflow/.local/lib/python3.12/site-packages/airflow/example_dags/example_latest_only.py
[2025-02-23T20:26:47.772+0000] {logging_mixin.py:190} INFO - [2025-02-23T20:26:47.771+0000] {dag.py:3239} INFO - Sync 1 DAGs
[2025-02-23T20:26:47.810+0000] {logging_mixin.py:190} INFO - [2025-02-23T20:26:47.810+0000] {dag.py:4180} INFO - Setting next_dagrun for latest_only to 2025-02-23 16:00:00+00:00, run_after=2025-02-23 20:00:00+00:00
[2025-02-23T20:26:47.839+0000] {processor.py:208} INFO - Processing /home/airflow/.local/lib/python3.12/site-packages/airflow/example_dags/example_latest_only.py took 0.112 seconds
[2025-02-23T20:27:17.983+0000] {processor.py:186} INFO - Started process (PID=341) to work on /home/airflow/.local/lib/python3.12/site-packages/airflow/example_dags/example_latest_only.py
[2025-02-23T20:27:17.984+0000] {processor.py:914} INFO - Processing file /home/airflow/.local/lib/python3.12/site-packages/airflow/example_dags/example_latest_only.py for tasks to queue
[2025-02-23T20:27:17.987+0000] {logging_mixin.py:190} INFO - [2025-02-23T20:27:17.986+0000] {dagbag.py:588} INFO - Filling up the DagBag from /home/airflow/.local/lib/python3.12/site-packages/airflow/example_dags/example_latest_only.py
[2025-02-23T20:27:17.996+0000] {processor.py:925} INFO - DAG(s) 'latest_only' retrieved from /home/airflow/.local/lib/python3.12/site-packages/airflow/example_dags/example_latest_only.py
[2025-02-23T20:27:18.026+0000] {logging_mixin.py:190} INFO - [2025-02-23T20:27:18.026+0000] {dag.py:3239} INFO - Sync 1 DAGs
[2025-02-23T20:27:18.060+0000] {logging_mixin.py:190} INFO - [2025-02-23T20:27:18.059+0000] {dag.py:4180} INFO - Setting next_dagrun for latest_only to 2025-02-23 16:00:00+00:00, run_after=2025-02-23 20:00:00+00:00
[2025-02-23T20:27:18.085+0000] {processor.py:208} INFO - Processing /home/airflow/.local/lib/python3.12/site-packages/airflow/example_dags/example_latest_only.py took 0.111 seconds
[2025-02-23T20:27:49.355+0000] {processor.py:186} INFO - Started process (PID=404) to work on /home/airflow/.local/lib/python3.12/site-packages/airflow/example_dags/example_latest_only.py
[2025-02-23T20:27:49.357+0000] {processor.py:914} INFO - Processing file /home/airflow/.local/lib/python3.12/site-packages/airflow/example_dags/example_latest_only.py for tasks to queue
[2025-02-23T20:27:49.360+0000] {logging_mixin.py:190} INFO - [2025-02-23T20:27:49.360+0000] {dagbag.py:588} INFO - Filling up the DagBag from /home/airflow/.local/lib/python3.12/site-packages/airflow/example_dags/example_latest_only.py
[2025-02-23T20:27:49.370+0000] {processor.py:925} INFO - DAG(s) 'latest_only' retrieved from /home/airflow/.local/lib/python3.12/site-packages/airflow/example_dags/example_latest_only.py
[2025-02-23T20:27:49.416+0000] {logging_mixin.py:190} INFO - [2025-02-23T20:27:49.415+0000] {dag.py:3239} INFO - Sync 1 DAGs
[2025-02-23T20:27:49.480+0000] {logging_mixin.py:190} INFO - [2025-02-23T20:27:49.480+0000] {dag.py:4180} INFO - Setting next_dagrun for latest_only to 2025-02-23 16:00:00+00:00, run_after=2025-02-23 20:00:00+00:00
[2025-02-23T20:27:49.513+0000] {processor.py:208} INFO - Processing /home/airflow/.local/lib/python3.12/site-packages/airflow/example_dags/example_latest_only.py took 0.167 seconds
[2025-02-23T20:28:20.779+0000] {processor.py:186} INFO - Started process (PID=467) to work on /home/airflow/.local/lib/python3.12/site-packages/airflow/example_dags/example_latest_only.py
[2025-02-23T20:28:20.781+0000] {processor.py:914} INFO - Processing file /home/airflow/.local/lib/python3.12/site-packages/airflow/example_dags/example_latest_only.py for tasks to queue
[2025-02-23T20:28:20.783+0000] {logging_mixin.py:190} INFO - [2025-02-23T20:28:20.783+0000] {dagbag.py:588} INFO - Filling up the DagBag from /home/airflow/.local/lib/python3.12/site-packages/airflow/example_dags/example_latest_only.py
[2025-02-23T20:28:20.791+0000] {processor.py:925} INFO - DAG(s) 'latest_only' retrieved from /home/airflow/.local/lib/python3.12/site-packages/airflow/example_dags/example_latest_only.py
[2025-02-23T20:28:20.818+0000] {logging_mixin.py:190} INFO - [2025-02-23T20:28:20.817+0000] {dag.py:3239} INFO - Sync 1 DAGs
[2025-02-23T20:28:20.853+0000] {logging_mixin.py:190} INFO - [2025-02-23T20:28:20.853+0000] {dag.py:4180} INFO - Setting next_dagrun for latest_only to 2025-02-23 16:00:00+00:00, run_after=2025-02-23 20:00:00+00:00
[2025-02-23T20:28:20.884+0000] {processor.py:208} INFO - Processing /home/airflow/.local/lib/python3.12/site-packages/airflow/example_dags/example_latest_only.py took 0.114 seconds
[2025-02-23T20:28:51.018+0000] {processor.py:186} INFO - Started process (PID=529) to work on /home/airflow/.local/lib/python3.12/site-packages/airflow/example_dags/example_latest_only.py
[2025-02-23T20:28:51.020+0000] {processor.py:914} INFO - Processing file /home/airflow/.local/lib/python3.12/site-packages/airflow/example_dags/example_latest_only.py for tasks to queue
[2025-02-23T20:28:51.023+0000] {logging_mixin.py:190} INFO - [2025-02-23T20:28:51.023+0000] {dagbag.py:588} INFO - Filling up the DagBag from /home/airflow/.local/lib/python3.12/site-packages/airflow/example_dags/example_latest_only.py
[2025-02-23T20:28:51.034+0000] {processor.py:925} INFO - DAG(s) 'latest_only' retrieved from /home/airflow/.local/lib/python3.12/site-packages/airflow/example_dags/example_latest_only.py
[2025-02-23T20:28:51.066+0000] {logging_mixin.py:190} INFO - [2025-02-23T20:28:51.066+0000] {dag.py:3239} INFO - Sync 1 DAGs
[2025-02-23T20:28:51.108+0000] {logging_mixin.py:190} INFO - [2025-02-23T20:28:51.107+0000] {dag.py:4180} INFO - Setting next_dagrun for latest_only to 2025-02-23 16:00:00+00:00, run_after=2025-02-23 20:00:00+00:00
[2025-02-23T20:28:51.140+0000] {processor.py:208} INFO - Processing /home/airflow/.local/lib/python3.12/site-packages/airflow/example_dags/example_latest_only.py took 0.132 seconds
[2025-02-23T20:29:21.738+0000] {processor.py:186} INFO - Started process (PID=592) to work on /home/airflow/.local/lib/python3.12/site-packages/airflow/example_dags/example_latest_only.py
[2025-02-23T20:29:21.740+0000] {processor.py:914} INFO - Processing file /home/airflow/.local/lib/python3.12/site-packages/airflow/example_dags/example_latest_only.py for tasks to queue
[2025-02-23T20:29:21.743+0000] {logging_mixin.py:190} INFO - [2025-02-23T20:29:21.742+0000] {dagbag.py:588} INFO - Filling up the DagBag from /home/airflow/.local/lib/python3.12/site-packages/airflow/example_dags/example_latest_only.py
[2025-02-23T20:29:21.752+0000] {processor.py:925} INFO - DAG(s) 'latest_only' retrieved from /home/airflow/.local/lib/python3.12/site-packages/airflow/example_dags/example_latest_only.py
[2025-02-23T20:29:21.780+0000] {logging_mixin.py:190} INFO - [2025-02-23T20:29:21.780+0000] {dag.py:3239} INFO - Sync 1 DAGs
[2025-02-23T20:29:21.817+0000] {logging_mixin.py:190} INFO - [2025-02-23T20:29:21.817+0000] {dag.py:4180} INFO - Setting next_dagrun for latest_only to 2025-02-23 16:00:00+00:00, run_after=2025-02-23 20:00:00+00:00
[2025-02-23T20:29:21.843+0000] {processor.py:208} INFO - Processing /home/airflow/.local/lib/python3.12/site-packages/airflow/example_dags/example_latest_only.py took 0.113 seconds
[2025-02-23T20:29:53.270+0000] {processor.py:186} INFO - Started process (PID=655) to work on /home/airflow/.local/lib/python3.12/site-packages/airflow/example_dags/example_latest_only.py
[2025-02-23T20:29:53.271+0000] {processor.py:914} INFO - Processing file /home/airflow/.local/lib/python3.12/site-packages/airflow/example_dags/example_latest_only.py for tasks to queue
[2025-02-23T20:29:53.274+0000] {logging_mixin.py:190} INFO - [2025-02-23T20:29:53.273+0000] {dagbag.py:588} INFO - Filling up the DagBag from /home/airflow/.local/lib/python3.12/site-packages/airflow/example_dags/example_latest_only.py
[2025-02-23T20:29:53.283+0000] {processor.py:925} INFO - DAG(s) 'latest_only' retrieved from /home/airflow/.local/lib/python3.12/site-packages/airflow/example_dags/example_latest_only.py
[2025-02-23T20:29:53.310+0000] {logging_mixin.py:190} INFO - [2025-02-23T20:29:53.310+0000] {dag.py:3239} INFO - Sync 1 DAGs
[2025-02-23T20:29:53.341+0000] {logging_mixin.py:190} INFO - [2025-02-23T20:29:53.341+0000] {dag.py:4180} INFO - Setting next_dagrun for latest_only to 2025-02-23 16:00:00+00:00, run_after=2025-02-23 20:00:00+00:00
[2025-02-23T20:29:53.365+0000] {processor.py:208} INFO - Processing /home/airflow/.local/lib/python3.12/site-packages/airflow/example_dags/example_latest_only.py took 0.104 seconds
[2025-02-23T20:30:24.535+0000] {processor.py:186} INFO - Started process (PID=718) to work on /home/airflow/.local/lib/python3.12/site-packages/airflow/example_dags/example_latest_only.py
[2025-02-23T20:30:24.536+0000] {processor.py:914} INFO - Processing file /home/airflow/.local/lib/python3.12/site-packages/airflow/example_dags/example_latest_only.py for tasks to queue
[2025-02-23T20:30:24.539+0000] {logging_mixin.py:190} INFO - [2025-02-23T20:30:24.538+0000] {dagbag.py:588} INFO - Filling up the DagBag from /home/airflow/.local/lib/python3.12/site-packages/airflow/example_dags/example_latest_only.py
[2025-02-23T20:30:24.549+0000] {processor.py:925} INFO - DAG(s) 'latest_only' retrieved from /home/airflow/.local/lib/python3.12/site-packages/airflow/example_dags/example_latest_only.py
[2025-02-23T20:30:24.575+0000] {logging_mixin.py:190} INFO - [2025-02-23T20:30:24.574+0000] {dag.py:3239} INFO - Sync 1 DAGs
[2025-02-23T20:30:24.607+0000] {logging_mixin.py:190} INFO - [2025-02-23T20:30:24.606+0000] {dag.py:4180} INFO - Setting next_dagrun for latest_only to 2025-02-23 16:00:00+00:00, run_after=2025-02-23 20:00:00+00:00
[2025-02-23T20:30:24.631+0000] {processor.py:208} INFO - Processing /home/airflow/.local/lib/python3.12/site-packages/airflow/example_dags/example_latest_only.py took 0.104 seconds
[2025-02-23T20:30:55.777+0000] {processor.py:186} INFO - Started process (PID=781) to work on /home/airflow/.local/lib/python3.12/site-packages/airflow/example_dags/example_latest_only.py
[2025-02-23T20:30:55.779+0000] {processor.py:914} INFO - Processing file /home/airflow/.local/lib/python3.12/site-packages/airflow/example_dags/example_latest_only.py for tasks to queue
[2025-02-23T20:30:55.782+0000] {logging_mixin.py:190} INFO - [2025-02-23T20:30:55.781+0000] {dagbag.py:588} INFO - Filling up the DagBag from /home/airflow/.local/lib/python3.12/site-packages/airflow/example_dags/example_latest_only.py
[2025-02-23T20:30:55.791+0000] {processor.py:925} INFO - DAG(s) 'latest_only' retrieved from /home/airflow/.local/lib/python3.12/site-packages/airflow/example_dags/example_latest_only.py
[2025-02-23T20:30:55.818+0000] {logging_mixin.py:190} INFO - [2025-02-23T20:30:55.818+0000] {dag.py:3239} INFO - Sync 1 DAGs
[2025-02-23T20:30:55.856+0000] {logging_mixin.py:190} INFO - [2025-02-23T20:30:55.856+0000] {dag.py:4180} INFO - Setting next_dagrun for latest_only to 2025-02-23 16:00:00+00:00, run_after=2025-02-23 20:00:00+00:00
[2025-02-23T20:30:55.883+0000] {processor.py:208} INFO - Processing /home/airflow/.local/lib/python3.12/site-packages/airflow/example_dags/example_latest_only.py took 0.114 seconds
[2025-02-23T20:31:25.987+0000] {processor.py:186} INFO - Started process (PID=844) to work on /home/airflow/.local/lib/python3.12/site-packages/airflow/example_dags/example_latest_only.py
[2025-02-23T20:31:25.989+0000] {processor.py:914} INFO - Processing file /home/airflow/.local/lib/python3.12/site-packages/airflow/example_dags/example_latest_only.py for tasks to queue
[2025-02-23T20:31:25.991+0000] {logging_mixin.py:190} INFO - [2025-02-23T20:31:25.991+0000] {dagbag.py:588} INFO - Filling up the DagBag from /home/airflow/.local/lib/python3.12/site-packages/airflow/example_dags/example_latest_only.py
[2025-02-23T20:31:26.000+0000] {processor.py:925} INFO - DAG(s) 'latest_only' retrieved from /home/airflow/.local/lib/python3.12/site-packages/airflow/example_dags/example_latest_only.py
[2025-02-23T20:31:26.028+0000] {logging_mixin.py:190} INFO - [2025-02-23T20:31:26.028+0000] {dag.py:3239} INFO - Sync 1 DAGs
[2025-02-23T20:31:26.062+0000] {logging_mixin.py:190} INFO - [2025-02-23T20:31:26.061+0000] {dag.py:4180} INFO - Setting next_dagrun for latest_only to 2025-02-23 16:00:00+00:00, run_after=2025-02-23 20:00:00+00:00
[2025-02-23T20:31:26.088+0000] {processor.py:208} INFO - Processing /home/airflow/.local/lib/python3.12/site-packages/airflow/example_dags/example_latest_only.py took 0.108 seconds
[2025-02-23T20:31:57.382+0000] {processor.py:186} INFO - Started process (PID=907) to work on /home/airflow/.local/lib/python3.12/site-packages/airflow/example_dags/example_latest_only.py
[2025-02-23T20:31:57.383+0000] {processor.py:914} INFO - Processing file /home/airflow/.local/lib/python3.12/site-packages/airflow/example_dags/example_latest_only.py for tasks to queue
[2025-02-23T20:31:57.386+0000] {logging_mixin.py:190} INFO - [2025-02-23T20:31:57.385+0000] {dagbag.py:588} INFO - Filling up the DagBag from /home/airflow/.local/lib/python3.12/site-packages/airflow/example_dags/example_latest_only.py
[2025-02-23T20:31:57.395+0000] {processor.py:925} INFO - DAG(s) 'latest_only' retrieved from /home/airflow/.local/lib/python3.12/site-packages/airflow/example_dags/example_latest_only.py
[2025-02-23T20:31:57.421+0000] {logging_mixin.py:190} INFO - [2025-02-23T20:31:57.420+0000] {dag.py:3239} INFO - Sync 1 DAGs
[2025-02-23T20:31:57.454+0000] {logging_mixin.py:190} INFO - [2025-02-23T20:31:57.454+0000] {dag.py:4180} INFO - Setting next_dagrun for latest_only to 2025-02-23 16:00:00+00:00, run_after=2025-02-23 20:00:00+00:00
[2025-02-23T20:31:57.479+0000] {processor.py:208} INFO - Processing /home/airflow/.local/lib/python3.12/site-packages/airflow/example_dags/example_latest_only.py took 0.105 seconds
[2025-02-23T20:32:28.544+0000] {processor.py:186} INFO - Started process (PID=970) to work on /home/airflow/.local/lib/python3.12/site-packages/airflow/example_dags/example_latest_only.py
[2025-02-23T20:32:28.546+0000] {processor.py:914} INFO - Processing file /home/airflow/.local/lib/python3.12/site-packages/airflow/example_dags/example_latest_only.py for tasks to queue
[2025-02-23T20:32:28.549+0000] {logging_mixin.py:190} INFO - [2025-02-23T20:32:28.548+0000] {dagbag.py:588} INFO - Filling up the DagBag from /home/airflow/.local/lib/python3.12/site-packages/airflow/example_dags/example_latest_only.py
[2025-02-23T20:32:28.558+0000] {processor.py:925} INFO - DAG(s) 'latest_only' retrieved from /home/airflow/.local/lib/python3.12/site-packages/airflow/example_dags/example_latest_only.py
[2025-02-23T20:32:28.588+0000] {logging_mixin.py:190} INFO - [2025-02-23T20:32:28.588+0000] {dag.py:3239} INFO - Sync 1 DAGs
[2025-02-23T20:32:28.625+0000] {logging_mixin.py:190} INFO - [2025-02-23T20:32:28.625+0000] {dag.py:4180} INFO - Setting next_dagrun for latest_only to 2025-02-23 16:00:00+00:00, run_after=2025-02-23 20:00:00+00:00
[2025-02-23T20:32:28.650+0000] {processor.py:208} INFO - Processing /home/airflow/.local/lib/python3.12/site-packages/airflow/example_dags/example_latest_only.py took 0.114 seconds
[2025-02-23T20:32:59.079+0000] {processor.py:186} INFO - Started process (PID=1033) to work on /home/airflow/.local/lib/python3.12/site-packages/airflow/example_dags/example_latest_only.py
[2025-02-23T20:32:59.081+0000] {processor.py:914} INFO - Processing file /home/airflow/.local/lib/python3.12/site-packages/airflow/example_dags/example_latest_only.py for tasks to queue
[2025-02-23T20:32:59.083+0000] {logging_mixin.py:190} INFO - [2025-02-23T20:32:59.083+0000] {dagbag.py:588} INFO - Filling up the DagBag from /home/airflow/.local/lib/python3.12/site-packages/airflow/example_dags/example_latest_only.py
[2025-02-23T20:32:59.092+0000] {processor.py:925} INFO - DAG(s) 'latest_only' retrieved from /home/airflow/.local/lib/python3.12/site-packages/airflow/example_dags/example_latest_only.py
[2025-02-23T20:32:59.116+0000] {logging_mixin.py:190} INFO - [2025-02-23T20:32:59.115+0000] {dag.py:3239} INFO - Sync 1 DAGs
[2025-02-23T20:32:59.148+0000] {logging_mixin.py:190} INFO - [2025-02-23T20:32:59.148+0000] {dag.py:4180} INFO - Setting next_dagrun for latest_only to 2025-02-23 16:00:00+00:00, run_after=2025-02-23 20:00:00+00:00
[2025-02-23T20:32:59.172+0000] {processor.py:208} INFO - Processing /home/airflow/.local/lib/python3.12/site-packages/airflow/example_dags/example_latest_only.py took 0.100 seconds
[2025-02-23T20:33:30.302+0000] {processor.py:186} INFO - Started process (PID=1096) to work on /home/airflow/.local/lib/python3.12/site-packages/airflow/example_dags/example_latest_only.py
[2025-02-23T20:33:30.303+0000] {processor.py:914} INFO - Processing file /home/airflow/.local/lib/python3.12/site-packages/airflow/example_dags/example_latest_only.py for tasks to queue
[2025-02-23T20:33:30.307+0000] {logging_mixin.py:190} INFO - [2025-02-23T20:33:30.306+0000] {dagbag.py:588} INFO - Filling up the DagBag from /home/airflow/.local/lib/python3.12/site-packages/airflow/example_dags/example_latest_only.py
[2025-02-23T20:33:30.315+0000] {processor.py:925} INFO - DAG(s) 'latest_only' retrieved from /home/airflow/.local/lib/python3.12/site-packages/airflow/example_dags/example_latest_only.py
[2025-02-23T20:33:30.339+0000] {logging_mixin.py:190} INFO - [2025-02-23T20:33:30.338+0000] {dag.py:3239} INFO - Sync 1 DAGs
[2025-02-23T20:33:30.370+0000] {logging_mixin.py:190} INFO - [2025-02-23T20:33:30.369+0000] {dag.py:4180} INFO - Setting next_dagrun for latest_only to 2025-02-23 16:00:00+00:00, run_after=2025-02-23 20:00:00+00:00
[2025-02-23T20:33:30.396+0000] {processor.py:208} INFO - Processing /home/airflow/.local/lib/python3.12/site-packages/airflow/example_dags/example_latest_only.py took 0.101 seconds
[2025-02-23T20:34:01.620+0000] {processor.py:186} INFO - Started process (PID=1159) to work on /home/airflow/.local/lib/python3.12/site-packages/airflow/example_dags/example_latest_only.py
[2025-02-23T20:34:01.622+0000] {processor.py:914} INFO - Processing file /home/airflow/.local/lib/python3.12/site-packages/airflow/example_dags/example_latest_only.py for tasks to queue
[2025-02-23T20:34:01.624+0000] {logging_mixin.py:190} INFO - [2025-02-23T20:34:01.624+0000] {dagbag.py:588} INFO - Filling up the DagBag from /home/airflow/.local/lib/python3.12/site-packages/airflow/example_dags/example_latest_only.py
[2025-02-23T20:34:01.633+0000] {processor.py:925} INFO - DAG(s) 'latest_only' retrieved from /home/airflow/.local/lib/python3.12/site-packages/airflow/example_dags/example_latest_only.py
[2025-02-23T20:34:01.658+0000] {logging_mixin.py:190} INFO - [2025-02-23T20:34:01.658+0000] {dag.py:3239} INFO - Sync 1 DAGs
[2025-02-23T20:34:01.690+0000] {logging_mixin.py:190} INFO - [2025-02-23T20:34:01.690+0000] {dag.py:4180} INFO - Setting next_dagrun for latest_only to 2025-02-23 16:00:00+00:00, run_after=2025-02-23 20:00:00+00:00
[2025-02-23T20:34:01.716+0000] {processor.py:208} INFO - Processing /home/airflow/.local/lib/python3.12/site-packages/airflow/example_dags/example_latest_only.py took 0.103 seconds
[2025-02-23T20:34:32.829+0000] {processor.py:186} INFO - Started process (PID=1222) to work on /home/airflow/.local/lib/python3.12/site-packages/airflow/example_dags/example_latest_only.py
[2025-02-23T20:34:32.830+0000] {processor.py:914} INFO - Processing file /home/airflow/.local/lib/python3.12/site-packages/airflow/example_dags/example_latest_only.py for tasks to queue
[2025-02-23T20:34:32.833+0000] {logging_mixin.py:190} INFO - [2025-02-23T20:34:32.832+0000] {dagbag.py:588} INFO - Filling up the DagBag from /home/airflow/.local/lib/python3.12/site-packages/airflow/example_dags/example_latest_only.py
[2025-02-23T20:34:32.842+0000] {processor.py:925} INFO - DAG(s) 'latest_only' retrieved from /home/airflow/.local/lib/python3.12/site-packages/airflow/example_dags/example_latest_only.py
[2025-02-23T20:34:32.868+0000] {logging_mixin.py:190} INFO - [2025-02-23T20:34:32.868+0000] {dag.py:3239} INFO - Sync 1 DAGs
[2025-02-23T20:34:32.897+0000] {logging_mixin.py:190} INFO - [2025-02-23T20:34:32.897+0000] {dag.py:4180} INFO - Setting next_dagrun for latest_only to 2025-02-23 16:00:00+00:00, run_after=2025-02-23 20:00:00+00:00
[2025-02-23T20:34:32.923+0000] {processor.py:208} INFO - Processing /home/airflow/.local/lib/python3.12/site-packages/airflow/example_dags/example_latest_only.py took 0.101 seconds
[2025-02-23T20:35:04.059+0000] {processor.py:186} INFO - Started process (PID=1285) to work on /home/airflow/.local/lib/python3.12/site-packages/airflow/example_dags/example_latest_only.py
[2025-02-23T20:35:04.060+0000] {processor.py:914} INFO - Processing file /home/airflow/.local/lib/python3.12/site-packages/airflow/example_dags/example_latest_only.py for tasks to queue
[2025-02-23T20:35:04.063+0000] {logging_mixin.py:190} INFO - [2025-02-23T20:35:04.063+0000] {dagbag.py:588} INFO - Filling up the DagBag from /home/airflow/.local/lib/python3.12/site-packages/airflow/example_dags/example_latest_only.py
[2025-02-23T20:35:04.072+0000] {processor.py:925} INFO - DAG(s) 'latest_only' retrieved from /home/airflow/.local/lib/python3.12/site-packages/airflow/example_dags/example_latest_only.py
[2025-02-23T20:35:04.100+0000] {logging_mixin.py:190} INFO - [2025-02-23T20:35:04.100+0000] {dag.py:3239} INFO - Sync 1 DAGs
[2025-02-23T20:35:04.143+0000] {logging_mixin.py:190} INFO - [2025-02-23T20:35:04.142+0000] {dag.py:4180} INFO - Setting next_dagrun for latest_only to 2025-02-23 16:00:00+00:00, run_after=2025-02-23 20:00:00+00:00
[2025-02-23T20:35:04.171+0000] {processor.py:208} INFO - Processing /home/airflow/.local/lib/python3.12/site-packages/airflow/example_dags/example_latest_only.py took 0.122 seconds
[2025-02-23T20:35:34.466+0000] {processor.py:186} INFO - Started process (PID=1348) to work on /home/airflow/.local/lib/python3.12/site-packages/airflow/example_dags/example_latest_only.py
[2025-02-23T20:35:34.468+0000] {processor.py:914} INFO - Processing file /home/airflow/.local/lib/python3.12/site-packages/airflow/example_dags/example_latest_only.py for tasks to queue
[2025-02-23T20:35:34.471+0000] {logging_mixin.py:190} INFO - [2025-02-23T20:35:34.471+0000] {dagbag.py:588} INFO - Filling up the DagBag from /home/airflow/.local/lib/python3.12/site-packages/airflow/example_dags/example_latest_only.py
[2025-02-23T20:35:34.479+0000] {processor.py:925} INFO - DAG(s) 'latest_only' retrieved from /home/airflow/.local/lib/python3.12/site-packages/airflow/example_dags/example_latest_only.py
[2025-02-23T20:35:34.506+0000] {logging_mixin.py:190} INFO - [2025-02-23T20:35:34.506+0000] {dag.py:3239} INFO - Sync 1 DAGs
[2025-02-23T20:35:34.537+0000] {logging_mixin.py:190} INFO - [2025-02-23T20:35:34.536+0000] {dag.py:4180} INFO - Setting next_dagrun for latest_only to 2025-02-23 16:00:00+00:00, run_after=2025-02-23 20:00:00+00:00
[2025-02-23T20:35:34.562+0000] {processor.py:208} INFO - Processing /home/airflow/.local/lib/python3.12/site-packages/airflow/example_dags/example_latest_only.py took 0.103 seconds
[2025-02-23T20:36:05.685+0000] {processor.py:186} INFO - Started process (PID=1411) to work on /home/airflow/.local/lib/python3.12/site-packages/airflow/example_dags/example_latest_only.py
[2025-02-23T20:36:05.687+0000] {processor.py:914} INFO - Processing file /home/airflow/.local/lib/python3.12/site-packages/airflow/example_dags/example_latest_only.py for tasks to queue
[2025-02-23T20:36:05.689+0000] {logging_mixin.py:190} INFO - [2025-02-23T20:36:05.689+0000] {dagbag.py:588} INFO - Filling up the DagBag from /home/airflow/.local/lib/python3.12/site-packages/airflow/example_dags/example_latest_only.py
[2025-02-23T20:36:05.698+0000] {processor.py:925} INFO - DAG(s) 'latest_only' retrieved from /home/airflow/.local/lib/python3.12/site-packages/airflow/example_dags/example_latest_only.py
[2025-02-23T20:36:05.723+0000] {logging_mixin.py:190} INFO - [2025-02-23T20:36:05.722+0000] {dag.py:3239} INFO - Sync 1 DAGs
[2025-02-23T20:36:05.752+0000] {logging_mixin.py:190} INFO - [2025-02-23T20:36:05.751+0000] {dag.py:4180} INFO - Setting next_dagrun for latest_only to 2025-02-23 16:00:00+00:00, run_after=2025-02-23 20:00:00+00:00
[2025-02-23T20:36:05.777+0000] {processor.py:208} INFO - Processing /home/airflow/.local/lib/python3.12/site-packages/airflow/example_dags/example_latest_only.py took 0.100 seconds
[2025-02-23T20:36:36.902+0000] {processor.py:186} INFO - Started process (PID=1475) to work on /home/airflow/.local/lib/python3.12/site-packages/airflow/example_dags/example_latest_only.py
[2025-02-23T20:36:36.903+0000] {processor.py:914} INFO - Processing file /home/airflow/.local/lib/python3.12/site-packages/airflow/example_dags/example_latest_only.py for tasks to queue
[2025-02-23T20:36:36.906+0000] {logging_mixin.py:190} INFO - [2025-02-23T20:36:36.906+0000] {dagbag.py:588} INFO - Filling up the DagBag from /home/airflow/.local/lib/python3.12/site-packages/airflow/example_dags/example_latest_only.py
[2025-02-23T20:36:36.915+0000] {processor.py:925} INFO - DAG(s) 'latest_only' retrieved from /home/airflow/.local/lib/python3.12/site-packages/airflow/example_dags/example_latest_only.py
[2025-02-23T20:36:36.940+0000] {logging_mixin.py:190} INFO - [2025-02-23T20:36:36.939+0000] {dag.py:3239} INFO - Sync 1 DAGs
[2025-02-23T20:36:36.969+0000] {logging_mixin.py:190} INFO - [2025-02-23T20:36:36.969+0000] {dag.py:4180} INFO - Setting next_dagrun for latest_only to 2025-02-23 16:00:00+00:00, run_after=2025-02-23 20:00:00+00:00
[2025-02-23T20:36:36.995+0000] {processor.py:208} INFO - Processing /home/airflow/.local/lib/python3.12/site-packages/airflow/example_dags/example_latest_only.py took 0.100 seconds
[2025-02-23T20:37:08.062+0000] {processor.py:186} INFO - Started process (PID=1538) to work on /home/airflow/.local/lib/python3.12/site-packages/airflow/example_dags/example_latest_only.py
[2025-02-23T20:37:08.064+0000] {processor.py:914} INFO - Processing file /home/airflow/.local/lib/python3.12/site-packages/airflow/example_dags/example_latest_only.py for tasks to queue
[2025-02-23T20:37:08.067+0000] {logging_mixin.py:190} INFO - [2025-02-23T20:37:08.066+0000] {dagbag.py:588} INFO - Filling up the DagBag from /home/airflow/.local/lib/python3.12/site-packages/airflow/example_dags/example_latest_only.py
[2025-02-23T20:37:08.075+0000] {processor.py:925} INFO - DAG(s) 'latest_only' retrieved from /home/airflow/.local/lib/python3.12/site-packages/airflow/example_dags/example_latest_only.py
[2025-02-23T20:37:08.101+0000] {logging_mixin.py:190} INFO - [2025-02-23T20:37:08.101+0000] {dag.py:3239} INFO - Sync 1 DAGs
[2025-02-23T20:37:08.131+0000] {logging_mixin.py:190} INFO - [2025-02-23T20:37:08.131+0000] {dag.py:4180} INFO - Setting next_dagrun for latest_only to 2025-02-23 16:00:00+00:00, run_after=2025-02-23 20:00:00+00:00
[2025-02-23T20:37:08.159+0000] {processor.py:208} INFO - Processing /home/airflow/.local/lib/python3.12/site-packages/airflow/example_dags/example_latest_only.py took 0.104 seconds
[2025-02-23T20:37:38.601+0000] {processor.py:186} INFO - Started process (PID=1601) to work on /home/airflow/.local/lib/python3.12/site-packages/airflow/example_dags/example_latest_only.py
[2025-02-23T20:37:38.602+0000] {processor.py:914} INFO - Processing file /home/airflow/.local/lib/python3.12/site-packages/airflow/example_dags/example_latest_only.py for tasks to queue
[2025-02-23T20:37:38.605+0000] {logging_mixin.py:190} INFO - [2025-02-23T20:37:38.604+0000] {dagbag.py:588} INFO - Filling up the DagBag from /home/airflow/.local/lib/python3.12/site-packages/airflow/example_dags/example_latest_only.py
[2025-02-23T20:37:38.614+0000] {processor.py:925} INFO - DAG(s) 'latest_only' retrieved from /home/airflow/.local/lib/python3.12/site-packages/airflow/example_dags/example_latest_only.py
[2025-02-23T20:37:38.647+0000] {logging_mixin.py:190} INFO - [2025-02-23T20:37:38.647+0000] {dag.py:3239} INFO - Sync 1 DAGs
[2025-02-23T20:37:38.687+0000] {logging_mixin.py:190} INFO - [2025-02-23T20:37:38.687+0000] {dag.py:4180} INFO - Setting next_dagrun for latest_only to 2025-02-23 16:00:00+00:00, run_after=2025-02-23 20:00:00+00:00
[2025-02-23T20:37:38.715+0000] {processor.py:208} INFO - Processing /home/airflow/.local/lib/python3.12/site-packages/airflow/example_dags/example_latest_only.py took 0.121 seconds
[2025-02-23T20:38:09.452+0000] {processor.py:186} INFO - Started process (PID=1664) to work on /home/airflow/.local/lib/python3.12/site-packages/airflow/example_dags/example_latest_only.py
[2025-02-23T20:38:09.454+0000] {processor.py:914} INFO - Processing file /home/airflow/.local/lib/python3.12/site-packages/airflow/example_dags/example_latest_only.py for tasks to queue
[2025-02-23T20:38:09.456+0000] {logging_mixin.py:190} INFO - [2025-02-23T20:38:09.456+0000] {dagbag.py:588} INFO - Filling up the DagBag from /home/airflow/.local/lib/python3.12/site-packages/airflow/example_dags/example_latest_only.py
[2025-02-23T20:38:09.467+0000] {processor.py:925} INFO - DAG(s) 'latest_only' retrieved from /home/airflow/.local/lib/python3.12/site-packages/airflow/example_dags/example_latest_only.py
[2025-02-23T20:38:09.499+0000] {logging_mixin.py:190} INFO - [2025-02-23T20:38:09.498+0000] {dag.py:3239} INFO - Sync 1 DAGs
[2025-02-23T20:38:09.536+0000] {logging_mixin.py:190} INFO - [2025-02-23T20:38:09.536+0000] {dag.py:4180} INFO - Setting next_dagrun for latest_only to 2025-02-23 16:00:00+00:00, run_after=2025-02-23 20:00:00+00:00
[2025-02-23T20:38:09.563+0000] {processor.py:208} INFO - Processing /home/airflow/.local/lib/python3.12/site-packages/airflow/example_dags/example_latest_only.py took 0.120 seconds
[2025-02-23T20:38:41.009+0000] {processor.py:186} INFO - Started process (PID=1727) to work on /home/airflow/.local/lib/python3.12/site-packages/airflow/example_dags/example_latest_only.py
[2025-02-23T20:38:41.011+0000] {processor.py:914} INFO - Processing file /home/airflow/.local/lib/python3.12/site-packages/airflow/example_dags/example_latest_only.py for tasks to queue
[2025-02-23T20:38:41.014+0000] {logging_mixin.py:190} INFO - [2025-02-23T20:38:41.014+0000] {dagbag.py:588} INFO - Filling up the DagBag from /home/airflow/.local/lib/python3.12/site-packages/airflow/example_dags/example_latest_only.py
[2025-02-23T20:38:41.025+0000] {processor.py:925} INFO - DAG(s) 'latest_only' retrieved from /home/airflow/.local/lib/python3.12/site-packages/airflow/example_dags/example_latest_only.py
[2025-02-23T20:38:41.055+0000] {logging_mixin.py:190} INFO - [2025-02-23T20:38:41.054+0000] {dag.py:3239} INFO - Sync 1 DAGs
[2025-02-23T20:38:41.092+0000] {logging_mixin.py:190} INFO - [2025-02-23T20:38:41.091+0000] {dag.py:4180} INFO - Setting next_dagrun for latest_only to 2025-02-23 16:00:00+00:00, run_after=2025-02-23 20:00:00+00:00
[2025-02-23T20:38:41.124+0000] {processor.py:208} INFO - Processing /home/airflow/.local/lib/python3.12/site-packages/airflow/example_dags/example_latest_only.py took 0.123 seconds
[2025-02-23T20:39:12.147+0000] {processor.py:186} INFO - Started process (PID=1790) to work on /home/airflow/.local/lib/python3.12/site-packages/airflow/example_dags/example_latest_only.py
[2025-02-23T20:39:12.149+0000] {processor.py:914} INFO - Processing file /home/airflow/.local/lib/python3.12/site-packages/airflow/example_dags/example_latest_only.py for tasks to queue
[2025-02-23T20:39:12.152+0000] {logging_mixin.py:190} INFO - [2025-02-23T20:39:12.151+0000] {dagbag.py:588} INFO - Filling up the DagBag from /home/airflow/.local/lib/python3.12/site-packages/airflow/example_dags/example_latest_only.py
[2025-02-23T20:39:12.161+0000] {processor.py:925} INFO - DAG(s) 'latest_only' retrieved from /home/airflow/.local/lib/python3.12/site-packages/airflow/example_dags/example_latest_only.py
[2025-02-23T20:39:12.186+0000] {logging_mixin.py:190} INFO - [2025-02-23T20:39:12.186+0000] {dag.py:3239} INFO - Sync 1 DAGs
[2025-02-23T20:39:12.220+0000] {logging_mixin.py:190} INFO - [2025-02-23T20:39:12.219+0000] {dag.py:4180} INFO - Setting next_dagrun for latest_only to 2025-02-23 16:00:00+00:00, run_after=2025-02-23 20:00:00+00:00
[2025-02-23T20:39:12.244+0000] {processor.py:208} INFO - Processing /home/airflow/.local/lib/python3.12/site-packages/airflow/example_dags/example_latest_only.py took 0.104 seconds
[2025-02-23T20:39:42.607+0000] {processor.py:186} INFO - Started process (PID=1853) to work on /home/airflow/.local/lib/python3.12/site-packages/airflow/example_dags/example_latest_only.py
[2025-02-23T20:39:42.608+0000] {processor.py:914} INFO - Processing file /home/airflow/.local/lib/python3.12/site-packages/airflow/example_dags/example_latest_only.py for tasks to queue
[2025-02-23T20:39:42.611+0000] {logging_mixin.py:190} INFO - [2025-02-23T20:39:42.611+0000] {dagbag.py:588} INFO - Filling up the DagBag from /home/airflow/.local/lib/python3.12/site-packages/airflow/example_dags/example_latest_only.py
[2025-02-23T20:39:42.622+0000] {processor.py:925} INFO - DAG(s) 'latest_only' retrieved from /home/airflow/.local/lib/python3.12/site-packages/airflow/example_dags/example_latest_only.py
[2025-02-23T20:39:42.649+0000] {logging_mixin.py:190} INFO - [2025-02-23T20:39:42.649+0000] {dag.py:3239} INFO - Sync 1 DAGs
[2025-02-23T20:39:42.688+0000] {logging_mixin.py:190} INFO - [2025-02-23T20:39:42.687+0000] {dag.py:4180} INFO - Setting next_dagrun for latest_only to 2025-02-23 16:00:00+00:00, run_after=2025-02-23 20:00:00+00:00
[2025-02-23T20:39:42.719+0000] {processor.py:208} INFO - Processing /home/airflow/.local/lib/python3.12/site-packages/airflow/example_dags/example_latest_only.py took 0.120 seconds
[2025-02-23T20:40:14.175+0000] {processor.py:186} INFO - Started process (PID=1916) to work on /home/airflow/.local/lib/python3.12/site-packages/airflow/example_dags/example_latest_only.py
[2025-02-23T20:40:14.176+0000] {processor.py:914} INFO - Processing file /home/airflow/.local/lib/python3.12/site-packages/airflow/example_dags/example_latest_only.py for tasks to queue
[2025-02-23T20:40:14.179+0000] {logging_mixin.py:190} INFO - [2025-02-23T20:40:14.178+0000] {dagbag.py:588} INFO - Filling up the DagBag from /home/airflow/.local/lib/python3.12/site-packages/airflow/example_dags/example_latest_only.py
[2025-02-23T20:40:14.189+0000] {processor.py:925} INFO - DAG(s) 'latest_only' retrieved from /home/airflow/.local/lib/python3.12/site-packages/airflow/example_dags/example_latest_only.py
[2025-02-23T20:40:14.219+0000] {logging_mixin.py:190} INFO - [2025-02-23T20:40:14.218+0000] {dag.py:3239} INFO - Sync 1 DAGs
[2025-02-23T20:40:14.259+0000] {logging_mixin.py:190} INFO - [2025-02-23T20:40:14.259+0000] {dag.py:4180} INFO - Setting next_dagrun for latest_only to 2025-02-23 16:00:00+00:00, run_after=2025-02-23 20:00:00+00:00
[2025-02-23T20:40:14.290+0000] {processor.py:208} INFO - Processing /home/airflow/.local/lib/python3.12/site-packages/airflow/example_dags/example_latest_only.py took 0.122 seconds
[2025-02-23T20:40:44.699+0000] {processor.py:186} INFO - Started process (PID=1979) to work on /home/airflow/.local/lib/python3.12/site-packages/airflow/example_dags/example_latest_only.py
[2025-02-23T20:40:44.701+0000] {processor.py:914} INFO - Processing file /home/airflow/.local/lib/python3.12/site-packages/airflow/example_dags/example_latest_only.py for tasks to queue
[2025-02-23T20:40:44.704+0000] {logging_mixin.py:190} INFO - [2025-02-23T20:40:44.704+0000] {dagbag.py:588} INFO - Filling up the DagBag from /home/airflow/.local/lib/python3.12/site-packages/airflow/example_dags/example_latest_only.py
[2025-02-23T20:40:44.715+0000] {processor.py:925} INFO - DAG(s) 'latest_only' retrieved from /home/airflow/.local/lib/python3.12/site-packages/airflow/example_dags/example_latest_only.py
[2025-02-23T20:40:44.744+0000] {logging_mixin.py:190} INFO - [2025-02-23T20:40:44.743+0000] {dag.py:3239} INFO - Sync 1 DAGs
[2025-02-23T20:40:44.783+0000] {logging_mixin.py:190} INFO - [2025-02-23T20:40:44.783+0000] {dag.py:4180} INFO - Setting next_dagrun for latest_only to 2025-02-23 16:00:00+00:00, run_after=2025-02-23 20:00:00+00:00
[2025-02-23T20:40:44.815+0000] {processor.py:208} INFO - Processing /home/airflow/.local/lib/python3.12/site-packages/airflow/example_dags/example_latest_only.py took 0.124 seconds
[2025-02-23T20:41:16.034+0000] {processor.py:186} INFO - Started process (PID=2042) to work on /home/airflow/.local/lib/python3.12/site-packages/airflow/example_dags/example_latest_only.py
[2025-02-23T20:41:16.036+0000] {processor.py:914} INFO - Processing file /home/airflow/.local/lib/python3.12/site-packages/airflow/example_dags/example_latest_only.py for tasks to queue
[2025-02-23T20:41:16.038+0000] {logging_mixin.py:190} INFO - [2025-02-23T20:41:16.038+0000] {dagbag.py:588} INFO - Filling up the DagBag from /home/airflow/.local/lib/python3.12/site-packages/airflow/example_dags/example_latest_only.py
[2025-02-23T20:41:16.047+0000] {processor.py:925} INFO - DAG(s) 'latest_only' retrieved from /home/airflow/.local/lib/python3.12/site-packages/airflow/example_dags/example_latest_only.py
[2025-02-23T20:41:16.075+0000] {logging_mixin.py:190} INFO - [2025-02-23T20:41:16.075+0000] {dag.py:3239} INFO - Sync 1 DAGs
[2025-02-23T20:41:16.115+0000] {logging_mixin.py:190} INFO - [2025-02-23T20:41:16.115+0000] {dag.py:4180} INFO - Setting next_dagrun for latest_only to 2025-02-23 16:00:00+00:00, run_after=2025-02-23 20:00:00+00:00
[2025-02-23T20:41:16.145+0000] {processor.py:208} INFO - Processing /home/airflow/.local/lib/python3.12/site-packages/airflow/example_dags/example_latest_only.py took 0.118 seconds
[2025-02-23T20:41:46.418+0000] {processor.py:186} INFO - Started process (PID=2105) to work on /home/airflow/.local/lib/python3.12/site-packages/airflow/example_dags/example_latest_only.py
[2025-02-23T20:41:46.420+0000] {processor.py:914} INFO - Processing file /home/airflow/.local/lib/python3.12/site-packages/airflow/example_dags/example_latest_only.py for tasks to queue
[2025-02-23T20:41:46.422+0000] {logging_mixin.py:190} INFO - [2025-02-23T20:41:46.422+0000] {dagbag.py:588} INFO - Filling up the DagBag from /home/airflow/.local/lib/python3.12/site-packages/airflow/example_dags/example_latest_only.py
[2025-02-23T20:41:46.431+0000] {processor.py:925} INFO - DAG(s) 'latest_only' retrieved from /home/airflow/.local/lib/python3.12/site-packages/airflow/example_dags/example_latest_only.py
[2025-02-23T20:41:46.457+0000] {logging_mixin.py:190} INFO - [2025-02-23T20:41:46.457+0000] {dag.py:3239} INFO - Sync 1 DAGs
[2025-02-23T20:41:46.491+0000] {logging_mixin.py:190} INFO - [2025-02-23T20:41:46.491+0000] {dag.py:4180} INFO - Setting next_dagrun for latest_only to 2025-02-23 16:00:00+00:00, run_after=2025-02-23 20:00:00+00:00
[2025-02-23T20:41:46.518+0000] {processor.py:208} INFO - Processing /home/airflow/.local/lib/python3.12/site-packages/airflow/example_dags/example_latest_only.py took 0.107 seconds
[2025-02-23T20:42:18.116+0000] {processor.py:186} INFO - Started process (PID=2168) to work on /home/airflow/.local/lib/python3.12/site-packages/airflow/example_dags/example_latest_only.py
[2025-02-23T20:42:18.122+0000] {processor.py:914} INFO - Processing file /home/airflow/.local/lib/python3.12/site-packages/airflow/example_dags/example_latest_only.py for tasks to queue
[2025-02-23T20:42:18.126+0000] {logging_mixin.py:190} INFO - [2025-02-23T20:42:18.125+0000] {dagbag.py:588} INFO - Filling up the DagBag from /home/airflow/.local/lib/python3.12/site-packages/airflow/example_dags/example_latest_only.py
[2025-02-23T20:42:18.137+0000] {processor.py:925} INFO - DAG(s) 'latest_only' retrieved from /home/airflow/.local/lib/python3.12/site-packages/airflow/example_dags/example_latest_only.py
[2025-02-23T20:42:18.163+0000] {logging_mixin.py:190} INFO - [2025-02-23T20:42:18.163+0000] {dag.py:3239} INFO - Sync 1 DAGs
[2025-02-23T20:42:18.198+0000] {logging_mixin.py:190} INFO - [2025-02-23T20:42:18.197+0000] {dag.py:4180} INFO - Setting next_dagrun for latest_only to 2025-02-23 16:00:00+00:00, run_after=2025-02-23 20:00:00+00:00
[2025-02-23T20:42:18.229+0000] {processor.py:208} INFO - Processing /home/airflow/.local/lib/python3.12/site-packages/airflow/example_dags/example_latest_only.py took 0.123 seconds
[2025-02-23T20:42:48.629+0000] {processor.py:186} INFO - Started process (PID=2231) to work on /home/airflow/.local/lib/python3.12/site-packages/airflow/example_dags/example_latest_only.py
[2025-02-23T20:42:48.631+0000] {processor.py:914} INFO - Processing file /home/airflow/.local/lib/python3.12/site-packages/airflow/example_dags/example_latest_only.py for tasks to queue
[2025-02-23T20:42:48.634+0000] {logging_mixin.py:190} INFO - [2025-02-23T20:42:48.634+0000] {dagbag.py:588} INFO - Filling up the DagBag from /home/airflow/.local/lib/python3.12/site-packages/airflow/example_dags/example_latest_only.py
[2025-02-23T20:42:48.645+0000] {processor.py:925} INFO - DAG(s) 'latest_only' retrieved from /home/airflow/.local/lib/python3.12/site-packages/airflow/example_dags/example_latest_only.py
[2025-02-23T20:42:48.672+0000] {logging_mixin.py:190} INFO - [2025-02-23T20:42:48.671+0000] {dag.py:3239} INFO - Sync 1 DAGs
[2025-02-23T20:42:48.713+0000] {logging_mixin.py:190} INFO - [2025-02-23T20:42:48.713+0000] {dag.py:4180} INFO - Setting next_dagrun for latest_only to 2025-02-23 16:00:00+00:00, run_after=2025-02-23 20:00:00+00:00
[2025-02-23T20:42:48.742+0000] {processor.py:208} INFO - Processing /home/airflow/.local/lib/python3.12/site-packages/airflow/example_dags/example_latest_only.py took 0.121 seconds
[2025-02-23T20:43:19.847+0000] {processor.py:186} INFO - Started process (PID=2294) to work on /home/airflow/.local/lib/python3.12/site-packages/airflow/example_dags/example_latest_only.py
[2025-02-23T20:43:19.849+0000] {processor.py:914} INFO - Processing file /home/airflow/.local/lib/python3.12/site-packages/airflow/example_dags/example_latest_only.py for tasks to queue
[2025-02-23T20:43:19.852+0000] {logging_mixin.py:190} INFO - [2025-02-23T20:43:19.852+0000] {dagbag.py:588} INFO - Filling up the DagBag from /home/airflow/.local/lib/python3.12/site-packages/airflow/example_dags/example_latest_only.py
[2025-02-23T20:43:19.861+0000] {processor.py:925} INFO - DAG(s) 'latest_only' retrieved from /home/airflow/.local/lib/python3.12/site-packages/airflow/example_dags/example_latest_only.py
[2025-02-23T20:43:19.891+0000] {logging_mixin.py:190} INFO - [2025-02-23T20:43:19.891+0000] {dag.py:3239} INFO - Sync 1 DAGs
[2025-02-23T20:43:19.933+0000] {logging_mixin.py:190} INFO - [2025-02-23T20:43:19.933+0000] {dag.py:4180} INFO - Setting next_dagrun for latest_only to 2025-02-23 16:00:00+00:00, run_after=2025-02-23 20:00:00+00:00
[2025-02-23T20:43:19.959+0000] {processor.py:208} INFO - Processing /home/airflow/.local/lib/python3.12/site-packages/airflow/example_dags/example_latest_only.py took 0.118 seconds
[2025-02-23T20:43:51.269+0000] {processor.py:186} INFO - Started process (PID=2358) to work on /home/airflow/.local/lib/python3.12/site-packages/airflow/example_dags/example_latest_only.py
[2025-02-23T20:43:51.270+0000] {processor.py:914} INFO - Processing file /home/airflow/.local/lib/python3.12/site-packages/airflow/example_dags/example_latest_only.py for tasks to queue
[2025-02-23T20:43:51.274+0000] {logging_mixin.py:190} INFO - [2025-02-23T20:43:51.273+0000] {dagbag.py:588} INFO - Filling up the DagBag from /home/airflow/.local/lib/python3.12/site-packages/airflow/example_dags/example_latest_only.py
[2025-02-23T20:43:51.284+0000] {processor.py:925} INFO - DAG(s) 'latest_only' retrieved from /home/airflow/.local/lib/python3.12/site-packages/airflow/example_dags/example_latest_only.py
[2025-02-23T20:43:51.313+0000] {logging_mixin.py:190} INFO - [2025-02-23T20:43:51.312+0000] {dag.py:3239} INFO - Sync 1 DAGs
[2025-02-23T20:43:51.349+0000] {logging_mixin.py:190} INFO - [2025-02-23T20:43:51.348+0000] {dag.py:4180} INFO - Setting next_dagrun for latest_only to 2025-02-23 16:00:00+00:00, run_after=2025-02-23 20:00:00+00:00
[2025-02-23T20:43:51.378+0000] {processor.py:208} INFO - Processing /home/airflow/.local/lib/python3.12/site-packages/airflow/example_dags/example_latest_only.py took 0.118 seconds
[2025-02-23T20:44:21.606+0000] {processor.py:186} INFO - Started process (PID=2421) to work on /home/airflow/.local/lib/python3.12/site-packages/airflow/example_dags/example_latest_only.py
[2025-02-23T20:44:21.607+0000] {processor.py:914} INFO - Processing file /home/airflow/.local/lib/python3.12/site-packages/airflow/example_dags/example_latest_only.py for tasks to queue
[2025-02-23T20:44:21.610+0000] {logging_mixin.py:190} INFO - [2025-02-23T20:44:21.609+0000] {dagbag.py:588} INFO - Filling up the DagBag from /home/airflow/.local/lib/python3.12/site-packages/airflow/example_dags/example_latest_only.py
[2025-02-23T20:44:21.619+0000] {processor.py:925} INFO - DAG(s) 'latest_only' retrieved from /home/airflow/.local/lib/python3.12/site-packages/airflow/example_dags/example_latest_only.py
[2025-02-23T20:44:21.649+0000] {logging_mixin.py:190} INFO - [2025-02-23T20:44:21.649+0000] {dag.py:3239} INFO - Sync 1 DAGs
[2025-02-23T20:44:21.685+0000] {logging_mixin.py:190} INFO - [2025-02-23T20:44:21.685+0000] {dag.py:4180} INFO - Setting next_dagrun for latest_only to 2025-02-23 16:00:00+00:00, run_after=2025-02-23 20:00:00+00:00
[2025-02-23T20:44:21.712+0000] {processor.py:208} INFO - Processing /home/airflow/.local/lib/python3.12/site-packages/airflow/example_dags/example_latest_only.py took 0.115 seconds
[2025-02-23T20:44:52.793+0000] {processor.py:186} INFO - Started process (PID=2485) to work on /home/airflow/.local/lib/python3.12/site-packages/airflow/example_dags/example_latest_only.py
[2025-02-23T20:44:52.794+0000] {processor.py:914} INFO - Processing file /home/airflow/.local/lib/python3.12/site-packages/airflow/example_dags/example_latest_only.py for tasks to queue
[2025-02-23T20:44:52.797+0000] {logging_mixin.py:190} INFO - [2025-02-23T20:44:52.797+0000] {dagbag.py:588} INFO - Filling up the DagBag from /home/airflow/.local/lib/python3.12/site-packages/airflow/example_dags/example_latest_only.py
[2025-02-23T20:44:52.808+0000] {processor.py:925} INFO - DAG(s) 'latest_only' retrieved from /home/airflow/.local/lib/python3.12/site-packages/airflow/example_dags/example_latest_only.py
[2025-02-23T20:44:52.834+0000] {logging_mixin.py:190} INFO - [2025-02-23T20:44:52.833+0000] {dag.py:3239} INFO - Sync 1 DAGs
[2025-02-23T20:44:52.866+0000] {logging_mixin.py:190} INFO - [2025-02-23T20:44:52.866+0000] {dag.py:4180} INFO - Setting next_dagrun for latest_only to 2025-02-23 16:00:00+00:00, run_after=2025-02-23 20:00:00+00:00
[2025-02-23T20:44:52.895+0000] {processor.py:208} INFO - Processing /home/airflow/.local/lib/python3.12/site-packages/airflow/example_dags/example_latest_only.py took 0.110 seconds
[2025-02-23T20:45:24.383+0000] {processor.py:186} INFO - Started process (PID=2548) to work on /home/airflow/.local/lib/python3.12/site-packages/airflow/example_dags/example_latest_only.py
[2025-02-23T20:45:24.384+0000] {processor.py:914} INFO - Processing file /home/airflow/.local/lib/python3.12/site-packages/airflow/example_dags/example_latest_only.py for tasks to queue
[2025-02-23T20:45:24.387+0000] {logging_mixin.py:190} INFO - [2025-02-23T20:45:24.387+0000] {dagbag.py:588} INFO - Filling up the DagBag from /home/airflow/.local/lib/python3.12/site-packages/airflow/example_dags/example_latest_only.py
[2025-02-23T20:45:24.397+0000] {processor.py:925} INFO - DAG(s) 'latest_only' retrieved from /home/airflow/.local/lib/python3.12/site-packages/airflow/example_dags/example_latest_only.py
[2025-02-23T20:45:24.426+0000] {logging_mixin.py:190} INFO - [2025-02-23T20:45:24.426+0000] {dag.py:3239} INFO - Sync 1 DAGs
[2025-02-23T20:45:24.463+0000] {logging_mixin.py:190} INFO - [2025-02-23T20:45:24.463+0000] {dag.py:4180} INFO - Setting next_dagrun for latest_only to 2025-02-23 16:00:00+00:00, run_after=2025-02-23 20:00:00+00:00
[2025-02-23T20:45:24.493+0000] {processor.py:208} INFO - Processing /home/airflow/.local/lib/python3.12/site-packages/airflow/example_dags/example_latest_only.py took 0.119 seconds
