[2025-02-23T20:25:14.331+0000] {processor.py:186} INFO - Started process (PID=92) to work on /home/airflow/.local/lib/python3.12/site-packages/airflow/example_dags/tutorial_objectstorage.py
[2025-02-23T20:25:14.332+0000] {processor.py:914} INFO - Processing file /home/airflow/.local/lib/python3.12/site-packages/airflow/example_dags/tutorial_objectstorage.py for tasks to queue
[2025-02-23T20:25:14.335+0000] {logging_mixin.py:190} INFO - [2025-02-23T20:25:14.334+0000] {dagbag.py:588} INFO - Filling up the DagBag from /home/airflow/.local/lib/python3.12/site-packages/airflow/example_dags/tutorial_objectstorage.py
[2025-02-23T20:25:14.350+0000] {processor.py:925} INFO - DAG(s) 'tutorial_objectstorage' retrieved from /home/airflow/.local/lib/python3.12/site-packages/airflow/example_dags/tutorial_objectstorage.py
[2025-02-23T20:25:14.516+0000] {logging_mixin.py:190} INFO - [2025-02-23T20:25:14.515+0000] {override.py:1912} INFO - Created Permission View: can read on DAG:tutorial_objectstorage
[2025-02-23T20:25:14.533+0000] {logging_mixin.py:190} INFO - [2025-02-23T20:25:14.532+0000] {override.py:1912} INFO - Created Permission View: can delete on DAG:tutorial_objectstorage
[2025-02-23T20:25:14.542+0000] {logging_mixin.py:190} INFO - [2025-02-23T20:25:14.542+0000] {override.py:1912} INFO - Created Permission View: can edit on DAG:tutorial_objectstorage
[2025-02-23T20:25:14.554+0000] {logging_mixin.py:190} INFO - [2025-02-23T20:25:14.554+0000] {override.py:1912} INFO - Created Permission View: can create on DAG Run:tutorial_objectstorage
[2025-02-23T20:25:14.564+0000] {logging_mixin.py:190} INFO - [2025-02-23T20:25:14.563+0000] {override.py:1912} INFO - Created Permission View: can read on DAG Run:tutorial_objectstorage
[2025-02-23T20:25:14.574+0000] {logging_mixin.py:190} INFO - [2025-02-23T20:25:14.573+0000] {override.py:1912} INFO - Created Permission View: can delete on DAG Run:tutorial_objectstorage
[2025-02-23T20:25:14.583+0000] {logging_mixin.py:190} INFO - [2025-02-23T20:25:14.582+0000] {override.py:1912} INFO - Created Permission View: menu access on DAG Run:tutorial_objectstorage
[2025-02-23T20:25:14.583+0000] {logging_mixin.py:190} INFO - [2025-02-23T20:25:14.583+0000] {dag.py:3239} INFO - Sync 1 DAGs
[2025-02-23T20:25:14.602+0000] {logging_mixin.py:190} INFO - [2025-02-23T20:25:14.602+0000] {dag.py:3262} INFO - Creating ORM DAG for tutorial_objectstorage
[2025-02-23T20:25:14.603+0000] {logging_mixin.py:190} INFO - [2025-02-23T20:25:14.603+0000] {dag.py:4180} INFO - Setting next_dagrun for tutorial_objectstorage to None, run_after=None
[2025-02-23T20:25:14.625+0000] {processor.py:208} INFO - Processing /home/airflow/.local/lib/python3.12/site-packages/airflow/example_dags/tutorial_objectstorage.py took 0.303 seconds
[2025-02-23T20:25:44.918+0000] {processor.py:186} INFO - Started process (PID=154) to work on /home/airflow/.local/lib/python3.12/site-packages/airflow/example_dags/tutorial_objectstorage.py
[2025-02-23T20:25:44.920+0000] {processor.py:914} INFO - Processing file /home/airflow/.local/lib/python3.12/site-packages/airflow/example_dags/tutorial_objectstorage.py for tasks to queue
[2025-02-23T20:25:44.924+0000] {logging_mixin.py:190} INFO - [2025-02-23T20:25:44.923+0000] {dagbag.py:588} INFO - Filling up the DagBag from /home/airflow/.local/lib/python3.12/site-packages/airflow/example_dags/tutorial_objectstorage.py
[2025-02-23T20:25:44.936+0000] {processor.py:925} INFO - DAG(s) 'tutorial_objectstorage' retrieved from /home/airflow/.local/lib/python3.12/site-packages/airflow/example_dags/tutorial_objectstorage.py
[2025-02-23T20:25:44.969+0000] {logging_mixin.py:190} INFO - [2025-02-23T20:25:44.968+0000] {dag.py:3239} INFO - Sync 1 DAGs
[2025-02-23T20:25:45.002+0000] {logging_mixin.py:190} INFO - [2025-02-23T20:25:45.001+0000] {dag.py:4180} INFO - Setting next_dagrun for tutorial_objectstorage to None, run_after=None
[2025-02-23T20:25:45.035+0000] {processor.py:208} INFO - Processing /home/airflow/.local/lib/python3.12/site-packages/airflow/example_dags/tutorial_objectstorage.py took 0.125 seconds
[2025-02-23T20:26:16.480+0000] {processor.py:186} INFO - Started process (PID=217) to work on /home/airflow/.local/lib/python3.12/site-packages/airflow/example_dags/tutorial_objectstorage.py
[2025-02-23T20:26:16.482+0000] {processor.py:914} INFO - Processing file /home/airflow/.local/lib/python3.12/site-packages/airflow/example_dags/tutorial_objectstorage.py for tasks to queue
[2025-02-23T20:26:16.486+0000] {logging_mixin.py:190} INFO - [2025-02-23T20:26:16.485+0000] {dagbag.py:588} INFO - Filling up the DagBag from /home/airflow/.local/lib/python3.12/site-packages/airflow/example_dags/tutorial_objectstorage.py
[2025-02-23T20:26:16.499+0000] {processor.py:925} INFO - DAG(s) 'tutorial_objectstorage' retrieved from /home/airflow/.local/lib/python3.12/site-packages/airflow/example_dags/tutorial_objectstorage.py
[2025-02-23T20:26:16.528+0000] {logging_mixin.py:190} INFO - [2025-02-23T20:26:16.527+0000] {dag.py:3239} INFO - Sync 1 DAGs
[2025-02-23T20:26:16.553+0000] {logging_mixin.py:190} INFO - [2025-02-23T20:26:16.553+0000] {dag.py:4180} INFO - Setting next_dagrun for tutorial_objectstorage to None, run_after=None
[2025-02-23T20:26:16.585+0000] {processor.py:208} INFO - Processing /home/airflow/.local/lib/python3.12/site-packages/airflow/example_dags/tutorial_objectstorage.py took 0.113 seconds
[2025-02-23T20:26:47.877+0000] {processor.py:186} INFO - Started process (PID=280) to work on /home/airflow/.local/lib/python3.12/site-packages/airflow/example_dags/tutorial_objectstorage.py
[2025-02-23T20:26:47.879+0000] {processor.py:914} INFO - Processing file /home/airflow/.local/lib/python3.12/site-packages/airflow/example_dags/tutorial_objectstorage.py for tasks to queue
[2025-02-23T20:26:47.882+0000] {logging_mixin.py:190} INFO - [2025-02-23T20:26:47.881+0000] {dagbag.py:588} INFO - Filling up the DagBag from /home/airflow/.local/lib/python3.12/site-packages/airflow/example_dags/tutorial_objectstorage.py
[2025-02-23T20:26:47.899+0000] {processor.py:925} INFO - DAG(s) 'tutorial_objectstorage' retrieved from /home/airflow/.local/lib/python3.12/site-packages/airflow/example_dags/tutorial_objectstorage.py
[2025-02-23T20:26:47.939+0000] {logging_mixin.py:190} INFO - [2025-02-23T20:26:47.938+0000] {dag.py:3239} INFO - Sync 1 DAGs
[2025-02-23T20:26:47.967+0000] {logging_mixin.py:190} INFO - [2025-02-23T20:26:47.966+0000] {dag.py:4180} INFO - Setting next_dagrun for tutorial_objectstorage to None, run_after=None
[2025-02-23T20:26:47.994+0000] {processor.py:208} INFO - Processing /home/airflow/.local/lib/python3.12/site-packages/airflow/example_dags/tutorial_objectstorage.py took 0.126 seconds
[2025-02-23T20:27:18.123+0000] {processor.py:186} INFO - Started process (PID=342) to work on /home/airflow/.local/lib/python3.12/site-packages/airflow/example_dags/tutorial_objectstorage.py
[2025-02-23T20:27:18.124+0000] {processor.py:914} INFO - Processing file /home/airflow/.local/lib/python3.12/site-packages/airflow/example_dags/tutorial_objectstorage.py for tasks to queue
[2025-02-23T20:27:18.126+0000] {logging_mixin.py:190} INFO - [2025-02-23T20:27:18.126+0000] {dagbag.py:588} INFO - Filling up the DagBag from /home/airflow/.local/lib/python3.12/site-packages/airflow/example_dags/tutorial_objectstorage.py
[2025-02-23T20:27:18.137+0000] {processor.py:925} INFO - DAG(s) 'tutorial_objectstorage' retrieved from /home/airflow/.local/lib/python3.12/site-packages/airflow/example_dags/tutorial_objectstorage.py
[2025-02-23T20:27:18.163+0000] {logging_mixin.py:190} INFO - [2025-02-23T20:27:18.163+0000] {dag.py:3239} INFO - Sync 1 DAGs
[2025-02-23T20:27:18.184+0000] {logging_mixin.py:190} INFO - [2025-02-23T20:27:18.183+0000] {dag.py:4180} INFO - Setting next_dagrun for tutorial_objectstorage to None, run_after=None
[2025-02-23T20:27:18.211+0000] {processor.py:208} INFO - Processing /home/airflow/.local/lib/python3.12/site-packages/airflow/example_dags/tutorial_objectstorage.py took 0.096 seconds
[2025-02-23T20:27:49.552+0000] {processor.py:186} INFO - Started process (PID=405) to work on /home/airflow/.local/lib/python3.12/site-packages/airflow/example_dags/tutorial_objectstorage.py
[2025-02-23T20:27:49.553+0000] {processor.py:914} INFO - Processing file /home/airflow/.local/lib/python3.12/site-packages/airflow/example_dags/tutorial_objectstorage.py for tasks to queue
[2025-02-23T20:27:49.556+0000] {logging_mixin.py:190} INFO - [2025-02-23T20:27:49.555+0000] {dagbag.py:588} INFO - Filling up the DagBag from /home/airflow/.local/lib/python3.12/site-packages/airflow/example_dags/tutorial_objectstorage.py
[2025-02-23T20:27:49.567+0000] {processor.py:925} INFO - DAG(s) 'tutorial_objectstorage' retrieved from /home/airflow/.local/lib/python3.12/site-packages/airflow/example_dags/tutorial_objectstorage.py
[2025-02-23T20:27:49.598+0000] {logging_mixin.py:190} INFO - [2025-02-23T20:27:49.597+0000] {dag.py:3239} INFO - Sync 1 DAGs
[2025-02-23T20:27:49.621+0000] {logging_mixin.py:190} INFO - [2025-02-23T20:27:49.620+0000] {dag.py:4180} INFO - Setting next_dagrun for tutorial_objectstorage to None, run_after=None
[2025-02-23T20:27:49.657+0000] {processor.py:208} INFO - Processing /home/airflow/.local/lib/python3.12/site-packages/airflow/example_dags/tutorial_objectstorage.py took 0.114 seconds
[2025-02-23T20:28:20.923+0000] {processor.py:186} INFO - Started process (PID=468) to work on /home/airflow/.local/lib/python3.12/site-packages/airflow/example_dags/tutorial_objectstorage.py
[2025-02-23T20:28:20.925+0000] {processor.py:914} INFO - Processing file /home/airflow/.local/lib/python3.12/site-packages/airflow/example_dags/tutorial_objectstorage.py for tasks to queue
[2025-02-23T20:28:20.928+0000] {logging_mixin.py:190} INFO - [2025-02-23T20:28:20.927+0000] {dagbag.py:588} INFO - Filling up the DagBag from /home/airflow/.local/lib/python3.12/site-packages/airflow/example_dags/tutorial_objectstorage.py
[2025-02-23T20:28:20.945+0000] {processor.py:925} INFO - DAG(s) 'tutorial_objectstorage' retrieved from /home/airflow/.local/lib/python3.12/site-packages/airflow/example_dags/tutorial_objectstorage.py
[2025-02-23T20:28:20.973+0000] {logging_mixin.py:190} INFO - [2025-02-23T20:28:20.973+0000] {dag.py:3239} INFO - Sync 1 DAGs
[2025-02-23T20:28:20.993+0000] {logging_mixin.py:190} INFO - [2025-02-23T20:28:20.993+0000] {dag.py:4180} INFO - Setting next_dagrun for tutorial_objectstorage to None, run_after=None
[2025-02-23T20:28:21.019+0000] {processor.py:208} INFO - Processing /home/airflow/.local/lib/python3.12/site-packages/airflow/example_dags/tutorial_objectstorage.py took 0.106 seconds
[2025-02-23T20:28:51.188+0000] {processor.py:186} INFO - Started process (PID=530) to work on /home/airflow/.local/lib/python3.12/site-packages/airflow/example_dags/tutorial_objectstorage.py
[2025-02-23T20:28:51.190+0000] {processor.py:914} INFO - Processing file /home/airflow/.local/lib/python3.12/site-packages/airflow/example_dags/tutorial_objectstorage.py for tasks to queue
[2025-02-23T20:28:51.194+0000] {logging_mixin.py:190} INFO - [2025-02-23T20:28:51.194+0000] {dagbag.py:588} INFO - Filling up the DagBag from /home/airflow/.local/lib/python3.12/site-packages/airflow/example_dags/tutorial_objectstorage.py
[2025-02-23T20:28:51.208+0000] {processor.py:925} INFO - DAG(s) 'tutorial_objectstorage' retrieved from /home/airflow/.local/lib/python3.12/site-packages/airflow/example_dags/tutorial_objectstorage.py
[2025-02-23T20:28:51.239+0000] {logging_mixin.py:190} INFO - [2025-02-23T20:28:51.238+0000] {dag.py:3239} INFO - Sync 1 DAGs
[2025-02-23T20:28:51.261+0000] {logging_mixin.py:190} INFO - [2025-02-23T20:28:51.261+0000] {dag.py:4180} INFO - Setting next_dagrun for tutorial_objectstorage to None, run_after=None
[2025-02-23T20:28:51.289+0000] {processor.py:208} INFO - Processing /home/airflow/.local/lib/python3.12/site-packages/airflow/example_dags/tutorial_objectstorage.py took 0.111 seconds
[2025-02-23T20:29:21.862+0000] {processor.py:186} INFO - Started process (PID=593) to work on /home/airflow/.local/lib/python3.12/site-packages/airflow/example_dags/tutorial_objectstorage.py
[2025-02-23T20:29:21.864+0000] {processor.py:914} INFO - Processing file /home/airflow/.local/lib/python3.12/site-packages/airflow/example_dags/tutorial_objectstorage.py for tasks to queue
[2025-02-23T20:29:21.866+0000] {logging_mixin.py:190} INFO - [2025-02-23T20:29:21.866+0000] {dagbag.py:588} INFO - Filling up the DagBag from /home/airflow/.local/lib/python3.12/site-packages/airflow/example_dags/tutorial_objectstorage.py
[2025-02-23T20:29:21.879+0000] {processor.py:925} INFO - DAG(s) 'tutorial_objectstorage' retrieved from /home/airflow/.local/lib/python3.12/site-packages/airflow/example_dags/tutorial_objectstorage.py
[2025-02-23T20:29:21.909+0000] {logging_mixin.py:190} INFO - [2025-02-23T20:29:21.908+0000] {dag.py:3239} INFO - Sync 1 DAGs
[2025-02-23T20:29:21.934+0000] {logging_mixin.py:190} INFO - [2025-02-23T20:29:21.934+0000] {dag.py:4180} INFO - Setting next_dagrun for tutorial_objectstorage to None, run_after=None
[2025-02-23T20:29:21.962+0000] {processor.py:208} INFO - Processing /home/airflow/.local/lib/python3.12/site-packages/airflow/example_dags/tutorial_objectstorage.py took 0.106 seconds
[2025-02-23T20:29:53.384+0000] {processor.py:186} INFO - Started process (PID=656) to work on /home/airflow/.local/lib/python3.12/site-packages/airflow/example_dags/tutorial_objectstorage.py
[2025-02-23T20:29:53.386+0000] {processor.py:914} INFO - Processing file /home/airflow/.local/lib/python3.12/site-packages/airflow/example_dags/tutorial_objectstorage.py for tasks to queue
[2025-02-23T20:29:53.388+0000] {logging_mixin.py:190} INFO - [2025-02-23T20:29:53.388+0000] {dagbag.py:588} INFO - Filling up the DagBag from /home/airflow/.local/lib/python3.12/site-packages/airflow/example_dags/tutorial_objectstorage.py
[2025-02-23T20:29:53.400+0000] {processor.py:925} INFO - DAG(s) 'tutorial_objectstorage' retrieved from /home/airflow/.local/lib/python3.12/site-packages/airflow/example_dags/tutorial_objectstorage.py
[2025-02-23T20:29:53.423+0000] {logging_mixin.py:190} INFO - [2025-02-23T20:29:53.423+0000] {dag.py:3239} INFO - Sync 1 DAGs
[2025-02-23T20:29:53.444+0000] {logging_mixin.py:190} INFO - [2025-02-23T20:29:53.443+0000] {dag.py:4180} INFO - Setting next_dagrun for tutorial_objectstorage to None, run_after=None
[2025-02-23T20:29:53.468+0000] {processor.py:208} INFO - Processing /home/airflow/.local/lib/python3.12/site-packages/airflow/example_dags/tutorial_objectstorage.py took 0.091 seconds
[2025-02-23T20:30:24.646+0000] {processor.py:186} INFO - Started process (PID=719) to work on /home/airflow/.local/lib/python3.12/site-packages/airflow/example_dags/tutorial_objectstorage.py
[2025-02-23T20:30:24.648+0000] {processor.py:914} INFO - Processing file /home/airflow/.local/lib/python3.12/site-packages/airflow/example_dags/tutorial_objectstorage.py for tasks to queue
[2025-02-23T20:30:24.650+0000] {logging_mixin.py:190} INFO - [2025-02-23T20:30:24.650+0000] {dagbag.py:588} INFO - Filling up the DagBag from /home/airflow/.local/lib/python3.12/site-packages/airflow/example_dags/tutorial_objectstorage.py
[2025-02-23T20:30:24.662+0000] {processor.py:925} INFO - DAG(s) 'tutorial_objectstorage' retrieved from /home/airflow/.local/lib/python3.12/site-packages/airflow/example_dags/tutorial_objectstorage.py
[2025-02-23T20:30:24.687+0000] {logging_mixin.py:190} INFO - [2025-02-23T20:30:24.687+0000] {dag.py:3239} INFO - Sync 1 DAGs
[2025-02-23T20:30:24.711+0000] {logging_mixin.py:190} INFO - [2025-02-23T20:30:24.711+0000] {dag.py:4180} INFO - Setting next_dagrun for tutorial_objectstorage to None, run_after=None
[2025-02-23T20:30:24.742+0000] {processor.py:208} INFO - Processing /home/airflow/.local/lib/python3.12/site-packages/airflow/example_dags/tutorial_objectstorage.py took 0.104 seconds
[2025-02-23T20:30:55.899+0000] {processor.py:186} INFO - Started process (PID=782) to work on /home/airflow/.local/lib/python3.12/site-packages/airflow/example_dags/tutorial_objectstorage.py
[2025-02-23T20:30:55.900+0000] {processor.py:914} INFO - Processing file /home/airflow/.local/lib/python3.12/site-packages/airflow/example_dags/tutorial_objectstorage.py for tasks to queue
[2025-02-23T20:30:55.903+0000] {logging_mixin.py:190} INFO - [2025-02-23T20:30:55.902+0000] {dagbag.py:588} INFO - Filling up the DagBag from /home/airflow/.local/lib/python3.12/site-packages/airflow/example_dags/tutorial_objectstorage.py
[2025-02-23T20:30:55.914+0000] {processor.py:925} INFO - DAG(s) 'tutorial_objectstorage' retrieved from /home/airflow/.local/lib/python3.12/site-packages/airflow/example_dags/tutorial_objectstorage.py
[2025-02-23T20:30:55.940+0000] {logging_mixin.py:190} INFO - [2025-02-23T20:30:55.940+0000] {dag.py:3239} INFO - Sync 1 DAGs
[2025-02-23T20:30:55.960+0000] {logging_mixin.py:190} INFO - [2025-02-23T20:30:55.960+0000] {dag.py:4180} INFO - Setting next_dagrun for tutorial_objectstorage to None, run_after=None
[2025-02-23T20:30:55.988+0000] {processor.py:208} INFO - Processing /home/airflow/.local/lib/python3.12/site-packages/airflow/example_dags/tutorial_objectstorage.py took 0.098 seconds
[2025-02-23T20:31:26.106+0000] {processor.py:186} INFO - Started process (PID=845) to work on /home/airflow/.local/lib/python3.12/site-packages/airflow/example_dags/tutorial_objectstorage.py
[2025-02-23T20:31:26.107+0000] {processor.py:914} INFO - Processing file /home/airflow/.local/lib/python3.12/site-packages/airflow/example_dags/tutorial_objectstorage.py for tasks to queue
[2025-02-23T20:31:26.110+0000] {logging_mixin.py:190} INFO - [2025-02-23T20:31:26.109+0000] {dagbag.py:588} INFO - Filling up the DagBag from /home/airflow/.local/lib/python3.12/site-packages/airflow/example_dags/tutorial_objectstorage.py
[2025-02-23T20:31:26.120+0000] {processor.py:925} INFO - DAG(s) 'tutorial_objectstorage' retrieved from /home/airflow/.local/lib/python3.12/site-packages/airflow/example_dags/tutorial_objectstorage.py
[2025-02-23T20:31:26.143+0000] {logging_mixin.py:190} INFO - [2025-02-23T20:31:26.143+0000] {dag.py:3239} INFO - Sync 1 DAGs
[2025-02-23T20:31:26.165+0000] {logging_mixin.py:190} INFO - [2025-02-23T20:31:26.164+0000] {dag.py:4180} INFO - Setting next_dagrun for tutorial_objectstorage to None, run_after=None
[2025-02-23T20:31:26.190+0000] {processor.py:208} INFO - Processing /home/airflow/.local/lib/python3.12/site-packages/airflow/example_dags/tutorial_objectstorage.py took 0.091 seconds
[2025-02-23T20:31:57.497+0000] {processor.py:186} INFO - Started process (PID=908) to work on /home/airflow/.local/lib/python3.12/site-packages/airflow/example_dags/tutorial_objectstorage.py
[2025-02-23T20:31:57.498+0000] {processor.py:914} INFO - Processing file /home/airflow/.local/lib/python3.12/site-packages/airflow/example_dags/tutorial_objectstorage.py for tasks to queue
[2025-02-23T20:31:57.501+0000] {logging_mixin.py:190} INFO - [2025-02-23T20:31:57.500+0000] {dagbag.py:588} INFO - Filling up the DagBag from /home/airflow/.local/lib/python3.12/site-packages/airflow/example_dags/tutorial_objectstorage.py
[2025-02-23T20:31:57.512+0000] {processor.py:925} INFO - DAG(s) 'tutorial_objectstorage' retrieved from /home/airflow/.local/lib/python3.12/site-packages/airflow/example_dags/tutorial_objectstorage.py
[2025-02-23T20:31:57.536+0000] {logging_mixin.py:190} INFO - [2025-02-23T20:31:57.536+0000] {dag.py:3239} INFO - Sync 1 DAGs
[2025-02-23T20:31:57.562+0000] {logging_mixin.py:190} INFO - [2025-02-23T20:31:57.562+0000] {dag.py:4180} INFO - Setting next_dagrun for tutorial_objectstorage to None, run_after=None
[2025-02-23T20:31:57.586+0000] {processor.py:208} INFO - Processing /home/airflow/.local/lib/python3.12/site-packages/airflow/example_dags/tutorial_objectstorage.py took 0.097 seconds
[2025-02-23T20:32:28.659+0000] {processor.py:186} INFO - Started process (PID=971) to work on /home/airflow/.local/lib/python3.12/site-packages/airflow/example_dags/tutorial_objectstorage.py
[2025-02-23T20:32:28.661+0000] {processor.py:914} INFO - Processing file /home/airflow/.local/lib/python3.12/site-packages/airflow/example_dags/tutorial_objectstorage.py for tasks to queue
[2025-02-23T20:32:28.664+0000] {logging_mixin.py:190} INFO - [2025-02-23T20:32:28.664+0000] {dagbag.py:588} INFO - Filling up the DagBag from /home/airflow/.local/lib/python3.12/site-packages/airflow/example_dags/tutorial_objectstorage.py
[2025-02-23T20:32:28.679+0000] {processor.py:925} INFO - DAG(s) 'tutorial_objectstorage' retrieved from /home/airflow/.local/lib/python3.12/site-packages/airflow/example_dags/tutorial_objectstorage.py
[2025-02-23T20:32:28.710+0000] {logging_mixin.py:190} INFO - [2025-02-23T20:32:28.710+0000] {dag.py:3239} INFO - Sync 1 DAGs
[2025-02-23T20:32:28.734+0000] {logging_mixin.py:190} INFO - [2025-02-23T20:32:28.733+0000] {dag.py:4180} INFO - Setting next_dagrun for tutorial_objectstorage to None, run_after=None
[2025-02-23T20:32:28.759+0000] {processor.py:208} INFO - Processing /home/airflow/.local/lib/python3.12/site-packages/airflow/example_dags/tutorial_objectstorage.py took 0.107 seconds
[2025-02-23T20:32:59.197+0000] {processor.py:186} INFO - Started process (PID=1034) to work on /home/airflow/.local/lib/python3.12/site-packages/airflow/example_dags/tutorial_objectstorage.py
[2025-02-23T20:32:59.199+0000] {processor.py:914} INFO - Processing file /home/airflow/.local/lib/python3.12/site-packages/airflow/example_dags/tutorial_objectstorage.py for tasks to queue
[2025-02-23T20:32:59.202+0000] {logging_mixin.py:190} INFO - [2025-02-23T20:32:59.202+0000] {dagbag.py:588} INFO - Filling up the DagBag from /home/airflow/.local/lib/python3.12/site-packages/airflow/example_dags/tutorial_objectstorage.py
[2025-02-23T20:32:59.213+0000] {processor.py:925} INFO - DAG(s) 'tutorial_objectstorage' retrieved from /home/airflow/.local/lib/python3.12/site-packages/airflow/example_dags/tutorial_objectstorage.py
[2025-02-23T20:32:59.237+0000] {logging_mixin.py:190} INFO - [2025-02-23T20:32:59.237+0000] {dag.py:3239} INFO - Sync 1 DAGs
[2025-02-23T20:32:59.258+0000] {logging_mixin.py:190} INFO - [2025-02-23T20:32:59.258+0000] {dag.py:4180} INFO - Setting next_dagrun for tutorial_objectstorage to None, run_after=None
[2025-02-23T20:32:59.284+0000] {processor.py:208} INFO - Processing /home/airflow/.local/lib/python3.12/site-packages/airflow/example_dags/tutorial_objectstorage.py took 0.094 seconds
[2025-02-23T20:33:30.408+0000] {processor.py:186} INFO - Started process (PID=1097) to work on /home/airflow/.local/lib/python3.12/site-packages/airflow/example_dags/tutorial_objectstorage.py
[2025-02-23T20:33:30.409+0000] {processor.py:914} INFO - Processing file /home/airflow/.local/lib/python3.12/site-packages/airflow/example_dags/tutorial_objectstorage.py for tasks to queue
[2025-02-23T20:33:30.412+0000] {logging_mixin.py:190} INFO - [2025-02-23T20:33:30.411+0000] {dagbag.py:588} INFO - Filling up the DagBag from /home/airflow/.local/lib/python3.12/site-packages/airflow/example_dags/tutorial_objectstorage.py
[2025-02-23T20:33:30.423+0000] {processor.py:925} INFO - DAG(s) 'tutorial_objectstorage' retrieved from /home/airflow/.local/lib/python3.12/site-packages/airflow/example_dags/tutorial_objectstorage.py
[2025-02-23T20:33:30.453+0000] {logging_mixin.py:190} INFO - [2025-02-23T20:33:30.453+0000] {dag.py:3239} INFO - Sync 1 DAGs
[2025-02-23T20:33:30.479+0000] {logging_mixin.py:190} INFO - [2025-02-23T20:33:30.479+0000] {dag.py:4180} INFO - Setting next_dagrun for tutorial_objectstorage to None, run_after=None
[2025-02-23T20:33:30.507+0000] {processor.py:208} INFO - Processing /home/airflow/.local/lib/python3.12/site-packages/airflow/example_dags/tutorial_objectstorage.py took 0.107 seconds
[2025-02-23T20:34:01.726+0000] {processor.py:186} INFO - Started process (PID=1160) to work on /home/airflow/.local/lib/python3.12/site-packages/airflow/example_dags/tutorial_objectstorage.py
[2025-02-23T20:34:01.728+0000] {processor.py:914} INFO - Processing file /home/airflow/.local/lib/python3.12/site-packages/airflow/example_dags/tutorial_objectstorage.py for tasks to queue
[2025-02-23T20:34:01.731+0000] {logging_mixin.py:190} INFO - [2025-02-23T20:34:01.730+0000] {dagbag.py:588} INFO - Filling up the DagBag from /home/airflow/.local/lib/python3.12/site-packages/airflow/example_dags/tutorial_objectstorage.py
[2025-02-23T20:34:01.745+0000] {processor.py:925} INFO - DAG(s) 'tutorial_objectstorage' retrieved from /home/airflow/.local/lib/python3.12/site-packages/airflow/example_dags/tutorial_objectstorage.py
[2025-02-23T20:34:01.772+0000] {logging_mixin.py:190} INFO - [2025-02-23T20:34:01.772+0000] {dag.py:3239} INFO - Sync 1 DAGs
[2025-02-23T20:34:01.792+0000] {logging_mixin.py:190} INFO - [2025-02-23T20:34:01.792+0000] {dag.py:4180} INFO - Setting next_dagrun for tutorial_objectstorage to None, run_after=None
[2025-02-23T20:34:01.817+0000] {processor.py:208} INFO - Processing /home/airflow/.local/lib/python3.12/site-packages/airflow/example_dags/tutorial_objectstorage.py took 0.098 seconds
[2025-02-23T20:34:32.942+0000] {processor.py:186} INFO - Started process (PID=1223) to work on /home/airflow/.local/lib/python3.12/site-packages/airflow/example_dags/tutorial_objectstorage.py
[2025-02-23T20:34:32.944+0000] {processor.py:914} INFO - Processing file /home/airflow/.local/lib/python3.12/site-packages/airflow/example_dags/tutorial_objectstorage.py for tasks to queue
[2025-02-23T20:34:32.946+0000] {logging_mixin.py:190} INFO - [2025-02-23T20:34:32.946+0000] {dagbag.py:588} INFO - Filling up the DagBag from /home/airflow/.local/lib/python3.12/site-packages/airflow/example_dags/tutorial_objectstorage.py
[2025-02-23T20:34:32.957+0000] {processor.py:925} INFO - DAG(s) 'tutorial_objectstorage' retrieved from /home/airflow/.local/lib/python3.12/site-packages/airflow/example_dags/tutorial_objectstorage.py
[2025-02-23T20:34:32.981+0000] {logging_mixin.py:190} INFO - [2025-02-23T20:34:32.981+0000] {dag.py:3239} INFO - Sync 1 DAGs
[2025-02-23T20:34:33.001+0000] {logging_mixin.py:190} INFO - [2025-02-23T20:34:33.001+0000] {dag.py:4180} INFO - Setting next_dagrun for tutorial_objectstorage to None, run_after=None
[2025-02-23T20:34:33.026+0000] {processor.py:208} INFO - Processing /home/airflow/.local/lib/python3.12/site-packages/airflow/example_dags/tutorial_objectstorage.py took 0.090 seconds
[2025-02-23T20:35:04.181+0000] {processor.py:186} INFO - Started process (PID=1286) to work on /home/airflow/.local/lib/python3.12/site-packages/airflow/example_dags/tutorial_objectstorage.py
[2025-02-23T20:35:04.182+0000] {processor.py:914} INFO - Processing file /home/airflow/.local/lib/python3.12/site-packages/airflow/example_dags/tutorial_objectstorage.py for tasks to queue
[2025-02-23T20:35:04.186+0000] {logging_mixin.py:190} INFO - [2025-02-23T20:35:04.185+0000] {dagbag.py:588} INFO - Filling up the DagBag from /home/airflow/.local/lib/python3.12/site-packages/airflow/example_dags/tutorial_objectstorage.py
[2025-02-23T20:35:04.198+0000] {processor.py:925} INFO - DAG(s) 'tutorial_objectstorage' retrieved from /home/airflow/.local/lib/python3.12/site-packages/airflow/example_dags/tutorial_objectstorage.py
[2025-02-23T20:35:04.224+0000] {logging_mixin.py:190} INFO - [2025-02-23T20:35:04.224+0000] {dag.py:3239} INFO - Sync 1 DAGs
[2025-02-23T20:35:04.248+0000] {logging_mixin.py:190} INFO - [2025-02-23T20:35:04.247+0000] {dag.py:4180} INFO - Setting next_dagrun for tutorial_objectstorage to None, run_after=None
[2025-02-23T20:35:04.275+0000] {processor.py:208} INFO - Processing /home/airflow/.local/lib/python3.12/site-packages/airflow/example_dags/tutorial_objectstorage.py took 0.103 seconds
[2025-02-23T20:35:34.575+0000] {processor.py:186} INFO - Started process (PID=1349) to work on /home/airflow/.local/lib/python3.12/site-packages/airflow/example_dags/tutorial_objectstorage.py
[2025-02-23T20:35:34.577+0000] {processor.py:914} INFO - Processing file /home/airflow/.local/lib/python3.12/site-packages/airflow/example_dags/tutorial_objectstorage.py for tasks to queue
[2025-02-23T20:35:34.581+0000] {logging_mixin.py:190} INFO - [2025-02-23T20:35:34.580+0000] {dagbag.py:588} INFO - Filling up the DagBag from /home/airflow/.local/lib/python3.12/site-packages/airflow/example_dags/tutorial_objectstorage.py
[2025-02-23T20:35:34.592+0000] {processor.py:925} INFO - DAG(s) 'tutorial_objectstorage' retrieved from /home/airflow/.local/lib/python3.12/site-packages/airflow/example_dags/tutorial_objectstorage.py
[2025-02-23T20:35:34.617+0000] {logging_mixin.py:190} INFO - [2025-02-23T20:35:34.617+0000] {dag.py:3239} INFO - Sync 1 DAGs
[2025-02-23T20:35:34.638+0000] {logging_mixin.py:190} INFO - [2025-02-23T20:35:34.638+0000] {dag.py:4180} INFO - Setting next_dagrun for tutorial_objectstorage to None, run_after=None
[2025-02-23T20:35:34.665+0000] {processor.py:208} INFO - Processing /home/airflow/.local/lib/python3.12/site-packages/airflow/example_dags/tutorial_objectstorage.py took 0.097 seconds
[2025-02-23T20:36:05.800+0000] {processor.py:186} INFO - Started process (PID=1412) to work on /home/airflow/.local/lib/python3.12/site-packages/airflow/example_dags/tutorial_objectstorage.py
[2025-02-23T20:36:05.802+0000] {processor.py:914} INFO - Processing file /home/airflow/.local/lib/python3.12/site-packages/airflow/example_dags/tutorial_objectstorage.py for tasks to queue
[2025-02-23T20:36:05.805+0000] {logging_mixin.py:190} INFO - [2025-02-23T20:36:05.804+0000] {dagbag.py:588} INFO - Filling up the DagBag from /home/airflow/.local/lib/python3.12/site-packages/airflow/example_dags/tutorial_objectstorage.py
[2025-02-23T20:36:05.817+0000] {processor.py:925} INFO - DAG(s) 'tutorial_objectstorage' retrieved from /home/airflow/.local/lib/python3.12/site-packages/airflow/example_dags/tutorial_objectstorage.py
[2025-02-23T20:36:05.842+0000] {logging_mixin.py:190} INFO - [2025-02-23T20:36:05.842+0000] {dag.py:3239} INFO - Sync 1 DAGs
[2025-02-23T20:36:05.861+0000] {logging_mixin.py:190} INFO - [2025-02-23T20:36:05.861+0000] {dag.py:4180} INFO - Setting next_dagrun for tutorial_objectstorage to None, run_after=None
[2025-02-23T20:36:05.888+0000] {processor.py:208} INFO - Processing /home/airflow/.local/lib/python3.12/site-packages/airflow/example_dags/tutorial_objectstorage.py took 0.095 seconds
[2025-02-23T20:36:37.017+0000] {processor.py:186} INFO - Started process (PID=1476) to work on /home/airflow/.local/lib/python3.12/site-packages/airflow/example_dags/tutorial_objectstorage.py
[2025-02-23T20:36:37.018+0000] {processor.py:914} INFO - Processing file /home/airflow/.local/lib/python3.12/site-packages/airflow/example_dags/tutorial_objectstorage.py for tasks to queue
[2025-02-23T20:36:37.021+0000] {logging_mixin.py:190} INFO - [2025-02-23T20:36:37.021+0000] {dagbag.py:588} INFO - Filling up the DagBag from /home/airflow/.local/lib/python3.12/site-packages/airflow/example_dags/tutorial_objectstorage.py
[2025-02-23T20:36:37.033+0000] {processor.py:925} INFO - DAG(s) 'tutorial_objectstorage' retrieved from /home/airflow/.local/lib/python3.12/site-packages/airflow/example_dags/tutorial_objectstorage.py
[2025-02-23T20:36:37.060+0000] {logging_mixin.py:190} INFO - [2025-02-23T20:36:37.060+0000] {dag.py:3239} INFO - Sync 1 DAGs
[2025-02-23T20:36:37.081+0000] {logging_mixin.py:190} INFO - [2025-02-23T20:36:37.081+0000] {dag.py:4180} INFO - Setting next_dagrun for tutorial_objectstorage to None, run_after=None
[2025-02-23T20:36:37.106+0000] {processor.py:208} INFO - Processing /home/airflow/.local/lib/python3.12/site-packages/airflow/example_dags/tutorial_objectstorage.py took 0.097 seconds
[2025-02-23T20:37:08.178+0000] {processor.py:186} INFO - Started process (PID=1539) to work on /home/airflow/.local/lib/python3.12/site-packages/airflow/example_dags/tutorial_objectstorage.py
[2025-02-23T20:37:08.180+0000] {processor.py:914} INFO - Processing file /home/airflow/.local/lib/python3.12/site-packages/airflow/example_dags/tutorial_objectstorage.py for tasks to queue
[2025-02-23T20:37:08.183+0000] {logging_mixin.py:190} INFO - [2025-02-23T20:37:08.182+0000] {dagbag.py:588} INFO - Filling up the DagBag from /home/airflow/.local/lib/python3.12/site-packages/airflow/example_dags/tutorial_objectstorage.py
[2025-02-23T20:37:08.194+0000] {processor.py:925} INFO - DAG(s) 'tutorial_objectstorage' retrieved from /home/airflow/.local/lib/python3.12/site-packages/airflow/example_dags/tutorial_objectstorage.py
[2025-02-23T20:37:08.219+0000] {logging_mixin.py:190} INFO - [2025-02-23T20:37:08.219+0000] {dag.py:3239} INFO - Sync 1 DAGs
[2025-02-23T20:37:08.243+0000] {logging_mixin.py:190} INFO - [2025-02-23T20:37:08.243+0000] {dag.py:4180} INFO - Setting next_dagrun for tutorial_objectstorage to None, run_after=None
[2025-02-23T20:37:08.270+0000] {processor.py:208} INFO - Processing /home/airflow/.local/lib/python3.12/site-packages/airflow/example_dags/tutorial_objectstorage.py took 0.099 seconds
[2025-02-23T20:37:38.726+0000] {processor.py:186} INFO - Started process (PID=1602) to work on /home/airflow/.local/lib/python3.12/site-packages/airflow/example_dags/tutorial_objectstorage.py
[2025-02-23T20:37:38.728+0000] {processor.py:914} INFO - Processing file /home/airflow/.local/lib/python3.12/site-packages/airflow/example_dags/tutorial_objectstorage.py for tasks to queue
[2025-02-23T20:37:38.731+0000] {logging_mixin.py:190} INFO - [2025-02-23T20:37:38.731+0000] {dagbag.py:588} INFO - Filling up the DagBag from /home/airflow/.local/lib/python3.12/site-packages/airflow/example_dags/tutorial_objectstorage.py
[2025-02-23T20:37:38.742+0000] {processor.py:925} INFO - DAG(s) 'tutorial_objectstorage' retrieved from /home/airflow/.local/lib/python3.12/site-packages/airflow/example_dags/tutorial_objectstorage.py
[2025-02-23T20:37:38.767+0000] {logging_mixin.py:190} INFO - [2025-02-23T20:37:38.767+0000] {dag.py:3239} INFO - Sync 1 DAGs
[2025-02-23T20:37:38.786+0000] {logging_mixin.py:190} INFO - [2025-02-23T20:37:38.786+0000] {dag.py:4180} INFO - Setting next_dagrun for tutorial_objectstorage to None, run_after=None
[2025-02-23T20:37:38.809+0000] {processor.py:208} INFO - Processing /home/airflow/.local/lib/python3.12/site-packages/airflow/example_dags/tutorial_objectstorage.py took 0.090 seconds
[2025-02-23T20:38:09.588+0000] {processor.py:186} INFO - Started process (PID=1665) to work on /home/airflow/.local/lib/python3.12/site-packages/airflow/example_dags/tutorial_objectstorage.py
[2025-02-23T20:38:09.590+0000] {processor.py:914} INFO - Processing file /home/airflow/.local/lib/python3.12/site-packages/airflow/example_dags/tutorial_objectstorage.py for tasks to queue
[2025-02-23T20:38:09.593+0000] {logging_mixin.py:190} INFO - [2025-02-23T20:38:09.592+0000] {dagbag.py:588} INFO - Filling up the DagBag from /home/airflow/.local/lib/python3.12/site-packages/airflow/example_dags/tutorial_objectstorage.py
[2025-02-23T20:38:09.604+0000] {processor.py:925} INFO - DAG(s) 'tutorial_objectstorage' retrieved from /home/airflow/.local/lib/python3.12/site-packages/airflow/example_dags/tutorial_objectstorage.py
[2025-02-23T20:38:09.630+0000] {logging_mixin.py:190} INFO - [2025-02-23T20:38:09.630+0000] {dag.py:3239} INFO - Sync 1 DAGs
[2025-02-23T20:38:09.650+0000] {logging_mixin.py:190} INFO - [2025-02-23T20:38:09.650+0000] {dag.py:4180} INFO - Setting next_dagrun for tutorial_objectstorage to None, run_after=None
[2025-02-23T20:38:09.678+0000] {processor.py:208} INFO - Processing /home/airflow/.local/lib/python3.12/site-packages/airflow/example_dags/tutorial_objectstorage.py took 0.097 seconds
[2025-02-23T20:38:41.141+0000] {processor.py:186} INFO - Started process (PID=1728) to work on /home/airflow/.local/lib/python3.12/site-packages/airflow/example_dags/tutorial_objectstorage.py
[2025-02-23T20:38:41.143+0000] {processor.py:914} INFO - Processing file /home/airflow/.local/lib/python3.12/site-packages/airflow/example_dags/tutorial_objectstorage.py for tasks to queue
[2025-02-23T20:38:41.146+0000] {logging_mixin.py:190} INFO - [2025-02-23T20:38:41.145+0000] {dagbag.py:588} INFO - Filling up the DagBag from /home/airflow/.local/lib/python3.12/site-packages/airflow/example_dags/tutorial_objectstorage.py
[2025-02-23T20:38:41.160+0000] {processor.py:925} INFO - DAG(s) 'tutorial_objectstorage' retrieved from /home/airflow/.local/lib/python3.12/site-packages/airflow/example_dags/tutorial_objectstorage.py
[2025-02-23T20:38:41.193+0000] {logging_mixin.py:190} INFO - [2025-02-23T20:38:41.193+0000] {dag.py:3239} INFO - Sync 1 DAGs
[2025-02-23T20:38:41.218+0000] {logging_mixin.py:190} INFO - [2025-02-23T20:38:41.218+0000] {dag.py:4180} INFO - Setting next_dagrun for tutorial_objectstorage to None, run_after=None
[2025-02-23T20:38:41.249+0000] {processor.py:208} INFO - Processing /home/airflow/.local/lib/python3.12/site-packages/airflow/example_dags/tutorial_objectstorage.py took 0.117 seconds
[2025-02-23T20:39:12.264+0000] {processor.py:186} INFO - Started process (PID=1791) to work on /home/airflow/.local/lib/python3.12/site-packages/airflow/example_dags/tutorial_objectstorage.py
[2025-02-23T20:39:12.265+0000] {processor.py:914} INFO - Processing file /home/airflow/.local/lib/python3.12/site-packages/airflow/example_dags/tutorial_objectstorage.py for tasks to queue
[2025-02-23T20:39:12.268+0000] {logging_mixin.py:190} INFO - [2025-02-23T20:39:12.267+0000] {dagbag.py:588} INFO - Filling up the DagBag from /home/airflow/.local/lib/python3.12/site-packages/airflow/example_dags/tutorial_objectstorage.py
[2025-02-23T20:39:12.280+0000] {processor.py:925} INFO - DAG(s) 'tutorial_objectstorage' retrieved from /home/airflow/.local/lib/python3.12/site-packages/airflow/example_dags/tutorial_objectstorage.py
[2025-02-23T20:39:12.305+0000] {logging_mixin.py:190} INFO - [2025-02-23T20:39:12.305+0000] {dag.py:3239} INFO - Sync 1 DAGs
[2025-02-23T20:39:12.326+0000] {logging_mixin.py:190} INFO - [2025-02-23T20:39:12.326+0000] {dag.py:4180} INFO - Setting next_dagrun for tutorial_objectstorage to None, run_after=None
[2025-02-23T20:39:12.351+0000] {processor.py:208} INFO - Processing /home/airflow/.local/lib/python3.12/site-packages/airflow/example_dags/tutorial_objectstorage.py took 0.095 seconds
[2025-02-23T20:39:42.732+0000] {processor.py:186} INFO - Started process (PID=1854) to work on /home/airflow/.local/lib/python3.12/site-packages/airflow/example_dags/tutorial_objectstorage.py
[2025-02-23T20:39:42.734+0000] {processor.py:914} INFO - Processing file /home/airflow/.local/lib/python3.12/site-packages/airflow/example_dags/tutorial_objectstorage.py for tasks to queue
[2025-02-23T20:39:42.737+0000] {logging_mixin.py:190} INFO - [2025-02-23T20:39:42.736+0000] {dagbag.py:588} INFO - Filling up the DagBag from /home/airflow/.local/lib/python3.12/site-packages/airflow/example_dags/tutorial_objectstorage.py
[2025-02-23T20:39:42.750+0000] {processor.py:925} INFO - DAG(s) 'tutorial_objectstorage' retrieved from /home/airflow/.local/lib/python3.12/site-packages/airflow/example_dags/tutorial_objectstorage.py
[2025-02-23T20:39:42.777+0000] {logging_mixin.py:190} INFO - [2025-02-23T20:39:42.776+0000] {dag.py:3239} INFO - Sync 1 DAGs
[2025-02-23T20:39:42.797+0000] {logging_mixin.py:190} INFO - [2025-02-23T20:39:42.797+0000] {dag.py:4180} INFO - Setting next_dagrun for tutorial_objectstorage to None, run_after=None
[2025-02-23T20:39:42.823+0000] {processor.py:208} INFO - Processing /home/airflow/.local/lib/python3.12/site-packages/airflow/example_dags/tutorial_objectstorage.py took 0.099 seconds
[2025-02-23T20:40:14.310+0000] {processor.py:186} INFO - Started process (PID=1917) to work on /home/airflow/.local/lib/python3.12/site-packages/airflow/example_dags/tutorial_objectstorage.py
[2025-02-23T20:40:14.312+0000] {processor.py:914} INFO - Processing file /home/airflow/.local/lib/python3.12/site-packages/airflow/example_dags/tutorial_objectstorage.py for tasks to queue
[2025-02-23T20:40:14.315+0000] {logging_mixin.py:190} INFO - [2025-02-23T20:40:14.314+0000] {dagbag.py:588} INFO - Filling up the DagBag from /home/airflow/.local/lib/python3.12/site-packages/airflow/example_dags/tutorial_objectstorage.py
[2025-02-23T20:40:14.328+0000] {processor.py:925} INFO - DAG(s) 'tutorial_objectstorage' retrieved from /home/airflow/.local/lib/python3.12/site-packages/airflow/example_dags/tutorial_objectstorage.py
[2025-02-23T20:40:14.354+0000] {logging_mixin.py:190} INFO - [2025-02-23T20:40:14.354+0000] {dag.py:3239} INFO - Sync 1 DAGs
[2025-02-23T20:40:14.375+0000] {logging_mixin.py:190} INFO - [2025-02-23T20:40:14.374+0000] {dag.py:4180} INFO - Setting next_dagrun for tutorial_objectstorage to None, run_after=None
[2025-02-23T20:40:14.402+0000] {processor.py:208} INFO - Processing /home/airflow/.local/lib/python3.12/site-packages/airflow/example_dags/tutorial_objectstorage.py took 0.101 seconds
[2025-02-23T20:40:44.836+0000] {processor.py:186} INFO - Started process (PID=1980) to work on /home/airflow/.local/lib/python3.12/site-packages/airflow/example_dags/tutorial_objectstorage.py
[2025-02-23T20:40:44.838+0000] {processor.py:914} INFO - Processing file /home/airflow/.local/lib/python3.12/site-packages/airflow/example_dags/tutorial_objectstorage.py for tasks to queue
[2025-02-23T20:40:44.841+0000] {logging_mixin.py:190} INFO - [2025-02-23T20:40:44.840+0000] {dagbag.py:588} INFO - Filling up the DagBag from /home/airflow/.local/lib/python3.12/site-packages/airflow/example_dags/tutorial_objectstorage.py
[2025-02-23T20:40:44.852+0000] {processor.py:925} INFO - DAG(s) 'tutorial_objectstorage' retrieved from /home/airflow/.local/lib/python3.12/site-packages/airflow/example_dags/tutorial_objectstorage.py
[2025-02-23T20:40:44.877+0000] {logging_mixin.py:190} INFO - [2025-02-23T20:40:44.877+0000] {dag.py:3239} INFO - Sync 1 DAGs
[2025-02-23T20:40:44.897+0000] {logging_mixin.py:190} INFO - [2025-02-23T20:40:44.897+0000] {dag.py:4180} INFO - Setting next_dagrun for tutorial_objectstorage to None, run_after=None
[2025-02-23T20:40:44.927+0000] {processor.py:208} INFO - Processing /home/airflow/.local/lib/python3.12/site-packages/airflow/example_dags/tutorial_objectstorage.py took 0.098 seconds
[2025-02-23T20:41:16.159+0000] {processor.py:186} INFO - Started process (PID=2043) to work on /home/airflow/.local/lib/python3.12/site-packages/airflow/example_dags/tutorial_objectstorage.py
[2025-02-23T20:41:16.160+0000] {processor.py:914} INFO - Processing file /home/airflow/.local/lib/python3.12/site-packages/airflow/example_dags/tutorial_objectstorage.py for tasks to queue
[2025-02-23T20:41:16.163+0000] {logging_mixin.py:190} INFO - [2025-02-23T20:41:16.163+0000] {dagbag.py:588} INFO - Filling up the DagBag from /home/airflow/.local/lib/python3.12/site-packages/airflow/example_dags/tutorial_objectstorage.py
[2025-02-23T20:41:16.175+0000] {processor.py:925} INFO - DAG(s) 'tutorial_objectstorage' retrieved from /home/airflow/.local/lib/python3.12/site-packages/airflow/example_dags/tutorial_objectstorage.py
[2025-02-23T20:41:16.200+0000] {logging_mixin.py:190} INFO - [2025-02-23T20:41:16.200+0000] {dag.py:3239} INFO - Sync 1 DAGs
[2025-02-23T20:41:16.222+0000] {logging_mixin.py:190} INFO - [2025-02-23T20:41:16.221+0000] {dag.py:4180} INFO - Setting next_dagrun for tutorial_objectstorage to None, run_after=None
[2025-02-23T20:41:16.251+0000] {processor.py:208} INFO - Processing /home/airflow/.local/lib/python3.12/site-packages/airflow/example_dags/tutorial_objectstorage.py took 0.103 seconds
[2025-02-23T20:41:46.540+0000] {processor.py:186} INFO - Started process (PID=2106) to work on /home/airflow/.local/lib/python3.12/site-packages/airflow/example_dags/tutorial_objectstorage.py
[2025-02-23T20:41:46.542+0000] {processor.py:914} INFO - Processing file /home/airflow/.local/lib/python3.12/site-packages/airflow/example_dags/tutorial_objectstorage.py for tasks to queue
[2025-02-23T20:41:46.545+0000] {logging_mixin.py:190} INFO - [2025-02-23T20:41:46.544+0000] {dagbag.py:588} INFO - Filling up the DagBag from /home/airflow/.local/lib/python3.12/site-packages/airflow/example_dags/tutorial_objectstorage.py
[2025-02-23T20:41:46.558+0000] {processor.py:925} INFO - DAG(s) 'tutorial_objectstorage' retrieved from /home/airflow/.local/lib/python3.12/site-packages/airflow/example_dags/tutorial_objectstorage.py
[2025-02-23T20:41:46.586+0000] {logging_mixin.py:190} INFO - [2025-02-23T20:41:46.585+0000] {dag.py:3239} INFO - Sync 1 DAGs
[2025-02-23T20:41:46.606+0000] {logging_mixin.py:190} INFO - [2025-02-23T20:41:46.606+0000] {dag.py:4180} INFO - Setting next_dagrun for tutorial_objectstorage to None, run_after=None
[2025-02-23T20:41:46.633+0000] {processor.py:208} INFO - Processing /home/airflow/.local/lib/python3.12/site-packages/airflow/example_dags/tutorial_objectstorage.py took 0.101 seconds
[2025-02-23T20:42:18.271+0000] {processor.py:186} INFO - Started process (PID=2169) to work on /home/airflow/.local/lib/python3.12/site-packages/airflow/example_dags/tutorial_objectstorage.py
[2025-02-23T20:42:18.272+0000] {processor.py:914} INFO - Processing file /home/airflow/.local/lib/python3.12/site-packages/airflow/example_dags/tutorial_objectstorage.py for tasks to queue
[2025-02-23T20:42:18.275+0000] {logging_mixin.py:190} INFO - [2025-02-23T20:42:18.275+0000] {dagbag.py:588} INFO - Filling up the DagBag from /home/airflow/.local/lib/python3.12/site-packages/airflow/example_dags/tutorial_objectstorage.py
[2025-02-23T20:42:18.289+0000] {processor.py:925} INFO - DAG(s) 'tutorial_objectstorage' retrieved from /home/airflow/.local/lib/python3.12/site-packages/airflow/example_dags/tutorial_objectstorage.py
[2025-02-23T20:42:18.317+0000] {logging_mixin.py:190} INFO - [2025-02-23T20:42:18.317+0000] {dag.py:3239} INFO - Sync 1 DAGs
[2025-02-23T20:42:18.342+0000] {logging_mixin.py:190} INFO - [2025-02-23T20:42:18.342+0000] {dag.py:4180} INFO - Setting next_dagrun for tutorial_objectstorage to None, run_after=None
[2025-02-23T20:42:18.371+0000] {processor.py:208} INFO - Processing /home/airflow/.local/lib/python3.12/site-packages/airflow/example_dags/tutorial_objectstorage.py took 0.108 seconds
[2025-02-23T20:42:48.764+0000] {processor.py:186} INFO - Started process (PID=2232) to work on /home/airflow/.local/lib/python3.12/site-packages/airflow/example_dags/tutorial_objectstorage.py
[2025-02-23T20:42:48.766+0000] {processor.py:914} INFO - Processing file /home/airflow/.local/lib/python3.12/site-packages/airflow/example_dags/tutorial_objectstorage.py for tasks to queue
[2025-02-23T20:42:48.769+0000] {logging_mixin.py:190} INFO - [2025-02-23T20:42:48.769+0000] {dagbag.py:588} INFO - Filling up the DagBag from /home/airflow/.local/lib/python3.12/site-packages/airflow/example_dags/tutorial_objectstorage.py
[2025-02-23T20:42:48.784+0000] {processor.py:925} INFO - DAG(s) 'tutorial_objectstorage' retrieved from /home/airflow/.local/lib/python3.12/site-packages/airflow/example_dags/tutorial_objectstorage.py
[2025-02-23T20:42:48.811+0000] {logging_mixin.py:190} INFO - [2025-02-23T20:42:48.810+0000] {dag.py:3239} INFO - Sync 1 DAGs
[2025-02-23T20:42:48.835+0000] {logging_mixin.py:190} INFO - [2025-02-23T20:42:48.834+0000] {dag.py:4180} INFO - Setting next_dagrun for tutorial_objectstorage to None, run_after=None
[2025-02-23T20:42:48.863+0000] {processor.py:208} INFO - Processing /home/airflow/.local/lib/python3.12/site-packages/airflow/example_dags/tutorial_objectstorage.py took 0.107 seconds
[2025-02-23T20:43:19.996+0000] {processor.py:186} INFO - Started process (PID=2295) to work on /home/airflow/.local/lib/python3.12/site-packages/airflow/example_dags/tutorial_objectstorage.py
[2025-02-23T20:43:19.997+0000] {processor.py:914} INFO - Processing file /home/airflow/.local/lib/python3.12/site-packages/airflow/example_dags/tutorial_objectstorage.py for tasks to queue
[2025-02-23T20:43:20.000+0000] {logging_mixin.py:190} INFO - [2025-02-23T20:43:20.000+0000] {dagbag.py:588} INFO - Filling up the DagBag from /home/airflow/.local/lib/python3.12/site-packages/airflow/example_dags/tutorial_objectstorage.py
[2025-02-23T20:43:20.013+0000] {processor.py:925} INFO - DAG(s) 'tutorial_objectstorage' retrieved from /home/airflow/.local/lib/python3.12/site-packages/airflow/example_dags/tutorial_objectstorage.py
[2025-02-23T20:43:20.038+0000] {logging_mixin.py:190} INFO - [2025-02-23T20:43:20.037+0000] {dag.py:3239} INFO - Sync 1 DAGs
[2025-02-23T20:43:20.057+0000] {logging_mixin.py:190} INFO - [2025-02-23T20:43:20.057+0000] {dag.py:4180} INFO - Setting next_dagrun for tutorial_objectstorage to None, run_after=None
[2025-02-23T20:43:20.082+0000] {processor.py:208} INFO - Processing /home/airflow/.local/lib/python3.12/site-packages/airflow/example_dags/tutorial_objectstorage.py took 0.093 seconds
[2025-02-23T20:43:51.399+0000] {processor.py:186} INFO - Started process (PID=2359) to work on /home/airflow/.local/lib/python3.12/site-packages/airflow/example_dags/tutorial_objectstorage.py
[2025-02-23T20:43:51.400+0000] {processor.py:914} INFO - Processing file /home/airflow/.local/lib/python3.12/site-packages/airflow/example_dags/tutorial_objectstorage.py for tasks to queue
[2025-02-23T20:43:51.403+0000] {logging_mixin.py:190} INFO - [2025-02-23T20:43:51.402+0000] {dagbag.py:588} INFO - Filling up the DagBag from /home/airflow/.local/lib/python3.12/site-packages/airflow/example_dags/tutorial_objectstorage.py
[2025-02-23T20:43:51.416+0000] {processor.py:925} INFO - DAG(s) 'tutorial_objectstorage' retrieved from /home/airflow/.local/lib/python3.12/site-packages/airflow/example_dags/tutorial_objectstorage.py
[2025-02-23T20:43:51.444+0000] {logging_mixin.py:190} INFO - [2025-02-23T20:43:51.444+0000] {dag.py:3239} INFO - Sync 1 DAGs
[2025-02-23T20:43:51.467+0000] {logging_mixin.py:190} INFO - [2025-02-23T20:43:51.466+0000] {dag.py:4180} INFO - Setting next_dagrun for tutorial_objectstorage to None, run_after=None
[2025-02-23T20:43:51.494+0000] {processor.py:208} INFO - Processing /home/airflow/.local/lib/python3.12/site-packages/airflow/example_dags/tutorial_objectstorage.py took 0.103 seconds
[2025-02-23T20:44:21.735+0000] {processor.py:186} INFO - Started process (PID=2422) to work on /home/airflow/.local/lib/python3.12/site-packages/airflow/example_dags/tutorial_objectstorage.py
[2025-02-23T20:44:21.737+0000] {processor.py:914} INFO - Processing file /home/airflow/.local/lib/python3.12/site-packages/airflow/example_dags/tutorial_objectstorage.py for tasks to queue
[2025-02-23T20:44:21.740+0000] {logging_mixin.py:190} INFO - [2025-02-23T20:44:21.740+0000] {dagbag.py:588} INFO - Filling up the DagBag from /home/airflow/.local/lib/python3.12/site-packages/airflow/example_dags/tutorial_objectstorage.py
[2025-02-23T20:44:21.755+0000] {processor.py:925} INFO - DAG(s) 'tutorial_objectstorage' retrieved from /home/airflow/.local/lib/python3.12/site-packages/airflow/example_dags/tutorial_objectstorage.py
[2025-02-23T20:44:21.785+0000] {logging_mixin.py:190} INFO - [2025-02-23T20:44:21.785+0000] {dag.py:3239} INFO - Sync 1 DAGs
[2025-02-23T20:44:21.811+0000] {logging_mixin.py:190} INFO - [2025-02-23T20:44:21.811+0000] {dag.py:4180} INFO - Setting next_dagrun for tutorial_objectstorage to None, run_after=None
[2025-02-23T20:44:21.839+0000] {processor.py:208} INFO - Processing /home/airflow/.local/lib/python3.12/site-packages/airflow/example_dags/tutorial_objectstorage.py took 0.112 seconds
[2025-02-23T20:44:52.922+0000] {processor.py:186} INFO - Started process (PID=2486) to work on /home/airflow/.local/lib/python3.12/site-packages/airflow/example_dags/tutorial_objectstorage.py
[2025-02-23T20:44:52.924+0000] {processor.py:914} INFO - Processing file /home/airflow/.local/lib/python3.12/site-packages/airflow/example_dags/tutorial_objectstorage.py for tasks to queue
[2025-02-23T20:44:52.927+0000] {logging_mixin.py:190} INFO - [2025-02-23T20:44:52.927+0000] {dagbag.py:588} INFO - Filling up the DagBag from /home/airflow/.local/lib/python3.12/site-packages/airflow/example_dags/tutorial_objectstorage.py
[2025-02-23T20:44:52.940+0000] {processor.py:925} INFO - DAG(s) 'tutorial_objectstorage' retrieved from /home/airflow/.local/lib/python3.12/site-packages/airflow/example_dags/tutorial_objectstorage.py
[2025-02-23T20:44:52.965+0000] {logging_mixin.py:190} INFO - [2025-02-23T20:44:52.965+0000] {dag.py:3239} INFO - Sync 1 DAGs
[2025-02-23T20:44:52.984+0000] {logging_mixin.py:190} INFO - [2025-02-23T20:44:52.984+0000] {dag.py:4180} INFO - Setting next_dagrun for tutorial_objectstorage to None, run_after=None
[2025-02-23T20:44:53.012+0000] {processor.py:208} INFO - Processing /home/airflow/.local/lib/python3.12/site-packages/airflow/example_dags/tutorial_objectstorage.py took 0.096 seconds
[2025-02-23T20:45:24.512+0000] {processor.py:186} INFO - Started process (PID=2549) to work on /home/airflow/.local/lib/python3.12/site-packages/airflow/example_dags/tutorial_objectstorage.py
[2025-02-23T20:45:24.514+0000] {processor.py:914} INFO - Processing file /home/airflow/.local/lib/python3.12/site-packages/airflow/example_dags/tutorial_objectstorage.py for tasks to queue
[2025-02-23T20:45:24.517+0000] {logging_mixin.py:190} INFO - [2025-02-23T20:45:24.517+0000] {dagbag.py:588} INFO - Filling up the DagBag from /home/airflow/.local/lib/python3.12/site-packages/airflow/example_dags/tutorial_objectstorage.py
[2025-02-23T20:45:24.531+0000] {processor.py:925} INFO - DAG(s) 'tutorial_objectstorage' retrieved from /home/airflow/.local/lib/python3.12/site-packages/airflow/example_dags/tutorial_objectstorage.py
[2025-02-23T20:45:24.557+0000] {logging_mixin.py:190} INFO - [2025-02-23T20:45:24.557+0000] {dag.py:3239} INFO - Sync 1 DAGs
[2025-02-23T20:45:24.581+0000] {logging_mixin.py:190} INFO - [2025-02-23T20:45:24.581+0000] {dag.py:4180} INFO - Setting next_dagrun for tutorial_objectstorage to None, run_after=None
[2025-02-23T20:45:24.610+0000] {processor.py:208} INFO - Processing /home/airflow/.local/lib/python3.12/site-packages/airflow/example_dags/tutorial_objectstorage.py took 0.108 seconds
