[2025-02-23T20:25:20.187+0000] {processor.py:186} INFO - Started process (PID=115) to work on /home/airflow/.local/lib/python3.12/site-packages/airflow/example_dags/tutorial.py
[2025-02-23T20:25:20.188+0000] {processor.py:914} INFO - Processing file /home/airflow/.local/lib/python3.12/site-packages/airflow/example_dags/tutorial.py for tasks to queue
[2025-02-23T20:25:20.192+0000] {logging_mixin.py:190} INFO - [2025-02-23T20:25:20.191+0000] {dagbag.py:588} INFO - Filling up the DagBag from /home/airflow/.local/lib/python3.12/site-packages/airflow/example_dags/tutorial.py
[2025-02-23T20:25:20.205+0000] {processor.py:925} INFO - DAG(s) 'tutorial' retrieved from /home/airflow/.local/lib/python3.12/site-packages/airflow/example_dags/tutorial.py
[2025-02-23T20:25:20.396+0000] {logging_mixin.py:190} INFO - [2025-02-23T20:25:20.395+0000] {override.py:1912} INFO - Created Permission View: can read on DAG:tutorial
[2025-02-23T20:25:20.420+0000] {logging_mixin.py:190} INFO - [2025-02-23T20:25:20.420+0000] {override.py:1912} INFO - Created Permission View: can delete on DAG:tutorial
[2025-02-23T20:25:20.438+0000] {logging_mixin.py:190} INFO - [2025-02-23T20:25:20.438+0000] {override.py:1912} INFO - Created Permission View: can edit on DAG:tutorial
[2025-02-23T20:25:20.454+0000] {logging_mixin.py:190} INFO - [2025-02-23T20:25:20.454+0000] {override.py:1912} INFO - Created Permission View: can create on DAG Run:tutorial
[2025-02-23T20:25:20.467+0000] {logging_mixin.py:190} INFO - [2025-02-23T20:25:20.467+0000] {override.py:1912} INFO - Created Permission View: can read on DAG Run:tutorial
[2025-02-23T20:25:20.482+0000] {logging_mixin.py:190} INFO - [2025-02-23T20:25:20.482+0000] {override.py:1912} INFO - Created Permission View: can delete on DAG Run:tutorial
[2025-02-23T20:25:20.492+0000] {logging_mixin.py:190} INFO - [2025-02-23T20:25:20.492+0000] {override.py:1912} INFO - Created Permission View: menu access on DAG Run:tutorial
[2025-02-23T20:25:20.493+0000] {logging_mixin.py:190} INFO - [2025-02-23T20:25:20.493+0000] {dag.py:3239} INFO - Sync 1 DAGs
[2025-02-23T20:25:20.519+0000] {logging_mixin.py:190} INFO - [2025-02-23T20:25:20.519+0000] {dag.py:3262} INFO - Creating ORM DAG for tutorial
[2025-02-23T20:25:20.535+0000] {logging_mixin.py:190} INFO - [2025-02-23T20:25:20.534+0000] {dag.py:4180} INFO - Setting next_dagrun for tutorial to 2025-02-22 00:00:00+00:00, run_after=2025-02-23 00:00:00+00:00
[2025-02-23T20:25:20.558+0000] {processor.py:208} INFO - Processing /home/airflow/.local/lib/python3.12/site-packages/airflow/example_dags/tutorial.py took 0.388 seconds
[2025-02-23T20:25:51.185+0000] {processor.py:186} INFO - Started process (PID=178) to work on /home/airflow/.local/lib/python3.12/site-packages/airflow/example_dags/tutorial.py
[2025-02-23T20:25:51.187+0000] {processor.py:914} INFO - Processing file /home/airflow/.local/lib/python3.12/site-packages/airflow/example_dags/tutorial.py for tasks to queue
[2025-02-23T20:25:51.191+0000] {logging_mixin.py:190} INFO - [2025-02-23T20:25:51.191+0000] {dagbag.py:588} INFO - Filling up the DagBag from /home/airflow/.local/lib/python3.12/site-packages/airflow/example_dags/tutorial.py
[2025-02-23T20:25:51.209+0000] {processor.py:925} INFO - DAG(s) 'tutorial' retrieved from /home/airflow/.local/lib/python3.12/site-packages/airflow/example_dags/tutorial.py
[2025-02-23T20:25:51.244+0000] {logging_mixin.py:190} INFO - [2025-02-23T20:25:51.244+0000] {dag.py:3239} INFO - Sync 1 DAGs
[2025-02-23T20:25:51.287+0000] {logging_mixin.py:190} INFO - [2025-02-23T20:25:51.287+0000] {dag.py:4180} INFO - Setting next_dagrun for tutorial to 2025-02-22 00:00:00+00:00, run_after=2025-02-23 00:00:00+00:00
[2025-02-23T20:25:51.317+0000] {processor.py:208} INFO - Processing /home/airflow/.local/lib/python3.12/site-packages/airflow/example_dags/tutorial.py took 0.146 seconds
[2025-02-23T20:26:21.752+0000] {processor.py:186} INFO - Started process (PID=240) to work on /home/airflow/.local/lib/python3.12/site-packages/airflow/example_dags/tutorial.py
[2025-02-23T20:26:21.754+0000] {processor.py:914} INFO - Processing file /home/airflow/.local/lib/python3.12/site-packages/airflow/example_dags/tutorial.py for tasks to queue
[2025-02-23T20:26:21.757+0000] {logging_mixin.py:190} INFO - [2025-02-23T20:26:21.756+0000] {dagbag.py:588} INFO - Filling up the DagBag from /home/airflow/.local/lib/python3.12/site-packages/airflow/example_dags/tutorial.py
[2025-02-23T20:26:21.766+0000] {processor.py:925} INFO - DAG(s) 'tutorial' retrieved from /home/airflow/.local/lib/python3.12/site-packages/airflow/example_dags/tutorial.py
[2025-02-23T20:26:21.792+0000] {logging_mixin.py:190} INFO - [2025-02-23T20:26:21.792+0000] {dag.py:3239} INFO - Sync 1 DAGs
[2025-02-23T20:26:21.826+0000] {logging_mixin.py:190} INFO - [2025-02-23T20:26:21.825+0000] {dag.py:4180} INFO - Setting next_dagrun for tutorial to 2025-02-22 00:00:00+00:00, run_after=2025-02-23 00:00:00+00:00
[2025-02-23T20:26:21.854+0000] {processor.py:208} INFO - Processing /home/airflow/.local/lib/python3.12/site-packages/airflow/example_dags/tutorial.py took 0.109 seconds
[2025-02-23T20:26:51.975+0000] {processor.py:186} INFO - Started process (PID=303) to work on /home/airflow/.local/lib/python3.12/site-packages/airflow/example_dags/tutorial.py
[2025-02-23T20:26:51.977+0000] {processor.py:914} INFO - Processing file /home/airflow/.local/lib/python3.12/site-packages/airflow/example_dags/tutorial.py for tasks to queue
[2025-02-23T20:26:51.981+0000] {logging_mixin.py:190} INFO - [2025-02-23T20:26:51.980+0000] {dagbag.py:588} INFO - Filling up the DagBag from /home/airflow/.local/lib/python3.12/site-packages/airflow/example_dags/tutorial.py
[2025-02-23T20:26:51.993+0000] {processor.py:925} INFO - DAG(s) 'tutorial' retrieved from /home/airflow/.local/lib/python3.12/site-packages/airflow/example_dags/tutorial.py
[2025-02-23T20:26:52.019+0000] {logging_mixin.py:190} INFO - [2025-02-23T20:26:52.018+0000] {dag.py:3239} INFO - Sync 1 DAGs
[2025-02-23T20:26:52.049+0000] {logging_mixin.py:190} INFO - [2025-02-23T20:26:52.049+0000] {dag.py:4180} INFO - Setting next_dagrun for tutorial to 2025-02-22 00:00:00+00:00, run_after=2025-02-23 00:00:00+00:00
[2025-02-23T20:26:52.076+0000] {processor.py:208} INFO - Processing /home/airflow/.local/lib/python3.12/site-packages/airflow/example_dags/tutorial.py took 0.109 seconds
[2025-02-23T20:27:22.285+0000] {processor.py:186} INFO - Started process (PID=366) to work on /home/airflow/.local/lib/python3.12/site-packages/airflow/example_dags/tutorial.py
[2025-02-23T20:27:22.287+0000] {processor.py:914} INFO - Processing file /home/airflow/.local/lib/python3.12/site-packages/airflow/example_dags/tutorial.py for tasks to queue
[2025-02-23T20:27:22.289+0000] {logging_mixin.py:190} INFO - [2025-02-23T20:27:22.289+0000] {dagbag.py:588} INFO - Filling up the DagBag from /home/airflow/.local/lib/python3.12/site-packages/airflow/example_dags/tutorial.py
[2025-02-23T20:27:22.302+0000] {processor.py:925} INFO - DAG(s) 'tutorial' retrieved from /home/airflow/.local/lib/python3.12/site-packages/airflow/example_dags/tutorial.py
[2025-02-23T20:27:22.331+0000] {logging_mixin.py:190} INFO - [2025-02-23T20:27:22.330+0000] {dag.py:3239} INFO - Sync 1 DAGs
[2025-02-23T20:27:22.366+0000] {logging_mixin.py:190} INFO - [2025-02-23T20:27:22.366+0000] {dag.py:4180} INFO - Setting next_dagrun for tutorial to 2025-02-22 00:00:00+00:00, run_after=2025-02-23 00:00:00+00:00
[2025-02-23T20:27:22.391+0000] {processor.py:208} INFO - Processing /home/airflow/.local/lib/python3.12/site-packages/airflow/example_dags/tutorial.py took 0.114 seconds
[2025-02-23T20:27:52.575+0000] {processor.py:186} INFO - Started process (PID=429) to work on /home/airflow/.local/lib/python3.12/site-packages/airflow/example_dags/tutorial.py
[2025-02-23T20:27:52.576+0000] {processor.py:914} INFO - Processing file /home/airflow/.local/lib/python3.12/site-packages/airflow/example_dags/tutorial.py for tasks to queue
[2025-02-23T20:27:52.579+0000] {logging_mixin.py:190} INFO - [2025-02-23T20:27:52.578+0000] {dagbag.py:588} INFO - Filling up the DagBag from /home/airflow/.local/lib/python3.12/site-packages/airflow/example_dags/tutorial.py
[2025-02-23T20:27:52.589+0000] {processor.py:925} INFO - DAG(s) 'tutorial' retrieved from /home/airflow/.local/lib/python3.12/site-packages/airflow/example_dags/tutorial.py
[2025-02-23T20:27:52.620+0000] {logging_mixin.py:190} INFO - [2025-02-23T20:27:52.620+0000] {dag.py:3239} INFO - Sync 1 DAGs
[2025-02-23T20:27:52.653+0000] {logging_mixin.py:190} INFO - [2025-02-23T20:27:52.653+0000] {dag.py:4180} INFO - Setting next_dagrun for tutorial to 2025-02-22 00:00:00+00:00, run_after=2025-02-23 00:00:00+00:00
[2025-02-23T20:27:52.683+0000] {processor.py:208} INFO - Processing /home/airflow/.local/lib/python3.12/site-packages/airflow/example_dags/tutorial.py took 0.117 seconds
[2025-02-23T20:28:23.834+0000] {processor.py:186} INFO - Started process (PID=492) to work on /home/airflow/.local/lib/python3.12/site-packages/airflow/example_dags/tutorial.py
[2025-02-23T20:28:23.835+0000] {processor.py:914} INFO - Processing file /home/airflow/.local/lib/python3.12/site-packages/airflow/example_dags/tutorial.py for tasks to queue
[2025-02-23T20:28:23.838+0000] {logging_mixin.py:190} INFO - [2025-02-23T20:28:23.838+0000] {dagbag.py:588} INFO - Filling up the DagBag from /home/airflow/.local/lib/python3.12/site-packages/airflow/example_dags/tutorial.py
[2025-02-23T20:28:23.851+0000] {processor.py:925} INFO - DAG(s) 'tutorial' retrieved from /home/airflow/.local/lib/python3.12/site-packages/airflow/example_dags/tutorial.py
[2025-02-23T20:28:23.886+0000] {logging_mixin.py:190} INFO - [2025-02-23T20:28:23.885+0000] {dag.py:3239} INFO - Sync 1 DAGs
[2025-02-23T20:28:23.928+0000] {logging_mixin.py:190} INFO - [2025-02-23T20:28:23.927+0000] {dag.py:4180} INFO - Setting next_dagrun for tutorial to 2025-02-22 00:00:00+00:00, run_after=2025-02-23 00:00:00+00:00
[2025-02-23T20:28:23.961+0000] {processor.py:208} INFO - Processing /home/airflow/.local/lib/python3.12/site-packages/airflow/example_dags/tutorial.py took 0.135 seconds
[2025-02-23T20:28:54.920+0000] {processor.py:186} INFO - Started process (PID=554) to work on /home/airflow/.local/lib/python3.12/site-packages/airflow/example_dags/tutorial.py
[2025-02-23T20:28:54.921+0000] {processor.py:914} INFO - Processing file /home/airflow/.local/lib/python3.12/site-packages/airflow/example_dags/tutorial.py for tasks to queue
[2025-02-23T20:28:54.924+0000] {logging_mixin.py:190} INFO - [2025-02-23T20:28:54.923+0000] {dagbag.py:588} INFO - Filling up the DagBag from /home/airflow/.local/lib/python3.12/site-packages/airflow/example_dags/tutorial.py
[2025-02-23T20:28:54.933+0000] {processor.py:925} INFO - DAG(s) 'tutorial' retrieved from /home/airflow/.local/lib/python3.12/site-packages/airflow/example_dags/tutorial.py
[2025-02-23T20:28:54.958+0000] {logging_mixin.py:190} INFO - [2025-02-23T20:28:54.957+0000] {dag.py:3239} INFO - Sync 1 DAGs
[2025-02-23T20:28:54.990+0000] {logging_mixin.py:190} INFO - [2025-02-23T20:28:54.989+0000] {dag.py:4180} INFO - Setting next_dagrun for tutorial to 2025-02-22 00:00:00+00:00, run_after=2025-02-23 00:00:00+00:00
[2025-02-23T20:28:55.016+0000] {processor.py:208} INFO - Processing /home/airflow/.local/lib/python3.12/site-packages/airflow/example_dags/tutorial.py took 0.103 seconds
[2025-02-23T20:29:25.843+0000] {processor.py:186} INFO - Started process (PID=617) to work on /home/airflow/.local/lib/python3.12/site-packages/airflow/example_dags/tutorial.py
[2025-02-23T20:29:25.844+0000] {processor.py:914} INFO - Processing file /home/airflow/.local/lib/python3.12/site-packages/airflow/example_dags/tutorial.py for tasks to queue
[2025-02-23T20:29:25.847+0000] {logging_mixin.py:190} INFO - [2025-02-23T20:29:25.846+0000] {dagbag.py:588} INFO - Filling up the DagBag from /home/airflow/.local/lib/python3.12/site-packages/airflow/example_dags/tutorial.py
[2025-02-23T20:29:25.857+0000] {processor.py:925} INFO - DAG(s) 'tutorial' retrieved from /home/airflow/.local/lib/python3.12/site-packages/airflow/example_dags/tutorial.py
[2025-02-23T20:29:25.883+0000] {logging_mixin.py:190} INFO - [2025-02-23T20:29:25.883+0000] {dag.py:3239} INFO - Sync 1 DAGs
[2025-02-23T20:29:25.916+0000] {logging_mixin.py:190} INFO - [2025-02-23T20:29:25.915+0000] {dag.py:4180} INFO - Setting next_dagrun for tutorial to 2025-02-22 00:00:00+00:00, run_after=2025-02-23 00:00:00+00:00
[2025-02-23T20:29:25.943+0000] {processor.py:208} INFO - Processing /home/airflow/.local/lib/python3.12/site-packages/airflow/example_dags/tutorial.py took 0.108 seconds
[2025-02-23T20:29:56.836+0000] {processor.py:186} INFO - Started process (PID=680) to work on /home/airflow/.local/lib/python3.12/site-packages/airflow/example_dags/tutorial.py
[2025-02-23T20:29:56.838+0000] {processor.py:914} INFO - Processing file /home/airflow/.local/lib/python3.12/site-packages/airflow/example_dags/tutorial.py for tasks to queue
[2025-02-23T20:29:56.842+0000] {logging_mixin.py:190} INFO - [2025-02-23T20:29:56.841+0000] {dagbag.py:588} INFO - Filling up the DagBag from /home/airflow/.local/lib/python3.12/site-packages/airflow/example_dags/tutorial.py
[2025-02-23T20:29:56.853+0000] {processor.py:925} INFO - DAG(s) 'tutorial' retrieved from /home/airflow/.local/lib/python3.12/site-packages/airflow/example_dags/tutorial.py
[2025-02-23T20:29:56.884+0000] {logging_mixin.py:190} INFO - [2025-02-23T20:29:56.883+0000] {dag.py:3239} INFO - Sync 1 DAGs
[2025-02-23T20:29:56.921+0000] {logging_mixin.py:190} INFO - [2025-02-23T20:29:56.920+0000] {dag.py:4180} INFO - Setting next_dagrun for tutorial to 2025-02-22 00:00:00+00:00, run_after=2025-02-23 00:00:00+00:00
[2025-02-23T20:29:56.947+0000] {processor.py:208} INFO - Processing /home/airflow/.local/lib/python3.12/site-packages/airflow/example_dags/tutorial.py took 0.121 seconds
[2025-02-23T20:30:27.892+0000] {processor.py:186} INFO - Started process (PID=743) to work on /home/airflow/.local/lib/python3.12/site-packages/airflow/example_dags/tutorial.py
[2025-02-23T20:30:27.894+0000] {processor.py:914} INFO - Processing file /home/airflow/.local/lib/python3.12/site-packages/airflow/example_dags/tutorial.py for tasks to queue
[2025-02-23T20:30:27.897+0000] {logging_mixin.py:190} INFO - [2025-02-23T20:30:27.897+0000] {dagbag.py:588} INFO - Filling up the DagBag from /home/airflow/.local/lib/python3.12/site-packages/airflow/example_dags/tutorial.py
[2025-02-23T20:30:27.907+0000] {processor.py:925} INFO - DAG(s) 'tutorial' retrieved from /home/airflow/.local/lib/python3.12/site-packages/airflow/example_dags/tutorial.py
[2025-02-23T20:30:27.935+0000] {logging_mixin.py:190} INFO - [2025-02-23T20:30:27.934+0000] {dag.py:3239} INFO - Sync 1 DAGs
[2025-02-23T20:30:27.967+0000] {logging_mixin.py:190} INFO - [2025-02-23T20:30:27.967+0000] {dag.py:4180} INFO - Setting next_dagrun for tutorial to 2025-02-22 00:00:00+00:00, run_after=2025-02-23 00:00:00+00:00
[2025-02-23T20:30:27.993+0000] {processor.py:208} INFO - Processing /home/airflow/.local/lib/python3.12/site-packages/airflow/example_dags/tutorial.py took 0.110 seconds
[2025-02-23T20:30:58.273+0000] {processor.py:186} INFO - Started process (PID=805) to work on /home/airflow/.local/lib/python3.12/site-packages/airflow/example_dags/tutorial.py
[2025-02-23T20:30:58.274+0000] {processor.py:914} INFO - Processing file /home/airflow/.local/lib/python3.12/site-packages/airflow/example_dags/tutorial.py for tasks to queue
[2025-02-23T20:30:58.278+0000] {logging_mixin.py:190} INFO - [2025-02-23T20:30:58.277+0000] {dagbag.py:588} INFO - Filling up the DagBag from /home/airflow/.local/lib/python3.12/site-packages/airflow/example_dags/tutorial.py
[2025-02-23T20:30:58.288+0000] {processor.py:925} INFO - DAG(s) 'tutorial' retrieved from /home/airflow/.local/lib/python3.12/site-packages/airflow/example_dags/tutorial.py
[2025-02-23T20:30:58.316+0000] {logging_mixin.py:190} INFO - [2025-02-23T20:30:58.316+0000] {dag.py:3239} INFO - Sync 1 DAGs
[2025-02-23T20:30:58.356+0000] {logging_mixin.py:190} INFO - [2025-02-23T20:30:58.355+0000] {dag.py:4180} INFO - Setting next_dagrun for tutorial to 2025-02-22 00:00:00+00:00, run_after=2025-02-23 00:00:00+00:00
[2025-02-23T20:30:58.381+0000] {processor.py:208} INFO - Processing /home/airflow/.local/lib/python3.12/site-packages/airflow/example_dags/tutorial.py took 0.115 seconds
[2025-02-23T20:31:29.444+0000] {processor.py:186} INFO - Started process (PID=868) to work on /home/airflow/.local/lib/python3.12/site-packages/airflow/example_dags/tutorial.py
[2025-02-23T20:31:29.445+0000] {processor.py:914} INFO - Processing file /home/airflow/.local/lib/python3.12/site-packages/airflow/example_dags/tutorial.py for tasks to queue
[2025-02-23T20:31:29.449+0000] {logging_mixin.py:190} INFO - [2025-02-23T20:31:29.448+0000] {dagbag.py:588} INFO - Filling up the DagBag from /home/airflow/.local/lib/python3.12/site-packages/airflow/example_dags/tutorial.py
[2025-02-23T20:31:29.461+0000] {processor.py:925} INFO - DAG(s) 'tutorial' retrieved from /home/airflow/.local/lib/python3.12/site-packages/airflow/example_dags/tutorial.py
[2025-02-23T20:31:29.493+0000] {logging_mixin.py:190} INFO - [2025-02-23T20:31:29.493+0000] {dag.py:3239} INFO - Sync 1 DAGs
[2025-02-23T20:31:29.529+0000] {logging_mixin.py:190} INFO - [2025-02-23T20:31:29.529+0000] {dag.py:4180} INFO - Setting next_dagrun for tutorial to 2025-02-22 00:00:00+00:00, run_after=2025-02-23 00:00:00+00:00
[2025-02-23T20:31:29.560+0000] {processor.py:208} INFO - Processing /home/airflow/.local/lib/python3.12/site-packages/airflow/example_dags/tutorial.py took 0.123 seconds
[2025-02-23T20:32:00.190+0000] {processor.py:186} INFO - Started process (PID=930) to work on /home/airflow/.local/lib/python3.12/site-packages/airflow/example_dags/tutorial.py
[2025-02-23T20:32:00.191+0000] {processor.py:914} INFO - Processing file /home/airflow/.local/lib/python3.12/site-packages/airflow/example_dags/tutorial.py for tasks to queue
[2025-02-23T20:32:00.194+0000] {logging_mixin.py:190} INFO - [2025-02-23T20:32:00.194+0000] {dagbag.py:588} INFO - Filling up the DagBag from /home/airflow/.local/lib/python3.12/site-packages/airflow/example_dags/tutorial.py
[2025-02-23T20:32:00.206+0000] {processor.py:925} INFO - DAG(s) 'tutorial' retrieved from /home/airflow/.local/lib/python3.12/site-packages/airflow/example_dags/tutorial.py
[2025-02-23T20:32:00.235+0000] {logging_mixin.py:190} INFO - [2025-02-23T20:32:00.235+0000] {dag.py:3239} INFO - Sync 1 DAGs
[2025-02-23T20:32:00.273+0000] {logging_mixin.py:190} INFO - [2025-02-23T20:32:00.272+0000] {dag.py:4180} INFO - Setting next_dagrun for tutorial to 2025-02-22 00:00:00+00:00, run_after=2025-02-23 00:00:00+00:00
[2025-02-23T20:32:00.298+0000] {processor.py:208} INFO - Processing /home/airflow/.local/lib/python3.12/site-packages/airflow/example_dags/tutorial.py took 0.118 seconds
[2025-02-23T20:32:30.645+0000] {processor.py:186} INFO - Started process (PID=993) to work on /home/airflow/.local/lib/python3.12/site-packages/airflow/example_dags/tutorial.py
[2025-02-23T20:32:30.647+0000] {processor.py:914} INFO - Processing file /home/airflow/.local/lib/python3.12/site-packages/airflow/example_dags/tutorial.py for tasks to queue
[2025-02-23T20:32:30.651+0000] {logging_mixin.py:190} INFO - [2025-02-23T20:32:30.650+0000] {dagbag.py:588} INFO - Filling up the DagBag from /home/airflow/.local/lib/python3.12/site-packages/airflow/example_dags/tutorial.py
[2025-02-23T20:32:30.663+0000] {processor.py:925} INFO - DAG(s) 'tutorial' retrieved from /home/airflow/.local/lib/python3.12/site-packages/airflow/example_dags/tutorial.py
[2025-02-23T20:32:30.692+0000] {logging_mixin.py:190} INFO - [2025-02-23T20:32:30.691+0000] {dag.py:3239} INFO - Sync 1 DAGs
[2025-02-23T20:32:30.730+0000] {logging_mixin.py:190} INFO - [2025-02-23T20:32:30.729+0000] {dag.py:4180} INFO - Setting next_dagrun for tutorial to 2025-02-22 00:00:00+00:00, run_after=2025-02-23 00:00:00+00:00
[2025-02-23T20:32:30.755+0000] {processor.py:208} INFO - Processing /home/airflow/.local/lib/python3.12/site-packages/airflow/example_dags/tutorial.py took 0.122 seconds
[2025-02-23T20:33:00.792+0000] {processor.py:186} INFO - Started process (PID=1055) to work on /home/airflow/.local/lib/python3.12/site-packages/airflow/example_dags/tutorial.py
[2025-02-23T20:33:00.793+0000] {processor.py:914} INFO - Processing file /home/airflow/.local/lib/python3.12/site-packages/airflow/example_dags/tutorial.py for tasks to queue
[2025-02-23T20:33:00.796+0000] {logging_mixin.py:190} INFO - [2025-02-23T20:33:00.796+0000] {dagbag.py:588} INFO - Filling up the DagBag from /home/airflow/.local/lib/python3.12/site-packages/airflow/example_dags/tutorial.py
[2025-02-23T20:33:00.806+0000] {processor.py:925} INFO - DAG(s) 'tutorial' retrieved from /home/airflow/.local/lib/python3.12/site-packages/airflow/example_dags/tutorial.py
[2025-02-23T20:33:00.834+0000] {logging_mixin.py:190} INFO - [2025-02-23T20:33:00.834+0000] {dag.py:3239} INFO - Sync 1 DAGs
[2025-02-23T20:33:00.866+0000] {logging_mixin.py:190} INFO - [2025-02-23T20:33:00.865+0000] {dag.py:4180} INFO - Setting next_dagrun for tutorial to 2025-02-22 00:00:00+00:00, run_after=2025-02-23 00:00:00+00:00
[2025-02-23T20:33:00.889+0000] {processor.py:208} INFO - Processing /home/airflow/.local/lib/python3.12/site-packages/airflow/example_dags/tutorial.py took 0.104 seconds
[2025-02-23T20:33:31.895+0000] {processor.py:186} INFO - Started process (PID=1118) to work on /home/airflow/.local/lib/python3.12/site-packages/airflow/example_dags/tutorial.py
[2025-02-23T20:33:31.896+0000] {processor.py:914} INFO - Processing file /home/airflow/.local/lib/python3.12/site-packages/airflow/example_dags/tutorial.py for tasks to queue
[2025-02-23T20:33:31.899+0000] {logging_mixin.py:190} INFO - [2025-02-23T20:33:31.898+0000] {dagbag.py:588} INFO - Filling up the DagBag from /home/airflow/.local/lib/python3.12/site-packages/airflow/example_dags/tutorial.py
[2025-02-23T20:33:31.908+0000] {processor.py:925} INFO - DAG(s) 'tutorial' retrieved from /home/airflow/.local/lib/python3.12/site-packages/airflow/example_dags/tutorial.py
[2025-02-23T20:33:31.935+0000] {logging_mixin.py:190} INFO - [2025-02-23T20:33:31.935+0000] {dag.py:3239} INFO - Sync 1 DAGs
[2025-02-23T20:33:31.972+0000] {logging_mixin.py:190} INFO - [2025-02-23T20:33:31.972+0000] {dag.py:4180} INFO - Setting next_dagrun for tutorial to 2025-02-22 00:00:00+00:00, run_after=2025-02-23 00:00:00+00:00
[2025-02-23T20:33:31.997+0000] {processor.py:208} INFO - Processing /home/airflow/.local/lib/python3.12/site-packages/airflow/example_dags/tutorial.py took 0.113 seconds
[2025-02-23T20:34:03.534+0000] {processor.py:186} INFO - Started process (PID=1181) to work on /home/airflow/.local/lib/python3.12/site-packages/airflow/example_dags/tutorial.py
[2025-02-23T20:34:03.536+0000] {processor.py:914} INFO - Processing file /home/airflow/.local/lib/python3.12/site-packages/airflow/example_dags/tutorial.py for tasks to queue
[2025-02-23T20:34:03.538+0000] {logging_mixin.py:190} INFO - [2025-02-23T20:34:03.538+0000] {dagbag.py:588} INFO - Filling up the DagBag from /home/airflow/.local/lib/python3.12/site-packages/airflow/example_dags/tutorial.py
[2025-02-23T20:34:03.548+0000] {processor.py:925} INFO - DAG(s) 'tutorial' retrieved from /home/airflow/.local/lib/python3.12/site-packages/airflow/example_dags/tutorial.py
[2025-02-23T20:34:03.575+0000] {logging_mixin.py:190} INFO - [2025-02-23T20:34:03.574+0000] {dag.py:3239} INFO - Sync 1 DAGs
[2025-02-23T20:34:03.611+0000] {logging_mixin.py:190} INFO - [2025-02-23T20:34:03.610+0000] {dag.py:4180} INFO - Setting next_dagrun for tutorial to 2025-02-22 00:00:00+00:00, run_after=2025-02-23 00:00:00+00:00
[2025-02-23T20:34:03.636+0000] {processor.py:208} INFO - Processing /home/airflow/.local/lib/python3.12/site-packages/airflow/example_dags/tutorial.py took 0.110 seconds
[2025-02-23T20:34:34.624+0000] {processor.py:186} INFO - Started process (PID=1244) to work on /home/airflow/.local/lib/python3.12/site-packages/airflow/example_dags/tutorial.py
[2025-02-23T20:34:34.625+0000] {processor.py:914} INFO - Processing file /home/airflow/.local/lib/python3.12/site-packages/airflow/example_dags/tutorial.py for tasks to queue
[2025-02-23T20:34:34.629+0000] {logging_mixin.py:190} INFO - [2025-02-23T20:34:34.628+0000] {dagbag.py:588} INFO - Filling up the DagBag from /home/airflow/.local/lib/python3.12/site-packages/airflow/example_dags/tutorial.py
[2025-02-23T20:34:34.640+0000] {processor.py:925} INFO - DAG(s) 'tutorial' retrieved from /home/airflow/.local/lib/python3.12/site-packages/airflow/example_dags/tutorial.py
[2025-02-23T20:34:34.669+0000] {logging_mixin.py:190} INFO - [2025-02-23T20:34:34.668+0000] {dag.py:3239} INFO - Sync 1 DAGs
[2025-02-23T20:34:34.699+0000] {logging_mixin.py:190} INFO - [2025-02-23T20:34:34.699+0000] {dag.py:4180} INFO - Setting next_dagrun for tutorial to 2025-02-22 00:00:00+00:00, run_after=2025-02-23 00:00:00+00:00
[2025-02-23T20:34:34.724+0000] {processor.py:208} INFO - Processing /home/airflow/.local/lib/python3.12/site-packages/airflow/example_dags/tutorial.py took 0.109 seconds
[2025-02-23T20:35:05.933+0000] {processor.py:186} INFO - Started process (PID=1307) to work on /home/airflow/.local/lib/python3.12/site-packages/airflow/example_dags/tutorial.py
[2025-02-23T20:35:05.935+0000] {processor.py:914} INFO - Processing file /home/airflow/.local/lib/python3.12/site-packages/airflow/example_dags/tutorial.py for tasks to queue
[2025-02-23T20:35:05.938+0000] {logging_mixin.py:190} INFO - [2025-02-23T20:35:05.938+0000] {dagbag.py:588} INFO - Filling up the DagBag from /home/airflow/.local/lib/python3.12/site-packages/airflow/example_dags/tutorial.py
[2025-02-23T20:35:05.952+0000] {processor.py:925} INFO - DAG(s) 'tutorial' retrieved from /home/airflow/.local/lib/python3.12/site-packages/airflow/example_dags/tutorial.py
[2025-02-23T20:35:05.987+0000] {logging_mixin.py:190} INFO - [2025-02-23T20:35:05.986+0000] {dag.py:3239} INFO - Sync 1 DAGs
[2025-02-23T20:35:06.025+0000] {logging_mixin.py:190} INFO - [2025-02-23T20:35:06.025+0000] {dag.py:4180} INFO - Setting next_dagrun for tutorial to 2025-02-22 00:00:00+00:00, run_after=2025-02-23 00:00:00+00:00
[2025-02-23T20:35:06.053+0000] {processor.py:208} INFO - Processing /home/airflow/.local/lib/python3.12/site-packages/airflow/example_dags/tutorial.py took 0.129 seconds
[2025-02-23T20:35:36.261+0000] {processor.py:186} INFO - Started process (PID=1370) to work on /home/airflow/.local/lib/python3.12/site-packages/airflow/example_dags/tutorial.py
[2025-02-23T20:35:36.262+0000] {processor.py:914} INFO - Processing file /home/airflow/.local/lib/python3.12/site-packages/airflow/example_dags/tutorial.py for tasks to queue
[2025-02-23T20:35:36.265+0000] {logging_mixin.py:190} INFO - [2025-02-23T20:35:36.264+0000] {dagbag.py:588} INFO - Filling up the DagBag from /home/airflow/.local/lib/python3.12/site-packages/airflow/example_dags/tutorial.py
[2025-02-23T20:35:36.274+0000] {processor.py:925} INFO - DAG(s) 'tutorial' retrieved from /home/airflow/.local/lib/python3.12/site-packages/airflow/example_dags/tutorial.py
[2025-02-23T20:35:36.301+0000] {logging_mixin.py:190} INFO - [2025-02-23T20:35:36.300+0000] {dag.py:3239} INFO - Sync 1 DAGs
[2025-02-23T20:35:36.332+0000] {logging_mixin.py:190} INFO - [2025-02-23T20:35:36.331+0000] {dag.py:4180} INFO - Setting next_dagrun for tutorial to 2025-02-22 00:00:00+00:00, run_after=2025-02-23 00:00:00+00:00
[2025-02-23T20:35:36.357+0000] {processor.py:208} INFO - Processing /home/airflow/.local/lib/python3.12/site-packages/airflow/example_dags/tutorial.py took 0.104 seconds
[2025-02-23T20:36:07.488+0000] {processor.py:186} INFO - Started process (PID=1433) to work on /home/airflow/.local/lib/python3.12/site-packages/airflow/example_dags/tutorial.py
[2025-02-23T20:36:07.490+0000] {processor.py:914} INFO - Processing file /home/airflow/.local/lib/python3.12/site-packages/airflow/example_dags/tutorial.py for tasks to queue
[2025-02-23T20:36:07.493+0000] {logging_mixin.py:190} INFO - [2025-02-23T20:36:07.493+0000] {dagbag.py:588} INFO - Filling up the DagBag from /home/airflow/.local/lib/python3.12/site-packages/airflow/example_dags/tutorial.py
[2025-02-23T20:36:07.503+0000] {processor.py:925} INFO - DAG(s) 'tutorial' retrieved from /home/airflow/.local/lib/python3.12/site-packages/airflow/example_dags/tutorial.py
[2025-02-23T20:36:07.527+0000] {logging_mixin.py:190} INFO - [2025-02-23T20:36:07.527+0000] {dag.py:3239} INFO - Sync 1 DAGs
[2025-02-23T20:36:07.558+0000] {logging_mixin.py:190} INFO - [2025-02-23T20:36:07.558+0000] {dag.py:4180} INFO - Setting next_dagrun for tutorial to 2025-02-22 00:00:00+00:00, run_after=2025-02-23 00:00:00+00:00
[2025-02-23T20:36:07.583+0000] {processor.py:208} INFO - Processing /home/airflow/.local/lib/python3.12/site-packages/airflow/example_dags/tutorial.py took 0.102 seconds
[2025-02-23T20:36:38.706+0000] {processor.py:186} INFO - Started process (PID=1497) to work on /home/airflow/.local/lib/python3.12/site-packages/airflow/example_dags/tutorial.py
[2025-02-23T20:36:38.708+0000] {processor.py:914} INFO - Processing file /home/airflow/.local/lib/python3.12/site-packages/airflow/example_dags/tutorial.py for tasks to queue
[2025-02-23T20:36:38.710+0000] {logging_mixin.py:190} INFO - [2025-02-23T20:36:38.710+0000] {dagbag.py:588} INFO - Filling up the DagBag from /home/airflow/.local/lib/python3.12/site-packages/airflow/example_dags/tutorial.py
[2025-02-23T20:36:38.720+0000] {processor.py:925} INFO - DAG(s) 'tutorial' retrieved from /home/airflow/.local/lib/python3.12/site-packages/airflow/example_dags/tutorial.py
[2025-02-23T20:36:38.746+0000] {logging_mixin.py:190} INFO - [2025-02-23T20:36:38.745+0000] {dag.py:3239} INFO - Sync 1 DAGs
[2025-02-23T20:36:38.777+0000] {logging_mixin.py:190} INFO - [2025-02-23T20:36:38.777+0000] {dag.py:4180} INFO - Setting next_dagrun for tutorial to 2025-02-22 00:00:00+00:00, run_after=2025-02-23 00:00:00+00:00
[2025-02-23T20:36:38.800+0000] {processor.py:208} INFO - Processing /home/airflow/.local/lib/python3.12/site-packages/airflow/example_dags/tutorial.py took 0.101 seconds
[2025-02-23T20:37:09.613+0000] {processor.py:186} INFO - Started process (PID=1560) to work on /home/airflow/.local/lib/python3.12/site-packages/airflow/example_dags/tutorial.py
[2025-02-23T20:37:09.615+0000] {processor.py:914} INFO - Processing file /home/airflow/.local/lib/python3.12/site-packages/airflow/example_dags/tutorial.py for tasks to queue
[2025-02-23T20:37:09.618+0000] {logging_mixin.py:190} INFO - [2025-02-23T20:37:09.617+0000] {dagbag.py:588} INFO - Filling up the DagBag from /home/airflow/.local/lib/python3.12/site-packages/airflow/example_dags/tutorial.py
[2025-02-23T20:37:09.627+0000] {processor.py:925} INFO - DAG(s) 'tutorial' retrieved from /home/airflow/.local/lib/python3.12/site-packages/airflow/example_dags/tutorial.py
[2025-02-23T20:37:09.657+0000] {logging_mixin.py:190} INFO - [2025-02-23T20:37:09.657+0000] {dag.py:3239} INFO - Sync 1 DAGs
[2025-02-23T20:37:09.693+0000] {logging_mixin.py:190} INFO - [2025-02-23T20:37:09.692+0000] {dag.py:4180} INFO - Setting next_dagrun for tutorial to 2025-02-22 00:00:00+00:00, run_after=2025-02-23 00:00:00+00:00
[2025-02-23T20:37:09.718+0000] {processor.py:208} INFO - Processing /home/airflow/.local/lib/python3.12/site-packages/airflow/example_dags/tutorial.py took 0.113 seconds
[2025-02-23T20:37:40.386+0000] {processor.py:186} INFO - Started process (PID=1623) to work on /home/airflow/.local/lib/python3.12/site-packages/airflow/example_dags/tutorial.py
[2025-02-23T20:37:40.387+0000] {processor.py:914} INFO - Processing file /home/airflow/.local/lib/python3.12/site-packages/airflow/example_dags/tutorial.py for tasks to queue
[2025-02-23T20:37:40.390+0000] {logging_mixin.py:190} INFO - [2025-02-23T20:37:40.389+0000] {dagbag.py:588} INFO - Filling up the DagBag from /home/airflow/.local/lib/python3.12/site-packages/airflow/example_dags/tutorial.py
[2025-02-23T20:37:40.400+0000] {processor.py:925} INFO - DAG(s) 'tutorial' retrieved from /home/airflow/.local/lib/python3.12/site-packages/airflow/example_dags/tutorial.py
[2025-02-23T20:37:40.424+0000] {logging_mixin.py:190} INFO - [2025-02-23T20:37:40.423+0000] {dag.py:3239} INFO - Sync 1 DAGs
[2025-02-23T20:37:40.457+0000] {logging_mixin.py:190} INFO - [2025-02-23T20:37:40.457+0000] {dag.py:4180} INFO - Setting next_dagrun for tutorial to 2025-02-22 00:00:00+00:00, run_after=2025-02-23 00:00:00+00:00
[2025-02-23T20:37:40.480+0000] {processor.py:208} INFO - Processing /home/airflow/.local/lib/python3.12/site-packages/airflow/example_dags/tutorial.py took 0.101 seconds
[2025-02-23T20:38:11.612+0000] {processor.py:186} INFO - Started process (PID=1686) to work on /home/airflow/.local/lib/python3.12/site-packages/airflow/example_dags/tutorial.py
[2025-02-23T20:38:11.613+0000] {processor.py:914} INFO - Processing file /home/airflow/.local/lib/python3.12/site-packages/airflow/example_dags/tutorial.py for tasks to queue
[2025-02-23T20:38:11.616+0000] {logging_mixin.py:190} INFO - [2025-02-23T20:38:11.616+0000] {dagbag.py:588} INFO - Filling up the DagBag from /home/airflow/.local/lib/python3.12/site-packages/airflow/example_dags/tutorial.py
[2025-02-23T20:38:11.626+0000] {processor.py:925} INFO - DAG(s) 'tutorial' retrieved from /home/airflow/.local/lib/python3.12/site-packages/airflow/example_dags/tutorial.py
[2025-02-23T20:38:11.654+0000] {logging_mixin.py:190} INFO - [2025-02-23T20:38:11.654+0000] {dag.py:3239} INFO - Sync 1 DAGs
[2025-02-23T20:38:11.687+0000] {logging_mixin.py:190} INFO - [2025-02-23T20:38:11.686+0000] {dag.py:4180} INFO - Setting next_dagrun for tutorial to 2025-02-22 00:00:00+00:00, run_after=2025-02-23 00:00:00+00:00
[2025-02-23T20:38:11.713+0000] {processor.py:208} INFO - Processing /home/airflow/.local/lib/python3.12/site-packages/airflow/example_dags/tutorial.py took 0.110 seconds
[2025-02-23T20:38:43.152+0000] {processor.py:186} INFO - Started process (PID=1749) to work on /home/airflow/.local/lib/python3.12/site-packages/airflow/example_dags/tutorial.py
[2025-02-23T20:38:43.153+0000] {processor.py:914} INFO - Processing file /home/airflow/.local/lib/python3.12/site-packages/airflow/example_dags/tutorial.py for tasks to queue
[2025-02-23T20:38:43.156+0000] {logging_mixin.py:190} INFO - [2025-02-23T20:38:43.156+0000] {dagbag.py:588} INFO - Filling up the DagBag from /home/airflow/.local/lib/python3.12/site-packages/airflow/example_dags/tutorial.py
[2025-02-23T20:38:43.167+0000] {processor.py:925} INFO - DAG(s) 'tutorial' retrieved from /home/airflow/.local/lib/python3.12/site-packages/airflow/example_dags/tutorial.py
[2025-02-23T20:38:43.195+0000] {logging_mixin.py:190} INFO - [2025-02-23T20:38:43.195+0000] {dag.py:3239} INFO - Sync 1 DAGs
[2025-02-23T20:38:43.229+0000] {logging_mixin.py:190} INFO - [2025-02-23T20:38:43.229+0000] {dag.py:4180} INFO - Setting next_dagrun for tutorial to 2025-02-22 00:00:00+00:00, run_after=2025-02-23 00:00:00+00:00
[2025-02-23T20:38:43.257+0000] {processor.py:208} INFO - Processing /home/airflow/.local/lib/python3.12/site-packages/airflow/example_dags/tutorial.py took 0.114 seconds
[2025-02-23T20:39:14.208+0000] {processor.py:186} INFO - Started process (PID=1812) to work on /home/airflow/.local/lib/python3.12/site-packages/airflow/example_dags/tutorial.py
[2025-02-23T20:39:14.210+0000] {processor.py:914} INFO - Processing file /home/airflow/.local/lib/python3.12/site-packages/airflow/example_dags/tutorial.py for tasks to queue
[2025-02-23T20:39:14.212+0000] {logging_mixin.py:190} INFO - [2025-02-23T20:39:14.212+0000] {dagbag.py:588} INFO - Filling up the DagBag from /home/airflow/.local/lib/python3.12/site-packages/airflow/example_dags/tutorial.py
[2025-02-23T20:39:14.224+0000] {processor.py:925} INFO - DAG(s) 'tutorial' retrieved from /home/airflow/.local/lib/python3.12/site-packages/airflow/example_dags/tutorial.py
[2025-02-23T20:39:14.252+0000] {logging_mixin.py:190} INFO - [2025-02-23T20:39:14.251+0000] {dag.py:3239} INFO - Sync 1 DAGs
[2025-02-23T20:39:14.288+0000] {logging_mixin.py:190} INFO - [2025-02-23T20:39:14.287+0000] {dag.py:4180} INFO - Setting next_dagrun for tutorial to 2025-02-22 00:00:00+00:00, run_after=2025-02-23 00:00:00+00:00
[2025-02-23T20:39:14.319+0000] {processor.py:208} INFO - Processing /home/airflow/.local/lib/python3.12/site-packages/airflow/example_dags/tutorial.py took 0.119 seconds
[2025-02-23T20:39:44.368+0000] {processor.py:186} INFO - Started process (PID=1875) to work on /home/airflow/.local/lib/python3.12/site-packages/airflow/example_dags/tutorial.py
[2025-02-23T20:39:44.369+0000] {processor.py:914} INFO - Processing file /home/airflow/.local/lib/python3.12/site-packages/airflow/example_dags/tutorial.py for tasks to queue
[2025-02-23T20:39:44.372+0000] {logging_mixin.py:190} INFO - [2025-02-23T20:39:44.371+0000] {dagbag.py:588} INFO - Filling up the DagBag from /home/airflow/.local/lib/python3.12/site-packages/airflow/example_dags/tutorial.py
[2025-02-23T20:39:44.383+0000] {processor.py:925} INFO - DAG(s) 'tutorial' retrieved from /home/airflow/.local/lib/python3.12/site-packages/airflow/example_dags/tutorial.py
[2025-02-23T20:39:44.412+0000] {logging_mixin.py:190} INFO - [2025-02-23T20:39:44.411+0000] {dag.py:3239} INFO - Sync 1 DAGs
[2025-02-23T20:39:44.448+0000] {logging_mixin.py:190} INFO - [2025-02-23T20:39:44.448+0000] {dag.py:4180} INFO - Setting next_dagrun for tutorial to 2025-02-22 00:00:00+00:00, run_after=2025-02-23 00:00:00+00:00
[2025-02-23T20:39:44.476+0000] {processor.py:208} INFO - Processing /home/airflow/.local/lib/python3.12/site-packages/airflow/example_dags/tutorial.py took 0.115 seconds
[2025-02-23T20:40:15.837+0000] {processor.py:186} INFO - Started process (PID=1938) to work on /home/airflow/.local/lib/python3.12/site-packages/airflow/example_dags/tutorial.py
[2025-02-23T20:40:15.839+0000] {processor.py:914} INFO - Processing file /home/airflow/.local/lib/python3.12/site-packages/airflow/example_dags/tutorial.py for tasks to queue
[2025-02-23T20:40:15.842+0000] {logging_mixin.py:190} INFO - [2025-02-23T20:40:15.841+0000] {dagbag.py:588} INFO - Filling up the DagBag from /home/airflow/.local/lib/python3.12/site-packages/airflow/example_dags/tutorial.py
[2025-02-23T20:40:15.852+0000] {processor.py:925} INFO - DAG(s) 'tutorial' retrieved from /home/airflow/.local/lib/python3.12/site-packages/airflow/example_dags/tutorial.py
[2025-02-23T20:40:15.879+0000] {logging_mixin.py:190} INFO - [2025-02-23T20:40:15.879+0000] {dag.py:3239} INFO - Sync 1 DAGs
[2025-02-23T20:40:15.918+0000] {logging_mixin.py:190} INFO - [2025-02-23T20:40:15.917+0000] {dag.py:4180} INFO - Setting next_dagrun for tutorial to 2025-02-22 00:00:00+00:00, run_after=2025-02-23 00:00:00+00:00
[2025-02-23T20:40:15.945+0000] {processor.py:208} INFO - Processing /home/airflow/.local/lib/python3.12/site-packages/airflow/example_dags/tutorial.py took 0.117 seconds
[2025-02-23T20:40:46.767+0000] {processor.py:186} INFO - Started process (PID=2001) to work on /home/airflow/.local/lib/python3.12/site-packages/airflow/example_dags/tutorial.py
[2025-02-23T20:40:46.769+0000] {processor.py:914} INFO - Processing file /home/airflow/.local/lib/python3.12/site-packages/airflow/example_dags/tutorial.py for tasks to queue
[2025-02-23T20:40:46.771+0000] {logging_mixin.py:190} INFO - [2025-02-23T20:40:46.771+0000] {dagbag.py:588} INFO - Filling up the DagBag from /home/airflow/.local/lib/python3.12/site-packages/airflow/example_dags/tutorial.py
[2025-02-23T20:40:46.782+0000] {processor.py:925} INFO - DAG(s) 'tutorial' retrieved from /home/airflow/.local/lib/python3.12/site-packages/airflow/example_dags/tutorial.py
[2025-02-23T20:40:46.809+0000] {logging_mixin.py:190} INFO - [2025-02-23T20:40:46.809+0000] {dag.py:3239} INFO - Sync 1 DAGs
[2025-02-23T20:40:46.846+0000] {logging_mixin.py:190} INFO - [2025-02-23T20:40:46.846+0000] {dag.py:4180} INFO - Setting next_dagrun for tutorial to 2025-02-22 00:00:00+00:00, run_after=2025-02-23 00:00:00+00:00
[2025-02-23T20:40:46.874+0000] {processor.py:208} INFO - Processing /home/airflow/.local/lib/python3.12/site-packages/airflow/example_dags/tutorial.py took 0.115 seconds
[2025-02-23T20:41:17.709+0000] {processor.py:186} INFO - Started process (PID=2064) to work on /home/airflow/.local/lib/python3.12/site-packages/airflow/example_dags/tutorial.py
[2025-02-23T20:41:17.710+0000] {processor.py:914} INFO - Processing file /home/airflow/.local/lib/python3.12/site-packages/airflow/example_dags/tutorial.py for tasks to queue
[2025-02-23T20:41:17.713+0000] {logging_mixin.py:190} INFO - [2025-02-23T20:41:17.712+0000] {dagbag.py:588} INFO - Filling up the DagBag from /home/airflow/.local/lib/python3.12/site-packages/airflow/example_dags/tutorial.py
[2025-02-23T20:41:17.725+0000] {processor.py:925} INFO - DAG(s) 'tutorial' retrieved from /home/airflow/.local/lib/python3.12/site-packages/airflow/example_dags/tutorial.py
[2025-02-23T20:41:17.752+0000] {logging_mixin.py:190} INFO - [2025-02-23T20:41:17.751+0000] {dag.py:3239} INFO - Sync 1 DAGs
[2025-02-23T20:41:17.789+0000] {logging_mixin.py:190} INFO - [2025-02-23T20:41:17.789+0000] {dag.py:4180} INFO - Setting next_dagrun for tutorial to 2025-02-22 00:00:00+00:00, run_after=2025-02-23 00:00:00+00:00
[2025-02-23T20:41:17.816+0000] {processor.py:208} INFO - Processing /home/airflow/.local/lib/python3.12/site-packages/airflow/example_dags/tutorial.py took 0.115 seconds
[2025-02-23T20:41:48.086+0000] {processor.py:186} INFO - Started process (PID=2127) to work on /home/airflow/.local/lib/python3.12/site-packages/airflow/example_dags/tutorial.py
[2025-02-23T20:41:48.088+0000] {processor.py:914} INFO - Processing file /home/airflow/.local/lib/python3.12/site-packages/airflow/example_dags/tutorial.py for tasks to queue
[2025-02-23T20:41:48.091+0000] {logging_mixin.py:190} INFO - [2025-02-23T20:41:48.090+0000] {dagbag.py:588} INFO - Filling up the DagBag from /home/airflow/.local/lib/python3.12/site-packages/airflow/example_dags/tutorial.py
[2025-02-23T20:41:48.100+0000] {processor.py:925} INFO - DAG(s) 'tutorial' retrieved from /home/airflow/.local/lib/python3.12/site-packages/airflow/example_dags/tutorial.py
[2025-02-23T20:41:48.126+0000] {logging_mixin.py:190} INFO - [2025-02-23T20:41:48.126+0000] {dag.py:3239} INFO - Sync 1 DAGs
[2025-02-23T20:41:48.157+0000] {logging_mixin.py:190} INFO - [2025-02-23T20:41:48.157+0000] {dag.py:4180} INFO - Setting next_dagrun for tutorial to 2025-02-22 00:00:00+00:00, run_after=2025-02-23 00:00:00+00:00
[2025-02-23T20:41:48.184+0000] {processor.py:208} INFO - Processing /home/airflow/.local/lib/python3.12/site-packages/airflow/example_dags/tutorial.py took 0.104 seconds
[2025-02-23T20:42:20.005+0000] {processor.py:186} INFO - Started process (PID=2190) to work on /home/airflow/.local/lib/python3.12/site-packages/airflow/example_dags/tutorial.py
[2025-02-23T20:42:20.006+0000] {processor.py:914} INFO - Processing file /home/airflow/.local/lib/python3.12/site-packages/airflow/example_dags/tutorial.py for tasks to queue
[2025-02-23T20:42:20.009+0000] {logging_mixin.py:190} INFO - [2025-02-23T20:42:20.008+0000] {dagbag.py:588} INFO - Filling up the DagBag from /home/airflow/.local/lib/python3.12/site-packages/airflow/example_dags/tutorial.py
[2025-02-23T20:42:20.022+0000] {processor.py:925} INFO - DAG(s) 'tutorial' retrieved from /home/airflow/.local/lib/python3.12/site-packages/airflow/example_dags/tutorial.py
[2025-02-23T20:42:20.051+0000] {logging_mixin.py:190} INFO - [2025-02-23T20:42:20.051+0000] {dag.py:3239} INFO - Sync 1 DAGs
[2025-02-23T20:42:20.088+0000] {logging_mixin.py:190} INFO - [2025-02-23T20:42:20.087+0000] {dag.py:4180} INFO - Setting next_dagrun for tutorial to 2025-02-22 00:00:00+00:00, run_after=2025-02-23 00:00:00+00:00
[2025-02-23T20:42:20.114+0000] {processor.py:208} INFO - Processing /home/airflow/.local/lib/python3.12/site-packages/airflow/example_dags/tutorial.py took 0.120 seconds
[2025-02-23T20:42:50.524+0000] {processor.py:186} INFO - Started process (PID=2253) to work on /home/airflow/.local/lib/python3.12/site-packages/airflow/example_dags/tutorial.py
[2025-02-23T20:42:50.525+0000] {processor.py:914} INFO - Processing file /home/airflow/.local/lib/python3.12/site-packages/airflow/example_dags/tutorial.py for tasks to queue
[2025-02-23T20:42:50.529+0000] {logging_mixin.py:190} INFO - [2025-02-23T20:42:50.528+0000] {dagbag.py:588} INFO - Filling up the DagBag from /home/airflow/.local/lib/python3.12/site-packages/airflow/example_dags/tutorial.py
[2025-02-23T20:42:50.540+0000] {processor.py:925} INFO - DAG(s) 'tutorial' retrieved from /home/airflow/.local/lib/python3.12/site-packages/airflow/example_dags/tutorial.py
[2025-02-23T20:42:50.574+0000] {logging_mixin.py:190} INFO - [2025-02-23T20:42:50.574+0000] {dag.py:3239} INFO - Sync 1 DAGs
[2025-02-23T20:42:50.613+0000] {logging_mixin.py:190} INFO - [2025-02-23T20:42:50.613+0000] {dag.py:4180} INFO - Setting next_dagrun for tutorial to 2025-02-22 00:00:00+00:00, run_after=2025-02-23 00:00:00+00:00
[2025-02-23T20:42:50.643+0000] {processor.py:208} INFO - Processing /home/airflow/.local/lib/python3.12/site-packages/airflow/example_dags/tutorial.py took 0.128 seconds
[2025-02-23T20:43:21.662+0000] {processor.py:186} INFO - Started process (PID=2316) to work on /home/airflow/.local/lib/python3.12/site-packages/airflow/example_dags/tutorial.py
[2025-02-23T20:43:21.664+0000] {processor.py:914} INFO - Processing file /home/airflow/.local/lib/python3.12/site-packages/airflow/example_dags/tutorial.py for tasks to queue
[2025-02-23T20:43:21.666+0000] {logging_mixin.py:190} INFO - [2025-02-23T20:43:21.666+0000] {dagbag.py:588} INFO - Filling up the DagBag from /home/airflow/.local/lib/python3.12/site-packages/airflow/example_dags/tutorial.py
[2025-02-23T20:43:21.676+0000] {processor.py:925} INFO - DAG(s) 'tutorial' retrieved from /home/airflow/.local/lib/python3.12/site-packages/airflow/example_dags/tutorial.py
[2025-02-23T20:43:21.706+0000] {logging_mixin.py:190} INFO - [2025-02-23T20:43:21.706+0000] {dag.py:3239} INFO - Sync 1 DAGs
[2025-02-23T20:43:21.744+0000] {logging_mixin.py:190} INFO - [2025-02-23T20:43:21.743+0000] {dag.py:4180} INFO - Setting next_dagrun for tutorial to 2025-02-22 00:00:00+00:00, run_after=2025-02-23 00:00:00+00:00
[2025-02-23T20:43:21.773+0000] {processor.py:208} INFO - Processing /home/airflow/.local/lib/python3.12/site-packages/airflow/example_dags/tutorial.py took 0.119 seconds
[2025-02-23T20:43:52.923+0000] {processor.py:186} INFO - Started process (PID=2380) to work on /home/airflow/.local/lib/python3.12/site-packages/airflow/example_dags/tutorial.py
[2025-02-23T20:43:52.925+0000] {processor.py:914} INFO - Processing file /home/airflow/.local/lib/python3.12/site-packages/airflow/example_dags/tutorial.py for tasks to queue
[2025-02-23T20:43:52.927+0000] {logging_mixin.py:190} INFO - [2025-02-23T20:43:52.927+0000] {dagbag.py:588} INFO - Filling up the DagBag from /home/airflow/.local/lib/python3.12/site-packages/airflow/example_dags/tutorial.py
[2025-02-23T20:43:52.939+0000] {processor.py:925} INFO - DAG(s) 'tutorial' retrieved from /home/airflow/.local/lib/python3.12/site-packages/airflow/example_dags/tutorial.py
[2025-02-23T20:43:52.971+0000] {logging_mixin.py:190} INFO - [2025-02-23T20:43:52.971+0000] {dag.py:3239} INFO - Sync 1 DAGs
[2025-02-23T20:43:53.010+0000] {logging_mixin.py:190} INFO - [2025-02-23T20:43:53.009+0000] {dag.py:4180} INFO - Setting next_dagrun for tutorial to 2025-02-22 00:00:00+00:00, run_after=2025-02-23 00:00:00+00:00
[2025-02-23T20:43:53.037+0000] {processor.py:208} INFO - Processing /home/airflow/.local/lib/python3.12/site-packages/airflow/example_dags/tutorial.py took 0.122 seconds
[2025-02-23T20:44:23.450+0000] {processor.py:186} INFO - Started process (PID=2443) to work on /home/airflow/.local/lib/python3.12/site-packages/airflow/example_dags/tutorial.py
[2025-02-23T20:44:23.451+0000] {processor.py:914} INFO - Processing file /home/airflow/.local/lib/python3.12/site-packages/airflow/example_dags/tutorial.py for tasks to queue
[2025-02-23T20:44:23.454+0000] {logging_mixin.py:190} INFO - [2025-02-23T20:44:23.454+0000] {dagbag.py:588} INFO - Filling up the DagBag from /home/airflow/.local/lib/python3.12/site-packages/airflow/example_dags/tutorial.py
[2025-02-23T20:44:23.465+0000] {processor.py:925} INFO - DAG(s) 'tutorial' retrieved from /home/airflow/.local/lib/python3.12/site-packages/airflow/example_dags/tutorial.py
[2025-02-23T20:44:23.493+0000] {logging_mixin.py:190} INFO - [2025-02-23T20:44:23.493+0000] {dag.py:3239} INFO - Sync 1 DAGs
[2025-02-23T20:44:23.529+0000] {logging_mixin.py:190} INFO - [2025-02-23T20:44:23.529+0000] {dag.py:4180} INFO - Setting next_dagrun for tutorial to 2025-02-22 00:00:00+00:00, run_after=2025-02-23 00:00:00+00:00
[2025-02-23T20:44:23.559+0000] {processor.py:208} INFO - Processing /home/airflow/.local/lib/python3.12/site-packages/airflow/example_dags/tutorial.py took 0.116 seconds
[2025-02-23T20:44:54.726+0000] {processor.py:186} INFO - Started process (PID=2507) to work on /home/airflow/.local/lib/python3.12/site-packages/airflow/example_dags/tutorial.py
[2025-02-23T20:44:54.728+0000] {processor.py:914} INFO - Processing file /home/airflow/.local/lib/python3.12/site-packages/airflow/example_dags/tutorial.py for tasks to queue
[2025-02-23T20:44:54.730+0000] {logging_mixin.py:190} INFO - [2025-02-23T20:44:54.730+0000] {dagbag.py:588} INFO - Filling up the DagBag from /home/airflow/.local/lib/python3.12/site-packages/airflow/example_dags/tutorial.py
[2025-02-23T20:44:54.741+0000] {processor.py:925} INFO - DAG(s) 'tutorial' retrieved from /home/airflow/.local/lib/python3.12/site-packages/airflow/example_dags/tutorial.py
[2025-02-23T20:44:54.768+0000] {logging_mixin.py:190} INFO - [2025-02-23T20:44:54.767+0000] {dag.py:3239} INFO - Sync 1 DAGs
[2025-02-23T20:44:54.802+0000] {logging_mixin.py:190} INFO - [2025-02-23T20:44:54.802+0000] {dag.py:4180} INFO - Setting next_dagrun for tutorial to 2025-02-22 00:00:00+00:00, run_after=2025-02-23 00:00:00+00:00
[2025-02-23T20:44:54.829+0000] {processor.py:208} INFO - Processing /home/airflow/.local/lib/python3.12/site-packages/airflow/example_dags/tutorial.py took 0.112 seconds
[2025-02-23T20:45:26.312+0000] {processor.py:186} INFO - Started process (PID=2570) to work on /home/airflow/.local/lib/python3.12/site-packages/airflow/example_dags/tutorial.py
[2025-02-23T20:45:26.314+0000] {processor.py:914} INFO - Processing file /home/airflow/.local/lib/python3.12/site-packages/airflow/example_dags/tutorial.py for tasks to queue
[2025-02-23T20:45:26.316+0000] {logging_mixin.py:190} INFO - [2025-02-23T20:45:26.316+0000] {dagbag.py:588} INFO - Filling up the DagBag from /home/airflow/.local/lib/python3.12/site-packages/airflow/example_dags/tutorial.py
[2025-02-23T20:45:26.328+0000] {processor.py:925} INFO - DAG(s) 'tutorial' retrieved from /home/airflow/.local/lib/python3.12/site-packages/airflow/example_dags/tutorial.py
[2025-02-23T20:45:26.354+0000] {logging_mixin.py:190} INFO - [2025-02-23T20:45:26.354+0000] {dag.py:3239} INFO - Sync 1 DAGs
[2025-02-23T20:45:26.390+0000] {logging_mixin.py:190} INFO - [2025-02-23T20:45:26.390+0000] {dag.py:4180} INFO - Setting next_dagrun for tutorial to 2025-02-22 00:00:00+00:00, run_after=2025-02-23 00:00:00+00:00
[2025-02-23T20:45:26.416+0000] {processor.py:208} INFO - Processing /home/airflow/.local/lib/python3.12/site-packages/airflow/example_dags/tutorial.py took 0.112 seconds
